Using pre-set license
Built from '2021.3/staging' branch; Version is '2021.3.35f1 (157b46ce122a) revision 1407814'; Using compiler version '192829333'; Build Type 'Release'
OS: 'Windows 11  (10.0.22631) 64bit CoreSingleLanguage' Language: 'en' Physical Memory: 16088 MB
BatchMode: 1, IsHumanControllingUs: 0, StartBugReporterOnCrash: 0, Is64bit: 1, IsPro: 1

COMMAND LINE ARGUMENTS:
D:\Unity\Hub\Editor\2021.3.35f1\Editor\Unity.exe
-adb2
-batchMode
-noUpm
-name
AssetImportWorker1
-projectPath
D:/Teddies Adventure Environment
-logFile
Logs/AssetImportWorker1.log
-srvPort
55576
Successfully changed project path to: D:/Teddies Adventure Environment
D:/Teddies Adventure Environment
[UnityMemory] Configuration Parameters - Can be set up in boot.config
    "memorysetup-bucket-allocator-granularity=16"
    "memorysetup-bucket-allocator-bucket-count=8"
    "memorysetup-bucket-allocator-block-size=33554432"
    "memorysetup-bucket-allocator-block-count=8"
    "memorysetup-main-allocator-block-size=16777216"
    "memorysetup-thread-allocator-block-size=16777216"
    "memorysetup-gfx-main-allocator-block-size=16777216"
    "memorysetup-gfx-thread-allocator-block-size=16777216"
    "memorysetup-cache-allocator-block-size=4194304"
    "memorysetup-typetree-allocator-block-size=2097152"
    "memorysetup-profiler-bucket-allocator-granularity=16"
    "memorysetup-profiler-bucket-allocator-bucket-count=8"
    "memorysetup-profiler-bucket-allocator-block-size=33554432"
    "memorysetup-profiler-bucket-allocator-block-count=8"
    "memorysetup-profiler-allocator-block-size=16777216"
    "memorysetup-profiler-editor-allocator-block-size=1048576"
    "memorysetup-temp-allocator-size-main=16777216"
    "memorysetup-job-temp-allocator-block-size=2097152"
    "memorysetup-job-temp-allocator-block-size-background=1048576"
    "memorysetup-job-temp-allocator-reduction-small-platforms=262144"
    "memorysetup-temp-allocator-size-background-worker=32768"
    "memorysetup-temp-allocator-size-job-worker=262144"
    "memorysetup-temp-allocator-size-preload-manager=33554432"
    "memorysetup-temp-allocator-size-nav-mesh-worker=65536"
    "memorysetup-temp-allocator-size-audio-worker=65536"
    "memorysetup-temp-allocator-size-cloud-worker=32768"
    "memorysetup-temp-allocator-size-gi-baking-worker=262144"
    "memorysetup-temp-allocator-size-gfx=262144"
Unable to join player connection multicast group (err: 0).
Unable to join player connection alternative multicast group (err: 0).
[Physics::Module] Initialized MultithreadedJobDispatcher with {0} workers.
Refreshing native plugins compatible for Editor in 41.15 ms, found 3 plugins.
Preloading 0 native plugins for Editor in 0.00 ms.
Initialize engine version: 2021.3.35f1 (157b46ce122a)
[Subsystems] Discovering subsystems at path D:/Unity/Hub/Editor/2021.3.35f1/Editor/Data/Resources/UnitySubsystems
[Subsystems] Discovering subsystems at path D:/Teddies Adventure Environment/Assets
GfxDevice: creating device client; threaded=0; jobified=0
Direct3D:
    Version:  Direct3D 11.0 [level 11.1]
    Renderer: NVIDIA GeForce RTX 3050 Laptop GPU (ID=0x25a2)
    Vendor:   NVIDIA
    VRAM:     3991 MB
    Driver:   30.0.15.1274
Initialize mono
Mono path[0] = 'D:/Unity/Hub/Editor/2021.3.35f1/Editor/Data/Managed'
Mono path[1] = 'D:/Unity/Hub/Editor/2021.3.35f1/Editor/Data/MonoBleedingEdge/lib/mono/unityjit-win32'
Mono config path = 'D:/Unity/Hub/Editor/2021.3.35f1/Editor/Data/MonoBleedingEdge/etc'
Using monoOptions --debugger-agent=transport=dt_socket,embedding=1,server=y,suspend=n,address=127.0.0.1:56316
Begin MonoManager ReloadAssembly
Registering precompiled unity dll's ...
Register platform support module: D:/Unity/Hub/Editor/2021.3.35f1/Editor/Data/PlaybackEngines/WebGLSupport/UnityEditor.WebGL.Extensions.dll
Register platform support module: D:/Unity/Hub/Editor/2021.3.35f1/Editor/Data/PlaybackEngines/WindowsStandaloneSupport/UnityEditor.WindowsStandalone.Extensions.dll
Registered in 0.001324 seconds.
Native extension for WindowsStandalone target not found
Native extension for WebGL target not found
Refreshing native plugins compatible for Editor in 42.50 ms, found 3 plugins.
Preloading 0 native plugins for Editor in 0.00 ms.
Mono: successfully reloaded assembly
- Completed reload, in  0.419 seconds
Domain Reload Profiling:
	ReloadAssembly (420ms)
		BeginReloadAssembly (64ms)
			ExecutionOrderSort (0ms)
			DisableScriptedObjects (0ms)
			BackupInstance (0ms)
			ReleaseScriptingObjects (0ms)
			CreateAndSetChildDomain (1ms)
		EndReloadAssembly (298ms)
			LoadAssemblies (63ms)
			RebuildTransferFunctionScriptingTraits (0ms)
			SetupTypeCache (74ms)
			ReleaseScriptCaches (0ms)
			RebuildScriptCaches (20ms)
			SetupLoadedEditorAssemblies (176ms)
				LogAssemblyErrors (0ms)
				InitializePlatformSupportModulesInManaged (6ms)
				SetLoadedEditorAssemblies (0ms)
				RefreshPlugins (43ms)
				BeforeProcessingInitializeOnLoad (1ms)
				ProcessInitializeOnLoadAttributes (93ms)
				ProcessInitializeOnLoadMethodAttributes (33ms)
				AfterProcessingInitializeOnLoad (0ms)
				EditorAssembliesLoaded (0ms)
			ExecutionOrderSort2 (0ms)
			AwakeInstancesAfterBackupRestoration (0ms)
Platform modules already initialized, skipping
Registering precompiled user dll's ...
Registered in 0.001706 seconds.
Begin MonoManager ReloadAssembly
Native extension for WindowsStandalone target not found
Native extension for WebGL target not found
Refreshing native plugins compatible for Editor in 0.36 ms, found 3 plugins.
Preloading 0 native plugins for Editor in 0.00 ms.
Package Manager log level set to [2]
[Package Manager] Server::EnsureServerProcessIsRunning -- launch failed, reason: Unity was launched with the -noUpm command-line argument
[Package Manager] Cannot connect to Unity Package Manager local server
Mono: successfully reloaded assembly
- Completed reload, in  1.015 seconds
Domain Reload Profiling:
	ReloadAssembly (1016ms)
		BeginReloadAssembly (86ms)
			ExecutionOrderSort (0ms)
			DisableScriptedObjects (4ms)
			BackupInstance (0ms)
			ReleaseScriptingObjects (0ms)
			CreateAndSetChildDomain (13ms)
		EndReloadAssembly (867ms)
			LoadAssemblies (62ms)
			RebuildTransferFunctionScriptingTraits (0ms)
			SetupTypeCache (176ms)
			ReleaseScriptCaches (0ms)
			RebuildScriptCaches (33ms)
			SetupLoadedEditorAssemblies (585ms)
				LogAssemblyErrors (0ms)
				InitializePlatformSupportModulesInManaged (4ms)
				SetLoadedEditorAssemblies (0ms)
				RefreshPlugins (0ms)
				BeforeProcessingInitializeOnLoad (44ms)
				ProcessInitializeOnLoadAttributes (518ms)
				ProcessInitializeOnLoadMethodAttributes (17ms)
				AfterProcessingInitializeOnLoad (2ms)
				EditorAssembliesLoaded (0ms)
			ExecutionOrderSort2 (0ms)
			AwakeInstancesAfterBackupRestoration (5ms)
Platform modules already initialized, skipping
========================================================================
Worker process is ready to serve import requests
Launched and connected shader compiler UnityShaderCompiler.exe after 0.04 seconds
Refreshing native plugins compatible for Editor in 0.40 ms, found 3 plugins.
Preloading 0 native plugins for Editor in 0.00 ms.
Unloading 3068 Unused Serialized files (Serialized files now loaded: 0)
Unloading 23 unused Assets / (46.4 KB). Loaded Objects now: 3528.
Memory consumption went from 109.0 MB to 108.9 MB.
Total: 2.287700 ms (FindLiveObjects: 0.189100 ms CreateObjectMapping: 0.083200 ms MarkObjects: 1.950400 ms  DeleteObjects: 0.063900 ms)

AssetImportParameters requested are different than current active one (requested -> active):
  custom:video-decoder-ogg-theora: a1e56fd34408186e4bbccfd4996cb3dc -> 
  custom:container-muxer-webm: aa71ff27fc2769a1b78a27578f13a17b -> 
  custom:container-demuxer-webm: 4f35f7cbe854078d1ac9338744f61a02 -> 
  custom:video-encoder-webm-vp8: eb34c28f22e8b96e1ab97ce403110664 -> 
  custom:CustomObjectIndexerAttribute: bc11b3a6c3213fcdd17b65e7da85e133 -> 
  custom:audio-encoder-webm-vorbis: bf7c407c2cedff20999df2af8eb42d56 -> 
  custom:framework-win-MediaFoundation: 216162199b28c13a410421893ffa2e32 -> 
  custom:SearchIndexIgnoredProperties: e643bd26f0fe6173181afceb89e7c659 -> 
  custom:container-demuxer-ogg: 62fdf1f143b41e24485cea50d1cbac27 -> 
  custom:video-decoder-webm-vp8: 9c59270c3fd7afecdb556c50c9e8de78 -> 
  custom:audio-decoder-ogg-vorbis: bf7c407c2cedff20999df2af8eb42d56 -> 
========================================================================
Received Import Request.
  Time since last request: 13138.377051 seconds.
  path: Assets/Furniture_FREE/Meshes/clothes_001.fbx
  artifactKey: Guid(e0e5aa5f70455564bad4ce315b3b3d83) Importer(815301076,1909f56bfc062723c751e8b465ee728b)
Number of updated assets reloaded before import = 0
Start importing Assets/Furniture_FREE/Meshes/clothes_001.fbx using Guid(e0e5aa5f70455564bad4ce315b3b3d83) Importer(815301076,1909f56bfc062723c751e8b465ee728b)  -> (artifact id: 'd3f1e898b87a5f13a16736f825363a81') in 0.199624 seconds 
Number of asset objects unloaded after import = 7
========================================================================
Received Import Request.
  Time since last request: 0.000027 seconds.
  path: Assets/Furniture_FREE/Meshes/drink_001.fbx
  artifactKey: Guid(f6c4b28893fd9e34f952e0407c497a3b) Importer(815301076,1909f56bfc062723c751e8b465ee728b)
Number of updated assets reloaded before import = 0
Start importing Assets/Furniture_FREE/Meshes/drink_001.fbx using Guid(f6c4b28893fd9e34f952e0407c497a3b) Importer(815301076,1909f56bfc062723c751e8b465ee728b)  -> (artifact id: 'd83bc76adc51178d6fa9108adf6864bb') in 0.015399 seconds 
Number of asset objects unloaded after import = 7
========================================================================
Received Import Request.
  Time since last request: 0.000035 seconds.
  path: Assets/Furniture_FREE/Meshes/toy_002.fbx
  artifactKey: Guid(50fbd10abb1bf674981c5e42d73e5f3e) Importer(815301076,1909f56bfc062723c751e8b465ee728b)
Number of updated assets reloaded before import = 0
Start importing Assets/Furniture_FREE/Meshes/toy_002.fbx using Guid(50fbd10abb1bf674981c5e42d73e5f3e) Importer(815301076,1909f56bfc062723c751e8b465ee728b)  -> (artifact id: '9e89f7eb9a6ac607d3463c71f9a55479') in 0.020575 seconds 
Number of asset objects unloaded after import = 7
========================================================================
Received Import Request.
  Time since last request: 0.000015 seconds.
  path: Assets/Furniture_FREE/Meshes/dresser_001.fbx
  artifactKey: Guid(fc22d9e1f78546b4b96b9ba402f0464e) Importer(815301076,1909f56bfc062723c751e8b465ee728b)
Number of updated assets reloaded before import = 0
Start importing Assets/Furniture_FREE/Meshes/dresser_001.fbx using Guid(fc22d9e1f78546b4b96b9ba402f0464e) Importer(815301076,1909f56bfc062723c751e8b465ee728b)  -> (artifact id: 'd52755da8be2a68564c97f2574847e3e') in 0.017188 seconds 
Number of asset objects unloaded after import = 7
========================================================================
Received Import Request.
  Time since last request: 0.000020 seconds.
  path: Assets/Furniture_FREE/Meshes/coffee_machine_001.fbx
  artifactKey: Guid(60e0949bdc5724f41a429907b90f25a8) Importer(815301076,1909f56bfc062723c751e8b465ee728b)
Number of updated assets reloaded before import = 0
Start importing Assets/Furniture_FREE/Meshes/coffee_machine_001.fbx using Guid(60e0949bdc5724f41a429907b90f25a8) Importer(815301076,1909f56bfc062723c751e8b465ee728b)  -> (artifact id: '189ce9d359dd68e215da790fc0d680ea') in 0.018710 seconds 
Number of asset objects unloaded after import = 7
========================================================================
Received Import Request.
  Time since last request: 0.000015 seconds.
  path: Assets/Furniture_FREE/Meshes/door_001.fbx
  artifactKey: Guid(d0c8bff756eb229499f2b3a6290a5588) Importer(815301076,1909f56bfc062723c751e8b465ee728b)
Number of updated assets reloaded before import = 0
Start importing Assets/Furniture_FREE/Meshes/door_001.fbx using Guid(d0c8bff756eb229499f2b3a6290a5588) Importer(815301076,1909f56bfc062723c751e8b465ee728b)  -> (artifact id: '12c80a3340d8948351e252c5906cf372') in 0.020332 seconds 
Number of asset objects unloaded after import = 7
========================================================================
Received Import Request.
  Time since last request: 0.000021 seconds.
  path: Assets/Furniture_FREE/Meshes/closet_002.fbx
  artifactKey: Guid(f057f2866f4b8964799fed1871693e10) Importer(815301076,1909f56bfc062723c751e8b465ee728b)
Number of updated assets reloaded before import = 0
Start importing Assets/Furniture_FREE/Meshes/closet_002.fbx using Guid(f057f2866f4b8964799fed1871693e10) Importer(815301076,1909f56bfc062723c751e8b465ee728b)  -> (artifact id: '2410daa10f53709be5ef422a030c04c7') in 0.022056 seconds 
Number of asset objects unloaded after import = 7
========================================================================
Received Import Request.
  Time since last request: 0.000024 seconds.
  path: Assets/Furniture_FREE/Meshes/training_item_002.fbx
  artifactKey: Guid(4f99996cfa872bf42a2af32a1d158fd7) Importer(815301076,1909f56bfc062723c751e8b465ee728b)
Number of updated assets reloaded before import = 0
Start importing Assets/Furniture_FREE/Meshes/training_item_002.fbx using Guid(4f99996cfa872bf42a2af32a1d158fd7) Importer(815301076,1909f56bfc062723c751e8b465ee728b)  -> (artifact id: '588be5555beb8a154510a042e632fba4') in 0.018510 seconds 
Number of asset objects unloaded after import = 7
========================================================================
Received Import Request.
  Time since last request: 0.000023 seconds.
  path: Assets/Furniture_FREE/Meshes/door_frame_001.fbx
  artifactKey: Guid(fa80f29fe098e7349bad09b60a204cb8) Importer(815301076,1909f56bfc062723c751e8b465ee728b)
Number of updated assets reloaded before import = 0
Start importing Assets/Furniture_FREE/Meshes/door_frame_001.fbx using Guid(fa80f29fe098e7349bad09b60a204cb8) Importer(815301076,1909f56bfc062723c751e8b465ee728b)  -> (artifact id: 'fb6d0c5b60ca41e72a589885f289ca02') in 0.019363 seconds 
Number of asset objects unloaded after import = 7
========================================================================
Received Import Request.
  Time since last request: 0.000045 seconds.
  path: Assets/Furniture_FREE/Meshes/coffee_table_001.fbx
  artifactKey: Guid(ac89d7fea237f1645ad740a0eddafeea) Importer(815301076,1909f56bfc062723c751e8b465ee728b)
Number of updated assets reloaded before import = 0
Start importing Assets/Furniture_FREE/Meshes/coffee_table_001.fbx using Guid(ac89d7fea237f1645ad740a0eddafeea) Importer(815301076,1909f56bfc062723c751e8b465ee728b)  -> (artifact id: '11aad1851c2089184da025851b9afbe6') in 0.019671 seconds 
Number of asset objects unloaded after import = 7
========================================================================
Received Import Request.
  Time since last request: 0.000020 seconds.
  path: Assets/Furniture_FREE/Meshes/scratching_post_001.fbx
  artifactKey: Guid(15b9b4825687b3b49a791a3ac38d48a3) Importer(815301076,1909f56bfc062723c751e8b465ee728b)
Number of updated assets reloaded before import = 0
Start importing Assets/Furniture_FREE/Meshes/scratching_post_001.fbx using Guid(15b9b4825687b3b49a791a3ac38d48a3) Importer(815301076,1909f56bfc062723c751e8b465ee728b)  -> (artifact id: 'd1a46f6c4a520d43862b60e1159e3719') in 0.021949 seconds 
Number of asset objects unloaded after import = 7
========================================================================
Received Import Request.
  Time since last request: 0.000016 seconds.
  path: Assets/Furniture_FREE/Meshes/drink_002.fbx
  artifactKey: Guid(bd5082c0615524b4fac183d53d9768f7) Importer(815301076,1909f56bfc062723c751e8b465ee728b)
Number of updated assets reloaded before import = 0
Start importing Assets/Furniture_FREE/Meshes/drink_002.fbx using Guid(bd5082c0615524b4fac183d53d9768f7) Importer(815301076,1909f56bfc062723c751e8b465ee728b)  -> (artifact id: 'a25ccab29b172d97ffcff8cb085719b4') in 0.018465 seconds 
Number of asset objects unloaded after import = 7
========================================================================
Received Import Request.
  Time since last request: 0.000021 seconds.
  path: Assets/Furniture_FREE/Meshes/bathroom_item_001.fbx
  artifactKey: Guid(a9473316bc1ba3740a1ec3a91ce57660) Importer(815301076,1909f56bfc062723c751e8b465ee728b)
Number of updated assets reloaded before import = 0
Start importing Assets/Furniture_FREE/Meshes/bathroom_item_001.fbx using Guid(a9473316bc1ba3740a1ec3a91ce57660) Importer(815301076,1909f56bfc062723c751e8b465ee728b)  -> (artifact id: '84061917903f47c6e201398b0f96cc90') in 0.018923 seconds 
Number of asset objects unloaded after import = 7
========================================================================
Received Import Request.
  Time since last request: 0.000029 seconds.
  path: Assets/Furniture_FREE/Meshes/sofa_001.fbx
  artifactKey: Guid(b2bfb3f987d345b4388c7173f6f9649c) Importer(815301076,1909f56bfc062723c751e8b465ee728b)
Number of updated assets reloaded before import = 0
Start importing Assets/Furniture_FREE/Meshes/sofa_001.fbx using Guid(b2bfb3f987d345b4388c7173f6f9649c) Importer(815301076,1909f56bfc062723c751e8b465ee728b)  -> (artifact id: '7b150098c491ec3d599bdc5e6e6558b5') in 0.018638 seconds 
Number of asset objects unloaded after import = 7
========================================================================
Received Import Request.
  Time since last request: 0.000025 seconds.
  path: Assets/Furniture_FREE/Meshes/kitchen_sink_001.fbx
  artifactKey: Guid(627220fed965f4544a5a91566c9995d7) Importer(815301076,1909f56bfc062723c751e8b465ee728b)
Number of updated assets reloaded before import = 0
Start importing Assets/Furniture_FREE/Meshes/kitchen_sink_001.fbx using Guid(627220fed965f4544a5a91566c9995d7) Importer(815301076,1909f56bfc062723c751e8b465ee728b)  -> (artifact id: '80c78a44f375284db1bdaef5c009195c') in 0.018401 seconds 
Number of asset objects unloaded after import = 7
========================================================================
Received Import Request.
  Time since last request: 0.000015 seconds.
  path: Assets/Furniture_FREE/Meshes/dumbbell_002.fbx
  artifactKey: Guid(cd560a8cb8bd1ec4fb3267ac9441df28) Importer(815301076,1909f56bfc062723c751e8b465ee728b)
Number of updated assets reloaded before import = 0
Start importing Assets/Furniture_FREE/Meshes/dumbbell_002.fbx using Guid(cd560a8cb8bd1ec4fb3267ac9441df28) Importer(815301076,1909f56bfc062723c751e8b465ee728b)  -> (artifact id: 'abbc601bf2f677c17f5537193e9f1401') in 0.018121 seconds 
Number of asset objects unloaded after import = 7
========================================================================
Received Import Request.
  Time since last request: 0.000017 seconds.
  path: Assets/Furniture_FREE/Meshes/kitchen_table_001.fbx
  artifactKey: Guid(e4a219c91f34ce74ab295a64b6a63f61) Importer(815301076,1909f56bfc062723c751e8b465ee728b)
Number of updated assets reloaded before import = 0
Start importing Assets/Furniture_FREE/Meshes/kitchen_table_001.fbx using Guid(e4a219c91f34ce74ab295a64b6a63f61) Importer(815301076,1909f56bfc062723c751e8b465ee728b)  -> (artifact id: 'db9bc71dcb347437b42c757d8ea8edce') in 0.019036 seconds 
Number of asset objects unloaded after import = 7
========================================================================
Received Import Request.
  Time since last request: 0.000015 seconds.
  path: Assets/Furniture_FREE/Meshes/air_hockey_001.fbx
  artifactKey: Guid(5a07704c3449b53429056664faa78a49) Importer(815301076,1909f56bfc062723c751e8b465ee728b)
Number of updated assets reloaded before import = 0
Start importing Assets/Furniture_FREE/Meshes/air_hockey_001.fbx using Guid(5a07704c3449b53429056664faa78a49) Importer(815301076,1909f56bfc062723c751e8b465ee728b)  -> (artifact id: '054b20e6dd38dd685d923d3fa7bbd791') in 0.022105 seconds 
Number of asset objects unloaded after import = 7
========================================================================
Received Import Request.
  Time since last request: 0.000028 seconds.
  path: Assets/Furniture_FREE/Meshes/flower_001.fbx
  artifactKey: Guid(649646106a38e1346b231d5f5d64467f) Importer(815301076,1909f56bfc062723c751e8b465ee728b)
Number of updated assets reloaded before import = 0
Start importing Assets/Furniture_FREE/Meshes/flower_001.fbx using Guid(649646106a38e1346b231d5f5d64467f) Importer(815301076,1909f56bfc062723c751e8b465ee728b)  -> (artifact id: '7a71241661287e55b2e87671004e74a3') in 0.020406 seconds 
Number of asset objects unloaded after import = 7
========================================================================
Received Import Request.
  Time since last request: 0.000023 seconds.
  path: Assets/Furniture_FREE/Meshes/lounge_chair_001.fbx
  artifactKey: Guid(c6c4229ba17e2e44a8c650fa2627f71c) Importer(815301076,1909f56bfc062723c751e8b465ee728b)
Number of updated assets reloaded before import = 0
Start importing Assets/Furniture_FREE/Meshes/lounge_chair_001.fbx using Guid(c6c4229ba17e2e44a8c650fa2627f71c) Importer(815301076,1909f56bfc062723c751e8b465ee728b)  -> (artifact id: 'ba3f2f9cc2f6ba21095be5b2f633bcfd') in 0.019892 seconds 
Number of asset objects unloaded after import = 7
========================================================================
Received Import Request.
  Time since last request: 0.000018 seconds.
  path: Assets/Furniture_FREE/Meshes/kitchen_chair_001.fbx
  artifactKey: Guid(ced7d5d843f03774e8c82dc8a229be4c) Importer(815301076,1909f56bfc062723c751e8b465ee728b)
Number of updated assets reloaded before import = 0
Start importing Assets/Furniture_FREE/Meshes/kitchen_chair_001.fbx using Guid(ced7d5d843f03774e8c82dc8a229be4c) Importer(815301076,1909f56bfc062723c751e8b465ee728b)  -> (artifact id: 'a5225016d714a5bb17340443df30979a') in 0.019193 seconds 
Number of asset objects unloaded after import = 7
========================================================================
Received Import Request.
  Time since last request: 0.000019 seconds.
  path: Assets/Furniture_FREE/Meshes/toy_001.fbx
  artifactKey: Guid(ed42e3e83a1505c46be371032c205b55) Importer(815301076,1909f56bfc062723c751e8b465ee728b)
Number of updated assets reloaded before import = 0
Start importing Assets/Furniture_FREE/Meshes/toy_001.fbx using Guid(ed42e3e83a1505c46be371032c205b55) Importer(815301076,1909f56bfc062723c751e8b465ee728b)  -> (artifact id: '1e2e6c2df9cef7c6994038593dff61dd') in 0.020038 seconds 
Number of asset objects unloaded after import = 7
========================================================================
Received Import Request.
  Time since last request: 3.797428 seconds.
  path: Assets/Furniture_FREE/Prefabs/box_001.prefab
  artifactKey: Guid(23e60ffe52c59f64ab40ec6e6ce36781) Importer(815301076,1909f56bfc062723c751e8b465ee728b)
Number of updated assets reloaded before import = 0
Start importing Assets/Furniture_FREE/Prefabs/box_001.prefab using Guid(23e60ffe52c59f64ab40ec6e6ce36781) Importer(815301076,1909f56bfc062723c751e8b465ee728b)  -> (artifact id: 'edd4ada3002a31961da22d3869ca7707') in 0.024839 seconds 
Number of asset objects unloaded after import = 16
========================================================================
Received Import Request.
  Time since last request: 0.000019 seconds.
  path: Assets/Furniture_FREE/Prefabs/kitchen_chair_001.prefab
  artifactKey: Guid(528a0e588f6fa5447928329240509219) Importer(815301076,1909f56bfc062723c751e8b465ee728b)
Number of updated assets reloaded before import = 0
Start importing Assets/Furniture_FREE/Prefabs/kitchen_chair_001.prefab using Guid(528a0e588f6fa5447928329240509219) Importer(815301076,1909f56bfc062723c751e8b465ee728b)  -> (artifact id: '4db27f2ce78feb803fbc061442fdb139') in 0.018467 seconds 
Number of asset objects unloaded after import = 16
========================================================================
Received Import Request.
  Time since last request: 0.000015 seconds.
  path: Assets/Furniture_FREE/Prefabs/kitchen_table_001.prefab
  artifactKey: Guid(7ffe462c97c4b684991a6f9472318357) Importer(815301076,1909f56bfc062723c751e8b465ee728b)
Number of updated assets reloaded before import = 0
Start importing Assets/Furniture_FREE/Prefabs/kitchen_table_001.prefab using Guid(7ffe462c97c4b684991a6f9472318357) Importer(815301076,1909f56bfc062723c751e8b465ee728b)  -> (artifact id: 'fcd7c25256cd38d4df70cde0546af137') in 0.017253 seconds 
Number of asset objects unloaded after import = 16
========================================================================
Received Import Request.
  Time since last request: 0.000019 seconds.
  path: Assets/Furniture_FREE/Prefabs/dish_002.prefab
  artifactKey: Guid(4dd304aacd53d3c4589956b0fca9a8df) Importer(815301076,1909f56bfc062723c751e8b465ee728b)
Number of updated assets reloaded before import = 0
Start importing Assets/Furniture_FREE/Prefabs/dish_002.prefab using Guid(4dd304aacd53d3c4589956b0fca9a8df) Importer(815301076,1909f56bfc062723c751e8b465ee728b)  -> (artifact id: '5de4d6e439f537d5249668ca6ae443ea') in 0.025572 seconds 
Number of asset objects unloaded after import = 16
========================================================================
Received Import Request.
  Time since last request: 0.000019 seconds.
  path: Assets/Furniture_FREE/Prefabs/dumbbell_001.prefab
  artifactKey: Guid(f556d04045a305d4d8c954744120bad6) Importer(815301076,1909f56bfc062723c751e8b465ee728b)
Number of updated assets reloaded before import = 0
Start importing Assets/Furniture_FREE/Prefabs/dumbbell_001.prefab using Guid(f556d04045a305d4d8c954744120bad6) Importer(815301076,1909f56bfc062723c751e8b465ee728b)  -> (artifact id: '9822e8f4295ae6674f803219249bfab5') in 0.020923 seconds 
Number of asset objects unloaded after import = 16
========================================================================
Received Import Request.
  Time since last request: 0.000029 seconds.
  path: Assets/Furniture_FREE/Prefabs/drink_001.prefab
  artifactKey: Guid(aaf11a042e9932a40bb90b9b171a128e) Importer(815301076,1909f56bfc062723c751e8b465ee728b)
Number of updated assets reloaded before import = 0
Start importing Assets/Furniture_FREE/Prefabs/drink_001.prefab using Guid(aaf11a042e9932a40bb90b9b171a128e) Importer(815301076,1909f56bfc062723c751e8b465ee728b)  -> (artifact id: 'c15b3b267f629e01a6c914a3fffbf25f') in 0.021919 seconds 
Number of asset objects unloaded after import = 16
========================================================================
Received Import Request.
  Time since last request: 0.000018 seconds.
  path: Assets/Furniture_FREE/Prefabs/door_frame_001.prefab
  artifactKey: Guid(2c711d445f487fa49adbf49a47841599) Importer(815301076,1909f56bfc062723c751e8b465ee728b)
Number of updated assets reloaded before import = 0
Start importing Assets/Furniture_FREE/Prefabs/door_frame_001.prefab using Guid(2c711d445f487fa49adbf49a47841599) Importer(815301076,1909f56bfc062723c751e8b465ee728b)  -> (artifact id: '862168b0bcd3d63a2b69ebf3e124decb') in 0.024673 seconds 
Number of asset objects unloaded after import = 16
========================================================================
Received Import Request.
  Time since last request: 0.000018 seconds.
  path: Assets/Furniture_FREE/Prefabs/tv_wall_001.prefab
  artifactKey: Guid(c97a7e3361d4a884ea66a7f03258cdc8) Importer(815301076,1909f56bfc062723c751e8b465ee728b)
Number of updated assets reloaded before import = 0
Start importing Assets/Furniture_FREE/Prefabs/tv_wall_001.prefab using Guid(c97a7e3361d4a884ea66a7f03258cdc8) Importer(815301076,1909f56bfc062723c751e8b465ee728b)  -> (artifact id: 'c132097cb3a399ecf92129db9ad70ded') in 0.029670 seconds 
Number of asset objects unloaded after import = 16
========================================================================
Received Import Request.
  Time since last request: 0.000016 seconds.
  path: Assets/Furniture_FREE/Prefabs/training_item_002.prefab
  artifactKey: Guid(25301affd8ec4504c9565ad48413f7f0) Importer(815301076,1909f56bfc062723c751e8b465ee728b)
Number of updated assets reloaded before import = 0
Start importing Assets/Furniture_FREE/Prefabs/training_item_002.prefab using Guid(25301affd8ec4504c9565ad48413f7f0) Importer(815301076,1909f56bfc062723c751e8b465ee728b)  -> (artifact id: '256efbdb0ef1ff1bc250173f2d0c2e1a') in 0.021092 seconds 
Number of asset objects unloaded after import = 16
========================================================================
Received Import Request.
  Time since last request: 0.000017 seconds.
  path: Assets/Furniture_FREE/Prefabs/ketchup_001.prefab
  artifactKey: Guid(5895ab0d93729844eb987d6034e2908c) Importer(815301076,1909f56bfc062723c751e8b465ee728b)
Number of updated assets reloaded before import = 0
Start importing Assets/Furniture_FREE/Prefabs/ketchup_001.prefab using Guid(5895ab0d93729844eb987d6034e2908c) Importer(815301076,1909f56bfc062723c751e8b465ee728b)  -> (artifact id: '68202489f8b653077e78da3d91c843c5') in 0.037334 seconds 
Number of asset objects unloaded after import = 16
========================================================================
Received Import Request.
  Time since last request: 0.000017 seconds.
  path: Assets/Furniture_FREE/Prefabs/closet_001.prefab
  artifactKey: Guid(f55d7df03694fd244a9b29dcc29c2175) Importer(815301076,1909f56bfc062723c751e8b465ee728b)
Number of updated assets reloaded before import = 0
Start importing Assets/Furniture_FREE/Prefabs/closet_001.prefab using Guid(f55d7df03694fd244a9b29dcc29c2175) Importer(815301076,1909f56bfc062723c751e8b465ee728b)  -> (artifact id: 'f7180bcfebcdc017e1816c0e632a54fc') in 0.018234 seconds 
Number of asset objects unloaded after import = 16
Editor requested this worker to shutdown with reason: Scaling down because of idle timeout
AssetImportWorker is now disconnected from the server
Process exiting
Exiting without the bug reporter. Application will terminate with return code 0