Using pre-set license
Built from '2021.3/staging' branch; Version is '2021.3.35f1 (157b46ce122a) revision 1407814'; Using compiler version '192829333'; Build Type 'Release'
OS: 'Windows 11  (10.0.22631) 64bit CoreSingleLanguage' Language: 'en' Physical Memory: 7597 MB
BatchMode: 1, IsHumanControllingUs: 0, StartBugReporterOnCrash: 0, Is64bit: 1, IsPro: 1

COMMAND LINE ARGUMENTS:
C:\Program Files\Unity\Hub\Editor\2021.3.35f1\Editor\Unity.exe
-adb2
-batchMode
-noUpm
-name
AssetImportWorker4
-projectPath
C:/New folder/Teddies-Environment
-logFile
Logs/AssetImportWorker4.log
-srvPort
57210
Successfully changed project path to: C:/New folder/Teddies-Environment
C:/New folder/Teddies-Environment
[UnityMemory] Configuration Parameters - Can be set up in boot.config
    "memorysetup-bucket-allocator-granularity=16"
    "memorysetup-bucket-allocator-bucket-count=8"
    "memorysetup-bucket-allocator-block-size=33554432"
    "memorysetup-bucket-allocator-block-count=8"
    "memorysetup-main-allocator-block-size=16777216"
    "memorysetup-thread-allocator-block-size=16777216"
    "memorysetup-gfx-main-allocator-block-size=16777216"
    "memorysetup-gfx-thread-allocator-block-size=16777216"
    "memorysetup-cache-allocator-block-size=4194304"
    "memorysetup-typetree-allocator-block-size=2097152"
    "memorysetup-profiler-bucket-allocator-granularity=16"
    "memorysetup-profiler-bucket-allocator-bucket-count=8"
    "memorysetup-profiler-bucket-allocator-block-size=33554432"
    "memorysetup-profiler-bucket-allocator-block-count=8"
    "memorysetup-profiler-allocator-block-size=16777216"
    "memorysetup-profiler-editor-allocator-block-size=1048576"
    "memorysetup-temp-allocator-size-main=16777216"
    "memorysetup-job-temp-allocator-block-size=2097152"
    "memorysetup-job-temp-allocator-block-size-background=1048576"
    "memorysetup-job-temp-allocator-reduction-small-platforms=262144"
    "memorysetup-temp-allocator-size-background-worker=32768"
    "memorysetup-temp-allocator-size-job-worker=262144"
    "memorysetup-temp-allocator-size-preload-manager=33554432"
    "memorysetup-temp-allocator-size-nav-mesh-worker=65536"
    "memorysetup-temp-allocator-size-audio-worker=65536"
    "memorysetup-temp-allocator-size-cloud-worker=32768"
    "memorysetup-temp-allocator-size-gi-baking-worker=262144"
    "memorysetup-temp-allocator-size-gfx=262144"
Player connection [23924] Host "[IP] 192.168.1.6 [Port] 0 [Flags] 2 [Guid] 3335731019 [EditorId] 3335731019 [Version] 1048832 [Id] WindowsEditor(7,JESS-DESKTOP) [Debug] 1 [PackageName] WindowsEditor [ProjectName] Editor" joined multi-casting on [225.0.0.222:54997]...

Player connection [23924] Host "[IP] 192.168.1.6 [Port] 0 [Flags] 2 [Guid] 3335731019 [EditorId] 3335731019 [Version] 1048832 [Id] WindowsEditor(7,JESS-DESKTOP) [Debug] 1 [PackageName] WindowsEditor [ProjectName] Editor" joined alternative multi-casting on [225.0.0.222:34997]...

[Physics::Module] Initialized MultithreadedJobDispatcher with {0} workers.
Refreshing native plugins compatible for Editor in 172.90 ms, found 3 plugins.
Preloading 0 native plugins for Editor in 0.00 ms.
Initialize engine version: 2021.3.35f1 (157b46ce122a)
[Subsystems] Discovering subsystems at path C:/Program Files/Unity/Hub/Editor/2021.3.35f1/Editor/Data/Resources/UnitySubsystems
[Subsystems] Discovering subsystems at path C:/New folder/Teddies-Environment/Assets
GfxDevice: creating device client; threaded=0; jobified=0
Direct3D:
    Version:  Direct3D 11.0 [level 11.1]
    Renderer: NVIDIA GeForce RTX 3050 Laptop GPU (ID=0x25a2)
    Vendor:   NVIDIA
    VRAM:     3964 MB
    Driver:   31.0.15.5186
Initialize mono
Mono path[0] = 'C:/Program Files/Unity/Hub/Editor/2021.3.35f1/Editor/Data/Managed'
Mono path[1] = 'C:/Program Files/Unity/Hub/Editor/2021.3.35f1/Editor/Data/MonoBleedingEdge/lib/mono/unityjit-win32'
Mono config path = 'C:/Program Files/Unity/Hub/Editor/2021.3.35f1/Editor/Data/MonoBleedingEdge/etc'
Using monoOptions --debugger-agent=transport=dt_socket,embedding=1,server=y,suspend=n,address=127.0.0.1:56316
Begin MonoManager ReloadAssembly
Registering precompiled unity dll's ...
Register platform support module: C:/Program Files/Unity/Hub/Editor/2021.3.35f1/Editor/Data/PlaybackEngines/WindowsStandaloneSupport/UnityEditor.WindowsStandalone.Extensions.dll
Registered in 0.012138 seconds.
Native extension for WindowsStandalone target not found
Refreshing native plugins compatible for Editor in 126.22 ms, found 3 plugins.
Preloading 0 native plugins for Editor in 0.00 ms.
Mono: successfully reloaded assembly
- Completed reload, in  1.173 seconds
Domain Reload Profiling:
	ReloadAssembly (1174ms)
		BeginReloadAssembly (320ms)
			ExecutionOrderSort (0ms)
			DisableScriptedObjects (0ms)
			BackupInstance (0ms)
			ReleaseScriptingObjects (0ms)
			CreateAndSetChildDomain (2ms)
		EndReloadAssembly (649ms)
			LoadAssemblies (311ms)
			RebuildTransferFunctionScriptingTraits (0ms)
			SetupTypeCache (173ms)
			ReleaseScriptCaches (0ms)
			RebuildScriptCaches (42ms)
			SetupLoadedEditorAssemblies (378ms)
				LogAssemblyErrors (0ms)
				InitializePlatformSupportModulesInManaged (11ms)
				SetLoadedEditorAssemblies (0ms)
				RefreshPlugins (126ms)
				BeforeProcessingInitializeOnLoad (1ms)
				ProcessInitializeOnLoadAttributes (173ms)
				ProcessInitializeOnLoadMethodAttributes (67ms)
				AfterProcessingInitializeOnLoad (0ms)
				EditorAssembliesLoaded (0ms)
			ExecutionOrderSort2 (0ms)
			AwakeInstancesAfterBackupRestoration (0ms)
Platform modules already initialized, skipping
Registering precompiled user dll's ...
Registered in 0.005872 seconds.
Begin MonoManager ReloadAssembly
Native extension for WindowsStandalone target not found
Refreshing native plugins compatible for Editor in 0.91 ms, found 3 plugins.
Preloading 0 native plugins for Editor in 0.00 ms.
Package Manager log level set to [2]
[Package Manager] Server::EnsureServerProcessIsRunning -- launch failed, reason: Unity was launched with the -noUpm command-line argument
[Package Manager] Cannot connect to Unity Package Manager local server
Mono: successfully reloaded assembly
- Completed reload, in  1.696 seconds
Domain Reload Profiling:
	ReloadAssembly (1697ms)
		BeginReloadAssembly (165ms)
			ExecutionOrderSort (0ms)
			DisableScriptedObjects (7ms)
			BackupInstance (0ms)
			ReleaseScriptingObjects (0ms)
			CreateAndSetChildDomain (23ms)
		EndReloadAssembly (1381ms)
			LoadAssemblies (184ms)
			RebuildTransferFunctionScriptingTraits (0ms)
			SetupTypeCache (353ms)
			ReleaseScriptCaches (1ms)
			RebuildScriptCaches (64ms)
			SetupLoadedEditorAssemblies (767ms)
				LogAssemblyErrors (0ms)
				InitializePlatformSupportModulesInManaged (6ms)
				SetLoadedEditorAssemblies (1ms)
				RefreshPlugins (1ms)
				BeforeProcessingInitializeOnLoad (84ms)
				ProcessInitializeOnLoadAttributes (644ms)
				ProcessInitializeOnLoadMethodAttributes (25ms)
				AfterProcessingInitializeOnLoad (6ms)
				EditorAssembliesLoaded (0ms)
			ExecutionOrderSort2 (0ms)
			AwakeInstancesAfterBackupRestoration (7ms)
Platform modules already initialized, skipping
========================================================================
Worker process is ready to serve import requests
Launched and connected shader compiler UnityShaderCompiler.exe after 0.07 seconds
Refreshing native plugins compatible for Editor in 1.00 ms, found 3 plugins.
Preloading 0 native plugins for Editor in 0.00 ms.
Unloading 3068 Unused Serialized files (Serialized files now loaded: 0)
Unloading 23 unused Assets / (46.3 KB). Loaded Objects now: 3530.
Memory consumption went from 123.3 MB to 123.2 MB.
Total: 4.521100 ms (FindLiveObjects: 0.352900 ms CreateObjectMapping: 0.116100 ms MarkObjects: 3.942000 ms  DeleteObjects: 0.108200 ms)

AssetImportParameters requested are different than current active one (requested -> active):
  custom:video-decoder-ogg-theora: a1e56fd34408186e4bbccfd4996cb3dc -> 
  custom:container-muxer-webm: aa71ff27fc2769a1b78a27578f13a17b -> 
  custom:container-demuxer-webm: 4f35f7cbe854078d1ac9338744f61a02 -> 
  custom:video-encoder-webm-vp8: eb34c28f22e8b96e1ab97ce403110664 -> 
  custom:CustomObjectIndexerAttribute: bc11b3a6c3213fcdd17b65e7da85e133 -> 
  custom:audio-encoder-webm-vorbis: bf7c407c2cedff20999df2af8eb42d56 -> 
  custom:framework-win-MediaFoundation: 216162199b28c13a410421893ffa2e32 -> 
  custom:SearchIndexIgnoredProperties: e643bd26f0fe6173181afceb89e7c659 -> 
  custom:container-demuxer-ogg: 62fdf1f143b41e24485cea50d1cbac27 -> 
  custom:video-decoder-webm-vp8: 9c59270c3fd7afecdb556c50c9e8de78 -> 
  custom:audio-decoder-ogg-vorbis: bf7c407c2cedff20999df2af8eb42d56 -> 
========================================================================
Received Import Request.
  Time since last request: 83195.784609 seconds.
  path: Assets/Scenes/Level 4 (Kitchen).unity
  artifactKey: Guid(bfe1f71a1233ddf4dbb2ee479ef191b4) Importer(815301076,1909f56bfc062723c751e8b465ee728b)
Number of updated assets reloaded before import = 0
Start importing Assets/Scenes/Level 4 (Kitchen).unity using Guid(bfe1f71a1233ddf4dbb2ee479ef191b4) Importer(815301076,1909f56bfc062723c751e8b465ee728b)  -> (artifact id: 'f7bf4ae6f3c8d6cefbc619a85f78de31') in 0.024125 seconds 
Number of asset objects unloaded after import = 0
========================================================================
Received Import Request.
  Time since last request: 692.391032 seconds.
  path: Assets/Scenes/Level 4 (Kitchen).unity
  artifactKey: Guid(bfe1f71a1233ddf4dbb2ee479ef191b4) Importer(815301076,1909f56bfc062723c751e8b465ee728b)
Number of updated assets reloaded before import = 0
Start importing Assets/Scenes/Level 4 (Kitchen).unity using Guid(bfe1f71a1233ddf4dbb2ee479ef191b4) Importer(815301076,1909f56bfc062723c751e8b465ee728b)  -> (artifact id: '71e48e5f37771f48755afa10403da09d') in 0.003527 seconds 
Number of asset objects unloaded after import = 0
========================================================================
Received Import Request.
  Time since last request: 2.773235 seconds.
  path: Assets/Scenes/Level 4 (Kitchen).unity
  artifactKey: Guid(bfe1f71a1233ddf4dbb2ee479ef191b4) Importer(815301076,1909f56bfc062723c751e8b465ee728b)
Number of updated assets reloaded before import = 0
Start importing Assets/Scenes/Level 4 (Kitchen).unity using Guid(bfe1f71a1233ddf4dbb2ee479ef191b4) Importer(815301076,1909f56bfc062723c751e8b465ee728b)  -> (artifact id: 'fa1c7274d11313c77efcb50e01cf227a') in 0.003841 seconds 
Number of asset objects unloaded after import = 0
========================================================================
Received Import Request.
  Time since last request: 76.107106 seconds.
  path: Assets/Interior_1/Scenes
  artifactKey: Guid(df1a0f2d53fa5d74aa1f0e9029b4f3f3) Importer(815301076,1909f56bfc062723c751e8b465ee728b)
Number of updated assets reloaded before import = 0
Start importing Assets/Interior_1/Scenes using Guid(df1a0f2d53fa5d74aa1f0e9029b4f3f3) Importer(815301076,1909f56bfc062723c751e8b465ee728b)  -> (artifact id: '9ca578e7676711b6fe5b0e6ec84dc20d') in 0.011153 seconds 
Number of asset objects unloaded after import = 0
========================================================================
Received Import Request.
  Time since last request: 3.038916 seconds.
  path: Assets/Interior_1/Scenes/Overview.unity
  artifactKey: Guid(dadcb9213e95e064e94e01bd932a5a59) Importer(815301076,1909f56bfc062723c751e8b465ee728b)
Number of updated assets reloaded before import = 0
Start importing Assets/Interior_1/Scenes/Overview.unity using Guid(dadcb9213e95e064e94e01bd932a5a59) Importer(815301076,1909f56bfc062723c751e8b465ee728b)  -> (artifact id: 'b0aa5c4338bf85f7c6dec94f2fbea92e') in 0.012706 seconds 
Number of asset objects unloaded after import = 0
========================================================================
Received Import Request.
  Time since last request: 71.488236 seconds.
  path: Assets/Interior_1/Prefabs/armchair_001.prefab
  artifactKey: Guid(3e4ea0dd3863afc40b2fd7f1cd436f6c) Importer(815301076,1909f56bfc062723c751e8b465ee728b)
Number of updated assets reloaded before import = 0
Start importing Assets/Interior_1/Prefabs/armchair_001.prefab using Guid(3e4ea0dd3863afc40b2fd7f1cd436f6c) Importer(815301076,1909f56bfc062723c751e8b465ee728b)  -> (artifact id: 'a5cbbea486c27ff997656174cf6c1a9d') in 0.276642 seconds 
Number of asset objects unloaded after import = 16
========================================================================
Received Import Request.
  Time since last request: 0.000064 seconds.
  path: Assets/Interior_1/Prefabs/armchair_006.prefab
  artifactKey: Guid(b682cbf549c5c954db68dab73f87e195) Importer(815301076,1909f56bfc062723c751e8b465ee728b)
Number of updated assets reloaded before import = 0
Start importing Assets/Interior_1/Prefabs/armchair_006.prefab using Guid(b682cbf549c5c954db68dab73f87e195) Importer(815301076,1909f56bfc062723c751e8b465ee728b)  -> (artifact id: 'e615f314bdd8e2290ba9b4e6685c6b63') in 0.046707 seconds 
Number of asset objects unloaded after import = 16
========================================================================
Received Import Request.
  Time since last request: 0.000105 seconds.
  path: Assets/Interior_1/Prefabs/armchair_007.prefab
  artifactKey: Guid(9b92cb526fe7dab479a32716c65a90dc) Importer(815301076,1909f56bfc062723c751e8b465ee728b)
Number of updated assets reloaded before import = 0
Start importing Assets/Interior_1/Prefabs/armchair_007.prefab using Guid(9b92cb526fe7dab479a32716c65a90dc) Importer(815301076,1909f56bfc062723c751e8b465ee728b)  -> (artifact id: 'b13f81b62ab806caf146e5b94fd54f6c') in 0.045875 seconds 
Number of asset objects unloaded after import = 16
========================================================================
Received Import Request.
  Time since last request: 0.000054 seconds.
  path: Assets/Interior_1/Prefabs/armchair_015.prefab
  artifactKey: Guid(0aca9aeb9f181004fbd38674daa84e3e) Importer(815301076,1909f56bfc062723c751e8b465ee728b)
Number of updated assets reloaded before import = 0
Start importing Assets/Interior_1/Prefabs/armchair_015.prefab using Guid(0aca9aeb9f181004fbd38674daa84e3e) Importer(815301076,1909f56bfc062723c751e8b465ee728b)  -> (artifact id: '7072fdcac54c5fd447cd1d9e0a6a766a') in 0.048737 seconds 
Number of asset objects unloaded after import = 16
========================================================================
Received Import Request.
  Time since last request: 0.000052 seconds.
  path: Assets/Interior_1/Prefabs/armchair_004.prefab
  artifactKey: Guid(7bfb81d3c4cefd548aff0efe1a0d95fb) Importer(815301076,1909f56bfc062723c751e8b465ee728b)
Number of updated assets reloaded before import = 0
Start importing Assets/Interior_1/Prefabs/armchair_004.prefab using Guid(7bfb81d3c4cefd548aff0efe1a0d95fb) Importer(815301076,1909f56bfc062723c751e8b465ee728b)  -> (artifact id: '38f57a44c0a1a954934d9fa983b96fcf') in 0.039686 seconds 
Number of asset objects unloaded after import = 16
========================================================================
Received Import Request.
  Time since last request: 0.000097 seconds.
  path: Assets/Interior_1/Prefabs/armchair_013.prefab
  artifactKey: Guid(d9248e38f4deb554b8b0599583cab6e5) Importer(815301076,1909f56bfc062723c751e8b465ee728b)
Number of updated assets reloaded before import = 0
Start importing Assets/Interior_1/Prefabs/armchair_013.prefab using Guid(d9248e38f4deb554b8b0599583cab6e5) Importer(815301076,1909f56bfc062723c751e8b465ee728b)  -> (artifact id: 'f9c43c0357dda615ce976783ba373853') in 0.039797 seconds 
Number of asset objects unloaded after import = 16
========================================================================
Received Import Request.
  Time since last request: 0.000055 seconds.
  path: Assets/Interior_1/Prefabs/armchair_019.prefab
  artifactKey: Guid(28396ce78983cd24ea9e10d1173e7f9a) Importer(815301076,1909f56bfc062723c751e8b465ee728b)
Number of updated assets reloaded before import = 0
Start importing Assets/Interior_1/Prefabs/armchair_019.prefab using Guid(28396ce78983cd24ea9e10d1173e7f9a) Importer(815301076,1909f56bfc062723c751e8b465ee728b)  -> (artifact id: '3a4b3abe5cf71dd5fa742c2c190fe34a') in 0.044825 seconds 
Number of asset objects unloaded after import = 16
========================================================================
Received Import Request.
  Time since last request: 0.000063 seconds.
  path: Assets/Interior_1/Prefabs/armchair_010.prefab
  artifactKey: Guid(20a8b8e0a505dc34d821a2ce7c4c1098) Importer(815301076,1909f56bfc062723c751e8b465ee728b)
Number of updated assets reloaded before import = 0
Start importing Assets/Interior_1/Prefabs/armchair_010.prefab using Guid(20a8b8e0a505dc34d821a2ce7c4c1098) Importer(815301076,1909f56bfc062723c751e8b465ee728b)  -> (artifact id: '78fb5e774fc451c1bd0e117d9796fcf8') in 0.041312 seconds 
Number of asset objects unloaded after import = 16
========================================================================
Received Import Request.
  Time since last request: 0.000173 seconds.
  path: Assets/Interior_1/Prefabs/armchair_014.prefab
  artifactKey: Guid(9ede35e8c275a7743a15f1fcb92a9a87) Importer(815301076,1909f56bfc062723c751e8b465ee728b)
Number of updated assets reloaded before import = 0
Start importing Assets/Interior_1/Prefabs/armchair_014.prefab using Guid(9ede35e8c275a7743a15f1fcb92a9a87) Importer(815301076,1909f56bfc062723c751e8b465ee728b)  -> (artifact id: '8e58f4a0d963784c42ebd1ba559199cc') in 0.059415 seconds 
Number of asset objects unloaded after import = 16
========================================================================
Received Import Request.
  Time since last request: 0.000125 seconds.
  path: Assets/Interior_1/Prefabs/armchair_018.prefab
  artifactKey: Guid(c28878979255e564aa74e14ef4e9b25b) Importer(815301076,1909f56bfc062723c751e8b465ee728b)
Number of updated assets reloaded before import = 0
Start importing Assets/Interior_1/Prefabs/armchair_018.prefab using Guid(c28878979255e564aa74e14ef4e9b25b) Importer(815301076,1909f56bfc062723c751e8b465ee728b)  -> (artifact id: '7e31b8cbfeaf6eab13a8406fb409333e') in 0.045533 seconds 
Number of asset objects unloaded after import = 16
========================================================================
Received Import Request.
  Time since last request: 0.318258 seconds.
  path: Assets/Interior_1/Prefabs/bathroom_item_015.prefab
  artifactKey: Guid(cd4f6f1691d2c824cb9fe8aa3ff6824c) Importer(815301076,1909f56bfc062723c751e8b465ee728b)
Number of updated assets reloaded before import = 0
Start importing Assets/Interior_1/Prefabs/bathroom_item_015.prefab using Guid(cd4f6f1691d2c824cb9fe8aa3ff6824c) Importer(815301076,1909f56bfc062723c751e8b465ee728b)  -> (artifact id: '8877fbf56fab742d0d48eeba869ae670') in 0.037282 seconds 
Number of asset objects unloaded after import = 16
========================================================================
Received Import Request.
  Time since last request: 0.000077 seconds.
  path: Assets/Interior_1/Prefabs/bathroom_item_025.prefab
  artifactKey: Guid(1d5aabfe747369443bdd403baf369612) Importer(815301076,1909f56bfc062723c751e8b465ee728b)
Number of updated assets reloaded before import = 0
Start importing Assets/Interior_1/Prefabs/bathroom_item_025.prefab using Guid(1d5aabfe747369443bdd403baf369612) Importer(815301076,1909f56bfc062723c751e8b465ee728b)  -> (artifact id: 'b8231328569bc7fd5ef2fb9488f50a89') in 0.042578 seconds 
Number of asset objects unloaded after import = 16
========================================================================
Received Import Request.
  Time since last request: 0.000043 seconds.
  path: Assets/Interior_1/Prefabs/bathroom_item_023.prefab
  artifactKey: Guid(a773270db27f6344b864b52d081f2ca7) Importer(815301076,1909f56bfc062723c751e8b465ee728b)
Number of updated assets reloaded before import = 0
Start importing Assets/Interior_1/Prefabs/bathroom_item_023.prefab using Guid(a773270db27f6344b864b52d081f2ca7) Importer(815301076,1909f56bfc062723c751e8b465ee728b)  -> (artifact id: 'f56cb4ba95dc9679b71cda15a4646d1a') in 0.036245 seconds 
Number of asset objects unloaded after import = 16
========================================================================
Received Import Request.
  Time since last request: 0.000043 seconds.
  path: Assets/Interior_1/Prefabs/bathroom_item_017.prefab
  artifactKey: Guid(fe455f97674273c45a70c6728a8f27dc) Importer(815301076,1909f56bfc062723c751e8b465ee728b)
Number of updated assets reloaded before import = 0
Start importing Assets/Interior_1/Prefabs/bathroom_item_017.prefab using Guid(fe455f97674273c45a70c6728a8f27dc) Importer(815301076,1909f56bfc062723c751e8b465ee728b)  -> (artifact id: '37758ff2577e743e76233ee30a0becd1') in 0.038459 seconds 
Number of asset objects unloaded after import = 16
========================================================================
Received Import Request.
  Time since last request: 0.000052 seconds.
  path: Assets/Interior_1/Prefabs/bathroom_item_020.prefab
  artifactKey: Guid(34ec72c0e661a5b4f9c4545e4993121e) Importer(815301076,1909f56bfc062723c751e8b465ee728b)
Number of updated assets reloaded before import = 0
Start importing Assets/Interior_1/Prefabs/bathroom_item_020.prefab using Guid(34ec72c0e661a5b4f9c4545e4993121e) Importer(815301076,1909f56bfc062723c751e8b465ee728b)  -> (artifact id: '7a922db7e079e6cebd28466128960fb7') in 0.034352 seconds 
Number of asset objects unloaded after import = 16
========================================================================
Received Import Request.
  Time since last request: 0.000128 seconds.
  path: Assets/Interior_1/Prefabs/bathroom_item_022.prefab
  artifactKey: Guid(c2011fa8a1498de4fbcd4476eee1668a) Importer(815301076,1909f56bfc062723c751e8b465ee728b)
Number of updated assets reloaded before import = 0
Start importing Assets/Interior_1/Prefabs/bathroom_item_022.prefab using Guid(c2011fa8a1498de4fbcd4476eee1668a) Importer(815301076,1909f56bfc062723c751e8b465ee728b)  -> (artifact id: 'fad1e1529fd8293caef4d77849d65b0c') in 0.030646 seconds 
Number of asset objects unloaded after import = 16
========================================================================
Received Import Request.
  Time since last request: 0.231759 seconds.
  path: Assets/Interior_1/Prefabs/bathroom_item_026.prefab
  artifactKey: Guid(daf67117dfce8e74e80c40191f7129df) Importer(815301076,1909f56bfc062723c751e8b465ee728b)
Number of updated assets reloaded before import = 0
Start importing Assets/Interior_1/Prefabs/bathroom_item_026.prefab using Guid(daf67117dfce8e74e80c40191f7129df) Importer(815301076,1909f56bfc062723c751e8b465ee728b)  -> (artifact id: '2b9cd2bff093e3451fc1ca0af95ae08f') in 0.036068 seconds 
Number of asset objects unloaded after import = 16
========================================================================
Received Import Request.
  Time since last request: 0.000050 seconds.
  path: Assets/Interior_1/Prefabs/bathroom_item_028.prefab
  artifactKey: Guid(5979b54a20582504580b384d6b447510) Importer(815301076,1909f56bfc062723c751e8b465ee728b)
Number of updated assets reloaded before import = 0
Start importing Assets/Interior_1/Prefabs/bathroom_item_028.prefab using Guid(5979b54a20582504580b384d6b447510) Importer(815301076,1909f56bfc062723c751e8b465ee728b)  -> (artifact id: 'da296ba64b96d9307b67e73765e8849a') in 0.037103 seconds 
Number of asset objects unloaded after import = 16
========================================================================
Received Import Request.
  Time since last request: 0.053327 seconds.
  path: Assets/Interior_1/Prefabs/bed_007.prefab
  artifactKey: Guid(b0b811b53542f7247b7ae5018306b4a3) Importer(815301076,1909f56bfc062723c751e8b465ee728b)
Number of updated assets reloaded before import = 0
Start importing Assets/Interior_1/Prefabs/bed_007.prefab using Guid(b0b811b53542f7247b7ae5018306b4a3) Importer(815301076,1909f56bfc062723c751e8b465ee728b)  -> (artifact id: '24347b158ab4c9e74b1649285c438522') in 0.032747 seconds 
Number of asset objects unloaded after import = 16
========================================================================
Received Import Request.
  Time since last request: 0.626513 seconds.
  path: Assets/Interior_1/Prefabs/bed_008.prefab
  artifactKey: Guid(f7b3e288d019e3a4eb720e89b400affb) Importer(815301076,1909f56bfc062723c751e8b465ee728b)
Number of updated assets reloaded before import = 0
Start importing Assets/Interior_1/Prefabs/bed_008.prefab using Guid(f7b3e288d019e3a4eb720e89b400affb) Importer(815301076,1909f56bfc062723c751e8b465ee728b)  -> (artifact id: '2d165d5e60ff557388afdff373d7e051') in 0.035261 seconds 
Number of asset objects unloaded after import = 16
========================================================================
Received Import Request.
  Time since last request: 0.000049 seconds.
  path: Assets/Interior_1/Prefabs/bed_016.prefab
  artifactKey: Guid(812e89db466b3c148af551a81b1e3ec1) Importer(815301076,1909f56bfc062723c751e8b465ee728b)
Number of updated assets reloaded before import = 0
Start importing Assets/Interior_1/Prefabs/bed_016.prefab using Guid(812e89db466b3c148af551a81b1e3ec1) Importer(815301076,1909f56bfc062723c751e8b465ee728b)  -> (artifact id: 'b8c1665a08ea576522d1386a85f77496') in 0.035600 seconds 
Number of asset objects unloaded after import = 16
========================================================================
Received Import Request.
  Time since last request: 0.000170 seconds.
  path: Assets/Interior_1/Prefabs/bed_017.prefab
  artifactKey: Guid(43ef4d4b8dc079e4c9f50b5a589e2c6d) Importer(815301076,1909f56bfc062723c751e8b465ee728b)
Number of updated assets reloaded before import = 0
Start importing Assets/Interior_1/Prefabs/bed_017.prefab using Guid(43ef4d4b8dc079e4c9f50b5a589e2c6d) Importer(815301076,1909f56bfc062723c751e8b465ee728b)  -> (artifact id: 'ad80c44278f85e19d282570877156bba') in 0.027431 seconds 
Number of asset objects unloaded after import = 16
========================================================================
Received Import Request.
  Time since last request: 0.000030 seconds.
  path: Assets/Interior_1/Prefabs/bed_012.prefab
  artifactKey: Guid(a80735ea5f2ed434faa2e390e5de9b3a) Importer(815301076,1909f56bfc062723c751e8b465ee728b)
Number of updated assets reloaded before import = 0
Start importing Assets/Interior_1/Prefabs/bed_012.prefab using Guid(a80735ea5f2ed434faa2e390e5de9b3a) Importer(815301076,1909f56bfc062723c751e8b465ee728b)  -> (artifact id: '81903d46ce3379eb4133396b454194b0') in 0.028102 seconds 
Number of asset objects unloaded after import = 16
========================================================================
Received Import Request.
  Time since last request: 0.000034 seconds.
  path: Assets/Interior_1/Prefabs/bed_010.prefab
  artifactKey: Guid(03f566a0de6609f4ba4463c7c24e7b16) Importer(815301076,1909f56bfc062723c751e8b465ee728b)
Number of updated assets reloaded before import = 0
Start importing Assets/Interior_1/Prefabs/bed_010.prefab using Guid(03f566a0de6609f4ba4463c7c24e7b16) Importer(815301076,1909f56bfc062723c751e8b465ee728b)  -> (artifact id: 'a745872c924cb3ea806eb6cef0a04d67') in 0.028060 seconds 
Number of asset objects unloaded after import = 16
========================================================================
Received Import Request.
  Time since last request: 0.350882 seconds.
  path: Assets/Interior_1/Prefabs/closet_001.prefab
  artifactKey: Guid(c4f73a753007d5145b552a567a0bd8ef) Importer(815301076,1909f56bfc062723c751e8b465ee728b)
Number of updated assets reloaded before import = 0
Start importing Assets/Interior_1/Prefabs/closet_001.prefab using Guid(c4f73a753007d5145b552a567a0bd8ef) Importer(815301076,1909f56bfc062723c751e8b465ee728b)  -> (artifact id: 'ba99e0b0a79f12e26972360b47fd19c4') in 0.025943 seconds 
Number of asset objects unloaded after import = 16
========================================================================
Received Import Request.
  Time since last request: 0.176815 seconds.
  path: Assets/Interior_1/Prefabs/closet_003.prefab
  artifactKey: Guid(375b24dc0bc3933498990c856a197698) Importer(815301076,1909f56bfc062723c751e8b465ee728b)
Number of updated assets reloaded before import = 0
Start importing Assets/Interior_1/Prefabs/closet_003.prefab using Guid(375b24dc0bc3933498990c856a197698) Importer(815301076,1909f56bfc062723c751e8b465ee728b)  -> (artifact id: '928bac51014a93e73935c8e796d0c549') in 0.022172 seconds 
Number of asset objects unloaded after import = 16
========================================================================
Received Import Request.
  Time since last request: 0.000031 seconds.
  path: Assets/Interior_1/Prefabs/closet_013.prefab
  artifactKey: Guid(88295d1c7d7bda0449b0882b1f0ed7ad) Importer(815301076,1909f56bfc062723c751e8b465ee728b)
Number of updated assets reloaded before import = 0
Start importing Assets/Interior_1/Prefabs/closet_013.prefab using Guid(88295d1c7d7bda0449b0882b1f0ed7ad) Importer(815301076,1909f56bfc062723c751e8b465ee728b)  -> (artifact id: '62e31d70bff305c27c298b82d4cb93a4') in 0.023510 seconds 
Number of asset objects unloaded after import = 16
========================================================================
Received Import Request.
  Time since last request: 0.000056 seconds.
  path: Assets/Interior_1/Prefabs/closet_007.prefab
  artifactKey: Guid(6d5b52e91b31d1b48986bc2fcfaab685) Importer(815301076,1909f56bfc062723c751e8b465ee728b)
Number of updated assets reloaded before import = 0
Start importing Assets/Interior_1/Prefabs/closet_007.prefab using Guid(6d5b52e91b31d1b48986bc2fcfaab685) Importer(815301076,1909f56bfc062723c751e8b465ee728b)  -> (artifact id: 'a263806f2a68ead2c7c3cc93b3dda146') in 0.027837 seconds 
Number of asset objects unloaded after import = 16
========================================================================
Received Import Request.
  Time since last request: 0.000037 seconds.
  path: Assets/Interior_1/Prefabs/closet_006.prefab
  artifactKey: Guid(b099043b2faf9c24b83c9b768a70488e) Importer(815301076,1909f56bfc062723c751e8b465ee728b)
Number of updated assets reloaded before import = 0
Start importing Assets/Interior_1/Prefabs/closet_006.prefab using Guid(b099043b2faf9c24b83c9b768a70488e) Importer(815301076,1909f56bfc062723c751e8b465ee728b)  -> (artifact id: '0bf94bb197f0078506897373af3cd5b4') in 0.027348 seconds 
Number of asset objects unloaded after import = 16
========================================================================
Received Import Request.
  Time since last request: 0.000068 seconds.
  path: Assets/Interior_1/Prefabs/closet_012.prefab
  artifactKey: Guid(39a75dd7d4809274da07538d98162da5) Importer(815301076,1909f56bfc062723c751e8b465ee728b)
Number of updated assets reloaded before import = 0
Start importing Assets/Interior_1/Prefabs/closet_012.prefab using Guid(39a75dd7d4809274da07538d98162da5) Importer(815301076,1909f56bfc062723c751e8b465ee728b)  -> (artifact id: 'f2726824c234d8e7ec82d7e35e0b3fcf') in 0.028332 seconds 
Number of asset objects unloaded after import = 16
========================================================================
Received Import Request.
  Time since last request: 0.000037 seconds.
  path: Assets/Interior_1/Prefabs/closet_005.prefab
  artifactKey: Guid(2454a884b7fed584abce4e30b3c584a3) Importer(815301076,1909f56bfc062723c751e8b465ee728b)
Number of updated assets reloaded before import = 0
Start importing Assets/Interior_1/Prefabs/closet_005.prefab using Guid(2454a884b7fed584abce4e30b3c584a3) Importer(815301076,1909f56bfc062723c751e8b465ee728b)  -> (artifact id: '7b19a7a693b41891f651dccebd2c345d') in 0.025213 seconds 
Number of asset objects unloaded after import = 16
========================================================================
Received Import Request.
  Time since last request: 0.221202 seconds.
  path: Assets/Interior_1/Prefabs/closet_014.prefab
  artifactKey: Guid(3613ccbe47608a44b8b1c0869e7a0e57) Importer(815301076,1909f56bfc062723c751e8b465ee728b)
Number of updated assets reloaded before import = 0
Start importing Assets/Interior_1/Prefabs/closet_014.prefab using Guid(3613ccbe47608a44b8b1c0869e7a0e57) Importer(815301076,1909f56bfc062723c751e8b465ee728b)  -> (artifact id: 'e28aed1660ce69cb8e0ef5f8da67dca8') in 0.025913 seconds 
Number of asset objects unloaded after import = 16
========================================================================
Received Import Request.
  Time since last request: 0.000032 seconds.
  path: Assets/Interior_1/Prefabs/closet_021.prefab
  artifactKey: Guid(251265140b2f3db44821a3228db3db4f) Importer(815301076,1909f56bfc062723c751e8b465ee728b)
Number of updated assets reloaded before import = 0
Start importing Assets/Interior_1/Prefabs/closet_021.prefab using Guid(251265140b2f3db44821a3228db3db4f) Importer(815301076,1909f56bfc062723c751e8b465ee728b)  -> (artifact id: '0cfcdb89eab1954db97f2058276a98b0') in 0.027220 seconds 
Number of asset objects unloaded after import = 16
========================================================================
Received Import Request.
  Time since last request: 0.000025 seconds.
  path: Assets/Interior_1/Prefabs/closet_022.prefab
  artifactKey: Guid(e56ebcd281b229147a2680621f2aa3d6) Importer(815301076,1909f56bfc062723c751e8b465ee728b)
Number of updated assets reloaded before import = 0
Start importing Assets/Interior_1/Prefabs/closet_022.prefab using Guid(e56ebcd281b229147a2680621f2aa3d6) Importer(815301076,1909f56bfc062723c751e8b465ee728b)  -> (artifact id: '895e42714032ae6400beed8c0d673781') in 0.029716 seconds 
Number of asset objects unloaded after import = 16
========================================================================
Received Import Request.
  Time since last request: 0.000027 seconds.
  path: Assets/Interior_1/Prefabs/closet_023.prefab
  artifactKey: Guid(a4141123ed98d804c9cde9a5ec2832f2) Importer(815301076,1909f56bfc062723c751e8b465ee728b)
Number of updated assets reloaded before import = 0
Start importing Assets/Interior_1/Prefabs/closet_023.prefab using Guid(a4141123ed98d804c9cde9a5ec2832f2) Importer(815301076,1909f56bfc062723c751e8b465ee728b)  -> (artifact id: '1c7e29c85a1bddce131cc70928f1d902') in 0.027983 seconds 
Number of asset objects unloaded after import = 16
========================================================================
Received Import Request.
  Time since last request: 0.000029 seconds.
  path: Assets/Interior_1/Prefabs/closet_019.prefab
  artifactKey: Guid(e13e358897b078a4d94fb8b7e7728ffc) Importer(815301076,1909f56bfc062723c751e8b465ee728b)
Number of updated assets reloaded before import = 0
Start importing Assets/Interior_1/Prefabs/closet_019.prefab using Guid(e13e358897b078a4d94fb8b7e7728ffc) Importer(815301076,1909f56bfc062723c751e8b465ee728b)  -> (artifact id: 'd0f4a674576ff8cce103ef656f6e6dab') in 0.025150 seconds 
Number of asset objects unloaded after import = 16
========================================================================
Received Import Request.
  Time since last request: 0.000036 seconds.
  path: Assets/Interior_1/Prefabs/closet_016.prefab
  artifactKey: Guid(6dd1ef9e6551d8b43941b4ff4ea2a28e) Importer(815301076,1909f56bfc062723c751e8b465ee728b)
Number of updated assets reloaded before import = 0
Start importing Assets/Interior_1/Prefabs/closet_016.prefab using Guid(6dd1ef9e6551d8b43941b4ff4ea2a28e) Importer(815301076,1909f56bfc062723c751e8b465ee728b)  -> (artifact id: '7c444649d8cbc3d9d5b805e32273fbae') in 0.022871 seconds 
Number of asset objects unloaded after import = 16
========================================================================
Received Import Request.
  Time since last request: 0.022509 seconds.
  path: Assets/Interior_1/Prefabs/closet_025.prefab
  artifactKey: Guid(b0678312149d4174298b717b4c8c98f1) Importer(815301076,1909f56bfc062723c751e8b465ee728b)
Number of updated assets reloaded before import = 0
Start importing Assets/Interior_1/Prefabs/closet_025.prefab using Guid(b0678312149d4174298b717b4c8c98f1) Importer(815301076,1909f56bfc062723c751e8b465ee728b)  -> (artifact id: '5714c354a747b45f9e4edf960820e2aa') in 0.023081 seconds 
Number of asset objects unloaded after import = 16
========================================================================
Received Import Request.
  Time since last request: 0.000027 seconds.
  path: Assets/Interior_1/Prefabs/closet_032.prefab
  artifactKey: Guid(54221e914ee06fd4e89df769eb26ebf6) Importer(815301076,1909f56bfc062723c751e8b465ee728b)
Number of updated assets reloaded before import = 0
Start importing Assets/Interior_1/Prefabs/closet_032.prefab using Guid(54221e914ee06fd4e89df769eb26ebf6) Importer(815301076,1909f56bfc062723c751e8b465ee728b)  -> (artifact id: '20deba07ec7036ed6d0e94522f7a8992') in 0.025590 seconds 
Number of asset objects unloaded after import = 16
========================================================================
Received Import Request.
  Time since last request: 0.000038 seconds.
  path: Assets/Interior_1/Prefabs/closet_029.prefab
  artifactKey: Guid(18034ae177aa5d74e92c23f6e82e7274) Importer(815301076,1909f56bfc062723c751e8b465ee728b)
Number of updated assets reloaded before import = 0
Start importing Assets/Interior_1/Prefabs/closet_029.prefab using Guid(18034ae177aa5d74e92c23f6e82e7274) Importer(815301076,1909f56bfc062723c751e8b465ee728b)  -> (artifact id: '91c27b8bf5720d119c8f955f199c8d97') in 0.028074 seconds 
Number of asset objects unloaded after import = 16
========================================================================
Received Import Request.
  Time since last request: 0.000032 seconds.
  path: Assets/Interior_1/Prefabs/closet_028.prefab
  artifactKey: Guid(ce5b877dc47237041acce0aaf7e2b953) Importer(815301076,1909f56bfc062723c751e8b465ee728b)
Number of updated assets reloaded before import = 0
Start importing Assets/Interior_1/Prefabs/closet_028.prefab using Guid(ce5b877dc47237041acce0aaf7e2b953) Importer(815301076,1909f56bfc062723c751e8b465ee728b)  -> (artifact id: '5b270c8df28b7ed24ead2b824f147db4') in 0.025589 seconds 
Number of asset objects unloaded after import = 16
========================================================================
Received Import Request.
  Time since last request: 0.000048 seconds.
  path: Assets/Interior_1/Prefabs/closet_031.prefab
  artifactKey: Guid(78da322c8a11eff48ad5e95681cea4ae) Importer(815301076,1909f56bfc062723c751e8b465ee728b)
Number of updated assets reloaded before import = 0
Start importing Assets/Interior_1/Prefabs/closet_031.prefab using Guid(78da322c8a11eff48ad5e95681cea4ae) Importer(815301076,1909f56bfc062723c751e8b465ee728b)  -> (artifact id: '1ebc3f4d81d86b6b6388d6d9dcaf5176') in 0.026115 seconds 
Number of asset objects unloaded after import = 16
========================================================================
Received Import Request.
  Time since last request: 0.000029 seconds.
  path: Assets/Interior_1/Prefabs/closet_030.prefab
  artifactKey: Guid(2b06508f5f56a0c418658e5e54cce7c5) Importer(815301076,1909f56bfc062723c751e8b465ee728b)
Number of updated assets reloaded before import = 0
Start importing Assets/Interior_1/Prefabs/closet_030.prefab using Guid(2b06508f5f56a0c418658e5e54cce7c5) Importer(815301076,1909f56bfc062723c751e8b465ee728b)  -> (artifact id: 'e51959f50777cbcb86577fac5524f8f9') in 0.025496 seconds 
Number of asset objects unloaded after import = 16
========================================================================
Received Import Request.
  Time since last request: 4.501689 seconds.
  path: Assets/Interior_1/Textures/Textures.png
  artifactKey: Guid(12cd750f5f52aa84abbb067575a51642) Importer(815301076,1909f56bfc062723c751e8b465ee728b)
Number of updated assets reloaded before import = 0
Start importing Assets/Interior_1/Textures/Textures.png using Guid(12cd750f5f52aa84abbb067575a51642) Importer(815301076,1909f56bfc062723c751e8b465ee728b)  -> (artifact id: 'faba863a027cb9de1367d9e6dc1ff8d4') in 0.083581 seconds 
Number of asset objects unloaded after import = 2
========================================================================
Received Import Request.
  Time since last request: 35.698560 seconds.
  path: Assets/Interior_1/Prefabs/closet_036.prefab
  artifactKey: Guid(a74b1f7da9db8ad4cb73983e2822620f) Importer(815301076,1909f56bfc062723c751e8b465ee728b)
Number of updated assets reloaded before import = 0
Start importing Assets/Interior_1/Prefabs/closet_036.prefab using Guid(a74b1f7da9db8ad4cb73983e2822620f) Importer(815301076,1909f56bfc062723c751e8b465ee728b)  -> (artifact id: '6d6fb9a37eea2eab155047e9f659354c') in 0.044982 seconds 
Number of asset objects unloaded after import = 16
========================================================================
Received Import Request.
  Time since last request: 0.000047 seconds.
  path: Assets/Interior_1/Prefabs/clothes_006.prefab
  artifactKey: Guid(ce4b13b02dcdfd34e852851e32e58777) Importer(815301076,1909f56bfc062723c751e8b465ee728b)
Number of updated assets reloaded before import = 0
Start importing Assets/Interior_1/Prefabs/clothes_006.prefab using Guid(ce4b13b02dcdfd34e852851e32e58777) Importer(815301076,1909f56bfc062723c751e8b465ee728b)  -> (artifact id: 'aedc5037d56c8d1ed2d36987151e62fd') in 0.036444 seconds 
Number of asset objects unloaded after import = 16
========================================================================
Received Import Request.
  Time since last request: 0.000145 seconds.
  path: Assets/Interior_1/Prefabs/clothes_009.prefab
  artifactKey: Guid(709618ba7f1e3a34a9aa32d90695815f) Importer(815301076,1909f56bfc062723c751e8b465ee728b)
Number of updated assets reloaded before import = 0
Start importing Assets/Interior_1/Prefabs/clothes_009.prefab using Guid(709618ba7f1e3a34a9aa32d90695815f) Importer(815301076,1909f56bfc062723c751e8b465ee728b)  -> (artifact id: '8a36d58c4a27728d7b5b1f059c6e90db') in 0.036457 seconds 
Number of asset objects unloaded after import = 16
========================================================================
Received Import Request.
  Time since last request: 0.000054 seconds.
  path: Assets/Interior_1/Prefabs/clothes_008.prefab
  artifactKey: Guid(d100e17d47b0f804aaf81a64d074491d) Importer(815301076,1909f56bfc062723c751e8b465ee728b)
Number of updated assets reloaded before import = 0
Start importing Assets/Interior_1/Prefabs/clothes_008.prefab using Guid(d100e17d47b0f804aaf81a64d074491d) Importer(815301076,1909f56bfc062723c751e8b465ee728b)  -> (artifact id: 'aff55d5cdd9b460f90b0e2d610b14151') in 0.039315 seconds 
Number of asset objects unloaded after import = 16
========================================================================
Received Import Request.
  Time since last request: 0.000089 seconds.
  path: Assets/Interior_1/Prefabs/clothes_004.prefab
  artifactKey: Guid(6bb75fc3192bdfb4ca870eed80396355) Importer(815301076,1909f56bfc062723c751e8b465ee728b)
Number of updated assets reloaded before import = 0
Start importing Assets/Interior_1/Prefabs/clothes_004.prefab using Guid(6bb75fc3192bdfb4ca870eed80396355) Importer(815301076,1909f56bfc062723c751e8b465ee728b)  -> (artifact id: 'ad3cc35cb43be22e87e7ada2d7ad7f4f') in 0.038999 seconds 
Number of asset objects unloaded after import = 16
========================================================================
Received Import Request.
  Time since last request: 0.015396 seconds.
  path: Assets/Interior_1/Prefabs/clothes_010.prefab
  artifactKey: Guid(87e0081284238bc40896bf34940fc706) Importer(815301076,1909f56bfc062723c751e8b465ee728b)
Number of updated assets reloaded before import = 0
Start importing Assets/Interior_1/Prefabs/clothes_010.prefab using Guid(87e0081284238bc40896bf34940fc706) Importer(815301076,1909f56bfc062723c751e8b465ee728b)  -> (artifact id: '871049225f62aa6fe901feff8404b19b') in 0.039354 seconds 
Number of asset objects unloaded after import = 16
========================================================================
Received Import Request.
  Time since last request: 0.000041 seconds.
  path: Assets/Interior_1/Prefabs/clothes_014.prefab
  artifactKey: Guid(c43ae6eef2741d04bac7afd2c555c763) Importer(815301076,1909f56bfc062723c751e8b465ee728b)
Number of updated assets reloaded before import = 0
Start importing Assets/Interior_1/Prefabs/clothes_014.prefab using Guid(c43ae6eef2741d04bac7afd2c555c763) Importer(815301076,1909f56bfc062723c751e8b465ee728b)  -> (artifact id: '0042203882437d0a3c2ae2c5ec20619e') in 0.045275 seconds 
Number of asset objects unloaded after import = 16
========================================================================
Received Import Request.
  Time since last request: 0.000057 seconds.
  path: Assets/Interior_1/Prefabs/clothes_017.prefab
  artifactKey: Guid(96fed7e9af8bf134f973b9fc94b69e49) Importer(815301076,1909f56bfc062723c751e8b465ee728b)
Number of updated assets reloaded before import = 0
Start importing Assets/Interior_1/Prefabs/clothes_017.prefab using Guid(96fed7e9af8bf134f973b9fc94b69e49) Importer(815301076,1909f56bfc062723c751e8b465ee728b)  -> (artifact id: '12163ff82422ba337a74289de26a2f69') in 0.041923 seconds 
Number of asset objects unloaded after import = 16
========================================================================
Received Import Request.
  Time since last request: 0.267047 seconds.
  path: Assets/Interior_1/Prefabs/clothes_021.prefab
  artifactKey: Guid(f8b82c30ccd6c52488ab0f3c7b65f2e4) Importer(815301076,1909f56bfc062723c751e8b465ee728b)
Number of updated assets reloaded before import = 0
Start importing Assets/Interior_1/Prefabs/clothes_021.prefab using Guid(f8b82c30ccd6c52488ab0f3c7b65f2e4) Importer(815301076,1909f56bfc062723c751e8b465ee728b)  -> (artifact id: 'f5e4f75afbb1dd9a5d6bc5902861aab9') in 0.039447 seconds 
Number of asset objects unloaded after import = 16
========================================================================
Received Import Request.
  Time since last request: 0.000097 seconds.
  path: Assets/Interior_1/Prefabs/clothes_030.prefab
  artifactKey: Guid(a30dd5a8917d17946ac6d00e7a265312) Importer(815301076,1909f56bfc062723c751e8b465ee728b)
Number of updated assets reloaded before import = 0
Start importing Assets/Interior_1/Prefabs/clothes_030.prefab using Guid(a30dd5a8917d17946ac6d00e7a265312) Importer(815301076,1909f56bfc062723c751e8b465ee728b)  -> (artifact id: 'd1230acc3d2920d1cf8a15b457ab3069') in 0.042466 seconds 
Number of asset objects unloaded after import = 16
========================================================================
Received Import Request.
  Time since last request: 0.000066 seconds.
  path: Assets/Interior_1/Prefabs/clothes_025.prefab
  artifactKey: Guid(178f4e91651a8e648862d748e26a818f) Importer(815301076,1909f56bfc062723c751e8b465ee728b)
Number of updated assets reloaded before import = 0
Start importing Assets/Interior_1/Prefabs/clothes_025.prefab using Guid(178f4e91651a8e648862d748e26a818f) Importer(815301076,1909f56bfc062723c751e8b465ee728b)  -> (artifact id: '597b2bdac3da7178bf251442e29cd837') in 0.045050 seconds 
Number of asset objects unloaded after import = 16
========================================================================
Received Import Request.
  Time since last request: 1.365214 seconds.
  path: Assets/Interior_1/Prefabs/clothes_032.prefab
  artifactKey: Guid(4b19b5391328a7d468435da2e26d634c) Importer(815301076,1909f56bfc062723c751e8b465ee728b)
Number of updated assets reloaded before import = 0
Start importing Assets/Interior_1/Prefabs/clothes_032.prefab using Guid(4b19b5391328a7d468435da2e26d634c) Importer(815301076,1909f56bfc062723c751e8b465ee728b)  -> (artifact id: '7da7cf01c30f934281c0c505e7389e3c') in 0.051497 seconds 
Number of asset objects unloaded after import = 16
========================================================================
Received Import Request.
  Time since last request: 0.000054 seconds.
  path: Assets/Interior_1/Prefabs/clothes_037.prefab
  artifactKey: Guid(4cfbfb3192ea45341844203c9c577368) Importer(815301076,1909f56bfc062723c751e8b465ee728b)
Number of updated assets reloaded before import = 0
Start importing Assets/Interior_1/Prefabs/clothes_037.prefab using Guid(4cfbfb3192ea45341844203c9c577368) Importer(815301076,1909f56bfc062723c751e8b465ee728b)  -> (artifact id: '8605e9720f63dcec658863ef2d2eb82f') in 0.039061 seconds 
Number of asset objects unloaded after import = 16
========================================================================
Received Import Request.
  Time since last request: 0.000083 seconds.
  path: Assets/Interior_1/Prefabs/clothes_036.prefab
  artifactKey: Guid(79f6103fbe60dc94f83b074e309e73ce) Importer(815301076,1909f56bfc062723c751e8b465ee728b)
Number of updated assets reloaded before import = 0
Start importing Assets/Interior_1/Prefabs/clothes_036.prefab using Guid(79f6103fbe60dc94f83b074e309e73ce) Importer(815301076,1909f56bfc062723c751e8b465ee728b)  -> (artifact id: '6849a4d79819b39221d9ef0d1eb7f533') in 0.046459 seconds 
Number of asset objects unloaded after import = 16
========================================================================
Received Import Request.
  Time since last request: 0.346461 seconds.
  path: Assets/Interior_1/Prefabs/coffee_table_010.prefab
  artifactKey: Guid(11b404f19ec556b49b2073c1edebe496) Importer(815301076,1909f56bfc062723c751e8b465ee728b)
Number of updated assets reloaded before import = 0
Start importing Assets/Interior_1/Prefabs/coffee_table_010.prefab using Guid(11b404f19ec556b49b2073c1edebe496) Importer(815301076,1909f56bfc062723c751e8b465ee728b)  -> (artifact id: 'b1834d58dc8ef50a27c7247a50396ddd') in 0.031815 seconds 
Number of asset objects unloaded after import = 16
========================================================================
Received Import Request.
  Time since last request: 0.169347 seconds.
  path: Assets/Interior_1/Prefabs/coffee_table_012.prefab
  artifactKey: Guid(27660e73678ec4946921ee3a207eb055) Importer(815301076,1909f56bfc062723c751e8b465ee728b)
Number of updated assets reloaded before import = 0
Start importing Assets/Interior_1/Prefabs/coffee_table_012.prefab using Guid(27660e73678ec4946921ee3a207eb055) Importer(815301076,1909f56bfc062723c751e8b465ee728b)  -> (artifact id: 'bf7ccc9947cb95d103995367e7638d63') in 0.043617 seconds 
Number of asset objects unloaded after import = 16
========================================================================
Received Import Request.
  Time since last request: 0.000055 seconds.
  path: Assets/Interior_1/Prefabs/coffee_table_016.prefab
  artifactKey: Guid(9c2fd0d5c79e44c47b6c211c25692df4) Importer(815301076,1909f56bfc062723c751e8b465ee728b)
Number of updated assets reloaded before import = 0
Start importing Assets/Interior_1/Prefabs/coffee_table_016.prefab using Guid(9c2fd0d5c79e44c47b6c211c25692df4) Importer(815301076,1909f56bfc062723c751e8b465ee728b)  -> (artifact id: '494bf89484d58b09e785e688a8a9e4a8') in 0.040775 seconds 
Number of asset objects unloaded after import = 16
========================================================================
Received Import Request.
  Time since last request: 0.000044 seconds.
  path: Assets/Interior_1/Prefabs/coffee_table_020.prefab
  artifactKey: Guid(767d644de38e1584b9465e56af6833ae) Importer(815301076,1909f56bfc062723c751e8b465ee728b)
Number of updated assets reloaded before import = 0
Start importing Assets/Interior_1/Prefabs/coffee_table_020.prefab using Guid(767d644de38e1584b9465e56af6833ae) Importer(815301076,1909f56bfc062723c751e8b465ee728b)  -> (artifact id: '69ee6057c84b1369a7f20629f3bf02bb') in 0.038228 seconds 
Number of asset objects unloaded after import = 16
========================================================================
Received Import Request.
  Time since last request: 0.586794 seconds.
  path: Assets/Interior_1/Prefabs/coffee_table_023.prefab
  artifactKey: Guid(022e2c1cfc382cb409ef765107b5a300) Importer(815301076,1909f56bfc062723c751e8b465ee728b)
Number of updated assets reloaded before import = 0
Start importing Assets/Interior_1/Prefabs/coffee_table_023.prefab using Guid(022e2c1cfc382cb409ef765107b5a300) Importer(815301076,1909f56bfc062723c751e8b465ee728b)  -> (artifact id: '7680459c815a435465d3a46b098287be') in 0.050585 seconds 
Number of asset objects unloaded after import = 16
========================================================================
Received Import Request.
  Time since last request: 0.000082 seconds.
  path: Assets/Interior_1/Prefabs/Curtains_006.prefab
  artifactKey: Guid(9861cdd84ae68344986e7b233bfd10a1) Importer(815301076,1909f56bfc062723c751e8b465ee728b)
Number of updated assets reloaded before import = 0
Start importing Assets/Interior_1/Prefabs/Curtains_006.prefab using Guid(9861cdd84ae68344986e7b233bfd10a1) Importer(815301076,1909f56bfc062723c751e8b465ee728b)  -> (artifact id: '36218adc18e771c3684ee559eaa6f2c8') in 0.047609 seconds 
Number of asset objects unloaded after import = 16
========================================================================
Received Import Request.
  Time since last request: 0.000075 seconds.
  path: Assets/Interior_1/Prefabs/Curtains_008.prefab
  artifactKey: Guid(bedd644143dd3cb4089b78a0dba3fedc) Importer(815301076,1909f56bfc062723c751e8b465ee728b)
Number of updated assets reloaded before import = 0
Start importing Assets/Interior_1/Prefabs/Curtains_008.prefab using Guid(bedd644143dd3cb4089b78a0dba3fedc) Importer(815301076,1909f56bfc062723c751e8b465ee728b)  -> (artifact id: '6f9d8baa270be68b7679253d748b463b') in 0.039328 seconds 
Number of asset objects unloaded after import = 16
========================================================================
Received Import Request.
  Time since last request: 0.427355 seconds.
  path: Assets/Interior_1/Prefabs/Curtains_011.prefab
  artifactKey: Guid(41aaae586bf4cda4d98838d286151eb5) Importer(815301076,1909f56bfc062723c751e8b465ee728b)
Number of updated assets reloaded before import = 0
Start importing Assets/Interior_1/Prefabs/Curtains_011.prefab using Guid(41aaae586bf4cda4d98838d286151eb5) Importer(815301076,1909f56bfc062723c751e8b465ee728b)  -> (artifact id: '6f1e19bb8f3447049fdcc384507d526a') in 0.038250 seconds 
Number of asset objects unloaded after import = 16
========================================================================
Received Import Request.
  Time since last request: 0.000043 seconds.
  path: Assets/Interior_1/Prefabs/Curtains_021.prefab
  artifactKey: Guid(609942dd9751b5a4aaa6875dfd7102c6) Importer(815301076,1909f56bfc062723c751e8b465ee728b)
Number of updated assets reloaded before import = 0
Start importing Assets/Interior_1/Prefabs/Curtains_021.prefab using Guid(609942dd9751b5a4aaa6875dfd7102c6) Importer(815301076,1909f56bfc062723c751e8b465ee728b)  -> (artifact id: '84958e9e808c528e09ee2e5eff17b86a') in 0.049223 seconds 
Number of asset objects unloaded after import = 16
========================================================================
Received Import Request.
  Time since last request: 0.000037 seconds.
  path: Assets/Interior_1/Prefabs/Curtains_015.prefab
  artifactKey: Guid(cc56563dc931c07449efcb37af6361ec) Importer(815301076,1909f56bfc062723c751e8b465ee728b)
Number of updated assets reloaded before import = 0
Start importing Assets/Interior_1/Prefabs/Curtains_015.prefab using Guid(cc56563dc931c07449efcb37af6361ec) Importer(815301076,1909f56bfc062723c751e8b465ee728b)  -> (artifact id: '7ee39c81d531d1d7364d18dc2bd19c78') in 0.040132 seconds 
Number of asset objects unloaded after import = 16
========================================================================
Received Import Request.
  Time since last request: 0.398565 seconds.
  path: Assets/Interior_1/Prefabs/Curtains_022.prefab
  artifactKey: Guid(9481a475ccb2c3d4eba70e59ee18ead8) Importer(815301076,1909f56bfc062723c751e8b465ee728b)
Number of updated assets reloaded before import = 0
Start importing Assets/Interior_1/Prefabs/Curtains_022.prefab using Guid(9481a475ccb2c3d4eba70e59ee18ead8) Importer(815301076,1909f56bfc062723c751e8b465ee728b)  -> (artifact id: 'e77153e869b059c4c606b270089f8bdc') in 0.052436 seconds 
Number of asset objects unloaded after import = 16
========================================================================
Received Import Request.
  Time since last request: 0.000049 seconds.
  path: Assets/Interior_1/Prefabs/Curtains_028.prefab
  artifactKey: Guid(bb41e402e35047045990914773d64742) Importer(815301076,1909f56bfc062723c751e8b465ee728b)
Number of updated assets reloaded before import = 0
Start importing Assets/Interior_1/Prefabs/Curtains_028.prefab using Guid(bb41e402e35047045990914773d64742) Importer(815301076,1909f56bfc062723c751e8b465ee728b)  -> (artifact id: '80f055ae2a9908ba3c2658460aeecb84') in 0.039676 seconds 
Number of asset objects unloaded after import = 16
========================================================================
Received Import Request.
  Time since last request: 0.000070 seconds.
  path: Assets/Interior_1/Prefabs/door_010.prefab
  artifactKey: Guid(fea7b28e113dcb44385a560dd3af94b9) Importer(815301076,1909f56bfc062723c751e8b465ee728b)
Number of updated assets reloaded before import = 0
Start importing Assets/Interior_1/Prefabs/door_010.prefab using Guid(fea7b28e113dcb44385a560dd3af94b9) Importer(815301076,1909f56bfc062723c751e8b465ee728b)  -> (artifact id: 'f4b3ee28b13eb8453f02374dfcd95d90') in 0.038677 seconds 
Number of asset objects unloaded after import = 16
========================================================================
Received Import Request.
  Time since last request: 0.000114 seconds.
  path: Assets/Interior_1/Prefabs/door_007.prefab
  artifactKey: Guid(76e389d5b0dd04b41915bff8ddec6049) Importer(815301076,1909f56bfc062723c751e8b465ee728b)
Number of updated assets reloaded before import = 0
Start importing Assets/Interior_1/Prefabs/door_007.prefab using Guid(76e389d5b0dd04b41915bff8ddec6049) Importer(815301076,1909f56bfc062723c751e8b465ee728b)  -> (artifact id: 'f1f3bedc9accff5bf19abb6b9dda9bc7') in 0.045443 seconds 
Number of asset objects unloaded after import = 16
========================================================================
Received Import Request.
  Time since last request: 0.000065 seconds.
  path: Assets/Interior_1/Prefabs/door_009.prefab
  artifactKey: Guid(50d278c0acb63d84f9df4a826575aab7) Importer(815301076,1909f56bfc062723c751e8b465ee728b)
Number of updated assets reloaded before import = 0
Start importing Assets/Interior_1/Prefabs/door_009.prefab using Guid(50d278c0acb63d84f9df4a826575aab7) Importer(815301076,1909f56bfc062723c751e8b465ee728b)  -> (artifact id: '995d188524cf64dd5fbe8e5667a16ddd') in 0.041861 seconds 
Number of asset objects unloaded after import = 16
========================================================================
Received Import Request.
  Time since last request: 0.000044 seconds.
  path: Assets/Interior_1/Prefabs/door_005.prefab
  artifactKey: Guid(cc1d69a358589f041850547253cee697) Importer(815301076,1909f56bfc062723c751e8b465ee728b)
Number of updated assets reloaded before import = 0
Start importing Assets/Interior_1/Prefabs/door_005.prefab using Guid(cc1d69a358589f041850547253cee697) Importer(815301076,1909f56bfc062723c751e8b465ee728b)  -> (artifact id: '1910dc1bf311fd5e52f2fb0dcd18421e') in 0.032806 seconds 
Number of asset objects unloaded after import = 16
========================================================================
Received Import Request.
  Time since last request: 0.268595 seconds.
  path: Assets/Interior_1/Prefabs/door_015.prefab
  artifactKey: Guid(d337177f5b5166c4289479df22214b9b) Importer(815301076,1909f56bfc062723c751e8b465ee728b)
Number of updated assets reloaded before import = 0
Start importing Assets/Interior_1/Prefabs/door_015.prefab using Guid(d337177f5b5166c4289479df22214b9b) Importer(815301076,1909f56bfc062723c751e8b465ee728b)  -> (artifact id: '9d117c27a828a9ecafccffa468fbc3ea') in 0.037244 seconds 
Number of asset objects unloaded after import = 16
========================================================================
Received Import Request.
  Time since last request: 0.000068 seconds.
  path: Assets/Interior_1/Prefabs/door_021.prefab
  artifactKey: Guid(4ddccc06daf4f67479770a5855f84c50) Importer(815301076,1909f56bfc062723c751e8b465ee728b)
Number of updated assets reloaded before import = 0
Start importing Assets/Interior_1/Prefabs/door_021.prefab using Guid(4ddccc06daf4f67479770a5855f84c50) Importer(815301076,1909f56bfc062723c751e8b465ee728b)  -> (artifact id: 'fcac8d8e08b6e485448a66e95fe2d981') in 0.040907 seconds 
Number of asset objects unloaded after import = 16
========================================================================
Received Import Request.
  Time since last request: 0.000058 seconds.
  path: Assets/Interior_1/Prefabs/door_024.prefab
  artifactKey: Guid(62ee789c58de25440a5898a2bd012520) Importer(815301076,1909f56bfc062723c751e8b465ee728b)
Number of updated assets reloaded before import = 0
Start importing Assets/Interior_1/Prefabs/door_024.prefab using Guid(62ee789c58de25440a5898a2bd012520) Importer(815301076,1909f56bfc062723c751e8b465ee728b)  -> (artifact id: 'fb36c661272cae9167607cf35029ed9a') in 0.036415 seconds 
Number of asset objects unloaded after import = 16
========================================================================
Received Import Request.
  Time since last request: 0.215550 seconds.
  path: Assets/Interior_1/Prefabs/door_026.prefab
  artifactKey: Guid(21a3c34f34abb26419d69b596190530a) Importer(815301076,1909f56bfc062723c751e8b465ee728b)
Number of updated assets reloaded before import = 0
Start importing Assets/Interior_1/Prefabs/door_026.prefab using Guid(21a3c34f34abb26419d69b596190530a) Importer(815301076,1909f56bfc062723c751e8b465ee728b)  -> (artifact id: '830ee29541c4acc01744f6665ce6b2fb') in 0.042425 seconds 
Number of asset objects unloaded after import = 16
========================================================================
Received Import Request.
  Time since last request: 0.000053 seconds.
  path: Assets/Interior_1/Prefabs/electronics_005.prefab
  artifactKey: Guid(68152d4309f04f54ba48afe4231c1ef5) Importer(815301076,1909f56bfc062723c751e8b465ee728b)
Number of updated assets reloaded before import = 0
Start importing Assets/Interior_1/Prefabs/electronics_005.prefab using Guid(68152d4309f04f54ba48afe4231c1ef5) Importer(815301076,1909f56bfc062723c751e8b465ee728b)  -> (artifact id: '9d3e455026f9de8224d43f07aff78fd3') in 0.046163 seconds 
Number of asset objects unloaded after import = 16
========================================================================
Received Import Request.
  Time since last request: 0.000141 seconds.
  path: Assets/Interior_1/Prefabs/electronics_008.prefab
  artifactKey: Guid(890c9fd9c6bdaa3409eea03ad9757778) Importer(815301076,1909f56bfc062723c751e8b465ee728b)
Number of updated assets reloaded before import = 0
Start importing Assets/Interior_1/Prefabs/electronics_008.prefab using Guid(890c9fd9c6bdaa3409eea03ad9757778) Importer(815301076,1909f56bfc062723c751e8b465ee728b)  -> (artifact id: '69fec0512f5597cefd6fbe4ef399fa27') in 0.039904 seconds 
Number of asset objects unloaded after import = 16
========================================================================
Received Import Request.
  Time since last request: 0.366201 seconds.
  path: Assets/Interior_1/Prefabs/electronics_011.prefab
  artifactKey: Guid(c0dc9f82a2655ba4b9796bf6f0995dcc) Importer(815301076,1909f56bfc062723c751e8b465ee728b)
Number of updated assets reloaded before import = 0
Start importing Assets/Interior_1/Prefabs/electronics_011.prefab using Guid(c0dc9f82a2655ba4b9796bf6f0995dcc) Importer(815301076,1909f56bfc062723c751e8b465ee728b)  -> (artifact id: '3281daf91f5fbc901f82418fc7b85a42') in 0.047139 seconds 
Number of asset objects unloaded after import = 16
========================================================================
Received Import Request.
  Time since last request: 0.000077 seconds.
  path: Assets/Interior_1/Prefabs/electronics_019.prefab
  artifactKey: Guid(57f9c3906f90bb04bb976cb4ddaf4bfc) Importer(815301076,1909f56bfc062723c751e8b465ee728b)
Number of updated assets reloaded before import = 0
Start importing Assets/Interior_1/Prefabs/electronics_019.prefab using Guid(57f9c3906f90bb04bb976cb4ddaf4bfc) Importer(815301076,1909f56bfc062723c751e8b465ee728b)  -> (artifact id: '59ca2764d965e497ade449147e24becd') in 0.042668 seconds 
Number of asset objects unloaded after import = 16
========================================================================
Received Import Request.
  Time since last request: 0.000048 seconds.
  path: Assets/Interior_1/Prefabs/electronics_018.prefab
  artifactKey: Guid(1fd67d2702b4bc444b038ee89c85814b) Importer(815301076,1909f56bfc062723c751e8b465ee728b)
Number of updated assets reloaded before import = 0
Start importing Assets/Interior_1/Prefabs/electronics_018.prefab using Guid(1fd67d2702b4bc444b038ee89c85814b) Importer(815301076,1909f56bfc062723c751e8b465ee728b)  -> (artifact id: 'e31066c88fa047209b659efd90ca6d59') in 0.040440 seconds 
Number of asset objects unloaded after import = 16
========================================================================
Received Import Request.
  Time since last request: 42.219381 seconds.
  path: Assets/Scenes/Level 1 (Inside Room)/Materials
  artifactKey: Guid(3741d0e45eea41f42928cfd7a7069fb9) Importer(815301076,1909f56bfc062723c751e8b465ee728b)
Number of updated assets reloaded before import = 0
Start importing Assets/Scenes/Level 1 (Inside Room)/Materials using Guid(3741d0e45eea41f42928cfd7a7069fb9) Importer(815301076,1909f56bfc062723c751e8b465ee728b)  -> (artifact id: '65ee938a45d00448a049625cf9a8ab59') in 0.021760 seconds 
Number of asset objects unloaded after import = 0
========================================================================
Received Import Request.
  Time since last request: 0.243424 seconds.
  path: Assets/Scenes/Level 1 (Inside Room)/Materials/Lightmap-1_comp_dir.mat
  artifactKey: Guid(614b1ea514c96fb45bb68029faf4cba8) Importer(815301076,1909f56bfc062723c751e8b465ee728b)
Number of updated assets reloaded before import = 0
Start importing Assets/Scenes/Level 1 (Inside Room)/Materials/Lightmap-1_comp_dir.mat using Guid(614b1ea514c96fb45bb68029faf4cba8) Importer(815301076,1909f56bfc062723c751e8b465ee728b)  -> (artifact id: 'a7d566447e90892b1a9ecf8cc65d93af') in 0.068046 seconds 
Number of asset objects unloaded after import = 2
========================================================================
Received Import Request.
  Time since last request: 8.236450 seconds.
  path: Assets/Scenes/Level 4 (Kitchen).unity
  artifactKey: Guid(bfe1f71a1233ddf4dbb2ee479ef191b4) Importer(815301076,1909f56bfc062723c751e8b465ee728b)
Number of updated assets reloaded before import = 0
Start importing Assets/Scenes/Level 4 (Kitchen).unity using Guid(bfe1f71a1233ddf4dbb2ee479ef191b4) Importer(815301076,1909f56bfc062723c751e8b465ee728b)  -> (artifact id: '9b81d8072cbc5bdaa71faa64d3b41d99') in 0.003197 seconds 
Number of asset objects unloaded after import = 0
========================================================================
Received Import Request.
  Time since last request: 220.822868 seconds.
  path: Assets/Interior_1/Prefabs/electronics_022.prefab
  artifactKey: Guid(850db66bd05725345b71cc8c332b26db) Importer(815301076,1909f56bfc062723c751e8b465ee728b)
Number of updated assets reloaded before import = 0
Start importing Assets/Interior_1/Prefabs/electronics_022.prefab using Guid(850db66bd05725345b71cc8c332b26db) Importer(815301076,1909f56bfc062723c751e8b465ee728b)  -> (artifact id: '7367537f9e4e4d332a2b99db496e4846') in 0.048006 seconds 
Number of asset objects unloaded after import = 16
========================================================================
Received Import Request.
  Time since last request: 0.001574 seconds.
  path: Assets/Interior_1/Prefabs/electronics_027.prefab
  artifactKey: Guid(fbcb7062508f6e74ca51c5b607a92404) Importer(815301076,1909f56bfc062723c751e8b465ee728b)
Number of updated assets reloaded before import = 0
Start importing Assets/Interior_1/Prefabs/electronics_027.prefab using Guid(fbcb7062508f6e74ca51c5b607a92404) Importer(815301076,1909f56bfc062723c751e8b465ee728b)  -> (artifact id: 'f81541daa5537e9e57f14110a8aede30') in 0.040196 seconds 
Number of asset objects unloaded after import = 16
========================================================================
Received Import Request.
  Time since last request: 0.000053 seconds.
  path: Assets/Interior_1/Prefabs/electronics_026.prefab
  artifactKey: Guid(a421bf052de84c5498ee83189ede15ad) Importer(815301076,1909f56bfc062723c751e8b465ee728b)
Number of updated assets reloaded before import = 0
Start importing Assets/Interior_1/Prefabs/electronics_026.prefab using Guid(a421bf052de84c5498ee83189ede15ad) Importer(815301076,1909f56bfc062723c751e8b465ee728b)  -> (artifact id: '66d5a4822dac0538ec89e7079b59546e') in 0.039355 seconds 
Number of asset objects unloaded after import = 16
========================================================================
Received Import Request.
  Time since last request: 0.000074 seconds.
  path: Assets/Interior_1/Prefabs/electronics_032.prefab
  artifactKey: Guid(c2a5bdb61d09b7c409692828f39056f3) Importer(815301076,1909f56bfc062723c751e8b465ee728b)
Number of updated assets reloaded before import = 0
Start importing Assets/Interior_1/Prefabs/electronics_032.prefab using Guid(c2a5bdb61d09b7c409692828f39056f3) Importer(815301076,1909f56bfc062723c751e8b465ee728b)  -> (artifact id: 'ec46f377a62d69cf392f97cf85189f8f') in 0.037648 seconds 
Number of asset objects unloaded after import = 16
========================================================================
Received Import Request.
  Time since last request: 0.000060 seconds.
  path: Assets/Interior_1/Prefabs/electronics_029.prefab
  artifactKey: Guid(2cd02feae9ee81d429bb18ac95d7b49a) Importer(815301076,1909f56bfc062723c751e8b465ee728b)
Number of updated assets reloaded before import = 0
Start importing Assets/Interior_1/Prefabs/electronics_029.prefab using Guid(2cd02feae9ee81d429bb18ac95d7b49a) Importer(815301076,1909f56bfc062723c751e8b465ee728b)  -> (artifact id: 'c319407934b0d3b0eb21e7bbc285ce08') in 0.032487 seconds 
Number of asset objects unloaded after import = 16
========================================================================
Received Import Request.
  Time since last request: 25.444357 seconds.
  path: Assets/Interior_1/Prefabs/electronics_033.prefab
  artifactKey: Guid(47aebd57f0ba3824b895f181c461bc38) Importer(815301076,1909f56bfc062723c751e8b465ee728b)
Number of updated assets reloaded before import = 0
Start importing Assets/Interior_1/Prefabs/electronics_033.prefab using Guid(47aebd57f0ba3824b895f181c461bc38) Importer(815301076,1909f56bfc062723c751e8b465ee728b)  -> (artifact id: '293757c6648bee3ba4da0944bb5963f6') in 0.034763 seconds 
Number of asset objects unloaded after import = 16
========================================================================
Received Import Request.
  Time since last request: 0.000070 seconds.
  path: Assets/Interior_1/Prefabs/entertainment_003.prefab
  artifactKey: Guid(37d099abb14073d49b71c9e03b822068) Importer(815301076,1909f56bfc062723c751e8b465ee728b)
Number of updated assets reloaded before import = 0
Start importing Assets/Interior_1/Prefabs/entertainment_003.prefab using Guid(37d099abb14073d49b71c9e03b822068) Importer(815301076,1909f56bfc062723c751e8b465ee728b)  -> (artifact id: 'c1439c206447ff99439bef29ecc29c9d') in 0.039073 seconds 
Number of asset objects unloaded after import = 16
========================================================================
Received Import Request.
  Time since last request: 0.000039 seconds.
  path: Assets/Interior_1/Prefabs/electronics_037.prefab
  artifactKey: Guid(a0ef9f4c797309846b4894cbb64ab57a) Importer(815301076,1909f56bfc062723c751e8b465ee728b)
Number of updated assets reloaded before import = 0
Start importing Assets/Interior_1/Prefabs/electronics_037.prefab using Guid(a0ef9f4c797309846b4894cbb64ab57a) Importer(815301076,1909f56bfc062723c751e8b465ee728b)  -> (artifact id: 'f1e6736e461e0e6c7002443ef74fa036') in 0.037051 seconds 
Number of asset objects unloaded after import = 16
========================================================================
Received Import Request.
  Time since last request: 0.000052 seconds.
  path: Assets/Interior_1/Prefabs/entertainment_005.prefab
  artifactKey: Guid(a9d6bcffa6d9d0745ab4a72f056b3c5f) Importer(815301076,1909f56bfc062723c751e8b465ee728b)
Number of updated assets reloaded before import = 0
Start importing Assets/Interior_1/Prefabs/entertainment_005.prefab using Guid(a9d6bcffa6d9d0745ab4a72f056b3c5f) Importer(815301076,1909f56bfc062723c751e8b465ee728b)  -> (artifact id: '585224d3fab8d6fb7b25f06b110af719') in 0.040906 seconds 
Number of asset objects unloaded after import = 16
========================================================================
Received Import Request.
  Time since last request: 0.000087 seconds.
  path: Assets/Interior_1/Prefabs/entertainment_002.prefab
  artifactKey: Guid(9be7af7b413151344bf77e4acdf09d4b) Importer(815301076,1909f56bfc062723c751e8b465ee728b)
Number of updated assets reloaded before import = 0
Start importing Assets/Interior_1/Prefabs/entertainment_002.prefab using Guid(9be7af7b413151344bf77e4acdf09d4b) Importer(815301076,1909f56bfc062723c751e8b465ee728b)  -> (artifact id: 'a125ad2e4e8edbf4a8bcf0d75a10200c') in 0.036161 seconds 
Number of asset objects unloaded after import = 16
========================================================================
Received Import Request.
  Time since last request: 57.994198 seconds.
  path: Assets/Interior_1/Prefabs/entertainment_006.prefab
  artifactKey: Guid(c9e9160b4a8ccad4280733d4dd5c342a) Importer(815301076,1909f56bfc062723c751e8b465ee728b)
Number of updated assets reloaded before import = 0
Start importing Assets/Interior_1/Prefabs/entertainment_006.prefab using Guid(c9e9160b4a8ccad4280733d4dd5c342a) Importer(815301076,1909f56bfc062723c751e8b465ee728b)  -> (artifact id: 'cdb1854d0d207522c83f7666f02f5a7e') in 0.050356 seconds 
Number of asset objects unloaded after import = 16
========================================================================
Received Import Request.
  Time since last request: 0.000053 seconds.
  path: Assets/Interior_1/Prefabs/entertainment_011.prefab
  artifactKey: Guid(abfb3e5d0eb23434f9574d4883ae141c) Importer(815301076,1909f56bfc062723c751e8b465ee728b)
Number of updated assets reloaded before import = 0
Start importing Assets/Interior_1/Prefabs/entertainment_011.prefab using Guid(abfb3e5d0eb23434f9574d4883ae141c) Importer(815301076,1909f56bfc062723c751e8b465ee728b)  -> (artifact id: 'ec5b7c236b3ef0e5b3ef1ad788054b4d') in 0.040965 seconds 
Number of asset objects unloaded after import = 16
========================================================================
Received Import Request.
  Time since last request: 0.000053 seconds.
  path: Assets/Interior_1/Prefabs/entertainment_014.prefab
  artifactKey: Guid(2b948b25f9a426d4ebc66f17c1444aae) Importer(815301076,1909f56bfc062723c751e8b465ee728b)
Number of updated assets reloaded before import = 0
Start importing Assets/Interior_1/Prefabs/entertainment_014.prefab using Guid(2b948b25f9a426d4ebc66f17c1444aae) Importer(815301076,1909f56bfc062723c751e8b465ee728b)  -> (artifact id: '6f4f08d15978c54b010141ef5ec05255') in 0.037997 seconds 
Number of asset objects unloaded after import = 16
========================================================================
Received Import Request.
  Time since last request: 1.905182 seconds.
  path: Assets/Interior_1/Prefabs/entertainment_017.prefab
  artifactKey: Guid(1e7a87e76bc1abc429e51b913b610085) Importer(815301076,1909f56bfc062723c751e8b465ee728b)
Number of updated assets reloaded before import = 0
Start importing Assets/Interior_1/Prefabs/entertainment_017.prefab using Guid(1e7a87e76bc1abc429e51b913b610085) Importer(815301076,1909f56bfc062723c751e8b465ee728b)  -> (artifact id: '45ecfb94109a6d7df5ee77d079072fd8') in 0.049282 seconds 
Number of asset objects unloaded after import = 16
========================================================================
Received Import Request.
  Time since last request: 0.000050 seconds.
  path: Assets/Interior_1/Prefabs/entertainment_021.prefab
  artifactKey: Guid(461fe4af695065d4d931c692ec27ef68) Importer(815301076,1909f56bfc062723c751e8b465ee728b)
Number of updated assets reloaded before import = 0
Start importing Assets/Interior_1/Prefabs/entertainment_021.prefab using Guid(461fe4af695065d4d931c692ec27ef68) Importer(815301076,1909f56bfc062723c751e8b465ee728b)  -> (artifact id: '581b35f2d6e4fc182a40474a3cd08387') in 0.038706 seconds 
Number of asset objects unloaded after import = 16
========================================================================
Received Import Request.
  Time since last request: 0.000053 seconds.
  path: Assets/Interior_1/Prefabs/entertainment_027.prefab
  artifactKey: Guid(d24ea4c981eef0c4d9769efb0888f345) Importer(815301076,1909f56bfc062723c751e8b465ee728b)
Number of updated assets reloaded before import = 0
Start importing Assets/Interior_1/Prefabs/entertainment_027.prefab using Guid(d24ea4c981eef0c4d9769efb0888f345) Importer(815301076,1909f56bfc062723c751e8b465ee728b)  -> (artifact id: '2949db6716c9bbca5c2262f5a0fc80aa') in 0.041042 seconds 
Number of asset objects unloaded after import = 16
========================================================================
Received Import Request.
  Time since last request: 2.611274 seconds.
  path: Assets/Interior_1/Prefabs/entertainment_028.prefab
  artifactKey: Guid(d848652f90e28bd45acf9d64c70e4585) Importer(815301076,1909f56bfc062723c751e8b465ee728b)
Number of updated assets reloaded before import = 0
Start importing Assets/Interior_1/Prefabs/entertainment_028.prefab using Guid(d848652f90e28bd45acf9d64c70e4585) Importer(815301076,1909f56bfc062723c751e8b465ee728b)  -> (artifact id: 'd7939f05508701f190ca6ab7e44d84ef') in 0.040005 seconds 
Number of asset objects unloaded after import = 16
========================================================================
Received Import Request.
  Time since last request: 11.810546 seconds.
  path: Assets/Interior_1/Prefabs/flower_007.prefab
  artifactKey: Guid(c7fabb24d79828541821d432b079a46a) Importer(815301076,1909f56bfc062723c751e8b465ee728b)
Number of updated assets reloaded before import = 0
Start importing Assets/Interior_1/Prefabs/flower_007.prefab using Guid(c7fabb24d79828541821d432b079a46a) Importer(815301076,1909f56bfc062723c751e8b465ee728b)  -> (artifact id: 'e759cfed62b2f299b252c409a9bb89d0') in 0.041927 seconds 
Number of asset objects unloaded after import = 16
========================================================================
Received Import Request.
  Time since last request: 0.000049 seconds.
  path: Assets/Interior_1/Prefabs/flower_011.prefab
  artifactKey: Guid(5141c4e15182a484cbcc672941a47eae) Importer(815301076,1909f56bfc062723c751e8b465ee728b)
Number of updated assets reloaded before import = 0
Start importing Assets/Interior_1/Prefabs/flower_011.prefab using Guid(5141c4e15182a484cbcc672941a47eae) Importer(815301076,1909f56bfc062723c751e8b465ee728b)  -> (artifact id: '10c96dde36daaa0261a4df4d89a12805') in 0.037441 seconds 
Number of asset objects unloaded after import = 16
========================================================================
Received Import Request.
  Time since last request: 6.874853 seconds.
  path: Assets/Interior_1/Prefabs/flower_013.prefab
  artifactKey: Guid(9c98fc2b014059540be516e1e3db6435) Importer(815301076,1909f56bfc062723c751e8b465ee728b)
Number of updated assets reloaded before import = 0
Start importing Assets/Interior_1/Prefabs/flower_013.prefab using Guid(9c98fc2b014059540be516e1e3db6435) Importer(815301076,1909f56bfc062723c751e8b465ee728b)  -> (artifact id: 'a38a66f29a0066f64c856718f66b39c6') in 0.044652 seconds 
Number of asset objects unloaded after import = 16
========================================================================
Received Import Request.
  Time since last request: 0.000047 seconds.
  path: Assets/Interior_1/Prefabs/flower_022.prefab
  artifactKey: Guid(c22332dc4156806419680a65e456173b) Importer(815301076,1909f56bfc062723c751e8b465ee728b)
Number of updated assets reloaded before import = 0
Start importing Assets/Interior_1/Prefabs/flower_022.prefab using Guid(c22332dc4156806419680a65e456173b) Importer(815301076,1909f56bfc062723c751e8b465ee728b)  -> (artifact id: '63afbd195faddc4a79a4b0631593ba41') in 0.038313 seconds 
Number of asset objects unloaded after import = 16
========================================================================
Received Import Request.
  Time since last request: 0.000033 seconds.
  path: Assets/Interior_1/Prefabs/flower_019.prefab
  artifactKey: Guid(a1373ee1af18d094297c6594308107a8) Importer(815301076,1909f56bfc062723c751e8b465ee728b)
Number of updated assets reloaded before import = 0
Start importing Assets/Interior_1/Prefabs/flower_019.prefab using Guid(a1373ee1af18d094297c6594308107a8) Importer(815301076,1909f56bfc062723c751e8b465ee728b)  -> (artifact id: '691cd5b3c32dbd6f5db7bf7901d3eb3e') in 0.041633 seconds 
Number of asset objects unloaded after import = 16
========================================================================
Received Import Request.
  Time since last request: 5.462964 seconds.
  path: Assets/Interior_1/Prefabs/flower_035.prefab
  artifactKey: Guid(0107706e0f6aa4849908e5f8f3d14c84) Importer(815301076,1909f56bfc062723c751e8b465ee728b)
Number of updated assets reloaded before import = 0
Start importing Assets/Interior_1/Prefabs/flower_035.prefab using Guid(0107706e0f6aa4849908e5f8f3d14c84) Importer(815301076,1909f56bfc062723c751e8b465ee728b)  -> (artifact id: '7ee99b3916e8ba67e12d17f594585a6d') in 0.046439 seconds 
Number of asset objects unloaded after import = 16
Editor requested this worker to shutdown with reason: Scaling down because of idle timeout
AssetImportWorker is now disconnected from the server
Process exiting
Exiting without the bug reporter. Application will terminate with return code 0