Using pre-set license
Built from '2021.3/staging' branch; Version is '2021.3.35f1 (157b46ce122a) revision 1407814'; Using compiler version '192829333'; Build Type 'Release'
OS: 'Windows 11  (10.0.22631) 64bit CoreSingleLanguage' Language: 'en' Physical Memory: 7597 MB
BatchMode: 1, IsHumanControllingUs: 0, StartBugReporterOnCrash: 0, Is64bit: 1, IsPro: 1

COMMAND LINE ARGUMENTS:
C:\Program Files\Unity\Hub\Editor\2021.3.35f1\Editor\Unity.exe
-adb2
-batchMode
-noUpm
-name
AssetImportWorker14
-projectPath
C:/New folder/Teddies-Environment
-logFile
Logs/AssetImportWorker14.log
-srvPort
57210
Successfully changed project path to: C:/New folder/Teddies-Environment
C:/New folder/Teddies-Environment
[UnityMemory] Configuration Parameters - Can be set up in boot.config
    "memorysetup-bucket-allocator-granularity=16"
    "memorysetup-bucket-allocator-bucket-count=8"
    "memorysetup-bucket-allocator-block-size=33554432"
    "memorysetup-bucket-allocator-block-count=8"
    "memorysetup-main-allocator-block-size=16777216"
    "memorysetup-thread-allocator-block-size=16777216"
    "memorysetup-gfx-main-allocator-block-size=16777216"
    "memorysetup-gfx-thread-allocator-block-size=16777216"
    "memorysetup-cache-allocator-block-size=4194304"
    "memorysetup-typetree-allocator-block-size=2097152"
    "memorysetup-profiler-bucket-allocator-granularity=16"
    "memorysetup-profiler-bucket-allocator-bucket-count=8"
    "memorysetup-profiler-bucket-allocator-block-size=33554432"
    "memorysetup-profiler-bucket-allocator-block-count=8"
    "memorysetup-profiler-allocator-block-size=16777216"
    "memorysetup-profiler-editor-allocator-block-size=1048576"
    "memorysetup-temp-allocator-size-main=16777216"
    "memorysetup-job-temp-allocator-block-size=2097152"
    "memorysetup-job-temp-allocator-block-size-background=1048576"
    "memorysetup-job-temp-allocator-reduction-small-platforms=262144"
    "memorysetup-temp-allocator-size-background-worker=32768"
    "memorysetup-temp-allocator-size-job-worker=262144"
    "memorysetup-temp-allocator-size-preload-manager=33554432"
    "memorysetup-temp-allocator-size-nav-mesh-worker=65536"
    "memorysetup-temp-allocator-size-audio-worker=65536"
    "memorysetup-temp-allocator-size-cloud-worker=32768"
    "memorysetup-temp-allocator-size-gi-baking-worker=262144"
    "memorysetup-temp-allocator-size-gfx=262144"
Player connection [27760] Host "[IP] 192.168.1.6 [Port] 0 [Flags] 2 [Guid] 2115455427 [EditorId] 2115455427 [Version] 1048832 [Id] WindowsEditor(7,JESS-DESKTOP) [Debug] 1 [PackageName] WindowsEditor [ProjectName] Editor" joined multi-casting on [225.0.0.222:54997]...

Player connection [27760] Host "[IP] 192.168.1.6 [Port] 0 [Flags] 2 [Guid] 2115455427 [EditorId] 2115455427 [Version] 1048832 [Id] WindowsEditor(7,JESS-DESKTOP) [Debug] 1 [PackageName] WindowsEditor [ProjectName] Editor" joined alternative multi-casting on [225.0.0.222:34997]...

[Physics::Module] Initialized MultithreadedJobDispatcher with {0} workers.
Refreshing native plugins compatible for Editor in 119.80 ms, found 3 plugins.
Preloading 0 native plugins for Editor in 0.00 ms.
Initialize engine version: 2021.3.35f1 (157b46ce122a)
[Subsystems] Discovering subsystems at path C:/Program Files/Unity/Hub/Editor/2021.3.35f1/Editor/Data/Resources/UnitySubsystems
[Subsystems] Discovering subsystems at path C:/New folder/Teddies-Environment/Assets
GfxDevice: creating device client; threaded=0; jobified=0
Direct3D:
    Version:  Direct3D 11.0 [level 11.1]
    Renderer: NVIDIA GeForce RTX 3050 Laptop GPU (ID=0x25a2)
    Vendor:   NVIDIA
    VRAM:     3964 MB
    Driver:   31.0.15.5186
Initialize mono
Mono path[0] = 'C:/Program Files/Unity/Hub/Editor/2021.3.35f1/Editor/Data/Managed'
Mono path[1] = 'C:/Program Files/Unity/Hub/Editor/2021.3.35f1/Editor/Data/MonoBleedingEdge/lib/mono/unityjit-win32'
Mono config path = 'C:/Program Files/Unity/Hub/Editor/2021.3.35f1/Editor/Data/MonoBleedingEdge/etc'
Using monoOptions --debugger-agent=transport=dt_socket,embedding=1,server=y,suspend=n,address=127.0.0.1:56756
Begin MonoManager ReloadAssembly
Registering precompiled unity dll's ...
Register platform support module: C:/Program Files/Unity/Hub/Editor/2021.3.35f1/Editor/Data/PlaybackEngines/WindowsStandaloneSupport/UnityEditor.WindowsStandalone.Extensions.dll
Registered in 0.003477 seconds.
Native extension for WindowsStandalone target not found
Refreshing native plugins compatible for Editor in 103.70 ms, found 3 plugins.
Preloading 0 native plugins for Editor in 0.00 ms.
Mono: successfully reloaded assembly
- Completed reload, in  0.676 seconds
Domain Reload Profiling:
	ReloadAssembly (676ms)
		BeginReloadAssembly (102ms)
			ExecutionOrderSort (0ms)
			DisableScriptedObjects (0ms)
			BackupInstance (0ms)
			ReleaseScriptingObjects (0ms)
			CreateAndSetChildDomain (1ms)
		EndReloadAssembly (471ms)
			LoadAssemblies (100ms)
			RebuildTransferFunctionScriptingTraits (0ms)
			SetupTypeCache (104ms)
			ReleaseScriptCaches (0ms)
			RebuildScriptCaches (30ms)
			SetupLoadedEditorAssemblies (301ms)
				LogAssemblyErrors (0ms)
				InitializePlatformSupportModulesInManaged (7ms)
				SetLoadedEditorAssemblies (0ms)
				RefreshPlugins (104ms)
				BeforeProcessingInitializeOnLoad (1ms)
				ProcessInitializeOnLoadAttributes (138ms)
				ProcessInitializeOnLoadMethodAttributes (50ms)
				AfterProcessingInitializeOnLoad (0ms)
				EditorAssembliesLoaded (0ms)
			ExecutionOrderSort2 (0ms)
			AwakeInstancesAfterBackupRestoration (0ms)
Platform modules already initialized, skipping
Registering precompiled user dll's ...
Registered in 0.004299 seconds.
Begin MonoManager ReloadAssembly
Native extension for WindowsStandalone target not found
Refreshing native plugins compatible for Editor in 1.09 ms, found 3 plugins.
Preloading 0 native plugins for Editor in 0.00 ms.
Package Manager log level set to [2]
[Package Manager] Server::EnsureServerProcessIsRunning -- launch failed, reason: Unity was launched with the -noUpm command-line argument
[Package Manager] Cannot connect to Unity Package Manager local server
Mono: successfully reloaded assembly
- Completed reload, in  1.530 seconds
Domain Reload Profiling:
	ReloadAssembly (1531ms)
		BeginReloadAssembly (149ms)
			ExecutionOrderSort (0ms)
			DisableScriptedObjects (7ms)
			BackupInstance (0ms)
			ReleaseScriptingObjects (0ms)
			CreateAndSetChildDomain (23ms)
		EndReloadAssembly (1255ms)
			LoadAssemblies (109ms)
			RebuildTransferFunctionScriptingTraits (0ms)
			SetupTypeCache (314ms)
			ReleaseScriptCaches (1ms)
			RebuildScriptCaches (56ms)
			SetupLoadedEditorAssemblies (764ms)
				LogAssemblyErrors (0ms)
				InitializePlatformSupportModulesInManaged (5ms)
				SetLoadedEditorAssemblies (1ms)
				RefreshPlugins (1ms)
				BeforeProcessingInitializeOnLoad (82ms)
				ProcessInitializeOnLoadAttributes (643ms)
				ProcessInitializeOnLoadMethodAttributes (27ms)
				AfterProcessingInitializeOnLoad (5ms)
				EditorAssembliesLoaded (0ms)
			ExecutionOrderSort2 (0ms)
			AwakeInstancesAfterBackupRestoration (7ms)
Platform modules already initialized, skipping
========================================================================
Worker process is ready to serve import requests
Launched and connected shader compiler UnityShaderCompiler.exe after 0.06 seconds
Refreshing native plugins compatible for Editor in 0.89 ms, found 3 plugins.
Preloading 0 native plugins for Editor in 0.00 ms.
Unloading 3068 Unused Serialized files (Serialized files now loaded: 0)
Unloading 23 unused Assets / (46.4 KB). Loaded Objects now: 3530.
Memory consumption went from 123.3 MB to 123.3 MB.
Total: 3.776800 ms (FindLiveObjects: 0.314800 ms CreateObjectMapping: 0.132200 ms MarkObjects: 3.231300 ms  DeleteObjects: 0.096800 ms)

AssetImportParameters requested are different than current active one (requested -> active):
  custom:video-decoder-ogg-theora: a1e56fd34408186e4bbccfd4996cb3dc -> 
  custom:container-muxer-webm: aa71ff27fc2769a1b78a27578f13a17b -> 
  custom:container-demuxer-webm: 4f35f7cbe854078d1ac9338744f61a02 -> 
  custom:video-encoder-webm-vp8: eb34c28f22e8b96e1ab97ce403110664 -> 
  custom:CustomObjectIndexerAttribute: bc11b3a6c3213fcdd17b65e7da85e133 -> 
  custom:audio-encoder-webm-vorbis: bf7c407c2cedff20999df2af8eb42d56 -> 
  custom:framework-win-MediaFoundation: 216162199b28c13a410421893ffa2e32 -> 
  custom:SearchIndexIgnoredProperties: e643bd26f0fe6173181afceb89e7c659 -> 
  custom:container-demuxer-ogg: 62fdf1f143b41e24485cea50d1cbac27 -> 
  custom:video-decoder-webm-vp8: 9c59270c3fd7afecdb556c50c9e8de78 -> 
  custom:audio-decoder-ogg-vorbis: bf7c407c2cedff20999df2af8eb42d56 -> 
========================================================================
Received Import Request.
  Time since last request: 84857.682452 seconds.
  path: Assets/Interior_1/Prefabs/picture_053.prefab
  artifactKey: Guid(8e2d240a13efe7b41925b40684c7ccdf) Importer(815301076,1909f56bfc062723c751e8b465ee728b)
Number of updated assets reloaded before import = 0
Start importing Assets/Interior_1/Prefabs/picture_053.prefab using Guid(8e2d240a13efe7b41925b40684c7ccdf) Importer(815301076,1909f56bfc062723c751e8b465ee728b)  -> (artifact id: 'ed36339574025fbb91ca009832141936') in 0.225073 seconds 
Number of asset objects unloaded after import = 16
========================================================================
Received Import Request.
  Time since last request: 0.233834 seconds.
  path: Assets/Interior_1/Prefabs/picture_064.prefab
  artifactKey: Guid(9013f87f357cf134081d45dadee1f70d) Importer(815301076,1909f56bfc062723c751e8b465ee728b)
Number of updated assets reloaded before import = 0
Start importing Assets/Interior_1/Prefabs/picture_064.prefab using Guid(9013f87f357cf134081d45dadee1f70d) Importer(815301076,1909f56bfc062723c751e8b465ee728b)  -> (artifact id: 'a1f95a6b6097d870369993cb5836aa1c') in 0.045388 seconds 
Number of asset objects unloaded after import = 16
========================================================================
Received Import Request.
  Time since last request: 0.000076 seconds.
  path: Assets/Interior_1/Prefabs/prop_002.prefab
  artifactKey: Guid(f69651493fb6a9541a7a8a9754cd9aa6) Importer(815301076,1909f56bfc062723c751e8b465ee728b)
Number of updated assets reloaded before import = 0
Start importing Assets/Interior_1/Prefabs/prop_002.prefab using Guid(f69651493fb6a9541a7a8a9754cd9aa6) Importer(815301076,1909f56bfc062723c751e8b465ee728b)  -> (artifact id: 'be8b5536f3425c4edf1f3dc1114cfd33') in 0.038947 seconds 
Number of asset objects unloaded after import = 16
========================================================================
Received Import Request.
  Time since last request: 0.353735 seconds.
  path: Assets/Interior_1/Prefabs/prop_009.prefab
  artifactKey: Guid(188aa4ed332169049a9aadfcce37b0bd) Importer(815301076,1909f56bfc062723c751e8b465ee728b)
Number of updated assets reloaded before import = 0
Start importing Assets/Interior_1/Prefabs/prop_009.prefab using Guid(188aa4ed332169049a9aadfcce37b0bd) Importer(815301076,1909f56bfc062723c751e8b465ee728b)  -> (artifact id: 'ad0a2ca394c7b3d9d335f224c1964a2b') in 0.044271 seconds 
Number of asset objects unloaded after import = 16
========================================================================
Received Import Request.
  Time since last request: 0.000076 seconds.
  path: Assets/Interior_1/Prefabs/prop_015.prefab
  artifactKey: Guid(8147ee27d0e2dde40bb57a8a5b4a465d) Importer(815301076,1909f56bfc062723c751e8b465ee728b)
Number of updated assets reloaded before import = 0
Start importing Assets/Interior_1/Prefabs/prop_015.prefab using Guid(8147ee27d0e2dde40bb57a8a5b4a465d) Importer(815301076,1909f56bfc062723c751e8b465ee728b)  -> (artifact id: '2b667abc0f726524a34afe6a6a90f3e2') in 0.041916 seconds 
Number of asset objects unloaded after import = 16
========================================================================
Received Import Request.
  Time since last request: 0.353787 seconds.
  path: Assets/Interior_1/Prefabs/prop_020.prefab
  artifactKey: Guid(1ba9181ec09a2694a8d93c34abfac90d) Importer(815301076,1909f56bfc062723c751e8b465ee728b)
Number of updated assets reloaded before import = 0
Start importing Assets/Interior_1/Prefabs/prop_020.prefab using Guid(1ba9181ec09a2694a8d93c34abfac90d) Importer(815301076,1909f56bfc062723c751e8b465ee728b)  -> (artifact id: '0778c1205d5f12b8f265fc16310752f7') in 0.041052 seconds 
Number of asset objects unloaded after import = 16
========================================================================
Received Import Request.
  Time since last request: 0.000046 seconds.
  path: Assets/Interior_1/Prefabs/prop_027.prefab
  artifactKey: Guid(0945aaf521abab04aa83ccacfb2c2f95) Importer(815301076,1909f56bfc062723c751e8b465ee728b)
Number of updated assets reloaded before import = 0
Start importing Assets/Interior_1/Prefabs/prop_027.prefab using Guid(0945aaf521abab04aa83ccacfb2c2f95) Importer(815301076,1909f56bfc062723c751e8b465ee728b)  -> (artifact id: 'fb1e5649399ce7318da9bcdc4a1cef98') in 0.043349 seconds 
Number of asset objects unloaded after import = 16
========================================================================
Received Import Request.
  Time since last request: 0.135899 seconds.
  path: Assets/Interior_1/Prefabs/prop_031.prefab
  artifactKey: Guid(a53f81e2eed6a6942986c0ded60b13be) Importer(815301076,1909f56bfc062723c751e8b465ee728b)
Number of updated assets reloaded before import = 0
Start importing Assets/Interior_1/Prefabs/prop_031.prefab using Guid(a53f81e2eed6a6942986c0ded60b13be) Importer(815301076,1909f56bfc062723c751e8b465ee728b)  -> (artifact id: '34ec90cc7e34f84559c89e9850302335') in 0.044240 seconds 
Number of asset objects unloaded after import = 16
========================================================================
Received Import Request.
  Time since last request: 0.000065 seconds.
  path: Assets/Interior_1/Prefabs/prop_038.prefab
  artifactKey: Guid(6513a133667617a4497aa4445c7db690) Importer(815301076,1909f56bfc062723c751e8b465ee728b)
Number of updated assets reloaded before import = 0
Start importing Assets/Interior_1/Prefabs/prop_038.prefab using Guid(6513a133667617a4497aa4445c7db690) Importer(815301076,1909f56bfc062723c751e8b465ee728b)  -> (artifact id: '6be21cbe90a975ccf432a7c30c5d33a5') in 0.046561 seconds 
Number of asset objects unloaded after import = 16
========================================================================
Received Import Request.
  Time since last request: 14.830632 seconds.
  path: Assets/Interior_1/Prefabs/prop_042.prefab
  artifactKey: Guid(cad4148219f82c442a03595ea7e5c3b4) Importer(815301076,1909f56bfc062723c751e8b465ee728b)
Number of updated assets reloaded before import = 0
Start importing Assets/Interior_1/Prefabs/prop_042.prefab using Guid(cad4148219f82c442a03595ea7e5c3b4) Importer(815301076,1909f56bfc062723c751e8b465ee728b)  -> (artifact id: '61efdda9189084bbef8efa3f1abadeaf') in 0.047814 seconds 
Number of asset objects unloaded after import = 16
========================================================================
Received Import Request.
  Time since last request: 0.000065 seconds.
  path: Assets/Interior_1/Prefabs/prop_049.prefab
  artifactKey: Guid(8e156ca576661f04da7389f8cc09e1aa) Importer(815301076,1909f56bfc062723c751e8b465ee728b)
Number of updated assets reloaded before import = 0
Start importing Assets/Interior_1/Prefabs/prop_049.prefab using Guid(8e156ca576661f04da7389f8cc09e1aa) Importer(815301076,1909f56bfc062723c751e8b465ee728b)  -> (artifact id: '5c40db92a62e2eac8f4b57d1009d4fa1') in 0.046072 seconds 
Number of asset objects unloaded after import = 16
========================================================================
Received Import Request.
  Time since last request: 0.000072 seconds.
  path: Assets/Interior_1/Prefabs/prop_048.prefab
  artifactKey: Guid(ab1173233ca478949af7b5b66c9ea362) Importer(815301076,1909f56bfc062723c751e8b465ee728b)
Number of updated assets reloaded before import = 0
Start importing Assets/Interior_1/Prefabs/prop_048.prefab using Guid(ab1173233ca478949af7b5b66c9ea362) Importer(815301076,1909f56bfc062723c751e8b465ee728b)  -> (artifact id: 'c2ed08dcbad07de3b3b812fdc09ba473') in 0.033550 seconds 
Number of asset objects unloaded after import = 16
========================================================================
Received Import Request.
  Time since last request: 7.224917 seconds.
  path: Assets/Interior_1/Prefabs/prop_053.prefab
  artifactKey: Guid(604a8a5d4c3dc1944bb490b8ab64b708) Importer(815301076,1909f56bfc062723c751e8b465ee728b)
Number of updated assets reloaded before import = 0
Start importing Assets/Interior_1/Prefabs/prop_053.prefab using Guid(604a8a5d4c3dc1944bb490b8ab64b708) Importer(815301076,1909f56bfc062723c751e8b465ee728b)  -> (artifact id: '1d3019b08d6b1fb3eaecd1797b9cd3eb') in 0.040993 seconds 
Number of asset objects unloaded after import = 16
========================================================================
Received Import Request.
  Time since last request: 0.000052 seconds.
  path: Assets/Interior_1/Prefabs/prop_060.prefab
  artifactKey: Guid(0fd56edb31792264dacbed4fffb43731) Importer(815301076,1909f56bfc062723c751e8b465ee728b)
Number of updated assets reloaded before import = 0
Start importing Assets/Interior_1/Prefabs/prop_060.prefab using Guid(0fd56edb31792264dacbed4fffb43731) Importer(815301076,1909f56bfc062723c751e8b465ee728b)  -> (artifact id: '72c61304244b3f1839a24d6b0a7d059a') in 0.039308 seconds 
Number of asset objects unloaded after import = 16
========================================================================
Received Import Request.
  Time since last request: 0.000114 seconds.
  path: Assets/Interior_1/Prefabs/prop_055.prefab
  artifactKey: Guid(b9b0bdf77dbc08b4ba7146deb9c8aae2) Importer(815301076,1909f56bfc062723c751e8b465ee728b)
Number of updated assets reloaded before import = 0
Start importing Assets/Interior_1/Prefabs/prop_055.prefab using Guid(b9b0bdf77dbc08b4ba7146deb9c8aae2) Importer(815301076,1909f56bfc062723c751e8b465ee728b)  -> (artifact id: '65379b1b162f0473a28487f7be546c53') in 0.035596 seconds 
Number of asset objects unloaded after import = 16
========================================================================
Received Import Request.
  Time since last request: 76.608032 seconds.
  path: Assets/Interior_1/Prefabs/prop_062.prefab
  artifactKey: Guid(4973b8ea485225f4e96e156b78796260) Importer(815301076,1909f56bfc062723c751e8b465ee728b)
Number of updated assets reloaded before import = 0
Start importing Assets/Interior_1/Prefabs/prop_062.prefab using Guid(4973b8ea485225f4e96e156b78796260) Importer(815301076,1909f56bfc062723c751e8b465ee728b)  -> (artifact id: '8fd08197b6fe8600ed6ec5e96a124ab9') in 0.036236 seconds 
Number of asset objects unloaded after import = 16
========================================================================
Received Import Request.
  Time since last request: 0.001122 seconds.
  path: Assets/Interior_1/Prefabs/prop_067.prefab
  artifactKey: Guid(3ad83379d68ac7245b5857446ae54548) Importer(815301076,1909f56bfc062723c751e8b465ee728b)
Number of updated assets reloaded before import = 0
Start importing Assets/Interior_1/Prefabs/prop_067.prefab using Guid(3ad83379d68ac7245b5857446ae54548) Importer(815301076,1909f56bfc062723c751e8b465ee728b)  -> (artifact id: 'b25d37af0ad5c005706543771a338b14') in 0.038522 seconds 
Number of asset objects unloaded after import = 16
========================================================================
Received Import Request.
  Time since last request: 0.000056 seconds.
  path: Assets/Interior_1/Prefabs/prop_071.prefab
  artifactKey: Guid(16b0498cc99e70d4a9de1457d2a241e4) Importer(815301076,1909f56bfc062723c751e8b465ee728b)
Number of updated assets reloaded before import = 0
Start importing Assets/Interior_1/Prefabs/prop_071.prefab using Guid(16b0498cc99e70d4a9de1457d2a241e4) Importer(815301076,1909f56bfc062723c751e8b465ee728b)  -> (artifact id: '9070d6ac1adbe4c14bb83412fe000262') in 0.039549 seconds 
Number of asset objects unloaded after import = 16
========================================================================
Received Import Request.
  Time since last request: 0.000056 seconds.
  path: Assets/Interior_1/Prefabs/prop_068.prefab
  artifactKey: Guid(8256f8f80bd40464f9902cc2b09661fe) Importer(815301076,1909f56bfc062723c751e8b465ee728b)
Number of updated assets reloaded before import = 0
Start importing Assets/Interior_1/Prefabs/prop_068.prefab using Guid(8256f8f80bd40464f9902cc2b09661fe) Importer(815301076,1909f56bfc062723c751e8b465ee728b)  -> (artifact id: 'c6e569a68c673ad640248760c9b2d15e') in 0.035165 seconds 
Number of asset objects unloaded after import = 16
========================================================================
Received Import Request.
  Time since last request: 0.000046 seconds.
  path: Assets/Interior_1/Prefabs/prop_070.prefab
  artifactKey: Guid(52e037656dde58547bdb20bc522f8e8e) Importer(815301076,1909f56bfc062723c751e8b465ee728b)
Number of updated assets reloaded before import = 0
Start importing Assets/Interior_1/Prefabs/prop_070.prefab using Guid(52e037656dde58547bdb20bc522f8e8e) Importer(815301076,1909f56bfc062723c751e8b465ee728b)  -> (artifact id: 'b9ce591ac7c76422fa6bfb3ed4fd0076') in 0.035934 seconds 
Number of asset objects unloaded after import = 16
Editor requested this worker to shutdown with reason: Scaling down because of idle timeout
AssetImportWorker is now disconnected from the server
Process exiting
Exiting without the bug reporter. Application will terminate with return code 0