Using pre-set license
Built from '2021.3/staging' branch; Version is '2021.3.35f1 (157b46ce122a) revision 1407814'; Using compiler version '192829333'; Build Type 'Release'
OS: 'Windows 11  (10.0.22631) 64bit CoreSingleLanguage' Language: 'en' Physical Memory: 7597 MB
BatchMode: 1, IsHumanControllingUs: 0, StartBugReporterOnCrash: 0, Is64bit: 1, IsPro: 1

COMMAND LINE ARGUMENTS:
C:\Program Files\Unity\Hub\Editor\2021.3.35f1\Editor\Unity.exe
-adb2
-batchMode
-noUpm
-name
AssetImportWorker0
-projectPath
C:/New folder/Teddies-Environment
-logFile
Logs/AssetImportWorker0.log
-srvPort
54988
Successfully changed project path to: C:/New folder/Teddies-Environment
C:/New folder/Teddies-Environment
[UnityMemory] Configuration Parameters - Can be set up in boot.config
    "memorysetup-bucket-allocator-granularity=16"
    "memorysetup-bucket-allocator-bucket-count=8"
    "memorysetup-bucket-allocator-block-size=33554432"
    "memorysetup-bucket-allocator-block-count=8"
    "memorysetup-main-allocator-block-size=16777216"
    "memorysetup-thread-allocator-block-size=16777216"
    "memorysetup-gfx-main-allocator-block-size=16777216"
    "memorysetup-gfx-thread-allocator-block-size=16777216"
    "memorysetup-cache-allocator-block-size=4194304"
    "memorysetup-typetree-allocator-block-size=2097152"
    "memorysetup-profiler-bucket-allocator-granularity=16"
    "memorysetup-profiler-bucket-allocator-bucket-count=8"
    "memorysetup-profiler-bucket-allocator-block-size=33554432"
    "memorysetup-profiler-bucket-allocator-block-count=8"
    "memorysetup-profiler-allocator-block-size=16777216"
    "memorysetup-profiler-editor-allocator-block-size=1048576"
    "memorysetup-temp-allocator-size-main=16777216"
    "memorysetup-job-temp-allocator-block-size=2097152"
    "memorysetup-job-temp-allocator-block-size-background=1048576"
    "memorysetup-job-temp-allocator-reduction-small-platforms=262144"
    "memorysetup-temp-allocator-size-background-worker=32768"
    "memorysetup-temp-allocator-size-job-worker=262144"
    "memorysetup-temp-allocator-size-preload-manager=33554432"
    "memorysetup-temp-allocator-size-nav-mesh-worker=65536"
    "memorysetup-temp-allocator-size-audio-worker=65536"
    "memorysetup-temp-allocator-size-cloud-worker=32768"
    "memorysetup-temp-allocator-size-gi-baking-worker=262144"
    "memorysetup-temp-allocator-size-gfx=262144"
Player connection [2724] Host "[IP] 192.168.1.11 [Port] 0 [Flags] 2 [Guid] 295346210 [EditorId] 295346210 [Version] 1048832 [Id] WindowsEditor(7,JESS-DESKTOP) [Debug] 1 [PackageName] WindowsEditor [ProjectName] Editor" joined multi-casting on [225.0.0.222:54997]...

Player connection [2724] Host "[IP] 192.168.1.11 [Port] 0 [Flags] 2 [Guid] 295346210 [EditorId] 295346210 [Version] 1048832 [Id] WindowsEditor(7,JESS-DESKTOP) [Debug] 1 [PackageName] WindowsEditor [ProjectName] Editor" joined alternative multi-casting on [225.0.0.222:34997]...

[Physics::Module] Initialized MultithreadedJobDispatcher with {0} workers.
Refreshing native plugins compatible for Editor in 89.67 ms, found 3 plugins.
Preloading 0 native plugins for Editor in 0.00 ms.
Initialize engine version: 2021.3.35f1 (157b46ce122a)
[Subsystems] Discovering subsystems at path C:/Program Files/Unity/Hub/Editor/2021.3.35f1/Editor/Data/Resources/UnitySubsystems
[Subsystems] Discovering subsystems at path C:/New folder/Teddies-Environment/Assets
GfxDevice: creating device client; threaded=0; jobified=0
Direct3D:
    Version:  Direct3D 11.0 [level 11.1]
    Renderer: NVIDIA GeForce RTX 3050 Laptop GPU (ID=0x25a2)
    Vendor:   NVIDIA
    VRAM:     3964 MB
    Driver:   31.0.15.5186
Initialize mono
Mono path[0] = 'C:/Program Files/Unity/Hub/Editor/2021.3.35f1/Editor/Data/Managed'
Mono path[1] = 'C:/Program Files/Unity/Hub/Editor/2021.3.35f1/Editor/Data/MonoBleedingEdge/lib/mono/unityjit-win32'
Mono config path = 'C:/Program Files/Unity/Hub/Editor/2021.3.35f1/Editor/Data/MonoBleedingEdge/etc'
Using monoOptions --debugger-agent=transport=dt_socket,embedding=1,server=y,suspend=n,address=127.0.0.1:56308
Begin MonoManager ReloadAssembly
Registering precompiled unity dll's ...
Register platform support module: C:/Program Files/Unity/Hub/Editor/2021.3.35f1/Editor/Data/PlaybackEngines/WindowsStandaloneSupport/UnityEditor.WindowsStandalone.Extensions.dll
Registered in 0.102671 seconds.
Native extension for WindowsStandalone target not found
Refreshing native plugins compatible for Editor in 89.24 ms, found 3 plugins.
Preloading 0 native plugins for Editor in 0.00 ms.
Mono: successfully reloaded assembly
- Completed reload, in  5.348 seconds
Domain Reload Profiling:
	ReloadAssembly (5348ms)
		BeginReloadAssembly (3953ms)
			ExecutionOrderSort (0ms)
			DisableScriptedObjects (0ms)
			BackupInstance (0ms)
			ReleaseScriptingObjects (0ms)
			CreateAndSetChildDomain (1ms)
		EndReloadAssembly (961ms)
			LoadAssemblies (3950ms)
			RebuildTransferFunctionScriptingTraits (0ms)
			SetupTypeCache (598ms)
			ReleaseScriptCaches (0ms)
			RebuildScriptCaches (30ms)
			SetupLoadedEditorAssemblies (296ms)
				LogAssemblyErrors (0ms)
				InitializePlatformSupportModulesInManaged (7ms)
				SetLoadedEditorAssemblies (0ms)
				RefreshPlugins (89ms)
				BeforeProcessingInitializeOnLoad (2ms)
				ProcessInitializeOnLoadAttributes (147ms)
				ProcessInitializeOnLoadMethodAttributes (51ms)
				AfterProcessingInitializeOnLoad (0ms)
				EditorAssembliesLoaded (0ms)
			ExecutionOrderSort2 (0ms)
			AwakeInstancesAfterBackupRestoration (0ms)
Platform modules already initialized, skipping
Registering precompiled user dll's ...
Registered in 0.006240 seconds.
Begin MonoManager ReloadAssembly
Native extension for WindowsStandalone target not found
Refreshing native plugins compatible for Editor in 0.88 ms, found 3 plugins.
Preloading 0 native plugins for Editor in 0.00 ms.
Package Manager log level set to [2]
[Package Manager] Server::EnsureServerProcessIsRunning -- launch failed, reason: Unity was launched with the -noUpm command-line argument
[Package Manager] Cannot connect to Unity Package Manager local server
Mono: successfully reloaded assembly
- Completed reload, in  4.179 seconds
Domain Reload Profiling:
	ReloadAssembly (4180ms)
		BeginReloadAssembly (125ms)
			ExecutionOrderSort (0ms)
			DisableScriptedObjects (5ms)
			BackupInstance (0ms)
			ReleaseScriptingObjects (0ms)
			CreateAndSetChildDomain (22ms)
		EndReloadAssembly (3906ms)
			LoadAssemblies (2354ms)
			RebuildTransferFunctionScriptingTraits (0ms)
			SetupTypeCache (767ms)
			ReleaseScriptCaches (1ms)
			RebuildScriptCaches (52ms)
			SetupLoadedEditorAssemblies (707ms)
				LogAssemblyErrors (0ms)
				InitializePlatformSupportModulesInManaged (5ms)
				SetLoadedEditorAssemblies (0ms)
				RefreshPlugins (1ms)
				BeforeProcessingInitializeOnLoad (72ms)
				ProcessInitializeOnLoadAttributes (598ms)
				ProcessInitializeOnLoadMethodAttributes (24ms)
				AfterProcessingInitializeOnLoad (6ms)
				EditorAssembliesLoaded (0ms)
			ExecutionOrderSort2 (0ms)
			AwakeInstancesAfterBackupRestoration (6ms)
Platform modules already initialized, skipping
========================================================================
Worker process is ready to serve import requests
Launched and connected shader compiler UnityShaderCompiler.exe after 0.09 seconds
Refreshing native plugins compatible for Editor in 0.90 ms, found 3 plugins.
Preloading 0 native plugins for Editor in 0.00 ms.
Unloading 3068 Unused Serialized files (Serialized files now loaded: 0)
Unloading 23 unused Assets / (46.4 KB). Loaded Objects now: 3530.
Memory consumption went from 123.3 MB to 123.2 MB.
Total: 3.687200 ms (FindLiveObjects: 0.362200 ms CreateObjectMapping: 0.129700 ms MarkObjects: 3.097300 ms  DeleteObjects: 0.095900 ms)

AssetImportParameters requested are different than current active one (requested -> active):
  custom:video-decoder-ogg-theora: a1e56fd34408186e4bbccfd4996cb3dc -> 
  custom:container-muxer-webm: aa71ff27fc2769a1b78a27578f13a17b -> 
  custom:container-demuxer-webm: 4f35f7cbe854078d1ac9338744f61a02 -> 
  custom:video-encoder-webm-vp8: eb34c28f22e8b96e1ab97ce403110664 -> 
  custom:CustomObjectIndexerAttribute: bc11b3a6c3213fcdd17b65e7da85e133 -> 
  custom:audio-encoder-webm-vorbis: bf7c407c2cedff20999df2af8eb42d56 -> 
  custom:framework-win-MediaFoundation: 216162199b28c13a410421893ffa2e32 -> 
  custom:SearchIndexIgnoredProperties: e643bd26f0fe6173181afceb89e7c659 -> 
  custom:container-demuxer-ogg: 62fdf1f143b41e24485cea50d1cbac27 -> 
  custom:video-decoder-webm-vp8: 9c59270c3fd7afecdb556c50c9e8de78 -> 
  custom:audio-decoder-ogg-vorbis: bf7c407c2cedff20999df2af8eb42d56 -> 
========================================================================
Received Import Request.
  Time since last request: 64726.842217 seconds.
  path: Assets/Scenes/Level 4 (Kitchen).unity
  artifactKey: Guid(bfe1f71a1233ddf4dbb2ee479ef191b4) Importer(815301076,1909f56bfc062723c751e8b465ee728b)
Number of updated assets reloaded before import = 0
Start importing Assets/Scenes/Level 4 (Kitchen).unity using Guid(bfe1f71a1233ddf4dbb2ee479ef191b4) Importer(815301076,1909f56bfc062723c751e8b465ee728b)  -> (artifact id: '4a984e479594f59e25e33f00999285a7') in 0.016543 seconds 
Number of asset objects unloaded after import = 0
========================================================================
Received Import Request.
  Time since last request: 3.607180 seconds.
  path: Assets/Interior_1/Prefabs/floor_001.prefab
  artifactKey: Guid(dad7432e3adb4f54286c95a93e155d40) Importer(815301076,1909f56bfc062723c751e8b465ee728b)
Number of updated assets reloaded before import = 0
Start importing Assets/Interior_1/Prefabs/floor_001.prefab using Guid(dad7432e3adb4f54286c95a93e155d40) Importer(815301076,1909f56bfc062723c751e8b465ee728b)  -> (artifact id: '75043bb41a9569526957464fa26f3d56') in 0.162977 seconds 
Number of asset objects unloaded after import = 16
========================================================================
Received Import Request.
  Time since last request: 0.000032 seconds.
  path: Assets/Interior_1/Prefabs/floor_010.prefab
  artifactKey: Guid(e965f7b68e108af43aae560f62596b30) Importer(815301076,1909f56bfc062723c751e8b465ee728b)
Number of updated assets reloaded before import = 0
Start importing Assets/Interior_1/Prefabs/floor_010.prefab using Guid(e965f7b68e108af43aae560f62596b30) Importer(815301076,1909f56bfc062723c751e8b465ee728b)  -> (artifact id: 'f030e6ae70f2e754ff15354559131038') in 0.026836 seconds 
Number of asset objects unloaded after import = 16
========================================================================
Received Import Request.
  Time since last request: 0.000043 seconds.
  path: Assets/Interior_1/Prefabs/floor_004.prefab
  artifactKey: Guid(fa36feecc9728874eb66d70d1f0a0dab) Importer(815301076,1909f56bfc062723c751e8b465ee728b)
Number of updated assets reloaded before import = 0
Start importing Assets/Interior_1/Prefabs/floor_004.prefab using Guid(fa36feecc9728874eb66d70d1f0a0dab) Importer(815301076,1909f56bfc062723c751e8b465ee728b)  -> (artifact id: 'a115d7e77ccb9acf7908ab3fb6823e47') in 0.034631 seconds 
Number of asset objects unloaded after import = 16
========================================================================
Received Import Request.
  Time since last request: 0.000037 seconds.
  path: Assets/Interior_1/Prefabs/floor_008.prefab
  artifactKey: Guid(bc60aeb304e1ed1479f48d0f3c8afd32) Importer(815301076,1909f56bfc062723c751e8b465ee728b)
Number of updated assets reloaded before import = 0
Start importing Assets/Interior_1/Prefabs/floor_008.prefab using Guid(bc60aeb304e1ed1479f48d0f3c8afd32) Importer(815301076,1909f56bfc062723c751e8b465ee728b)  -> (artifact id: '956d3fd425f5d972141374be63f0bf46') in 0.018481 seconds 
Number of asset objects unloaded after import = 16
========================================================================
Received Import Request.
  Time since last request: 0.000023 seconds.
  path: Assets/Interior_1/Prefabs/floor_012.prefab
  artifactKey: Guid(52acfe8559f5b2a438a251d4fcce3b6d) Importer(815301076,1909f56bfc062723c751e8b465ee728b)
Number of updated assets reloaded before import = 0
Start importing Assets/Interior_1/Prefabs/floor_012.prefab using Guid(52acfe8559f5b2a438a251d4fcce3b6d) Importer(815301076,1909f56bfc062723c751e8b465ee728b)  -> (artifact id: 'd72a0f6dff933fb30a18680c4b35043a') in 0.031645 seconds 
Number of asset objects unloaded after import = 16
========================================================================
Received Import Request.
  Time since last request: 0.000025 seconds.
  path: Assets/Interior_1/Meshes/flower_004.fbx
  artifactKey: Guid(c3c83f801350be24ba375cbe063de7f4) Importer(815301076,1909f56bfc062723c751e8b465ee728b)
Number of updated assets reloaded before import = 0
Start importing Assets/Interior_1/Meshes/flower_004.fbx using Guid(c3c83f801350be24ba375cbe063de7f4) Importer(815301076,1909f56bfc062723c751e8b465ee728b)  -> (artifact id: '79dd930741dda1575b9b1545d2ea363a') in 0.083745 seconds 
Number of asset objects unloaded after import = 7
========================================================================
Received Import Request.
  Time since last request: 0.000041 seconds.
  path: Assets/Interior_1/Prefabs/floor_011.prefab
  artifactKey: Guid(fa8df1754e4606b4891fc823f5f16209) Importer(815301076,1909f56bfc062723c751e8b465ee728b)
Number of updated assets reloaded before import = 0
Start importing Assets/Interior_1/Prefabs/floor_011.prefab using Guid(fa8df1754e4606b4891fc823f5f16209) Importer(815301076,1909f56bfc062723c751e8b465ee728b)  -> (artifact id: '25bbd15fafe70ad4533de5db2dccbeec') in 0.030533 seconds 
Number of asset objects unloaded after import = 16
========================================================================
Received Import Request.
  Time since last request: 0.000029 seconds.
  path: Assets/Interior_1/Meshes/floor_017.fbx
  artifactKey: Guid(935bc8a1e4c56374eb2e72a692376b85) Importer(815301076,1909f56bfc062723c751e8b465ee728b)
Number of updated assets reloaded before import = 0
Start importing Assets/Interior_1/Meshes/floor_017.fbx using Guid(935bc8a1e4c56374eb2e72a692376b85) Importer(815301076,1909f56bfc062723c751e8b465ee728b)  -> (artifact id: 'b806e70dbf11a81efb7eca9d876ab96e') in 0.025091 seconds 
Number of asset objects unloaded after import = 7
========================================================================
Received Import Request.
  Time since last request: 0.000027 seconds.
  path: Assets/Interior_1/Meshes/flower_006.fbx
  artifactKey: Guid(5ed79c44148fadf4192ab0a8379b67b3) Importer(815301076,1909f56bfc062723c751e8b465ee728b)
Number of updated assets reloaded before import = 0
Start importing Assets/Interior_1/Meshes/flower_006.fbx using Guid(5ed79c44148fadf4192ab0a8379b67b3) Importer(815301076,1909f56bfc062723c751e8b465ee728b)  -> (artifact id: 'd389e13331b0a1f8061761f81c2cb5de') in 0.035429 seconds 
Number of asset objects unloaded after import = 7
========================================================================
Received Import Request.
  Time since last request: 0.000039 seconds.
  path: Assets/Interior_1/Meshes/floor_005.fbx
  artifactKey: Guid(58ba90c2e5c032d43b2618fb9f98d77a) Importer(815301076,1909f56bfc062723c751e8b465ee728b)
Number of updated assets reloaded before import = 0
Start importing Assets/Interior_1/Meshes/floor_005.fbx using Guid(58ba90c2e5c032d43b2618fb9f98d77a) Importer(815301076,1909f56bfc062723c751e8b465ee728b)  -> (artifact id: 'b921ba80c1377cdac710ccd61a3cf523') in 0.028214 seconds 
Number of asset objects unloaded after import = 7
========================================================================
Received Import Request.
  Time since last request: 0.000052 seconds.
  path: Assets/Interior_1/Prefabs/floor_007.prefab
  artifactKey: Guid(6d2c843db0fef1a4b9be10cc860846eb) Importer(815301076,1909f56bfc062723c751e8b465ee728b)
Number of updated assets reloaded before import = 0
Start importing Assets/Interior_1/Prefabs/floor_007.prefab using Guid(6d2c843db0fef1a4b9be10cc860846eb) Importer(815301076,1909f56bfc062723c751e8b465ee728b)  -> (artifact id: 'fa8a374d4f434a0465aa0ab16b86fe8e') in 0.032919 seconds 
Number of asset objects unloaded after import = 16
========================================================================
Received Import Request.
  Time since last request: 0.000030 seconds.
  path: Assets/Interior_1/Prefabs/flower_006.prefab
  artifactKey: Guid(5b8e78f5be334fb4a8eeacf234c1f8a1) Importer(815301076,1909f56bfc062723c751e8b465ee728b)
Number of updated assets reloaded before import = 0
Start importing Assets/Interior_1/Prefabs/flower_006.prefab using Guid(5b8e78f5be334fb4a8eeacf234c1f8a1) Importer(815301076,1909f56bfc062723c751e8b465ee728b)  -> (artifact id: 'a245ba788043e7a6cd6817498894e1cd') in 0.024651 seconds 
Number of asset objects unloaded after import = 16
========================================================================
Received Import Request.
  Time since last request: 0.000038 seconds.
  path: Assets/Interior_1/Meshes/floor_014.fbx
  artifactKey: Guid(44605fae7dc8be54ab4673afbae7bf36) Importer(815301076,1909f56bfc062723c751e8b465ee728b)
Number of updated assets reloaded before import = 0
Start importing Assets/Interior_1/Meshes/floor_014.fbx using Guid(44605fae7dc8be54ab4673afbae7bf36) Importer(815301076,1909f56bfc062723c751e8b465ee728b)  -> (artifact id: '45c003385372a37c1d9be1cc680c46a7') in 0.041879 seconds 
Number of asset objects unloaded after import = 7
========================================================================
Received Import Request.
  Time since last request: 0.000031 seconds.
  path: Assets/Interior_1/Meshes/floor_015.fbx
  artifactKey: Guid(ffa31c4053c550940b9573ba71153c49) Importer(815301076,1909f56bfc062723c751e8b465ee728b)
Number of updated assets reloaded before import = 0
Start importing Assets/Interior_1/Meshes/floor_015.fbx using Guid(ffa31c4053c550940b9573ba71153c49) Importer(815301076,1909f56bfc062723c751e8b465ee728b)  -> (artifact id: '753aa9967550e026cd3c22d2adb8eca4') in 0.023725 seconds 
Number of asset objects unloaded after import = 7
========================================================================
Received Import Request.
  Time since last request: 0.000022 seconds.
  path: Assets/Interior_1/Meshes/flower_005.fbx
  artifactKey: Guid(3f9fc76144de09340bc1a93db9ca7255) Importer(815301076,1909f56bfc062723c751e8b465ee728b)
Number of updated assets reloaded before import = 0
Start importing Assets/Interior_1/Meshes/flower_005.fbx using Guid(3f9fc76144de09340bc1a93db9ca7255) Importer(815301076,1909f56bfc062723c751e8b465ee728b)  -> (artifact id: 'de4f7b21b467bd41e7037533936cb39e') in 0.022881 seconds 
Number of asset objects unloaded after import = 7
========================================================================
Received Import Request.
  Time since last request: 0.000046 seconds.
  path: Assets/Interior_1/Meshes/floor_007.fbx
  artifactKey: Guid(133621d0e6586bc419eac5fc81ea9ff6) Importer(815301076,1909f56bfc062723c751e8b465ee728b)
Number of updated assets reloaded before import = 0
Start importing Assets/Interior_1/Meshes/floor_007.fbx using Guid(133621d0e6586bc419eac5fc81ea9ff6) Importer(815301076,1909f56bfc062723c751e8b465ee728b)  -> (artifact id: 'ac7b56035e96bf50c72bae824b0a4c15') in 0.025069 seconds 
Number of asset objects unloaded after import = 7
========================================================================
Received Import Request.
  Time since last request: 0.000061 seconds.
  path: Assets/Interior_1/Meshes/floor_012.fbx
  artifactKey: Guid(3cf87996862d86b4494ce8eab2cef528) Importer(815301076,1909f56bfc062723c751e8b465ee728b)
Number of updated assets reloaded before import = 0
Start importing Assets/Interior_1/Meshes/floor_012.fbx using Guid(3cf87996862d86b4494ce8eab2cef528) Importer(815301076,1909f56bfc062723c751e8b465ee728b)  -> (artifact id: 'be393aed638f50d0a70d91f91104527c') in 0.025821 seconds 
Number of asset objects unloaded after import = 7
========================================================================
Received Import Request.
  Time since last request: 0.000042 seconds.
  path: Assets/Interior_1/Prefabs/floor_018.prefab
  artifactKey: Guid(cde105a390f1b6741b5629801c6fc561) Importer(815301076,1909f56bfc062723c751e8b465ee728b)
Number of updated assets reloaded before import = 0
Start importing Assets/Interior_1/Prefabs/floor_018.prefab using Guid(cde105a390f1b6741b5629801c6fc561) Importer(815301076,1909f56bfc062723c751e8b465ee728b)  -> (artifact id: 'b2bc623b5c2b8ca3486cc13c6e2a411d') in 0.021034 seconds 
Number of asset objects unloaded after import = 16
========================================================================
Received Import Request.
  Time since last request: 0.000043 seconds.
  path: Assets/Interior_1/Meshes/floor_013.fbx
  artifactKey: Guid(8e1273ebc71e28b49ad42a45a4612712) Importer(815301076,1909f56bfc062723c751e8b465ee728b)
Number of updated assets reloaded before import = 0
Start importing Assets/Interior_1/Meshes/floor_013.fbx using Guid(8e1273ebc71e28b49ad42a45a4612712) Importer(815301076,1909f56bfc062723c751e8b465ee728b)  -> (artifact id: 'df02ecc447e1f31264f94bd5910495ed') in 0.041228 seconds 
Number of asset objects unloaded after import = 7
========================================================================
Received Import Request.
  Time since last request: 0.000031 seconds.
  path: Assets/Interior_1/Prefabs/floor_002.prefab
  artifactKey: Guid(c63b92d463a8cdf47931f37cf31cc911) Importer(815301076,1909f56bfc062723c751e8b465ee728b)
Number of updated assets reloaded before import = 0
Start importing Assets/Interior_1/Prefabs/floor_002.prefab using Guid(c63b92d463a8cdf47931f37cf31cc911) Importer(815301076,1909f56bfc062723c751e8b465ee728b)  -> (artifact id: 'a55ec05fb8bb3664f85fb5860909571b') in 0.021755 seconds 
Number of asset objects unloaded after import = 16
========================================================================
Received Import Request.
  Time since last request: 0.000051 seconds.
  path: Assets/Interior_1/Prefabs/floor_013.prefab
  artifactKey: Guid(ca3092b7c6217684c805ef9258ad18e5) Importer(815301076,1909f56bfc062723c751e8b465ee728b)
Number of updated assets reloaded before import = 0
Start importing Assets/Interior_1/Prefabs/floor_013.prefab using Guid(ca3092b7c6217684c805ef9258ad18e5) Importer(815301076,1909f56bfc062723c751e8b465ee728b)  -> (artifact id: '01997b4c6f1d9f3d830847688abd4fae') in 0.028147 seconds 
Number of asset objects unloaded after import = 16
========================================================================
Received Import Request.
  Time since last request: 0.000031 seconds.
  path: Assets/Interior_1/Meshes/flower_001.fbx
  artifactKey: Guid(813b60589ec5e8f4a87e611958db4147) Importer(815301076,1909f56bfc062723c751e8b465ee728b)
Number of updated assets reloaded before import = 0
Start importing Assets/Interior_1/Meshes/flower_001.fbx using Guid(813b60589ec5e8f4a87e611958db4147) Importer(815301076,1909f56bfc062723c751e8b465ee728b)  -> (artifact id: '9276046c3696e56cb8a311fad9ebc17a') in 0.022205 seconds 
Number of asset objects unloaded after import = 7
========================================================================
Received Import Request.
  Time since last request: 0.000080 seconds.
  path: Assets/Interior_1/Meshes/floor_003.fbx
  artifactKey: Guid(6999d3f7843a1ec4a87bea3b0f283e6f) Importer(815301076,1909f56bfc062723c751e8b465ee728b)
Number of updated assets reloaded before import = 0
Start importing Assets/Interior_1/Meshes/floor_003.fbx using Guid(6999d3f7843a1ec4a87bea3b0f283e6f) Importer(815301076,1909f56bfc062723c751e8b465ee728b)  -> (artifact id: 'd4ace0503a40b8682e9c0e2ee5db0327') in 0.025505 seconds 
Number of asset objects unloaded after import = 7
Editor requested this worker to shutdown with reason: Scaling down because of idle timeout
AssetImportWorker is now disconnected from the server
Process exiting
Exiting without the bug reporter. Application will terminate with return code 0