Using pre-set license
Built from '2021.3/staging' branch; Version is '2021.3.35f1 (157b46ce122a) revision 1407814'; Using compiler version '192829333'; Build Type 'Release'
OS: 'Windows 11  (10.0.22631) 64bit CoreSingleLanguage' Language: 'en' Physical Memory: 7597 MB
BatchMode: 1, IsHumanControllingUs: 0, StartBugReporterOnCrash: 0, Is64bit: 1, IsPro: 1

COMMAND LINE ARGUMENTS:
C:\Program Files\Unity\Hub\Editor\2021.3.35f1\Editor\Unity.exe
-adb2
-batchMode
-noUpm
-name
AssetImportWorker33
-projectPath
C:/New folder/Teddies-Environment
-logFile
Logs/AssetImportWorker33.log
-srvPort
57210
Successfully changed project path to: C:/New folder/Teddies-Environment
C:/New folder/Teddies-Environment
[UnityMemory] Configuration Parameters - Can be set up in boot.config
    "memorysetup-bucket-allocator-granularity=16"
    "memorysetup-bucket-allocator-bucket-count=8"
    "memorysetup-bucket-allocator-block-size=33554432"
    "memorysetup-bucket-allocator-block-count=8"
    "memorysetup-main-allocator-block-size=16777216"
    "memorysetup-thread-allocator-block-size=16777216"
    "memorysetup-gfx-main-allocator-block-size=16777216"
    "memorysetup-gfx-thread-allocator-block-size=16777216"
    "memorysetup-cache-allocator-block-size=4194304"
    "memorysetup-typetree-allocator-block-size=2097152"
    "memorysetup-profiler-bucket-allocator-granularity=16"
    "memorysetup-profiler-bucket-allocator-bucket-count=8"
    "memorysetup-profiler-bucket-allocator-block-size=33554432"
    "memorysetup-profiler-bucket-allocator-block-count=8"
    "memorysetup-profiler-allocator-block-size=16777216"
    "memorysetup-profiler-editor-allocator-block-size=1048576"
    "memorysetup-temp-allocator-size-main=16777216"
    "memorysetup-job-temp-allocator-block-size=2097152"
    "memorysetup-job-temp-allocator-block-size-background=1048576"
    "memorysetup-job-temp-allocator-reduction-small-platforms=262144"
    "memorysetup-temp-allocator-size-background-worker=32768"
    "memorysetup-temp-allocator-size-job-worker=262144"
    "memorysetup-temp-allocator-size-preload-manager=33554432"
    "memorysetup-temp-allocator-size-nav-mesh-worker=65536"
    "memorysetup-temp-allocator-size-audio-worker=65536"
    "memorysetup-temp-allocator-size-cloud-worker=32768"
    "memorysetup-temp-allocator-size-gi-baking-worker=262144"
    "memorysetup-temp-allocator-size-gfx=262144"
Player connection [25824] Host "[IP] 192.168.1.6 [Port] 0 [Flags] 2 [Guid] 3769506720 [EditorId] 3769506720 [Version] 1048832 [Id] WindowsEditor(7,JESS-DESKTOP) [Debug] 1 [PackageName] WindowsEditor [ProjectName] Editor" joined multi-casting on [225.0.0.222:54997]...

Player connection [25824] Host "[IP] 192.168.1.6 [Port] 0 [Flags] 2 [Guid] 3769506720 [EditorId] 3769506720 [Version] 1048832 [Id] WindowsEditor(7,JESS-DESKTOP) [Debug] 1 [PackageName] WindowsEditor [ProjectName] Editor" joined alternative multi-casting on [225.0.0.222:34997]...

[Physics::Module] Initialized MultithreadedJobDispatcher with {0} workers.
Refreshing native plugins compatible for Editor in 143.23 ms, found 3 plugins.
Preloading 0 native plugins for Editor in 0.00 ms.
Initialize engine version: 2021.3.35f1 (157b46ce122a)
[Subsystems] Discovering subsystems at path C:/Program Files/Unity/Hub/Editor/2021.3.35f1/Editor/Data/Resources/UnitySubsystems
[Subsystems] Discovering subsystems at path C:/New folder/Teddies-Environment/Assets
GfxDevice: creating device client; threaded=0; jobified=0
Direct3D:
    Version:  Direct3D 11.0 [level 11.1]
    Renderer: NVIDIA GeForce RTX 3050 Laptop GPU (ID=0x25a2)
    Vendor:   NVIDIA
    VRAM:     3964 MB
    Driver:   31.0.15.5186
Initialize mono
Mono path[0] = 'C:/Program Files/Unity/Hub/Editor/2021.3.35f1/Editor/Data/Managed'
Mono path[1] = 'C:/Program Files/Unity/Hub/Editor/2021.3.35f1/Editor/Data/MonoBleedingEdge/lib/mono/unityjit-win32'
Mono config path = 'C:/Program Files/Unity/Hub/Editor/2021.3.35f1/Editor/Data/MonoBleedingEdge/etc'
Using monoOptions --debugger-agent=transport=dt_socket,embedding=1,server=y,suspend=n,address=127.0.0.1:56240
Begin MonoManager ReloadAssembly
Registering precompiled unity dll's ...
Register platform support module: C:/Program Files/Unity/Hub/Editor/2021.3.35f1/Editor/Data/PlaybackEngines/WindowsStandaloneSupport/UnityEditor.WindowsStandalone.Extensions.dll
Registered in 0.004581 seconds.
Native extension for WindowsStandalone target not found
Refreshing native plugins compatible for Editor in 115.94 ms, found 3 plugins.
Preloading 0 native plugins for Editor in 0.00 ms.
Mono: successfully reloaded assembly
- Completed reload, in  0.846 seconds
Domain Reload Profiling:
	ReloadAssembly (847ms)
		BeginReloadAssembly (136ms)
			ExecutionOrderSort (0ms)
			DisableScriptedObjects (0ms)
			BackupInstance (0ms)
			ReleaseScriptingObjects (0ms)
			CreateAndSetChildDomain (1ms)
		EndReloadAssembly (589ms)
			LoadAssemblies (133ms)
			RebuildTransferFunctionScriptingTraits (0ms)
			SetupTypeCache (145ms)
			ReleaseScriptCaches (0ms)
			RebuildScriptCaches (37ms)
			SetupLoadedEditorAssemblies (354ms)
				LogAssemblyErrors (0ms)
				InitializePlatformSupportModulesInManaged (10ms)
				SetLoadedEditorAssemblies (0ms)
				RefreshPlugins (116ms)
				BeforeProcessingInitializeOnLoad (2ms)
				ProcessInitializeOnLoadAttributes (168ms)
				ProcessInitializeOnLoadMethodAttributes (59ms)
				AfterProcessingInitializeOnLoad (0ms)
				EditorAssembliesLoaded (0ms)
			ExecutionOrderSort2 (0ms)
			AwakeInstancesAfterBackupRestoration (0ms)
Platform modules already initialized, skipping
Registering precompiled user dll's ...
Registered in 0.005783 seconds.
Begin MonoManager ReloadAssembly
Native extension for WindowsStandalone target not found
Refreshing native plugins compatible for Editor in 0.94 ms, found 3 plugins.
Preloading 0 native plugins for Editor in 0.00 ms.
Package Manager log level set to [2]
[Package Manager] Server::EnsureServerProcessIsRunning -- launch failed, reason: Unity was launched with the -noUpm command-line argument
[Package Manager] Cannot connect to Unity Package Manager local server
Mono: successfully reloaded assembly
- Completed reload, in  1.750 seconds
Domain Reload Profiling:
	ReloadAssembly (1751ms)
		BeginReloadAssembly (174ms)
			ExecutionOrderSort (0ms)
			DisableScriptedObjects (7ms)
			BackupInstance (0ms)
			ReleaseScriptingObjects (0ms)
			CreateAndSetChildDomain (26ms)
		EndReloadAssembly (1446ms)
			LoadAssemblies (128ms)
			RebuildTransferFunctionScriptingTraits (0ms)
			SetupTypeCache (413ms)
			ReleaseScriptCaches (1ms)
			RebuildScriptCaches (68ms)
			SetupLoadedEditorAssemblies (811ms)
				LogAssemblyErrors (0ms)
				InitializePlatformSupportModulesInManaged (7ms)
				SetLoadedEditorAssemblies (1ms)
				RefreshPlugins (1ms)
				BeforeProcessingInitializeOnLoad (92ms)
				ProcessInitializeOnLoadAttributes (673ms)
				ProcessInitializeOnLoadMethodAttributes (32ms)
				AfterProcessingInitializeOnLoad (6ms)
				EditorAssembliesLoaded (0ms)
			ExecutionOrderSort2 (0ms)
			AwakeInstancesAfterBackupRestoration (8ms)
Platform modules already initialized, skipping
========================================================================
Worker process is ready to serve import requests
Launched and connected shader compiler UnityShaderCompiler.exe after 0.08 seconds
Refreshing native plugins compatible for Editor in 1.23 ms, found 3 plugins.
Preloading 0 native plugins for Editor in 0.00 ms.
Unloading 3068 Unused Serialized files (Serialized files now loaded: 0)
Unloading 23 unused Assets / (46.5 KB). Loaded Objects now: 3530.
Memory consumption went from 123.3 MB to 123.2 MB.
Total: 5.247300 ms (FindLiveObjects: 0.414700 ms CreateObjectMapping: 0.218900 ms MarkObjects: 4.462600 ms  DeleteObjects: 0.147400 ms)

AssetImportParameters requested are different than current active one (requested -> active):
  custom:video-decoder-ogg-theora: a1e56fd34408186e4bbccfd4996cb3dc -> 
  custom:container-muxer-webm: aa71ff27fc2769a1b78a27578f13a17b -> 
  custom:container-demuxer-webm: 4f35f7cbe854078d1ac9338744f61a02 -> 
  custom:video-encoder-webm-vp8: eb34c28f22e8b96e1ab97ce403110664 -> 
  custom:CustomObjectIndexerAttribute: bc11b3a6c3213fcdd17b65e7da85e133 -> 
  custom:audio-encoder-webm-vorbis: bf7c407c2cedff20999df2af8eb42d56 -> 
  custom:framework-win-MediaFoundation: 216162199b28c13a410421893ffa2e32 -> 
  custom:SearchIndexIgnoredProperties: e643bd26f0fe6173181afceb89e7c659 -> 
  custom:container-demuxer-ogg: 62fdf1f143b41e24485cea50d1cbac27 -> 
  custom:video-decoder-webm-vp8: 9c59270c3fd7afecdb556c50c9e8de78 -> 
  custom:audio-decoder-ogg-vorbis: bf7c407c2cedff20999df2af8eb42d56 -> 
========================================================================
Received Import Request.
  Time since last request: 86629.415949 seconds.
  path: Assets/Scenes/Level 4 (Kitchen).unity
  artifactKey: Guid(bfe1f71a1233ddf4dbb2ee479ef191b4) Importer(815301076,1909f56bfc062723c751e8b465ee728b)
Number of updated assets reloaded before import = 0
Start importing Assets/Scenes/Level 4 (Kitchen).unity using Guid(bfe1f71a1233ddf4dbb2ee479ef191b4) Importer(815301076,1909f56bfc062723c751e8b465ee728b)  -> (artifact id: 'f43157c7ebb54607c9bd62a8b02ead59') in 0.037875 seconds 
Number of asset objects unloaded after import = 0
========================================================================
Received Import Request.
  Time since last request: 274.481553 seconds.
  path: Assets/Scenes/New Lighting Settings.lighting
  artifactKey: Guid(817439510decd3b41980074390eb5dc1) Importer(815301076,1909f56bfc062723c751e8b465ee728b)
Number of updated assets reloaded before import = 0
Start importing Assets/Scenes/New Lighting Settings.lighting using Guid(817439510decd3b41980074390eb5dc1) Importer(815301076,1909f56bfc062723c751e8b465ee728b)  -> (artifact id: '2be51ae6d7d2f8e0ee72b01029685a24') in 0.063828 seconds 
Number of asset objects unloaded after import = 1
========================================================================
Received Import Request.
  Time since last request: 217.101953 seconds.
  path: Assets/Interior_1/Meshes/armchair_001.fbx
  artifactKey: Guid(e74b75e4815f19c4fa831a069efa4458) Importer(815301076,1909f56bfc062723c751e8b465ee728b)
Number of updated assets reloaded before import = 0
Start importing Assets/Interior_1/Meshes/armchair_001.fbx using Guid(e74b75e4815f19c4fa831a069efa4458) Importer(815301076,1909f56bfc062723c751e8b465ee728b)  -> (artifact id: 'd9cf76800545bc92e9e822a6945159a5') in 0.473710 seconds 
Number of asset objects unloaded after import = 7
========================================================================
Received Import Request.
  Time since last request: 0.000075 seconds.
  path: Assets/Interior_1/Meshes/armchair_010.fbx
  artifactKey: Guid(ceaee2280c80c35418efb93061acf080) Importer(815301076,1909f56bfc062723c751e8b465ee728b)
Number of updated assets reloaded before import = 0
Start importing Assets/Interior_1/Meshes/armchair_010.fbx using Guid(ceaee2280c80c35418efb93061acf080) Importer(815301076,1909f56bfc062723c751e8b465ee728b)  -> (artifact id: '1925d45d4a8080e5351c35deaaabafd0') in 0.056758 seconds 
Number of asset objects unloaded after import = 7
========================================================================
Received Import Request.
  Time since last request: 0.000125 seconds.
  path: Assets/Interior_1/Meshes/bathroom_item_021.fbx
  artifactKey: Guid(c24bead48af2bab46aa1bfa4675cea50) Importer(815301076,1909f56bfc062723c751e8b465ee728b)
Number of updated assets reloaded before import = 0
Start importing Assets/Interior_1/Meshes/bathroom_item_021.fbx using Guid(c24bead48af2bab46aa1bfa4675cea50) Importer(815301076,1909f56bfc062723c751e8b465ee728b)  -> (artifact id: 'ebc99b3729936216fdb6e91f7ee3ba4f') in 0.040283 seconds 
Number of asset objects unloaded after import = 7
========================================================================
Received Import Request.
  Time since last request: 0.000052 seconds.
  path: Assets/Interior_1/Meshes/armchair_012.fbx
  artifactKey: Guid(b4ba94c03cf6b264c9ed1a21dd27ea38) Importer(815301076,1909f56bfc062723c751e8b465ee728b)
Number of updated assets reloaded before import = 0
Start importing Assets/Interior_1/Meshes/armchair_012.fbx using Guid(b4ba94c03cf6b264c9ed1a21dd27ea38) Importer(815301076,1909f56bfc062723c751e8b465ee728b)  -> (artifact id: 'ab4a27a84a9a1b5d5125e0ee5d8ddd76') in 0.045367 seconds 
Number of asset objects unloaded after import = 7
========================================================================
Received Import Request.
  Time since last request: 0.000056 seconds.
  path: Assets/Interior_1/Meshes/bathroom_item_025.fbx
  artifactKey: Guid(a7b196b2b151ed343b7b1b657bae630f) Importer(815301076,1909f56bfc062723c751e8b465ee728b)
Number of updated assets reloaded before import = 0
Start importing Assets/Interior_1/Meshes/bathroom_item_025.fbx using Guid(a7b196b2b151ed343b7b1b657bae630f) Importer(815301076,1909f56bfc062723c751e8b465ee728b)  -> (artifact id: '427030bead5a647f97664fc8af317411') in 0.038766 seconds 
Number of asset objects unloaded after import = 7
========================================================================
Received Import Request.
  Time since last request: 0.000062 seconds.
  path: Assets/Interior_1/Meshes/armchair_017.fbx
  artifactKey: Guid(0412ad5682f275e418e9259ea15a08a6) Importer(815301076,1909f56bfc062723c751e8b465ee728b)
Number of updated assets reloaded before import = 0
Start importing Assets/Interior_1/Meshes/armchair_017.fbx using Guid(0412ad5682f275e418e9259ea15a08a6) Importer(815301076,1909f56bfc062723c751e8b465ee728b)  -> (artifact id: '9b5659abbfb58a6b62873a72231d6425') in 0.038481 seconds 
Number of asset objects unloaded after import = 7
========================================================================
Received Import Request.
  Time since last request: 0.000124 seconds.
  path: Assets/Interior_1/Meshes/armchair_015.fbx
  artifactKey: Guid(5b64bdf8251329541a057818fee19b88) Importer(815301076,1909f56bfc062723c751e8b465ee728b)
Number of updated assets reloaded before import = 0
Start importing Assets/Interior_1/Meshes/armchair_015.fbx using Guid(5b64bdf8251329541a057818fee19b88) Importer(815301076,1909f56bfc062723c751e8b465ee728b)  -> (artifact id: 'af37af4c1a7a00c362d5f02c7ab187d3') in 0.045510 seconds 
Number of asset objects unloaded after import = 7
========================================================================
Received Import Request.
  Time since last request: 0.000063 seconds.
  path: Assets/Interior_1/Meshes/armchair_018.fbx
  artifactKey: Guid(6108f1e6a4e57554694f7f4251f3e551) Importer(815301076,1909f56bfc062723c751e8b465ee728b)
Number of updated assets reloaded before import = 0
Start importing Assets/Interior_1/Meshes/armchair_018.fbx using Guid(6108f1e6a4e57554694f7f4251f3e551) Importer(815301076,1909f56bfc062723c751e8b465ee728b)  -> (artifact id: 'f7144ff27495680779e1d3c8effd4b0c') in 0.056802 seconds 
Number of asset objects unloaded after import = 7
========================================================================
Received Import Request.
  Time since last request: 0.000072 seconds.
  path: Assets/Interior_1/Meshes/armchair_011.fbx
  artifactKey: Guid(7bdef1af1ea5c294286b76886c77a0f6) Importer(815301076,1909f56bfc062723c751e8b465ee728b)
Number of updated assets reloaded before import = 0
Start importing Assets/Interior_1/Meshes/armchair_011.fbx using Guid(7bdef1af1ea5c294286b76886c77a0f6) Importer(815301076,1909f56bfc062723c751e8b465ee728b)  -> (artifact id: 'ec952480092f1610e887f5055ba64120') in 0.051513 seconds 
Number of asset objects unloaded after import = 7
========================================================================
Received Import Request.
  Time since last request: 0.000035 seconds.
  path: Assets/Interior_1/Meshes/bathroom_item_018.fbx
  artifactKey: Guid(8fcf1e7aae3ebfd438e5094eb5bb32c2) Importer(815301076,1909f56bfc062723c751e8b465ee728b)
Number of updated assets reloaded before import = 0
Start importing Assets/Interior_1/Meshes/bathroom_item_018.fbx using Guid(8fcf1e7aae3ebfd438e5094eb5bb32c2) Importer(815301076,1909f56bfc062723c751e8b465ee728b)  -> (artifact id: '175c39320c16d70d658d1ee72e2382cc') in 0.045828 seconds 
Number of asset objects unloaded after import = 7
========================================================================
Received Import Request.
  Time since last request: 0.000042 seconds.
  path: Assets/Interior_1/Meshes/armchair_007.fbx
  artifactKey: Guid(9e0a0e079a850cf459c7c80a18aa6082) Importer(815301076,1909f56bfc062723c751e8b465ee728b)
Number of updated assets reloaded before import = 0
Start importing Assets/Interior_1/Meshes/armchair_007.fbx using Guid(9e0a0e079a850cf459c7c80a18aa6082) Importer(815301076,1909f56bfc062723c751e8b465ee728b)  -> (artifact id: 'bbdedde7ab943b66691a93c8af021546') in 0.043353 seconds 
Number of asset objects unloaded after import = 7
========================================================================
Received Import Request.
  Time since last request: 0.000042 seconds.
  path: Assets/Interior_1/Meshes/armchair_019.fbx
  artifactKey: Guid(6e7a96ca438b45b4abff25b3aeaa97cb) Importer(815301076,1909f56bfc062723c751e8b465ee728b)
Number of updated assets reloaded before import = 0
Start importing Assets/Interior_1/Meshes/armchair_019.fbx using Guid(6e7a96ca438b45b4abff25b3aeaa97cb) Importer(815301076,1909f56bfc062723c751e8b465ee728b)  -> (artifact id: '8a386b79418e6d8103359252399c7318') in 0.043588 seconds 
Number of asset objects unloaded after import = 7
========================================================================
Received Import Request.
  Time since last request: 0.000040 seconds.
  path: Assets/Interior_1/Meshes/armchair_020.fbx
  artifactKey: Guid(d95d6fa27fa1e6249a6a67777ad4cb71) Importer(815301076,1909f56bfc062723c751e8b465ee728b)
Number of updated assets reloaded before import = 0
Start importing Assets/Interior_1/Meshes/armchair_020.fbx using Guid(d95d6fa27fa1e6249a6a67777ad4cb71) Importer(815301076,1909f56bfc062723c751e8b465ee728b)  -> (artifact id: '568bea29fe84e58e275f858cc97dcada') in 0.038461 seconds 
Number of asset objects unloaded after import = 7
========================================================================
Received Import Request.
  Time since last request: 0.000048 seconds.
  path: Assets/Interior_1/Meshes/armchair_008.fbx
  artifactKey: Guid(69e778c18539ca844816f9b2e29296bf) Importer(815301076,1909f56bfc062723c751e8b465ee728b)
Number of updated assets reloaded before import = 0
Start importing Assets/Interior_1/Meshes/armchair_008.fbx using Guid(69e778c18539ca844816f9b2e29296bf) Importer(815301076,1909f56bfc062723c751e8b465ee728b)  -> (artifact id: 'd7ea5b7c2c91e4af5b8d548d50ef9ce2') in 0.038879 seconds 
Number of asset objects unloaded after import = 7
========================================================================
Received Import Request.
  Time since last request: 0.000084 seconds.
  path: Assets/Interior_1/Meshes/bathroom_item_022.fbx
  artifactKey: Guid(58ae21e922235ff45b1f3b7e669902f2) Importer(815301076,1909f56bfc062723c751e8b465ee728b)
Number of updated assets reloaded before import = 0
Start importing Assets/Interior_1/Meshes/bathroom_item_022.fbx using Guid(58ae21e922235ff45b1f3b7e669902f2) Importer(815301076,1909f56bfc062723c751e8b465ee728b)  -> (artifact id: 'd3f08ba10e01b714940c37242df5c5f9') in 0.032495 seconds 
Number of asset objects unloaded after import = 7
Editor requested this worker to shutdown with reason: Scaling down because of idle timeout
AssetImportWorker is now disconnected from the server
Process exiting
Exiting without the bug reporter. Application will terminate with return code 0