Using pre-set license
Built from '2021.3/staging' branch; Version is '2021.3.35f1 (157b46ce122a) revision 1407814'; Using compiler version '192829333'; Build Type 'Release'
OS: 'Windows 11  (10.0.22631) 64bit CoreSingleLanguage' Language: 'en' Physical Memory: 16088 MB
BatchMode: 1, IsHumanControllingUs: 0, StartBugReporterOnCrash: 0, Is64bit: 1, IsPro: 1

COMMAND LINE ARGUMENTS:
D:\Unity\Hub\Editor\2021.3.35f1\Editor\Unity.exe
-adb2
-batchMode
-noUpm
-name
AssetImportWorker4
-projectPath
D:/Teddies Adventure Environment
-logFile
Logs/AssetImportWorker4.log
-srvPort
55576
Successfully changed project path to: D:/Teddies Adventure Environment
D:/Teddies Adventure Environment
[UnityMemory] Configuration Parameters - Can be set up in boot.config
    "memorysetup-bucket-allocator-granularity=16"
    "memorysetup-bucket-allocator-bucket-count=8"
    "memorysetup-bucket-allocator-block-size=33554432"
    "memorysetup-bucket-allocator-block-count=8"
    "memorysetup-main-allocator-block-size=16777216"
    "memorysetup-thread-allocator-block-size=16777216"
    "memorysetup-gfx-main-allocator-block-size=16777216"
    "memorysetup-gfx-thread-allocator-block-size=16777216"
    "memorysetup-cache-allocator-block-size=4194304"
    "memorysetup-typetree-allocator-block-size=2097152"
    "memorysetup-profiler-bucket-allocator-granularity=16"
    "memorysetup-profiler-bucket-allocator-bucket-count=8"
    "memorysetup-profiler-bucket-allocator-block-size=33554432"
    "memorysetup-profiler-bucket-allocator-block-count=8"
    "memorysetup-profiler-allocator-block-size=16777216"
    "memorysetup-profiler-editor-allocator-block-size=1048576"
    "memorysetup-temp-allocator-size-main=16777216"
    "memorysetup-job-temp-allocator-block-size=2097152"
    "memorysetup-job-temp-allocator-block-size-background=1048576"
    "memorysetup-job-temp-allocator-reduction-small-platforms=262144"
    "memorysetup-temp-allocator-size-background-worker=32768"
    "memorysetup-temp-allocator-size-job-worker=262144"
    "memorysetup-temp-allocator-size-preload-manager=33554432"
    "memorysetup-temp-allocator-size-nav-mesh-worker=65536"
    "memorysetup-temp-allocator-size-audio-worker=65536"
    "memorysetup-temp-allocator-size-cloud-worker=32768"
    "memorysetup-temp-allocator-size-gi-baking-worker=262144"
    "memorysetup-temp-allocator-size-gfx=262144"
Unable to join player connection multicast group (err: 0).
Unable to join player connection alternative multicast group (err: 0).
[Physics::Module] Initialized MultithreadedJobDispatcher with {0} workers.
Refreshing native plugins compatible for Editor in 41.61 ms, found 3 plugins.
Preloading 0 native plugins for Editor in 0.00 ms.
Initialize engine version: 2021.3.35f1 (157b46ce122a)
[Subsystems] Discovering subsystems at path D:/Unity/Hub/Editor/2021.3.35f1/Editor/Data/Resources/UnitySubsystems
[Subsystems] Discovering subsystems at path D:/Teddies Adventure Environment/Assets
GfxDevice: creating device client; threaded=0; jobified=0
Direct3D:
    Version:  Direct3D 11.0 [level 11.1]
    Renderer: NVIDIA GeForce RTX 3050 Laptop GPU (ID=0x25a2)
    Vendor:   NVIDIA
    VRAM:     3991 MB
    Driver:   30.0.15.1274
Initialize mono
Mono path[0] = 'D:/Unity/Hub/Editor/2021.3.35f1/Editor/Data/Managed'
Mono path[1] = 'D:/Unity/Hub/Editor/2021.3.35f1/Editor/Data/MonoBleedingEdge/lib/mono/unityjit-win32'
Mono config path = 'D:/Unity/Hub/Editor/2021.3.35f1/Editor/Data/MonoBleedingEdge/etc'
Using monoOptions --debugger-agent=transport=dt_socket,embedding=1,server=y,suspend=n,address=127.0.0.1:56848
Begin MonoManager ReloadAssembly
Registering precompiled unity dll's ...
Register platform support module: D:/Unity/Hub/Editor/2021.3.35f1/Editor/Data/PlaybackEngines/WebGLSupport/UnityEditor.WebGL.Extensions.dll
Register platform support module: D:/Unity/Hub/Editor/2021.3.35f1/Editor/Data/PlaybackEngines/WindowsStandaloneSupport/UnityEditor.WindowsStandalone.Extensions.dll
Registered in 0.002493 seconds.
Native extension for WindowsStandalone target not found
Native extension for WebGL target not found
Refreshing native plugins compatible for Editor in 54.77 ms, found 3 plugins.
Preloading 0 native plugins for Editor in 0.00 ms.
Mono: successfully reloaded assembly
- Completed reload, in  0.543 seconds
Domain Reload Profiling:
	ReloadAssembly (543ms)
		BeginReloadAssembly (75ms)
			ExecutionOrderSort (0ms)
			DisableScriptedObjects (0ms)
			BackupInstance (0ms)
			ReleaseScriptingObjects (0ms)
			CreateAndSetChildDomain (1ms)
		EndReloadAssembly (393ms)
			LoadAssemblies (75ms)
			RebuildTransferFunctionScriptingTraits (0ms)
			SetupTypeCache (90ms)
			ReleaseScriptCaches (0ms)
			RebuildScriptCaches (26ms)
			SetupLoadedEditorAssemblies (244ms)
				LogAssemblyErrors (0ms)
				InitializePlatformSupportModulesInManaged (6ms)
				SetLoadedEditorAssemblies (0ms)
				RefreshPlugins (55ms)
				BeforeProcessingInitializeOnLoad (1ms)
				ProcessInitializeOnLoadAttributes (133ms)
				ProcessInitializeOnLoadMethodAttributes (48ms)
				AfterProcessingInitializeOnLoad (0ms)
				EditorAssembliesLoaded (0ms)
			ExecutionOrderSort2 (0ms)
			AwakeInstancesAfterBackupRestoration (0ms)
Platform modules already initialized, skipping
Registering precompiled user dll's ...
Registered in 0.002208 seconds.
Begin MonoManager ReloadAssembly
Native extension for WindowsStandalone target not found
Native extension for WebGL target not found
Refreshing native plugins compatible for Editor in 0.33 ms, found 3 plugins.
Preloading 0 native plugins for Editor in 0.00 ms.
Package Manager log level set to [2]
[Package Manager] Server::EnsureServerProcessIsRunning -- launch failed, reason: Unity was launched with the -noUpm command-line argument
[Package Manager] Cannot connect to Unity Package Manager local server
Mono: successfully reloaded assembly
- Completed reload, in  1.028 seconds
Domain Reload Profiling:
	ReloadAssembly (1029ms)
		BeginReloadAssembly (85ms)
			ExecutionOrderSort (0ms)
			DisableScriptedObjects (4ms)
			BackupInstance (0ms)
			ReleaseScriptingObjects (0ms)
			CreateAndSetChildDomain (15ms)
		EndReloadAssembly (875ms)
			LoadAssemblies (61ms)
			RebuildTransferFunctionScriptingTraits (0ms)
			SetupTypeCache (179ms)
			ReleaseScriptCaches (0ms)
			RebuildScriptCaches (33ms)
			SetupLoadedEditorAssemblies (591ms)
				LogAssemblyErrors (0ms)
				InitializePlatformSupportModulesInManaged (4ms)
				SetLoadedEditorAssemblies (0ms)
				RefreshPlugins (0ms)
				BeforeProcessingInitializeOnLoad (44ms)
				ProcessInitializeOnLoadAttributes (527ms)
				ProcessInitializeOnLoadMethodAttributes (15ms)
				AfterProcessingInitializeOnLoad (1ms)
				EditorAssembliesLoaded (0ms)
			ExecutionOrderSort2 (0ms)
			AwakeInstancesAfterBackupRestoration (5ms)
Platform modules already initialized, skipping
========================================================================
Worker process is ready to serve import requests
Launched and connected shader compiler UnityShaderCompiler.exe after 0.06 seconds
Refreshing native plugins compatible for Editor in 0.36 ms, found 3 plugins.
Preloading 0 native plugins for Editor in 0.00 ms.
Unloading 3068 Unused Serialized files (Serialized files now loaded: 0)
Unloading 23 unused Assets / (46.4 KB). Loaded Objects now: 3528.
Memory consumption went from 109.0 MB to 108.9 MB.
Total: 2.453900 ms (FindLiveObjects: 0.162600 ms CreateObjectMapping: 0.091000 ms MarkObjects: 2.146900 ms  DeleteObjects: 0.052500 ms)

AssetImportParameters requested are different than current active one (requested -> active):
  custom:video-decoder-ogg-theora: a1e56fd34408186e4bbccfd4996cb3dc -> 
  custom:container-muxer-webm: aa71ff27fc2769a1b78a27578f13a17b -> 
  custom:container-demuxer-webm: 4f35f7cbe854078d1ac9338744f61a02 -> 
  custom:video-encoder-webm-vp8: eb34c28f22e8b96e1ab97ce403110664 -> 
  custom:CustomObjectIndexerAttribute: bc11b3a6c3213fcdd17b65e7da85e133 -> 
  custom:audio-encoder-webm-vorbis: bf7c407c2cedff20999df2af8eb42d56 -> 
  custom:framework-win-MediaFoundation: 216162199b28c13a410421893ffa2e32 -> 
  custom:SearchIndexIgnoredProperties: e643bd26f0fe6173181afceb89e7c659 -> 
  custom:container-demuxer-ogg: 62fdf1f143b41e24485cea50d1cbac27 -> 
  custom:video-decoder-webm-vp8: 9c59270c3fd7afecdb556c50c9e8de78 -> 
  custom:audio-decoder-ogg-vorbis: bf7c407c2cedff20999df2af8eb42d56 -> 
========================================================================
Received Import Request.
  Time since last request: 13140.862077 seconds.
  path: Assets/Furniture_FREE/Materials
  artifactKey: Guid(8150b3421c3c2804e9ce09c5c77ff631) Importer(815301076,1909f56bfc062723c751e8b465ee728b)
Number of updated assets reloaded before import = 0
Start importing Assets/Furniture_FREE/Materials using Guid(8150b3421c3c2804e9ce09c5c77ff631) Importer(815301076,1909f56bfc062723c751e8b465ee728b)  -> (artifact id: 'b92cfa844e34d6bc3d9858059fba279d') in 0.024180 seconds 
Number of asset objects unloaded after import = 0
========================================================================
Received Import Request.
  Time since last request: 0.074993 seconds.
  path: Assets/Furniture_FREE/Materials/Material.mat
  artifactKey: Guid(a88ec864e1a9c704f901b331887e870c) Importer(815301076,1909f56bfc062723c751e8b465ee728b)
Number of updated assets reloaded before import = 0
Start importing Assets/Furniture_FREE/Materials/Material.mat using Guid(a88ec864e1a9c704f901b331887e870c) Importer(815301076,1909f56bfc062723c751e8b465ee728b)  -> (artifact id: 'bfc8efd50d4697cb1579588ce861b196') in 0.161719 seconds 
Number of asset objects unloaded after import = 2
========================================================================
Received Import Request.
  Time since last request: 1.576814 seconds.
  path: Assets/Furniture_FREE/Prefabs
  artifactKey: Guid(fc573549ba0374d4b965ffdece19e96d) Importer(815301076,1909f56bfc062723c751e8b465ee728b)
Number of updated assets reloaded before import = 0
Start importing Assets/Furniture_FREE/Prefabs using Guid(fc573549ba0374d4b965ffdece19e96d) Importer(815301076,1909f56bfc062723c751e8b465ee728b)  -> (artifact id: 'e7639f73e1135acb179af9ae73392488') in 0.013708 seconds 
Number of asset objects unloaded after import = 0
========================================================================
Received Import Request.
  Time since last request: 0.088639 seconds.
  path: Assets/Furniture_FREE/Prefabs/air_hockey_001.prefab
  artifactKey: Guid(d5076481aac507e4a8a37c3b0eea7727) Importer(815301076,1909f56bfc062723c751e8b465ee728b)
Number of updated assets reloaded before import = 0
Start importing Assets/Furniture_FREE/Prefabs/air_hockey_001.prefab using Guid(d5076481aac507e4a8a37c3b0eea7727) Importer(815301076,1909f56bfc062723c751e8b465ee728b)  -> (artifact id: '257f192ca1c11f148297cade9610795b') in 0.037717 seconds 
Number of asset objects unloaded after import = 16
========================================================================
Received Import Request.
  Time since last request: 0.000020 seconds.
  path: Assets/Furniture_FREE/Prefabs/lamp_002.prefab
  artifactKey: Guid(d586cdda16abbf74e84b1e76b588d8bf) Importer(815301076,1909f56bfc062723c751e8b465ee728b)
Number of updated assets reloaded before import = 0
Start importing Assets/Furniture_FREE/Prefabs/lamp_002.prefab using Guid(d586cdda16abbf74e84b1e76b588d8bf) Importer(815301076,1909f56bfc062723c751e8b465ee728b)  -> (artifact id: '2b723741102108d0ed3c6fa2216821c2') in 0.022736 seconds 
Number of asset objects unloaded after import = 16
========================================================================
Received Import Request.
  Time since last request: 0.000016 seconds.
  path: Assets/Furniture_FREE/Prefabs/coffee_machine_001.prefab
  artifactKey: Guid(29d2ff71ee4088643b56e70ff038b92f) Importer(815301076,1909f56bfc062723c751e8b465ee728b)
Number of updated assets reloaded before import = 0
Start importing Assets/Furniture_FREE/Prefabs/coffee_machine_001.prefab using Guid(29d2ff71ee4088643b56e70ff038b92f) Importer(815301076,1909f56bfc062723c751e8b465ee728b)  -> (artifact id: '28cedf3833763669a1a08093fbb8d1f8') in 0.031879 seconds 
Number of asset objects unloaded after import = 16
========================================================================
Received Import Request.
  Time since last request: 0.000015 seconds.
  path: Assets/Furniture_FREE/Prefabs/office_table_001.prefab
  artifactKey: Guid(70f2476d20751ab40955cefa08b6f978) Importer(815301076,1909f56bfc062723c751e8b465ee728b)
Number of updated assets reloaded before import = 0
Start importing Assets/Furniture_FREE/Prefabs/office_table_001.prefab using Guid(70f2476d20751ab40955cefa08b6f978) Importer(815301076,1909f56bfc062723c751e8b465ee728b)  -> (artifact id: '33fc839504bc20cd925dc3f7b08ab117') in 0.022255 seconds 
Number of asset objects unloaded after import = 16
========================================================================
Received Import Request.
  Time since last request: 0.000015 seconds.
  path: Assets/Furniture_FREE/Prefabs/lamp_001.prefab
  artifactKey: Guid(a47bc71942f460a47ab5fdebb4abd678) Importer(815301076,1909f56bfc062723c751e8b465ee728b)
Number of updated assets reloaded before import = 0
Start importing Assets/Furniture_FREE/Prefabs/lamp_001.prefab using Guid(a47bc71942f460a47ab5fdebb4abd678) Importer(815301076,1909f56bfc062723c751e8b465ee728b)  -> (artifact id: 'dff6735b64c8bf6a909d922535940a28') in 0.020439 seconds 
Number of asset objects unloaded after import = 16
========================================================================
Received Import Request.
  Time since last request: 0.000016 seconds.
  path: Assets/Furniture_FREE/Prefabs/training_item_001.prefab
  artifactKey: Guid(ab145dca38e163c4f83421188439db38) Importer(815301076,1909f56bfc062723c751e8b465ee728b)
Number of updated assets reloaded before import = 0
Start importing Assets/Furniture_FREE/Prefabs/training_item_001.prefab using Guid(ab145dca38e163c4f83421188439db38) Importer(815301076,1909f56bfc062723c751e8b465ee728b)  -> (artifact id: 'f28233c801e1ed5311c43eed771d8ee8') in 0.024987 seconds 
Number of asset objects unloaded after import = 16
========================================================================
Received Import Request.
  Time since last request: 0.000022 seconds.
  path: Assets/Furniture_FREE/Prefabs/dish_001.prefab
  artifactKey: Guid(04d7a2c18c48996478ccd0fa2f0627f0) Importer(815301076,1909f56bfc062723c751e8b465ee728b)
Number of updated assets reloaded before import = 0
Start importing Assets/Furniture_FREE/Prefabs/dish_001.prefab using Guid(04d7a2c18c48996478ccd0fa2f0627f0) Importer(815301076,1909f56bfc062723c751e8b465ee728b)  -> (artifact id: '3792ab45e1d7545857ab5e9561282f30') in 0.029035 seconds 
Number of asset objects unloaded after import = 16
========================================================================
Received Import Request.
  Time since last request: 0.000047 seconds.
  path: Assets/Furniture_FREE/Prefabs/sofa_001.prefab
  artifactKey: Guid(c12cbdd8c7f58cc4e82747b66b152ca9) Importer(815301076,1909f56bfc062723c751e8b465ee728b)
Number of updated assets reloaded before import = 0
Start importing Assets/Furniture_FREE/Prefabs/sofa_001.prefab using Guid(c12cbdd8c7f58cc4e82747b66b152ca9) Importer(815301076,1909f56bfc062723c751e8b465ee728b)  -> (artifact id: '1d948345a54e72d00f8c4016977cfc38') in 0.022694 seconds 
Number of asset objects unloaded after import = 16
========================================================================
Received Import Request.
  Time since last request: 0.000016 seconds.
  path: Assets/Furniture_FREE/Prefabs/toy_002.prefab
  artifactKey: Guid(a9b3dec6c36033744a62441b6a92cd76) Importer(815301076,1909f56bfc062723c751e8b465ee728b)
Number of updated assets reloaded before import = 0
Start importing Assets/Furniture_FREE/Prefabs/toy_002.prefab using Guid(a9b3dec6c36033744a62441b6a92cd76) Importer(815301076,1909f56bfc062723c751e8b465ee728b)  -> (artifact id: 'd2fc63dee922358974ead9b3aa3555a3') in 0.028585 seconds 
Number of asset objects unloaded after import = 16
========================================================================
Received Import Request.
  Time since last request: 0.000022 seconds.
  path: Assets/Furniture_FREE/Prefabs/coffee_table_001.prefab
  artifactKey: Guid(9f9cd54077faf65438d05b189cdde7f5) Importer(815301076,1909f56bfc062723c751e8b465ee728b)
Number of updated assets reloaded before import = 0
Start importing Assets/Furniture_FREE/Prefabs/coffee_table_001.prefab using Guid(9f9cd54077faf65438d05b189cdde7f5) Importer(815301076,1909f56bfc062723c751e8b465ee728b)  -> (artifact id: 'e19781e46998da518557f559d80960fd') in 0.018471 seconds 
Number of asset objects unloaded after import = 16
========================================================================
Received Import Request.
  Time since last request: 6.312381 seconds.
  path: Assets/Furniture_FREE/Scenes
  artifactKey: Guid(4f8f88d71fb227947a22b6e9afc900ba) Importer(815301076,1909f56bfc062723c751e8b465ee728b)
Number of updated assets reloaded before import = 0
Start importing Assets/Furniture_FREE/Scenes using Guid(4f8f88d71fb227947a22b6e9afc900ba) Importer(815301076,1909f56bfc062723c751e8b465ee728b)  -> (artifact id: 'bdfdf06829aedd7b6adba7531b08322d') in 0.015377 seconds 
Number of asset objects unloaded after import = 0
========================================================================
Received Import Request.
  Time since last request: 0.967404 seconds.
  path: Assets/Furniture_FREE/Scenes/Overview.unity
  artifactKey: Guid(27d7b17fd905ee14bbda04eafd7b0817) Importer(815301076,1909f56bfc062723c751e8b465ee728b)
Number of updated assets reloaded before import = 0
Start importing Assets/Furniture_FREE/Scenes/Overview.unity using Guid(27d7b17fd905ee14bbda04eafd7b0817) Importer(815301076,1909f56bfc062723c751e8b465ee728b)  -> (artifact id: 'a0467cc58d5b533890b118f01fe814f2') in 0.012773 seconds 
Number of asset objects unloaded after import = 0
