Using pre-set license
Built from '2021.3/staging' branch; Version is '2021.3.35f1 (157b46ce122a) revision 1407814'; Using compiler version '192829333'; Build Type 'Release'
OS: 'Windows 11  (10.0.22631) 64bit CoreSingleLanguage' Language: 'en' Physical Memory: 7597 MB
BatchMode: 1, IsHumanControllingUs: 0, StartBugReporterOnCrash: 0, Is64bit: 1, IsPro: 1

COMMAND LINE ARGUMENTS:
C:\Program Files\Unity\Hub\Editor\2021.3.35f1\Editor\Unity.exe
-adb2
-batchMode
-noUpm
-name
AssetImportWorker12
-projectPath
C:/New folder/Teddies-Environment
-logFile
Logs/AssetImportWorker12.log
-srvPort
54988
Successfully changed project path to: C:/New folder/Teddies-Environment
C:/New folder/Teddies-Environment
[UnityMemory] Configuration Parameters - Can be set up in boot.config
    "memorysetup-bucket-allocator-granularity=16"
    "memorysetup-bucket-allocator-bucket-count=8"
    "memorysetup-bucket-allocator-block-size=33554432"
    "memorysetup-bucket-allocator-block-count=8"
    "memorysetup-main-allocator-block-size=16777216"
    "memorysetup-thread-allocator-block-size=16777216"
    "memorysetup-gfx-main-allocator-block-size=16777216"
    "memorysetup-gfx-thread-allocator-block-size=16777216"
    "memorysetup-cache-allocator-block-size=4194304"
    "memorysetup-typetree-allocator-block-size=2097152"
    "memorysetup-profiler-bucket-allocator-granularity=16"
    "memorysetup-profiler-bucket-allocator-bucket-count=8"
    "memorysetup-profiler-bucket-allocator-block-size=33554432"
    "memorysetup-profiler-bucket-allocator-block-count=8"
    "memorysetup-profiler-allocator-block-size=16777216"
    "memorysetup-profiler-editor-allocator-block-size=1048576"
    "memorysetup-temp-allocator-size-main=16777216"
    "memorysetup-job-temp-allocator-block-size=2097152"
    "memorysetup-job-temp-allocator-block-size-background=1048576"
    "memorysetup-job-temp-allocator-reduction-small-platforms=262144"
    "memorysetup-temp-allocator-size-background-worker=32768"
    "memorysetup-temp-allocator-size-job-worker=262144"
    "memorysetup-temp-allocator-size-preload-manager=33554432"
    "memorysetup-temp-allocator-size-nav-mesh-worker=65536"
    "memorysetup-temp-allocator-size-audio-worker=65536"
    "memorysetup-temp-allocator-size-cloud-worker=32768"
    "memorysetup-temp-allocator-size-gi-baking-worker=262144"
    "memorysetup-temp-allocator-size-gfx=262144"
Player connection [4944] Host "[IP] 192.168.1.11 [Port] 0 [Flags] 2 [Guid] 1762060047 [EditorId] 1762060047 [Version] 1048832 [Id] WindowsEditor(7,JESS-DESKTOP) [Debug] 1 [PackageName] WindowsEditor [ProjectName] Editor" joined multi-casting on [225.0.0.222:54997]...

Player connection [4944] Host "[IP] 192.168.1.11 [Port] 0 [Flags] 2 [Guid] 1762060047 [EditorId] 1762060047 [Version] 1048832 [Id] WindowsEditor(7,JESS-DESKTOP) [Debug] 1 [PackageName] WindowsEditor [ProjectName] Editor" joined alternative multi-casting on [225.0.0.222:34997]...

[Physics::Module] Initialized MultithreadedJobDispatcher with {0} workers.
Refreshing native plugins compatible for Editor in 85.41 ms, found 3 plugins.
Preloading 0 native plugins for Editor in 0.00 ms.
Initialize engine version: 2021.3.35f1 (157b46ce122a)
[Subsystems] Discovering subsystems at path C:/Program Files/Unity/Hub/Editor/2021.3.35f1/Editor/Data/Resources/UnitySubsystems
[Subsystems] Discovering subsystems at path C:/New folder/Teddies-Environment/Assets
GfxDevice: creating device client; threaded=0; jobified=0
Direct3D:
    Version:  Direct3D 11.0 [level 11.1]
    Renderer: NVIDIA GeForce RTX 3050 Laptop GPU (ID=0x25a2)
    Vendor:   NVIDIA
    VRAM:     3964 MB
    Driver:   31.0.15.5186
Initialize mono
Mono path[0] = 'C:/Program Files/Unity/Hub/Editor/2021.3.35f1/Editor/Data/Managed'
Mono path[1] = 'C:/Program Files/Unity/Hub/Editor/2021.3.35f1/Editor/Data/MonoBleedingEdge/lib/mono/unityjit-win32'
Mono config path = 'C:/Program Files/Unity/Hub/Editor/2021.3.35f1/Editor/Data/MonoBleedingEdge/etc'
Using monoOptions --debugger-agent=transport=dt_socket,embedding=1,server=y,suspend=n,address=127.0.0.1:56416
Begin MonoManager ReloadAssembly
Registering precompiled unity dll's ...
Register platform support module: C:/Program Files/Unity/Hub/Editor/2021.3.35f1/Editor/Data/PlaybackEngines/WindowsStandaloneSupport/UnityEditor.WindowsStandalone.Extensions.dll
Registered in 0.003259 seconds.
Native extension for WindowsStandalone target not found
Refreshing native plugins compatible for Editor in 86.74 ms, found 3 plugins.
Preloading 0 native plugins for Editor in 0.00 ms.
Mono: successfully reloaded assembly
- Completed reload, in  0.619 seconds
Domain Reload Profiling:
	ReloadAssembly (620ms)
		BeginReloadAssembly (101ms)
			ExecutionOrderSort (0ms)
			DisableScriptedObjects (0ms)
			BackupInstance (0ms)
			ReleaseScriptingObjects (0ms)
			CreateAndSetChildDomain (1ms)
		EndReloadAssembly (433ms)
			LoadAssemblies (98ms)
			RebuildTransferFunctionScriptingTraits (0ms)
			SetupTypeCache (99ms)
			ReleaseScriptCaches (0ms)
			RebuildScriptCaches (30ms)
			SetupLoadedEditorAssemblies (266ms)
				LogAssemblyErrors (0ms)
				InitializePlatformSupportModulesInManaged (7ms)
				SetLoadedEditorAssemblies (0ms)
				RefreshPlugins (87ms)
				BeforeProcessingInitializeOnLoad (1ms)
				ProcessInitializeOnLoadAttributes (125ms)
				ProcessInitializeOnLoadMethodAttributes (45ms)
				AfterProcessingInitializeOnLoad (0ms)
				EditorAssembliesLoaded (0ms)
			ExecutionOrderSort2 (0ms)
			AwakeInstancesAfterBackupRestoration (0ms)
Platform modules already initialized, skipping
Registering precompiled user dll's ...
Registered in 0.004032 seconds.
Begin MonoManager ReloadAssembly
Native extension for WindowsStandalone target not found
Refreshing native plugins compatible for Editor in 0.79 ms, found 3 plugins.
Preloading 0 native plugins for Editor in 0.00 ms.
Package Manager log level set to [2]
[Package Manager] Server::EnsureServerProcessIsRunning -- launch failed, reason: Unity was launched with the -noUpm command-line argument
[Package Manager] Cannot connect to Unity Package Manager local server
Mono: successfully reloaded assembly
- Completed reload, in  1.310 seconds
Domain Reload Profiling:
	ReloadAssembly (1311ms)
		BeginReloadAssembly (127ms)
			ExecutionOrderSort (0ms)
			DisableScriptedObjects (5ms)
			BackupInstance (0ms)
			ReleaseScriptingObjects (0ms)
			CreateAndSetChildDomain (22ms)
		EndReloadAssembly (1088ms)
			LoadAssemblies (99ms)
			RebuildTransferFunctionScriptingTraits (0ms)
			SetupTypeCache (246ms)
			ReleaseScriptCaches (1ms)
			RebuildScriptCaches (46ms)
			SetupLoadedEditorAssemblies (685ms)
				LogAssemblyErrors (0ms)
				InitializePlatformSupportModulesInManaged (5ms)
				SetLoadedEditorAssemblies (0ms)
				RefreshPlugins (1ms)
				BeforeProcessingInitializeOnLoad (66ms)
				ProcessInitializeOnLoadAttributes (585ms)
				ProcessInitializeOnLoadMethodAttributes (24ms)
				AfterProcessingInitializeOnLoad (4ms)
				EditorAssembliesLoaded (0ms)
			ExecutionOrderSort2 (0ms)
			AwakeInstancesAfterBackupRestoration (6ms)
Platform modules already initialized, skipping
========================================================================
Worker process is ready to serve import requests
Launched and connected shader compiler UnityShaderCompiler.exe after 0.05 seconds
Refreshing native plugins compatible for Editor in 0.90 ms, found 3 plugins.
Preloading 0 native plugins for Editor in 0.00 ms.
Unloading 3068 Unused Serialized files (Serialized files now loaded: 0)
Unloading 23 unused Assets / (46.4 KB). Loaded Objects now: 3530.
Memory consumption went from 123.3 MB to 123.2 MB.
Total: 3.267100 ms (FindLiveObjects: 0.430000 ms CreateObjectMapping: 0.137400 ms MarkObjects: 2.595000 ms  DeleteObjects: 0.101600 ms)

AssetImportParameters requested are different than current active one (requested -> active):
  custom:video-decoder-ogg-theora: a1e56fd34408186e4bbccfd4996cb3dc -> 
  custom:container-muxer-webm: aa71ff27fc2769a1b78a27578f13a17b -> 
  custom:container-demuxer-webm: 4f35f7cbe854078d1ac9338744f61a02 -> 
  custom:video-encoder-webm-vp8: eb34c28f22e8b96e1ab97ce403110664 -> 
  custom:CustomObjectIndexerAttribute: bc11b3a6c3213fcdd17b65e7da85e133 -> 
  custom:audio-encoder-webm-vorbis: bf7c407c2cedff20999df2af8eb42d56 -> 
  custom:framework-win-MediaFoundation: 216162199b28c13a410421893ffa2e32 -> 
  custom:SearchIndexIgnoredProperties: e643bd26f0fe6173181afceb89e7c659 -> 
  custom:container-demuxer-ogg: 62fdf1f143b41e24485cea50d1cbac27 -> 
  custom:video-decoder-webm-vp8: 9c59270c3fd7afecdb556c50c9e8de78 -> 
  custom:audio-decoder-ogg-vorbis: bf7c407c2cedff20999df2af8eb42d56 -> 
========================================================================
Received Import Request.
  Time since last request: 68424.203539 seconds.
  path: Assets/Interior_1/Prefabs/wall_008.prefab
  artifactKey: Guid(f1459409fe37b4a48b8774c3517fd2f6) Importer(815301076,1909f56bfc062723c751e8b465ee728b)
Number of updated assets reloaded before import = 0
Start importing Assets/Interior_1/Prefabs/wall_008.prefab using Guid(f1459409fe37b4a48b8774c3517fd2f6) Importer(815301076,1909f56bfc062723c751e8b465ee728b)  -> (artifact id: '987ed54ab98c2eb069c880cd1173d54b') in 0.362167 seconds 
Number of asset objects unloaded after import = 16
========================================================================
Received Import Request.
  Time since last request: 0.000124 seconds.
  path: Assets/Interior_1/Meshes/wall_016.fbx
  artifactKey: Guid(6214f40b0ea258644bd20eea7023a8fe) Importer(815301076,1909f56bfc062723c751e8b465ee728b)
Number of updated assets reloaded before import = 0
Start importing Assets/Interior_1/Meshes/wall_016.fbx using Guid(6214f40b0ea258644bd20eea7023a8fe) Importer(815301076,1909f56bfc062723c751e8b465ee728b)  -> (artifact id: 'dc0ed4b980c947337e5a75fff896396c') in 0.169030 seconds 
Number of asset objects unloaded after import = 7
========================================================================
Received Import Request.
  Time since last request: 0.000099 seconds.
  path: Assets/Interior_1/Prefabs/Walls_004.prefab
  artifactKey: Guid(b45c21bd7e0b85a4987484cc289bc8da) Importer(815301076,1909f56bfc062723c751e8b465ee728b)
Number of updated assets reloaded before import = 0
Start importing Assets/Interior_1/Prefabs/Walls_004.prefab using Guid(b45c21bd7e0b85a4987484cc289bc8da) Importer(815301076,1909f56bfc062723c751e8b465ee728b)  -> (artifact id: 'f8cf03d87eeaedb98b3b072122d2eb61') in 0.042039 seconds 
Number of asset objects unloaded after import = 16
========================================================================
Received Import Request.
  Time since last request: 0.000039 seconds.
  path: Assets/Interior_1/Prefabs/Walls_001.prefab
  artifactKey: Guid(c6e9d757e1b6f1242b4adaff0e7ff7e0) Importer(815301076,1909f56bfc062723c751e8b465ee728b)
Number of updated assets reloaded before import = 0
Start importing Assets/Interior_1/Prefabs/Walls_001.prefab using Guid(c6e9d757e1b6f1242b4adaff0e7ff7e0) Importer(815301076,1909f56bfc062723c751e8b465ee728b)  -> (artifact id: '40df5189515b1394b0d0028e7d0f350d') in 0.035753 seconds 
Number of asset objects unloaded after import = 16
========================================================================
Received Import Request.
  Time since last request: 0.000030 seconds.
  path: Assets/Interior_1/Meshes/wall_012.fbx
  artifactKey: Guid(1072aedd1b547ad4db99524cfe8e5e00) Importer(815301076,1909f56bfc062723c751e8b465ee728b)
Number of updated assets reloaded before import = 0
Start importing Assets/Interior_1/Meshes/wall_012.fbx using Guid(1072aedd1b547ad4db99524cfe8e5e00) Importer(815301076,1909f56bfc062723c751e8b465ee728b)  -> (artifact id: 'd8fd8da962150f1e585e371c8e98b985') in 0.032590 seconds 
Number of asset objects unloaded after import = 7
========================================================================
Received Import Request.
  Time since last request: 0.000026 seconds.
  path: Assets/Interior_1/Meshes/wall_009.fbx
  artifactKey: Guid(5143f7293e6c6af40bfbf84e13b18354) Importer(815301076,1909f56bfc062723c751e8b465ee728b)
Number of updated assets reloaded before import = 0
Start importing Assets/Interior_1/Meshes/wall_009.fbx using Guid(5143f7293e6c6af40bfbf84e13b18354) Importer(815301076,1909f56bfc062723c751e8b465ee728b)  -> (artifact id: '0871fc81d2d3c3f1edf6dba7dd28efe0') in 0.021520 seconds 
Number of asset objects unloaded after import = 7
========================================================================
Received Import Request.
  Time since last request: 0.000029 seconds.
  path: Assets/Interior_1/Meshes/wall_011.fbx
  artifactKey: Guid(9ed8bc3ecbc1cc749bfa06b940dab7fb) Importer(815301076,1909f56bfc062723c751e8b465ee728b)
Number of updated assets reloaded before import = 0
Start importing Assets/Interior_1/Meshes/wall_011.fbx using Guid(9ed8bc3ecbc1cc749bfa06b940dab7fb) Importer(815301076,1909f56bfc062723c751e8b465ee728b)  -> (artifact id: '29e24842cabee0934a09a6ee3a156e05') in 0.030076 seconds 
Number of asset objects unloaded after import = 7
========================================================================
Received Import Request.
  Time since last request: 0.000043 seconds.
  path: Assets/Interior_1/Prefabs/Walls_002.prefab
  artifactKey: Guid(bfadaacaa9e56c24cb232ffe628d514e) Importer(815301076,1909f56bfc062723c751e8b465ee728b)
Number of updated assets reloaded before import = 0
Start importing Assets/Interior_1/Prefabs/Walls_002.prefab using Guid(bfadaacaa9e56c24cb232ffe628d514e) Importer(815301076,1909f56bfc062723c751e8b465ee728b)  -> (artifact id: 'f9c64f795612def1999ffa7e25fecb7b') in 0.030502 seconds 
Number of asset objects unloaded after import = 16
========================================================================
Received Import Request.
  Time since last request: 0.000021 seconds.
  path: Assets/Interior_1/Prefabs/wall_010.prefab
  artifactKey: Guid(f15447f9ee471e441b5e47466e57529b) Importer(815301076,1909f56bfc062723c751e8b465ee728b)
Number of updated assets reloaded before import = 0
Start importing Assets/Interior_1/Prefabs/wall_010.prefab using Guid(f15447f9ee471e441b5e47466e57529b) Importer(815301076,1909f56bfc062723c751e8b465ee728b)  -> (artifact id: '204d1888b3c003b033104631ade702fe') in 0.020286 seconds 
Number of asset objects unloaded after import = 16
========================================================================
Received Import Request.
  Time since last request: 0.000025 seconds.
  path: Assets/Interior_1/Prefabs/wall_015.prefab
  artifactKey: Guid(d63dc71ab1a5ac34d81a1cdd83249edc) Importer(815301076,1909f56bfc062723c751e8b465ee728b)
Number of updated assets reloaded before import = 0
Start importing Assets/Interior_1/Prefabs/wall_015.prefab using Guid(d63dc71ab1a5ac34d81a1cdd83249edc) Importer(815301076,1909f56bfc062723c751e8b465ee728b)  -> (artifact id: 'efbdc9c33f8916c73ea203f9aa3f7de8') in 0.048352 seconds 
Number of asset objects unloaded after import = 16
========================================================================
Received Import Request.
  Time since last request: 0.000055 seconds.
  path: Assets/Interior_1/Prefabs/wall_012.prefab
  artifactKey: Guid(0748b8f091fa2df45aca9cd6d92a3270) Importer(815301076,1909f56bfc062723c751e8b465ee728b)
Number of updated assets reloaded before import = 0
Start importing Assets/Interior_1/Prefabs/wall_012.prefab using Guid(0748b8f091fa2df45aca9cd6d92a3270) Importer(815301076,1909f56bfc062723c751e8b465ee728b)  -> (artifact id: '85c7a5aa6df6c70865cfb0b4ebc95587') in 0.029533 seconds 
Number of asset objects unloaded after import = 16
========================================================================
Received Import Request.
  Time since last request: 0.000035 seconds.
  path: Assets/Interior_1/Meshes/wall_015.fbx
  artifactKey: Guid(ca237220bec5aa2429d0da2aea9a2c8f) Importer(815301076,1909f56bfc062723c751e8b465ee728b)
Number of updated assets reloaded before import = 0
Start importing Assets/Interior_1/Meshes/wall_015.fbx using Guid(ca237220bec5aa2429d0da2aea9a2c8f) Importer(815301076,1909f56bfc062723c751e8b465ee728b)  -> (artifact id: 'b74c2b93b3312761ab922bdc24079623') in 0.031875 seconds 
Number of asset objects unloaded after import = 7
========================================================================
Received Import Request.
  Time since last request: 0.000083 seconds.
  path: Assets/Interior_1/Meshes/Walls_001.fbx
  artifactKey: Guid(d2f54807debbb644991f8ca2389d9cd2) Importer(815301076,1909f56bfc062723c751e8b465ee728b)
Number of updated assets reloaded before import = 0
Start importing Assets/Interior_1/Meshes/Walls_001.fbx using Guid(d2f54807debbb644991f8ca2389d9cd2) Importer(815301076,1909f56bfc062723c751e8b465ee728b)  -> (artifact id: 'de35289813804c6d16dbf6f21e1d7a93') in 0.029684 seconds 
Number of asset objects unloaded after import = 7
========================================================================
Received Import Request.
  Time since last request: 0.000059 seconds.
  path: Assets/Interior_1/Prefabs/wall_016.prefab
  artifactKey: Guid(edbb4d61d0a11d541abee28893faf43a) Importer(815301076,1909f56bfc062723c751e8b465ee728b)
Number of updated assets reloaded before import = 0
Start importing Assets/Interior_1/Prefabs/wall_016.prefab using Guid(edbb4d61d0a11d541abee28893faf43a) Importer(815301076,1909f56bfc062723c751e8b465ee728b)  -> (artifact id: '06374f9f94f8175eb7649ad7cfffaf0c') in 0.020031 seconds 
Number of asset objects unloaded after import = 16
========================================================================
Received Import Request.
  Time since last request: 0.000028 seconds.
  path: Assets/Interior_1/Prefabs/wall_013.prefab
  artifactKey: Guid(2bda19648e6d6004e83efc67a201af6d) Importer(815301076,1909f56bfc062723c751e8b465ee728b)
Number of updated assets reloaded before import = 0
Start importing Assets/Interior_1/Prefabs/wall_013.prefab using Guid(2bda19648e6d6004e83efc67a201af6d) Importer(815301076,1909f56bfc062723c751e8b465ee728b)  -> (artifact id: 'b5fe48104a776944eecbc61c537f7f39') in 0.019230 seconds 
Number of asset objects unloaded after import = 16
========================================================================
Received Import Request.
  Time since last request: 0.895649 seconds.
  path: Assets/Interior_1/Meshes/Walls_005.fbx
  artifactKey: Guid(8292870cd36aa294ca6646d1b51a2a61) Importer(815301076,1909f56bfc062723c751e8b465ee728b)
Number of updated assets reloaded before import = 0
Start importing Assets/Interior_1/Meshes/Walls_005.fbx using Guid(8292870cd36aa294ca6646d1b51a2a61) Importer(815301076,1909f56bfc062723c751e8b465ee728b)  -> (artifact id: '6ce0f3d68fa623c90673156ac6f853b5') in 0.049775 seconds 
Number of asset objects unloaded after import = 7
========================================================================
Received Import Request.
  Time since last request: 0.000044 seconds.
  path: Assets/Interior_1/Meshes/Walls_007.fbx
  artifactKey: Guid(e1ddda31d6f803d419e4e2d1ef44b621) Importer(815301076,1909f56bfc062723c751e8b465ee728b)
Number of updated assets reloaded before import = 0
Start importing Assets/Interior_1/Meshes/Walls_007.fbx using Guid(e1ddda31d6f803d419e4e2d1ef44b621) Importer(815301076,1909f56bfc062723c751e8b465ee728b)  -> (artifact id: '388efac23e527d32e207476635fa7f25') in 0.044998 seconds 
Number of asset objects unloaded after import = 7
========================================================================
Received Import Request.
  Time since last request: 0.000038 seconds.
  path: Assets/Interior_1/Prefabs/Walls_006.prefab
  artifactKey: Guid(7f572672a2725144bb8c2c0e0d442f55) Importer(815301076,1909f56bfc062723c751e8b465ee728b)
Number of updated assets reloaded before import = 0
Start importing Assets/Interior_1/Prefabs/Walls_006.prefab using Guid(7f572672a2725144bb8c2c0e0d442f55) Importer(815301076,1909f56bfc062723c751e8b465ee728b)  -> (artifact id: 'aaf3cc83d509000061243419c5e468cb') in 0.025659 seconds 
Number of asset objects unloaded after import = 16
========================================================================
Received Import Request.
  Time since last request: 0.000038 seconds.
  path: Assets/Interior_1/Prefabs/Walls_007.prefab
  artifactKey: Guid(495ac8be8e973844ab4d7a92b2421896) Importer(815301076,1909f56bfc062723c751e8b465ee728b)
Number of updated assets reloaded before import = 0
Start importing Assets/Interior_1/Prefabs/Walls_007.prefab using Guid(495ac8be8e973844ab4d7a92b2421896) Importer(815301076,1909f56bfc062723c751e8b465ee728b)  -> (artifact id: '9dcdd3983545d42c826ae95dcc42c1c1') in 0.024533 seconds 
Number of asset objects unloaded after import = 16
========================================================================
Received Import Request.
  Time since last request: 0.515099 seconds.
  path: Assets/Interior_1/Meshes/Walls_009.fbx
  artifactKey: Guid(cfacf2b83411a08428e299ef87d1e6e2) Importer(815301076,1909f56bfc062723c751e8b465ee728b)
Number of updated assets reloaded before import = 0
Start importing Assets/Interior_1/Meshes/Walls_009.fbx using Guid(cfacf2b83411a08428e299ef87d1e6e2) Importer(815301076,1909f56bfc062723c751e8b465ee728b)  -> (artifact id: 'bc5ffeff361cbaa0a55fa13b1f95b534') in 0.044804 seconds 
Number of asset objects unloaded after import = 7
========================================================================
Received Import Request.
  Time since last request: 0.000041 seconds.
  path: Assets/Interior_1/Meshes/Walls_011.fbx
  artifactKey: Guid(e0661a9a378af544cae6026fe7811a4e) Importer(815301076,1909f56bfc062723c751e8b465ee728b)
Number of updated assets reloaded before import = 0
Start importing Assets/Interior_1/Meshes/Walls_011.fbx using Guid(e0661a9a378af544cae6026fe7811a4e) Importer(815301076,1909f56bfc062723c751e8b465ee728b)  -> (artifact id: '419aa21a7f66fa40f17b86908b5217b3') in 0.046169 seconds 
Number of asset objects unloaded after import = 7
========================================================================
Received Import Request.
  Time since last request: 0.000037 seconds.
  path: Assets/Interior_1/Meshes/Walls_010.fbx
  artifactKey: Guid(7ce70991c8962f545876728f7b31e2a6) Importer(815301076,1909f56bfc062723c751e8b465ee728b)
Number of updated assets reloaded before import = 0
Start importing Assets/Interior_1/Meshes/Walls_010.fbx using Guid(7ce70991c8962f545876728f7b31e2a6) Importer(815301076,1909f56bfc062723c751e8b465ee728b)  -> (artifact id: '0f9af62fd3d173bb93ea7c287cea7389') in 0.050273 seconds 
Number of asset objects unloaded after import = 7
========================================================================
Received Import Request.
  Time since last request: 0.292843 seconds.
  path: Assets/Interior_1/Meshes/Walls_012.fbx
  artifactKey: Guid(f1cb22c622c259943905ed2fef548819) Importer(815301076,1909f56bfc062723c751e8b465ee728b)
Number of updated assets reloaded before import = 0
Start importing Assets/Interior_1/Meshes/Walls_012.fbx using Guid(f1cb22c622c259943905ed2fef548819) Importer(815301076,1909f56bfc062723c751e8b465ee728b)  -> (artifact id: '9858ecc5e9da562b87160da1f58c6584') in 0.022941 seconds 
Number of asset objects unloaded after import = 7
========================================================================
Received Import Request.
  Time since last request: 0.000029 seconds.
  path: Assets/Interior_1/Prefabs/Walls_015.prefab
  artifactKey: Guid(b2149ec94963cb74ea9bb796dc0711a3) Importer(815301076,1909f56bfc062723c751e8b465ee728b)
Number of updated assets reloaded before import = 0
Start importing Assets/Interior_1/Prefabs/Walls_015.prefab using Guid(b2149ec94963cb74ea9bb796dc0711a3) Importer(815301076,1909f56bfc062723c751e8b465ee728b)  -> (artifact id: '699c3f210e1d7c8835e52b88e3a2451d') in 0.032515 seconds 
Number of asset objects unloaded after import = 16
========================================================================
Received Import Request.
  Time since last request: 0.000028 seconds.
  path: Assets/Interior_1/Meshes/Walls_015.fbx
  artifactKey: Guid(8c74a11d8a1f1344ca8ca97cbd8115ec) Importer(815301076,1909f56bfc062723c751e8b465ee728b)
Number of updated assets reloaded before import = 0
Start importing Assets/Interior_1/Meshes/Walls_015.fbx using Guid(8c74a11d8a1f1344ca8ca97cbd8115ec) Importer(815301076,1909f56bfc062723c751e8b465ee728b)  -> (artifact id: 'a485f63bb3679a859cc9330b9f120fcf') in 0.025103 seconds 
Number of asset objects unloaded after import = 7
========================================================================
Received Import Request.
  Time since last request: 0.000033 seconds.
  path: Assets/Interior_1/Meshes/Walls_013.fbx
  artifactKey: Guid(ac41920d5ced58a4b9bfac32a3772a36) Importer(815301076,1909f56bfc062723c751e8b465ee728b)
Number of updated assets reloaded before import = 0
Start importing Assets/Interior_1/Meshes/Walls_013.fbx using Guid(ac41920d5ced58a4b9bfac32a3772a36) Importer(815301076,1909f56bfc062723c751e8b465ee728b)  -> (artifact id: 'd944c5543b48b7ca28fd1162cc73a11f') in 0.027814 seconds 
Number of asset objects unloaded after import = 7
========================================================================
Received Import Request.
  Time since last request: 0.068042 seconds.
  path: Assets/Interior_1/Meshes/Walls_016.fbx
  artifactKey: Guid(954cffad494972f469cff848e0f3aa4f) Importer(815301076,1909f56bfc062723c751e8b465ee728b)
Number of updated assets reloaded before import = 0
Start importing Assets/Interior_1/Meshes/Walls_016.fbx using Guid(954cffad494972f469cff848e0f3aa4f) Importer(815301076,1909f56bfc062723c751e8b465ee728b)  -> (artifact id: 'b0e6dd883b55bfd0388ce0800faed822') in 0.036971 seconds 
Number of asset objects unloaded after import = 7
========================================================================
Received Import Request.
  Time since last request: 0.000029 seconds.
  path: Assets/Interior_1/Prefabs/Walls_019.prefab
  artifactKey: Guid(c4e4b42f757170d4e86883dbb680c977) Importer(815301076,1909f56bfc062723c751e8b465ee728b)
Number of updated assets reloaded before import = 0
Start importing Assets/Interior_1/Prefabs/Walls_019.prefab using Guid(c4e4b42f757170d4e86883dbb680c977) Importer(815301076,1909f56bfc062723c751e8b465ee728b)  -> (artifact id: '26820ee86f75f8e8001b7a9d50e75da3') in 0.034757 seconds 
Number of asset objects unloaded after import = 16
========================================================================
Received Import Request.
  Time since last request: 0.000036 seconds.
  path: Assets/Interior_1/Meshes/Walls_021.fbx
  artifactKey: Guid(877ad01f6648d2146a04245d00baa9bf) Importer(815301076,1909f56bfc062723c751e8b465ee728b)
Number of updated assets reloaded before import = 0
Start importing Assets/Interior_1/Meshes/Walls_021.fbx using Guid(877ad01f6648d2146a04245d00baa9bf) Importer(815301076,1909f56bfc062723c751e8b465ee728b)  -> (artifact id: '269fafc88938a49178bd0da6b12f48a1') in 0.031772 seconds 
Number of asset objects unloaded after import = 7
========================================================================
Received Import Request.
  Time since last request: 0.000033 seconds.
  path: Assets/Interior_1/Meshes/Walls_022.fbx
  artifactKey: Guid(bb526203b19e7354ebc28363548845af) Importer(815301076,1909f56bfc062723c751e8b465ee728b)
Number of updated assets reloaded before import = 0
Start importing Assets/Interior_1/Meshes/Walls_022.fbx using Guid(bb526203b19e7354ebc28363548845af) Importer(815301076,1909f56bfc062723c751e8b465ee728b)  -> (artifact id: '714ea3fcee82a537844b0dbc567f43b8') in 0.039797 seconds 
Number of asset objects unloaded after import = 7
========================================================================
Received Import Request.
  Time since last request: 0.000043 seconds.
  path: Assets/Interior_1/Prefabs/Walls_017.prefab
  artifactKey: Guid(897cb2b9fbf7a4d4b97460150be0445b) Importer(815301076,1909f56bfc062723c751e8b465ee728b)
Number of updated assets reloaded before import = 0
Start importing Assets/Interior_1/Prefabs/Walls_017.prefab using Guid(897cb2b9fbf7a4d4b97460150be0445b) Importer(815301076,1909f56bfc062723c751e8b465ee728b)  -> (artifact id: '000d48246f41c3734a605ea90d574b59') in 0.038799 seconds 
Number of asset objects unloaded after import = 16
========================================================================
Received Import Request.
  Time since last request: 0.000068 seconds.
  path: Assets/Interior_1/Meshes/Walls_023.fbx
  artifactKey: Guid(1881f4e941434ce45a8093e94f24a8ad) Importer(815301076,1909f56bfc062723c751e8b465ee728b)
Number of updated assets reloaded before import = 0
Start importing Assets/Interior_1/Meshes/Walls_023.fbx using Guid(1881f4e941434ce45a8093e94f24a8ad) Importer(815301076,1909f56bfc062723c751e8b465ee728b)  -> (artifact id: '2e6120e76c49964e7a67174907765d9d') in 0.040874 seconds 
Number of asset objects unloaded after import = 7
========================================================================
Received Import Request.
  Time since last request: 0.000032 seconds.
  path: Assets/Interior_1/Meshes/Walls_018.fbx
  artifactKey: Guid(66feac05443124f46b70f0edbb51afc5) Importer(815301076,1909f56bfc062723c751e8b465ee728b)
Number of updated assets reloaded before import = 0
Start importing Assets/Interior_1/Meshes/Walls_018.fbx using Guid(66feac05443124f46b70f0edbb51afc5) Importer(815301076,1909f56bfc062723c751e8b465ee728b)  -> (artifact id: '373a6241a45680dd0286fd470f91bcd7') in 0.028229 seconds 
Number of asset objects unloaded after import = 7
========================================================================
Received Import Request.
  Time since last request: 31.003242 seconds.
  path: Assets/Scenes/Level 4 (Kitchen).unity
  artifactKey: Guid(bfe1f71a1233ddf4dbb2ee479ef191b4) Importer(815301076,1909f56bfc062723c751e8b465ee728b)
Number of updated assets reloaded before import = 0
Start importing Assets/Scenes/Level 4 (Kitchen).unity using Guid(bfe1f71a1233ddf4dbb2ee479ef191b4) Importer(815301076,1909f56bfc062723c751e8b465ee728b)  -> (artifact id: '0d84e5c1ea58a254109bba76529891cb') in 0.010561 seconds 
Number of asset objects unloaded after import = 0
