Using pre-set license
Built from '2021.3/staging' branch; Version is '2021.3.35f1 (157b46ce122a) revision 1407814'; Using compiler version '192829333'; Build Type 'Release'
OS: 'Windows 11  (10.0.22631) 64bit CoreSingleLanguage' Language: 'en' Physical Memory: 7597 MB
BatchMode: 1, IsHumanControllingUs: 0, StartBugReporterOnCrash: 0, Is64bit: 1, IsPro: 1

COMMAND LINE ARGUMENTS:
C:\Program Files\Unity\Hub\Editor\2021.3.35f1\Editor\Unity.exe
-adb2
-batchMode
-noUpm
-name
AssetImportWorker19
-projectPath
C:/New folder/Teddies-Environment
-logFile
Logs/AssetImportWorker19.log
-srvPort
57210
Successfully changed project path to: C:/New folder/Teddies-Environment
C:/New folder/Teddies-Environment
[UnityMemory] Configuration Parameters - Can be set up in boot.config
    "memorysetup-bucket-allocator-granularity=16"
    "memorysetup-bucket-allocator-bucket-count=8"
    "memorysetup-bucket-allocator-block-size=33554432"
    "memorysetup-bucket-allocator-block-count=8"
    "memorysetup-main-allocator-block-size=16777216"
    "memorysetup-thread-allocator-block-size=16777216"
    "memorysetup-gfx-main-allocator-block-size=16777216"
    "memorysetup-gfx-thread-allocator-block-size=16777216"
    "memorysetup-cache-allocator-block-size=4194304"
    "memorysetup-typetree-allocator-block-size=2097152"
    "memorysetup-profiler-bucket-allocator-granularity=16"
    "memorysetup-profiler-bucket-allocator-bucket-count=8"
    "memorysetup-profiler-bucket-allocator-block-size=33554432"
    "memorysetup-profiler-bucket-allocator-block-count=8"
    "memorysetup-profiler-allocator-block-size=16777216"
    "memorysetup-profiler-editor-allocator-block-size=1048576"
    "memorysetup-temp-allocator-size-main=16777216"
    "memorysetup-job-temp-allocator-block-size=2097152"
    "memorysetup-job-temp-allocator-block-size-background=1048576"
    "memorysetup-job-temp-allocator-reduction-small-platforms=262144"
    "memorysetup-temp-allocator-size-background-worker=32768"
    "memorysetup-temp-allocator-size-job-worker=262144"
    "memorysetup-temp-allocator-size-preload-manager=33554432"
    "memorysetup-temp-allocator-size-nav-mesh-worker=65536"
    "memorysetup-temp-allocator-size-audio-worker=65536"
    "memorysetup-temp-allocator-size-cloud-worker=32768"
    "memorysetup-temp-allocator-size-gi-baking-worker=262144"
    "memorysetup-temp-allocator-size-gfx=262144"
Player connection [8336] Host "[IP] 192.168.1.6 [Port] 0 [Flags] 2 [Guid] 3240565915 [EditorId] 3240565915 [Version] 1048832 [Id] WindowsEditor(7,JESS-DESKTOP) [Debug] 1 [PackageName] WindowsEditor [ProjectName] Editor" joined multi-casting on [225.0.0.222:54997]...

Player connection [8336] Host "[IP] 192.168.1.6 [Port] 0 [Flags] 2 [Guid] 3240565915 [EditorId] 3240565915 [Version] 1048832 [Id] WindowsEditor(7,JESS-DESKTOP) [Debug] 1 [PackageName] WindowsEditor [ProjectName] Editor" joined alternative multi-casting on [225.0.0.222:34997]...

[Physics::Module] Initialized MultithreadedJobDispatcher with {0} workers.
Refreshing native plugins compatible for Editor in 162.06 ms, found 3 plugins.
Preloading 0 native plugins for Editor in 0.00 ms.
Initialize engine version: 2021.3.35f1 (157b46ce122a)
[Subsystems] Discovering subsystems at path C:/Program Files/Unity/Hub/Editor/2021.3.35f1/Editor/Data/Resources/UnitySubsystems
[Subsystems] Discovering subsystems at path C:/New folder/Teddies-Environment/Assets
GfxDevice: creating device client; threaded=0; jobified=0
Direct3D:
    Version:  Direct3D 11.0 [level 11.1]
    Renderer: NVIDIA GeForce RTX 3050 Laptop GPU (ID=0x25a2)
    Vendor:   NVIDIA
    VRAM:     3964 MB
    Driver:   31.0.15.5186
Initialize mono
Mono path[0] = 'C:/Program Files/Unity/Hub/Editor/2021.3.35f1/Editor/Data/Managed'
Mono path[1] = 'C:/Program Files/Unity/Hub/Editor/2021.3.35f1/Editor/Data/MonoBleedingEdge/lib/mono/unityjit-win32'
Mono config path = 'C:/Program Files/Unity/Hub/Editor/2021.3.35f1/Editor/Data/MonoBleedingEdge/etc'
Using monoOptions --debugger-agent=transport=dt_socket,embedding=1,server=y,suspend=n,address=127.0.0.1:56408
Begin MonoManager ReloadAssembly
Registering precompiled unity dll's ...
Register platform support module: C:/Program Files/Unity/Hub/Editor/2021.3.35f1/Editor/Data/PlaybackEngines/WindowsStandaloneSupport/UnityEditor.WindowsStandalone.Extensions.dll
Registered in 0.008826 seconds.
Native extension for WindowsStandalone target not found
Refreshing native plugins compatible for Editor in 122.62 ms, found 3 plugins.
Preloading 0 native plugins for Editor in 0.00 ms.
Mono: successfully reloaded assembly
- Completed reload, in  0.964 seconds
Domain Reload Profiling:
	ReloadAssembly (965ms)
		BeginReloadAssembly (217ms)
			ExecutionOrderSort (0ms)
			DisableScriptedObjects (0ms)
			BackupInstance (0ms)
			ReleaseScriptingObjects (0ms)
			CreateAndSetChildDomain (1ms)
		EndReloadAssembly (609ms)
			LoadAssemblies (214ms)
			RebuildTransferFunctionScriptingTraits (0ms)
			SetupTypeCache (143ms)
			ReleaseScriptCaches (0ms)
			RebuildScriptCaches (41ms)
			SetupLoadedEditorAssemblies (373ms)
				LogAssemblyErrors (0ms)
				InitializePlatformSupportModulesInManaged (10ms)
				SetLoadedEditorAssemblies (0ms)
				RefreshPlugins (123ms)
				BeforeProcessingInitializeOnLoad (1ms)
				ProcessInitializeOnLoadAttributes (178ms)
				ProcessInitializeOnLoadMethodAttributes (60ms)
				AfterProcessingInitializeOnLoad (0ms)
				EditorAssembliesLoaded (0ms)
			ExecutionOrderSort2 (0ms)
			AwakeInstancesAfterBackupRestoration (0ms)
Platform modules already initialized, skipping
Registering precompiled user dll's ...
Registered in 0.019474 seconds.
Begin MonoManager ReloadAssembly
Native extension for WindowsStandalone target not found
Refreshing native plugins compatible for Editor in 0.94 ms, found 3 plugins.
Preloading 0 native plugins for Editor in 0.00 ms.
Package Manager log level set to [2]
[Package Manager] Server::EnsureServerProcessIsRunning -- launch failed, reason: Unity was launched with the -noUpm command-line argument
[Package Manager] Cannot connect to Unity Package Manager local server
Mono: successfully reloaded assembly
- Completed reload, in  1.744 seconds
Domain Reload Profiling:
	ReloadAssembly (1745ms)
		BeginReloadAssembly (173ms)
			ExecutionOrderSort (0ms)
			DisableScriptedObjects (7ms)
			BackupInstance (0ms)
			ReleaseScriptingObjects (0ms)
			CreateAndSetChildDomain (24ms)
		EndReloadAssembly (1431ms)
			LoadAssemblies (176ms)
			RebuildTransferFunctionScriptingTraits (0ms)
			SetupTypeCache (329ms)
			ReleaseScriptCaches (1ms)
			RebuildScriptCaches (74ms)
			SetupLoadedEditorAssemblies (847ms)
				LogAssemblyErrors (0ms)
				InitializePlatformSupportModulesInManaged (6ms)
				SetLoadedEditorAssemblies (1ms)
				RefreshPlugins (1ms)
				BeforeProcessingInitializeOnLoad (93ms)
				ProcessInitializeOnLoadAttributes (704ms)
				ProcessInitializeOnLoadMethodAttributes (36ms)
				AfterProcessingInitializeOnLoad (7ms)
				EditorAssembliesLoaded (0ms)
			ExecutionOrderSort2 (0ms)
			AwakeInstancesAfterBackupRestoration (8ms)
Platform modules already initialized, skipping
========================================================================
Worker process is ready to serve import requests
Launched and connected shader compiler UnityShaderCompiler.exe after 0.09 seconds
Refreshing native plugins compatible for Editor in 1.18 ms, found 3 plugins.
Preloading 0 native plugins for Editor in 0.00 ms.
Unloading 3068 Unused Serialized files (Serialized files now loaded: 0)
Unloading 23 unused Assets / (46.4 KB). Loaded Objects now: 3530.
Memory consumption went from 123.3 MB to 123.2 MB.
Total: 4.894500 ms (FindLiveObjects: 0.508600 ms CreateObjectMapping: 0.115400 ms MarkObjects: 4.141400 ms  DeleteObjects: 0.126100 ms)

AssetImportParameters requested are different than current active one (requested -> active):
  custom:video-decoder-ogg-theora: a1e56fd34408186e4bbccfd4996cb3dc -> 
  custom:container-muxer-webm: aa71ff27fc2769a1b78a27578f13a17b -> 
  custom:container-demuxer-webm: 4f35f7cbe854078d1ac9338744f61a02 -> 
  custom:video-encoder-webm-vp8: eb34c28f22e8b96e1ab97ce403110664 -> 
  custom:CustomObjectIndexerAttribute: bc11b3a6c3213fcdd17b65e7da85e133 -> 
  custom:audio-encoder-webm-vorbis: bf7c407c2cedff20999df2af8eb42d56 -> 
  custom:framework-win-MediaFoundation: 216162199b28c13a410421893ffa2e32 -> 
  custom:SearchIndexIgnoredProperties: e643bd26f0fe6173181afceb89e7c659 -> 
  custom:container-demuxer-ogg: 62fdf1f143b41e24485cea50d1cbac27 -> 
  custom:video-decoder-webm-vp8: 9c59270c3fd7afecdb556c50c9e8de78 -> 
  custom:audio-decoder-ogg-vorbis: bf7c407c2cedff20999df2af8eb42d56 -> 
========================================================================
Received Import Request.
  Time since last request: 85294.098249 seconds.
  path: Assets/Interior_1/Prefabs/shelf_001.prefab
  artifactKey: Guid(f76622f71cb0f994897e443ea52328b7) Importer(815301076,1909f56bfc062723c751e8b465ee728b)
Number of updated assets reloaded before import = 0
Start importing Assets/Interior_1/Prefabs/shelf_001.prefab using Guid(f76622f71cb0f994897e443ea52328b7) Importer(815301076,1909f56bfc062723c751e8b465ee728b)  -> (artifact id: 'bfbc986d3b8de679568711e43fc09e1b') in 0.251070 seconds 
Number of asset objects unloaded after import = 16
========================================================================
Received Import Request.
  Time since last request: 0.000084 seconds.
  path: Assets/Interior_1/Prefabs/shelf_008.prefab
  artifactKey: Guid(1e531c0eeb129694185b1ec97527a5cf) Importer(815301076,1909f56bfc062723c751e8b465ee728b)
Number of updated assets reloaded before import = 0
Start importing Assets/Interior_1/Prefabs/shelf_008.prefab using Guid(1e531c0eeb129694185b1ec97527a5cf) Importer(815301076,1909f56bfc062723c751e8b465ee728b)  -> (artifact id: 'cf15521588406ccf88693d8f7272a9de') in 0.039866 seconds 
Number of asset objects unloaded after import = 16
========================================================================
Received Import Request.
  Time since last request: 0.000091 seconds.
  path: Assets/Interior_1/Prefabs/shelf_011.prefab
  artifactKey: Guid(bfcc30b0998b68840b059aeb8df253e0) Importer(815301076,1909f56bfc062723c751e8b465ee728b)
Number of updated assets reloaded before import = 0
Start importing Assets/Interior_1/Prefabs/shelf_011.prefab using Guid(bfcc30b0998b68840b059aeb8df253e0) Importer(815301076,1909f56bfc062723c751e8b465ee728b)  -> (artifact id: '9ae55aa6bbd56ca23699ffd950626249') in 0.043072 seconds 
Number of asset objects unloaded after import = 16
========================================================================
Received Import Request.
  Time since last request: 0.000064 seconds.
  path: Assets/Interior_1/Prefabs/shelf_012.prefab
  artifactKey: Guid(45d779defbee51645a9973086da0a3a7) Importer(815301076,1909f56bfc062723c751e8b465ee728b)
Number of updated assets reloaded before import = 0
Start importing Assets/Interior_1/Prefabs/shelf_012.prefab using Guid(45d779defbee51645a9973086da0a3a7) Importer(815301076,1909f56bfc062723c751e8b465ee728b)  -> (artifact id: 'ebc1edf3bd9c4f355dc55951ebb87cc1') in 0.039386 seconds 
Number of asset objects unloaded after import = 16
========================================================================
Received Import Request.
  Time since last request: 0.000055 seconds.
  path: Assets/Interior_1/Prefabs/shelf_006.prefab
  artifactKey: Guid(eeb3360538f07ad48b7a4b5e92834021) Importer(815301076,1909f56bfc062723c751e8b465ee728b)
Number of updated assets reloaded before import = 0
Start importing Assets/Interior_1/Prefabs/shelf_006.prefab using Guid(eeb3360538f07ad48b7a4b5e92834021) Importer(815301076,1909f56bfc062723c751e8b465ee728b)  -> (artifact id: '2dfb759cac0d135b85224c44765ca2bb') in 0.035960 seconds 
Number of asset objects unloaded after import = 16
========================================================================
Received Import Request.
  Time since last request: 0.000122 seconds.
  path: Assets/Interior_1/Prefabs/shelf_004.prefab
  artifactKey: Guid(129a3f5125d2b75499d7627ed577c527) Importer(815301076,1909f56bfc062723c751e8b465ee728b)
Number of updated assets reloaded before import = 0
Start importing Assets/Interior_1/Prefabs/shelf_004.prefab using Guid(129a3f5125d2b75499d7627ed577c527) Importer(815301076,1909f56bfc062723c751e8b465ee728b)  -> (artifact id: 'f5732f02dfe788ef9b3e63b0cf91f183') in 0.030868 seconds 
Number of asset objects unloaded after import = 16
========================================================================
Received Import Request.
  Time since last request: 3.589693 seconds.
  path: Assets/Interior_1/Prefabs/shelf_013.prefab
  artifactKey: Guid(e1a1ab3586846a842b5dccd57efd46cc) Importer(815301076,1909f56bfc062723c751e8b465ee728b)
Number of updated assets reloaded before import = 0
Start importing Assets/Interior_1/Prefabs/shelf_013.prefab using Guid(e1a1ab3586846a842b5dccd57efd46cc) Importer(815301076,1909f56bfc062723c751e8b465ee728b)  -> (artifact id: '2f156217c4a14d546f1b72ab2778d5f2') in 0.031678 seconds 
Number of asset objects unloaded after import = 16
========================================================================
Received Import Request.
  Time since last request: 0.000028 seconds.
  path: Assets/Interior_1/Prefabs/shelf_019.prefab
  artifactKey: Guid(1df8222037e93f74484b491703df72b4) Importer(815301076,1909f56bfc062723c751e8b465ee728b)
Number of updated assets reloaded before import = 0
Start importing Assets/Interior_1/Prefabs/shelf_019.prefab using Guid(1df8222037e93f74484b491703df72b4) Importer(815301076,1909f56bfc062723c751e8b465ee728b)  -> (artifact id: '25d2e8267137a46053ebd15db8603adf') in 0.030637 seconds 
Number of asset objects unloaded after import = 16
========================================================================
Received Import Request.
  Time since last request: 0.000037 seconds.
  path: Assets/Interior_1/Prefabs/shelf_022.prefab
  artifactKey: Guid(5d941a80329c9c342827da0986871fc7) Importer(815301076,1909f56bfc062723c751e8b465ee728b)
Number of updated assets reloaded before import = 0
Start importing Assets/Interior_1/Prefabs/shelf_022.prefab using Guid(5d941a80329c9c342827da0986871fc7) Importer(815301076,1909f56bfc062723c751e8b465ee728b)  -> (artifact id: 'b197d8255dd5b378ebc5ddada7229793') in 0.029847 seconds 
Number of asset objects unloaded after import = 16
========================================================================
Received Import Request.
  Time since last request: 0.000057 seconds.
  path: Assets/Interior_1/Prefabs/shelf_023.prefab
  artifactKey: Guid(6f3867ad25d6a2347ae692a9968d01fd) Importer(815301076,1909f56bfc062723c751e8b465ee728b)
Number of updated assets reloaded before import = 0
Start importing Assets/Interior_1/Prefabs/shelf_023.prefab using Guid(6f3867ad25d6a2347ae692a9968d01fd) Importer(815301076,1909f56bfc062723c751e8b465ee728b)  -> (artifact id: '96d30aadc15fb5175430384da5665fe3') in 0.032304 seconds 
Number of asset objects unloaded after import = 16
========================================================================
Received Import Request.
  Time since last request: 0.000047 seconds.
  path: Assets/Interior_1/Prefabs/shelf_020.prefab
  artifactKey: Guid(b2eada894a6d6c8408466e51d65cdf3e) Importer(815301076,1909f56bfc062723c751e8b465ee728b)
Number of updated assets reloaded before import = 0
Start importing Assets/Interior_1/Prefabs/shelf_020.prefab using Guid(b2eada894a6d6c8408466e51d65cdf3e) Importer(815301076,1909f56bfc062723c751e8b465ee728b)  -> (artifact id: '2ef5d2aba1725d51498973b5ad00dec9') in 0.031038 seconds 
Number of asset objects unloaded after import = 16
========================================================================
Received Import Request.
  Time since last request: 0.000052 seconds.
  path: Assets/Interior_1/Prefabs/shelf_015.prefab
  artifactKey: Guid(446b677f456405043a9410724771a447) Importer(815301076,1909f56bfc062723c751e8b465ee728b)
Number of updated assets reloaded before import = 0
Start importing Assets/Interior_1/Prefabs/shelf_015.prefab using Guid(446b677f456405043a9410724771a447) Importer(815301076,1909f56bfc062723c751e8b465ee728b)  -> (artifact id: '03ee04dcf445d8396bccaace63114fdf') in 0.030595 seconds 
Number of asset objects unloaded after import = 16
========================================================================
Received Import Request.
  Time since last request: 0.450374 seconds.
  path: Assets/Interior_1/Prefabs/shelf_024.prefab
  artifactKey: Guid(fa99e6c8297ed074fb151412418aa18c) Importer(815301076,1909f56bfc062723c751e8b465ee728b)
Number of updated assets reloaded before import = 0
Start importing Assets/Interior_1/Prefabs/shelf_024.prefab using Guid(fa99e6c8297ed074fb151412418aa18c) Importer(815301076,1909f56bfc062723c751e8b465ee728b)  -> (artifact id: '558dd2992ed26c5c5025116b747ec6f3') in 0.034892 seconds 
Number of asset objects unloaded after import = 16
========================================================================
Received Import Request.
  Time since last request: 0.000027 seconds.
  path: Assets/Interior_1/Prefabs/shelf_028.prefab
  artifactKey: Guid(6ff38b11544ae6e42af2164740b537a9) Importer(815301076,1909f56bfc062723c751e8b465ee728b)
Number of updated assets reloaded before import = 0
Start importing Assets/Interior_1/Prefabs/shelf_028.prefab using Guid(6ff38b11544ae6e42af2164740b537a9) Importer(815301076,1909f56bfc062723c751e8b465ee728b)  -> (artifact id: 'e62be90ba4ed8e478a0dbd818abf2da9') in 0.038406 seconds 
Number of asset objects unloaded after import = 16
========================================================================
Received Import Request.
  Time since last request: 0.000030 seconds.
  path: Assets/Interior_1/Prefabs/shelf_029.prefab
  artifactKey: Guid(ea7e4ce34499d914692d11c919a74875) Importer(815301076,1909f56bfc062723c751e8b465ee728b)
Number of updated assets reloaded before import = 0
Start importing Assets/Interior_1/Prefabs/shelf_029.prefab using Guid(ea7e4ce34499d914692d11c919a74875) Importer(815301076,1909f56bfc062723c751e8b465ee728b)  -> (artifact id: '17d050f89fdc2f2bdb5a631e5b7ea29d') in 0.026989 seconds 
Number of asset objects unloaded after import = 16
========================================================================
Received Import Request.
  Time since last request: 0.000043 seconds.
  path: Assets/Interior_1/Prefabs/shelf_030.prefab
  artifactKey: Guid(ff170fcb91cea794f895b2e6aff137da) Importer(815301076,1909f56bfc062723c751e8b465ee728b)
Number of updated assets reloaded before import = 0
Start importing Assets/Interior_1/Prefabs/shelf_030.prefab using Guid(ff170fcb91cea794f895b2e6aff137da) Importer(815301076,1909f56bfc062723c751e8b465ee728b)  -> (artifact id: '40347a70f3069bc0d8065ca3014b00ec') in 0.030726 seconds 
Number of asset objects unloaded after import = 16
========================================================================
Received Import Request.
  Time since last request: 0.000050 seconds.
  path: Assets/Interior_1/Prefabs/shelf_032.prefab
  artifactKey: Guid(0f0704f3785ba124cba439a6ecdfafe1) Importer(815301076,1909f56bfc062723c751e8b465ee728b)
Number of updated assets reloaded before import = 0
Start importing Assets/Interior_1/Prefabs/shelf_032.prefab using Guid(0f0704f3785ba124cba439a6ecdfafe1) Importer(815301076,1909f56bfc062723c751e8b465ee728b)  -> (artifact id: 'c453c779d2b37560bb6ac969cf8f2264') in 0.033110 seconds 
Number of asset objects unloaded after import = 16
Editor requested this worker to shutdown with reason: Scaling down because of idle timeout
AssetImportWorker is now disconnected from the server
Process exiting
Exiting without the bug reporter. Application will terminate with return code 0