Using pre-set license
Built from '2021.3/staging' branch; Version is '2021.3.35f1 (157b46ce122a) revision 1407814'; Using compiler version '192829333'; Build Type 'Release'
OS: 'Windows 11  (10.0.22631) 64bit CoreSingleLanguage' Language: 'en' Physical Memory: 7597 MB
BatchMode: 1, IsHumanControllingUs: 0, StartBugReporterOnCrash: 0, Is64bit: 1, IsPro: 1

COMMAND LINE ARGUMENTS:
C:\Program Files\Unity\Hub\Editor\2021.3.35f1\Editor\Unity.exe
-adb2
-batchMode
-noUpm
-name
AssetImportWorker5
-projectPath
C:/New folder/Teddies-Environment
-logFile
Logs/AssetImportWorker5.log
-srvPort
52928
Successfully changed project path to: C:/New folder/Teddies-Environment
C:/New folder/Teddies-Environment
[UnityMemory] Configuration Parameters - Can be set up in boot.config
    "memorysetup-bucket-allocator-granularity=16"
    "memorysetup-bucket-allocator-bucket-count=8"
    "memorysetup-bucket-allocator-block-size=33554432"
    "memorysetup-bucket-allocator-block-count=8"
    "memorysetup-main-allocator-block-size=16777216"
    "memorysetup-thread-allocator-block-size=16777216"
    "memorysetup-gfx-main-allocator-block-size=16777216"
    "memorysetup-gfx-thread-allocator-block-size=16777216"
    "memorysetup-cache-allocator-block-size=4194304"
    "memorysetup-typetree-allocator-block-size=2097152"
    "memorysetup-profiler-bucket-allocator-granularity=16"
    "memorysetup-profiler-bucket-allocator-bucket-count=8"
    "memorysetup-profiler-bucket-allocator-block-size=33554432"
    "memorysetup-profiler-bucket-allocator-block-count=8"
    "memorysetup-profiler-allocator-block-size=16777216"
    "memorysetup-profiler-editor-allocator-block-size=1048576"
    "memorysetup-temp-allocator-size-main=16777216"
    "memorysetup-job-temp-allocator-block-size=2097152"
    "memorysetup-job-temp-allocator-block-size-background=1048576"
    "memorysetup-job-temp-allocator-reduction-small-platforms=262144"
    "memorysetup-temp-allocator-size-background-worker=32768"
    "memorysetup-temp-allocator-size-job-worker=262144"
    "memorysetup-temp-allocator-size-preload-manager=33554432"
    "memorysetup-temp-allocator-size-nav-mesh-worker=65536"
    "memorysetup-temp-allocator-size-audio-worker=65536"
    "memorysetup-temp-allocator-size-cloud-worker=32768"
    "memorysetup-temp-allocator-size-gi-baking-worker=262144"
    "memorysetup-temp-allocator-size-gfx=262144"
Player connection [4824] Host "[IP] 192.168.1.6 [Port] 0 [Flags] 2 [Guid] 530413149 [EditorId] 530413149 [Version] 1048832 [Id] WindowsEditor(7,JESS-DESKTOP) [Debug] 1 [PackageName] WindowsEditor [ProjectName] Editor" joined multi-casting on [225.0.0.222:54997]...

Player connection [4824] Host "[IP] 192.168.1.6 [Port] 0 [Flags] 2 [Guid] 530413149 [EditorId] 530413149 [Version] 1048832 [Id] WindowsEditor(7,JESS-DESKTOP) [Debug] 1 [PackageName] WindowsEditor [ProjectName] Editor" joined alternative multi-casting on [225.0.0.222:34997]...

[Physics::Module] Initialized MultithreadedJobDispatcher with {0} workers.
Refreshing native plugins compatible for Editor in 180.16 ms, found 3 plugins.
Preloading 0 native plugins for Editor in 0.00 ms.
Initialize engine version: 2021.3.35f1 (157b46ce122a)
[Subsystems] Discovering subsystems at path C:/Program Files/Unity/Hub/Editor/2021.3.35f1/Editor/Data/Resources/UnitySubsystems
[Subsystems] Discovering subsystems at path C:/New folder/Teddies-Environment/Assets
GfxDevice: creating device client; threaded=0; jobified=0
Direct3D:
    Version:  Direct3D 11.0 [level 11.1]
    Renderer: AMD Radeon(TM) Graphics (ID=0x1636)
    Vendor:   ATI
    VRAM:     3798 MB
    Driver:   31.0.12014.6
Initialize mono
Mono path[0] = 'C:/Program Files/Unity/Hub/Editor/2021.3.35f1/Editor/Data/Managed'
Mono path[1] = 'C:/Program Files/Unity/Hub/Editor/2021.3.35f1/Editor/Data/MonoBleedingEdge/lib/mono/unityjit-win32'
Mono config path = 'C:/Program Files/Unity/Hub/Editor/2021.3.35f1/Editor/Data/MonoBleedingEdge/etc'
Using monoOptions --debugger-agent=transport=dt_socket,embedding=1,server=y,suspend=n,address=127.0.0.1:56876
Begin MonoManager ReloadAssembly
Registering precompiled unity dll's ...
Register platform support module: C:/Program Files/Unity/Hub/Editor/2021.3.35f1/Editor/Data/PlaybackEngines/WindowsStandaloneSupport/UnityEditor.WindowsStandalone.Extensions.dll
Registered in 0.009662 seconds.
Native extension for WindowsStandalone target not found
Refreshing native plugins compatible for Editor in 251.74 ms, found 3 plugins.
Preloading 0 native plugins for Editor in 0.00 ms.
Mono: successfully reloaded assembly
- Completed reload, in  1.589 seconds
Domain Reload Profiling:
	ReloadAssembly (1590ms)
		BeginReloadAssembly (167ms)
			ExecutionOrderSort (0ms)
			DisableScriptedObjects (0ms)
			BackupInstance (0ms)
			ReleaseScriptingObjects (0ms)
			CreateAndSetChildDomain (1ms)
		EndReloadAssembly (1165ms)
			LoadAssemblies (163ms)
			RebuildTransferFunctionScriptingTraits (0ms)
			SetupTypeCache (260ms)
			ReleaseScriptCaches (0ms)
			RebuildScriptCaches (77ms)
			SetupLoadedEditorAssemblies (737ms)
				LogAssemblyErrors (0ms)
				InitializePlatformSupportModulesInManaged (23ms)
				SetLoadedEditorAssemblies (1ms)
				RefreshPlugins (252ms)
				BeforeProcessingInitializeOnLoad (3ms)
				ProcessInitializeOnLoadAttributes (338ms)
				ProcessInitializeOnLoadMethodAttributes (120ms)
				AfterProcessingInitializeOnLoad (0ms)
				EditorAssembliesLoaded (0ms)
			ExecutionOrderSort2 (0ms)
			AwakeInstancesAfterBackupRestoration (0ms)
Platform modules already initialized, skipping
Registering precompiled user dll's ...
Registered in 0.017488 seconds.
Begin MonoManager ReloadAssembly
Native extension for WindowsStandalone target not found
Refreshing native plugins compatible for Editor in 1.32 ms, found 3 plugins.
Preloading 0 native plugins for Editor in 0.00 ms.
Package Manager log level set to [2]
[Package Manager] Server::EnsureServerProcessIsRunning -- launch failed, reason: Unity was launched with the -noUpm command-line argument
[Package Manager] Cannot connect to Unity Package Manager local server
Mono: successfully reloaded assembly
- Completed reload, in  2.514 seconds
Domain Reload Profiling:
	ReloadAssembly (2516ms)
		BeginReloadAssembly (349ms)
			ExecutionOrderSort (0ms)
			DisableScriptedObjects (18ms)
			BackupInstance (0ms)
			ReleaseScriptingObjects (0ms)
			CreateAndSetChildDomain (52ms)
		EndReloadAssembly (1924ms)
			LoadAssemblies (239ms)
			RebuildTransferFunctionScriptingTraits (0ms)
			SetupTypeCache (562ms)
			ReleaseScriptCaches (1ms)
			RebuildScriptCaches (123ms)
			SetupLoadedEditorAssemblies (1018ms)
				LogAssemblyErrors (0ms)
				InitializePlatformSupportModulesInManaged (8ms)
				SetLoadedEditorAssemblies (1ms)
				RefreshPlugins (1ms)
				BeforeProcessingInitializeOnLoad (119ms)
				ProcessInitializeOnLoadAttributes (845ms)
				ProcessInitializeOnLoadMethodAttributes (36ms)
				AfterProcessingInitializeOnLoad (8ms)
				EditorAssembliesLoaded (0ms)
			ExecutionOrderSort2 (0ms)
			AwakeInstancesAfterBackupRestoration (9ms)
Platform modules already initialized, skipping
========================================================================
Worker process is ready to serve import requests
Launched and connected shader compiler UnityShaderCompiler.exe after 0.07 seconds
Refreshing native plugins compatible for Editor in 1.40 ms, found 3 plugins.
Preloading 0 native plugins for Editor in 0.00 ms.
Unloading 3068 Unused Serialized files (Serialized files now loaded: 0)
Unloading 23 unused Assets / (46.8 KB). Loaded Objects now: 3530.
Memory consumption went from 123.3 MB to 123.2 MB.
Total: 5.039900 ms (FindLiveObjects: 0.361200 ms CreateObjectMapping: 0.163300 ms MarkObjects: 4.375900 ms  DeleteObjects: 0.137300 ms)

AssetImportParameters requested are different than current active one (requested -> active):
  custom:video-decoder-ogg-theora: a1e56fd34408186e4bbccfd4996cb3dc -> 
  custom:container-muxer-webm: aa71ff27fc2769a1b78a27578f13a17b -> 
  custom:container-demuxer-webm: 4f35f7cbe854078d1ac9338744f61a02 -> 
  custom:video-encoder-webm-vp8: eb34c28f22e8b96e1ab97ce403110664 -> 
  custom:CustomObjectIndexerAttribute: bc11b3a6c3213fcdd17b65e7da85e133 -> 
  custom:audio-encoder-webm-vorbis: bf7c407c2cedff20999df2af8eb42d56 -> 
  custom:framework-win-MediaFoundation: 216162199b28c13a410421893ffa2e32 -> 
  custom:SearchIndexIgnoredProperties: e643bd26f0fe6173181afceb89e7c659 -> 
  custom:container-demuxer-ogg: 62fdf1f143b41e24485cea50d1cbac27 -> 
  custom:video-decoder-webm-vp8: 9c59270c3fd7afecdb556c50c9e8de78 -> 
  custom:audio-decoder-ogg-vorbis: bf7c407c2cedff20999df2af8eb42d56 -> 
========================================================================
Received Import Request.
  Time since last request: 104631.305674 seconds.
  path: Assets/Interior_1/Prefabs/kitchen_item_050.prefab
  artifactKey: Guid(346784a7864cc5d468925828a808028f) Importer(815301076,1909f56bfc062723c751e8b465ee728b)
Number of updated assets reloaded before import = 0
Start importing Assets/Interior_1/Prefabs/kitchen_item_050.prefab using Guid(346784a7864cc5d468925828a808028f) Importer(815301076,1909f56bfc062723c751e8b465ee728b)  -> (artifact id: '6cc5fc4075692a48e51f267d37b6a1f8') in 0.254296 seconds 
Number of asset objects unloaded after import = 16
========================================================================
Received Import Request.
  Time since last request: 0.437080 seconds.
  path: Assets/Interior_1/Prefabs/kitchen_item_054.prefab
  artifactKey: Guid(fcd0034f3080fa24ea08ed300f77ba26) Importer(815301076,1909f56bfc062723c751e8b465ee728b)
Number of updated assets reloaded before import = 0
Start importing Assets/Interior_1/Prefabs/kitchen_item_054.prefab using Guid(fcd0034f3080fa24ea08ed300f77ba26) Importer(815301076,1909f56bfc062723c751e8b465ee728b)  -> (artifact id: 'f011f248e35d2b820dbb4d9073b46a5b') in 0.035405 seconds 
Number of asset objects unloaded after import = 16
========================================================================
Received Import Request.
  Time since last request: 0.000037 seconds.
  path: Assets/Interior_1/Prefabs/kitchen_item_057.prefab
  artifactKey: Guid(e7ba9f7bb549cbe45920b9a7a5ce6797) Importer(815301076,1909f56bfc062723c751e8b465ee728b)
Number of updated assets reloaded before import = 0
Start importing Assets/Interior_1/Prefabs/kitchen_item_057.prefab using Guid(e7ba9f7bb549cbe45920b9a7a5ce6797) Importer(815301076,1909f56bfc062723c751e8b465ee728b)  -> (artifact id: 'bb5cbda1184fd9e3eb462ff20f5c42df') in 0.041785 seconds 
Number of asset objects unloaded after import = 16
========================================================================
Received Import Request.
  Time since last request: 0.052182 seconds.
  path: Assets/Interior_1/Meshes/kitchen_item_059.fbx
  artifactKey: Guid(6e0e8aa6c729c814dbc2510935aae761) Importer(815301076,1909f56bfc062723c751e8b465ee728b)
Number of updated assets reloaded before import = 0
Start importing Assets/Interior_1/Meshes/kitchen_item_059.fbx using Guid(6e0e8aa6c729c814dbc2510935aae761) Importer(815301076,1909f56bfc062723c751e8b465ee728b)  -> (artifact id: 'c3dec31cc4e7e5d35ccdcd33cf7b30ad') in 0.128323 seconds 
Number of asset objects unloaded after import = 7
========================================================================
Received Import Request.
  Time since last request: 0.426743 seconds.
  path: Assets/Interior_1/Prefabs/kitchen_item_063.prefab
  artifactKey: Guid(088fd0d80f58380498467482fb968472) Importer(815301076,1909f56bfc062723c751e8b465ee728b)
Number of updated assets reloaded before import = 0
Start importing Assets/Interior_1/Prefabs/kitchen_item_063.prefab using Guid(088fd0d80f58380498467482fb968472) Importer(815301076,1909f56bfc062723c751e8b465ee728b)  -> (artifact id: '393fd448972e5d2f4f2e99d845c906c8') in 0.033104 seconds 
Number of asset objects unloaded after import = 16
========================================================================
Received Import Request.
  Time since last request: 0.000041 seconds.
  path: Assets/Interior_1/Meshes/kitchen_item_065.fbx
  artifactKey: Guid(36f3b2c7df55c7b49813d7faa17d7169) Importer(815301076,1909f56bfc062723c751e8b465ee728b)
Number of updated assets reloaded before import = 0
Start importing Assets/Interior_1/Meshes/kitchen_item_065.fbx using Guid(36f3b2c7df55c7b49813d7faa17d7169) Importer(815301076,1909f56bfc062723c751e8b465ee728b)  -> (artifact id: '16024b842018f92fd10f93c31e41731f') in 0.041518 seconds 
Number of asset objects unloaded after import = 7
========================================================================
Received Import Request.
  Time since last request: 0.023348 seconds.
  path: Assets/Interior_1/Meshes/kitchen_table_001.fbx
  artifactKey: Guid(afdce7924f321994fb2fc50017d5f6cc) Importer(815301076,1909f56bfc062723c751e8b465ee728b)
Number of updated assets reloaded before import = 0
Start importing Assets/Interior_1/Meshes/kitchen_table_001.fbx using Guid(afdce7924f321994fb2fc50017d5f6cc) Importer(815301076,1909f56bfc062723c751e8b465ee728b)  -> (artifact id: 'dfcf5b3669442e6cff0fc4d7a2be9387') in 0.042201 seconds 
Number of asset objects unloaded after import = 7
========================================================================
Received Import Request.
  Time since last request: 0.570808 seconds.
  path: Assets/Interior_1/Meshes/kitchen_table_005.fbx
  artifactKey: Guid(c4d961f60f00647499976a16513615a4) Importer(815301076,1909f56bfc062723c751e8b465ee728b)
Number of updated assets reloaded before import = 0
Start importing Assets/Interior_1/Meshes/kitchen_table_005.fbx using Guid(c4d961f60f00647499976a16513615a4) Importer(815301076,1909f56bfc062723c751e8b465ee728b)  -> (artifact id: 'a2310386bb79bab9f669caba106b3c61') in 0.042350 seconds 
Number of asset objects unloaded after import = 7
========================================================================
Received Import Request.
  Time since last request: 0.000040 seconds.
  path: Assets/Interior_1/Prefabs/kitchen_table_005.prefab
  artifactKey: Guid(387b92925963752498dab8a1374ad6da) Importer(815301076,1909f56bfc062723c751e8b465ee728b)
Number of updated assets reloaded before import = 0
Start importing Assets/Interior_1/Prefabs/kitchen_table_005.prefab using Guid(387b92925963752498dab8a1374ad6da) Importer(815301076,1909f56bfc062723c751e8b465ee728b)  -> (artifact id: '76ab7a0bea8734fe3649cc9c7e66d83e') in 0.027330 seconds 
Number of asset objects unloaded after import = 16
========================================================================
Received Import Request.
  Time since last request: 7.758964 seconds.
  path: Assets/Interior_1/Meshes/kitchen_table_009.fbx
  artifactKey: Guid(0b32815e2fbd43c4cae188cf9d777b49) Importer(815301076,1909f56bfc062723c751e8b465ee728b)
Number of updated assets reloaded before import = 0
Start importing Assets/Interior_1/Meshes/kitchen_table_009.fbx using Guid(0b32815e2fbd43c4cae188cf9d777b49) Importer(815301076,1909f56bfc062723c751e8b465ee728b)  -> (artifact id: '983a7ff6eddd6fea346ff6e9486e72cb') in 0.042076 seconds 
Number of asset objects unloaded after import = 7
========================================================================
Received Import Request.
  Time since last request: 0.000042 seconds.
  path: Assets/Interior_1/Prefabs/kitchen_table_010.prefab
  artifactKey: Guid(341a629743cc1e34b92b491ed0d15e15) Importer(815301076,1909f56bfc062723c751e8b465ee728b)
Number of updated assets reloaded before import = 0
Start importing Assets/Interior_1/Prefabs/kitchen_table_010.prefab using Guid(341a629743cc1e34b92b491ed0d15e15) Importer(815301076,1909f56bfc062723c751e8b465ee728b)  -> (artifact id: '6ff21d1193de3fa2d1b481e13b96b2c5') in 0.038852 seconds 
Number of asset objects unloaded after import = 16
========================================================================
Received Import Request.
  Time since last request: 0.004358 seconds.
  path: Assets/Interior_1/Prefabs/kitchen_table_013.prefab
  artifactKey: Guid(555b6b705a792e14298c3f4b01a91c9a) Importer(815301076,1909f56bfc062723c751e8b465ee728b)
Number of updated assets reloaded before import = 0
Start importing Assets/Interior_1/Prefabs/kitchen_table_013.prefab using Guid(555b6b705a792e14298c3f4b01a91c9a) Importer(815301076,1909f56bfc062723c751e8b465ee728b)  -> (artifact id: 'eccf21696c3af913b415c1aa59da684e') in 0.038037 seconds 
Number of asset objects unloaded after import = 16
========================================================================
Received Import Request.
  Time since last request: 0.000070 seconds.
  path: Assets/Interior_1/Meshes/kitchen_table_016.fbx
  artifactKey: Guid(2d71951968e16df459af4971de678fc9) Importer(815301076,1909f56bfc062723c751e8b465ee728b)
Number of updated assets reloaded before import = 0
Start importing Assets/Interior_1/Meshes/kitchen_table_016.fbx using Guid(2d71951968e16df459af4971de678fc9) Importer(815301076,1909f56bfc062723c751e8b465ee728b)  -> (artifact id: '2046d1a4a989ede530e7b3719c5ad5b7') in 0.056092 seconds 
Number of asset objects unloaded after import = 7
========================================================================
Received Import Request.
  Time since last request: 0.542272 seconds.
  path: Assets/Interior_1/Meshes/kitchen_table_018.fbx
  artifactKey: Guid(689698d251a07914dab79f223c24c32e) Importer(815301076,1909f56bfc062723c751e8b465ee728b)
Number of updated assets reloaded before import = 0
Start importing Assets/Interior_1/Meshes/kitchen_table_018.fbx using Guid(689698d251a07914dab79f223c24c32e) Importer(815301076,1909f56bfc062723c751e8b465ee728b)  -> (artifact id: 'c579dcd1b181a5271646ead68bd61ac8') in 0.042432 seconds 
Number of asset objects unloaded after import = 7
========================================================================
Received Import Request.
  Time since last request: 0.000045 seconds.
  path: Assets/Interior_1/Prefabs/kitchen_table_020.prefab
  artifactKey: Guid(d14644882cc8bb54bbb30e692fe0661e) Importer(815301076,1909f56bfc062723c751e8b465ee728b)
Number of updated assets reloaded before import = 0
Start importing Assets/Interior_1/Prefabs/kitchen_table_020.prefab using Guid(d14644882cc8bb54bbb30e692fe0661e) Importer(815301076,1909f56bfc062723c751e8b465ee728b)  -> (artifact id: 'b0a3cc381ab11edfe711ae8c34a56871') in 0.036155 seconds 
Number of asset objects unloaded after import = 16
Editor requested this worker to shutdown with reason: Scaling down because of idle timeout
AssetImportWorker is now disconnected from the server
Process exiting
Exiting without the bug reporter. Application will terminate with return code 0