Using pre-set license
Built from '2021.3/staging' branch; Version is '2021.3.35f1 (157b46ce122a) revision 1407814'; Using compiler version '192829333'; Build Type 'Release'
OS: 'Windows 11  (10.0.22631) 64bit CoreSingleLanguage' Language: 'en' Physical Memory: 7597 MB
BatchMode: 1, IsHumanControllingUs: 0, StartBugReporterOnCrash: 0, Is64bit: 1, IsPro: 1

COMMAND LINE ARGUMENTS:
C:\Program Files\Unity\Hub\Editor\2021.3.35f1\Editor\Unity.exe
-adb2
-batchMode
-noUpm
-name
AssetImportWorker10
-projectPath
C:/New folder/Teddies-Environment
-logFile
Logs/AssetImportWorker10.log
-srvPort
57210
Successfully changed project path to: C:/New folder/Teddies-Environment
C:/New folder/Teddies-Environment
[UnityMemory] Configuration Parameters - Can be set up in boot.config
    "memorysetup-bucket-allocator-granularity=16"
    "memorysetup-bucket-allocator-bucket-count=8"
    "memorysetup-bucket-allocator-block-size=33554432"
    "memorysetup-bucket-allocator-block-count=8"
    "memorysetup-main-allocator-block-size=16777216"
    "memorysetup-thread-allocator-block-size=16777216"
    "memorysetup-gfx-main-allocator-block-size=16777216"
    "memorysetup-gfx-thread-allocator-block-size=16777216"
    "memorysetup-cache-allocator-block-size=4194304"
    "memorysetup-typetree-allocator-block-size=2097152"
    "memorysetup-profiler-bucket-allocator-granularity=16"
    "memorysetup-profiler-bucket-allocator-bucket-count=8"
    "memorysetup-profiler-bucket-allocator-block-size=33554432"
    "memorysetup-profiler-bucket-allocator-block-count=8"
    "memorysetup-profiler-allocator-block-size=16777216"
    "memorysetup-profiler-editor-allocator-block-size=1048576"
    "memorysetup-temp-allocator-size-main=16777216"
    "memorysetup-job-temp-allocator-block-size=2097152"
    "memorysetup-job-temp-allocator-block-size-background=1048576"
    "memorysetup-job-temp-allocator-reduction-small-platforms=262144"
    "memorysetup-temp-allocator-size-background-worker=32768"
    "memorysetup-temp-allocator-size-job-worker=262144"
    "memorysetup-temp-allocator-size-preload-manager=33554432"
    "memorysetup-temp-allocator-size-nav-mesh-worker=65536"
    "memorysetup-temp-allocator-size-audio-worker=65536"
    "memorysetup-temp-allocator-size-cloud-worker=32768"
    "memorysetup-temp-allocator-size-gi-baking-worker=262144"
    "memorysetup-temp-allocator-size-gfx=262144"
Player connection [5240] Host "[IP] 192.168.1.6 [Port] 0 [Flags] 2 [Guid] 2557608003 [EditorId] 2557608003 [Version] 1048832 [Id] WindowsEditor(7,JESS-DESKTOP) [Debug] 1 [PackageName] WindowsEditor [ProjectName] Editor" joined multi-casting on [225.0.0.222:54997]...

Player connection [5240] Host "[IP] 192.168.1.6 [Port] 0 [Flags] 2 [Guid] 2557608003 [EditorId] 2557608003 [Version] 1048832 [Id] WindowsEditor(7,JESS-DESKTOP) [Debug] 1 [PackageName] WindowsEditor [ProjectName] Editor" joined alternative multi-casting on [225.0.0.222:34997]...

[Physics::Module] Initialized MultithreadedJobDispatcher with {0} workers.
Refreshing native plugins compatible for Editor in 116.07 ms, found 3 plugins.
Preloading 0 native plugins for Editor in 0.00 ms.
Initialize engine version: 2021.3.35f1 (157b46ce122a)
[Subsystems] Discovering subsystems at path C:/Program Files/Unity/Hub/Editor/2021.3.35f1/Editor/Data/Resources/UnitySubsystems
[Subsystems] Discovering subsystems at path C:/New folder/Teddies-Environment/Assets
GfxDevice: creating device client; threaded=0; jobified=0
Direct3D:
    Version:  Direct3D 11.0 [level 11.1]
    Renderer: NVIDIA GeForce RTX 3050 Laptop GPU (ID=0x25a2)
    Vendor:   NVIDIA
    VRAM:     3964 MB
    Driver:   31.0.15.5186
Initialize mono
Mono path[0] = 'C:/Program Files/Unity/Hub/Editor/2021.3.35f1/Editor/Data/Managed'
Mono path[1] = 'C:/Program Files/Unity/Hub/Editor/2021.3.35f1/Editor/Data/MonoBleedingEdge/lib/mono/unityjit-win32'
Mono config path = 'C:/Program Files/Unity/Hub/Editor/2021.3.35f1/Editor/Data/MonoBleedingEdge/etc'
Using monoOptions --debugger-agent=transport=dt_socket,embedding=1,server=y,suspend=n,address=127.0.0.1:56028
Begin MonoManager ReloadAssembly
Registering precompiled unity dll's ...
Register platform support module: C:/Program Files/Unity/Hub/Editor/2021.3.35f1/Editor/Data/PlaybackEngines/WindowsStandaloneSupport/UnityEditor.WindowsStandalone.Extensions.dll
Registered in 0.007290 seconds.
Native extension for WindowsStandalone target not found
Refreshing native plugins compatible for Editor in 123.16 ms, found 3 plugins.
Preloading 0 native plugins for Editor in 0.00 ms.
Mono: successfully reloaded assembly
- Completed reload, in  1.000 seconds
Domain Reload Profiling:
	ReloadAssembly (1001ms)
		BeginReloadAssembly (140ms)
			ExecutionOrderSort (0ms)
			DisableScriptedObjects (0ms)
			BackupInstance (0ms)
			ReleaseScriptingObjects (0ms)
			CreateAndSetChildDomain (1ms)
		EndReloadAssembly (728ms)
			LoadAssemblies (136ms)
			RebuildTransferFunctionScriptingTraits (0ms)
			SetupTypeCache (151ms)
			ReleaseScriptCaches (0ms)
			RebuildScriptCaches (43ms)
			SetupLoadedEditorAssemblies (478ms)
				LogAssemblyErrors (0ms)
				InitializePlatformSupportModulesInManaged (10ms)
				SetLoadedEditorAssemblies (0ms)
				RefreshPlugins (123ms)
				BeforeProcessingInitializeOnLoad (2ms)
				ProcessInitializeOnLoadAttributes (241ms)
				ProcessInitializeOnLoadMethodAttributes (101ms)
				AfterProcessingInitializeOnLoad (0ms)
				EditorAssembliesLoaded (0ms)
			ExecutionOrderSort2 (0ms)
			AwakeInstancesAfterBackupRestoration (0ms)
Platform modules already initialized, skipping
Registering precompiled user dll's ...
Registered in 0.006608 seconds.
Begin MonoManager ReloadAssembly
Native extension for WindowsStandalone target not found
Refreshing native plugins compatible for Editor in 0.91 ms, found 3 plugins.
Preloading 0 native plugins for Editor in 0.00 ms.
Package Manager log level set to [2]
[Package Manager] Server::EnsureServerProcessIsRunning -- launch failed, reason: Unity was launched with the -noUpm command-line argument
[Package Manager] Cannot connect to Unity Package Manager local server
Mono: successfully reloaded assembly
- Completed reload, in  1.670 seconds
Domain Reload Profiling:
	ReloadAssembly (1671ms)
		BeginReloadAssembly (167ms)
			ExecutionOrderSort (0ms)
			DisableScriptedObjects (7ms)
			BackupInstance (0ms)
			ReleaseScriptingObjects (0ms)
			CreateAndSetChildDomain (28ms)
		EndReloadAssembly (1376ms)
			LoadAssemblies (117ms)
			RebuildTransferFunctionScriptingTraits (0ms)
			SetupTypeCache (380ms)
			ReleaseScriptCaches (1ms)
			RebuildScriptCaches (60ms)
			SetupLoadedEditorAssemblies (805ms)
				LogAssemblyErrors (0ms)
				InitializePlatformSupportModulesInManaged (6ms)
				SetLoadedEditorAssemblies (1ms)
				RefreshPlugins (1ms)
				BeforeProcessingInitializeOnLoad (91ms)
				ProcessInitializeOnLoadAttributes (672ms)
				ProcessInitializeOnLoadMethodAttributes (27ms)
				AfterProcessingInitializeOnLoad (6ms)
				EditorAssembliesLoaded (0ms)
			ExecutionOrderSort2 (0ms)
			AwakeInstancesAfterBackupRestoration (7ms)
Platform modules already initialized, skipping
========================================================================
Worker process is ready to serve import requests
Launched and connected shader compiler UnityShaderCompiler.exe after 0.06 seconds
Refreshing native plugins compatible for Editor in 1.25 ms, found 3 plugins.
Preloading 0 native plugins for Editor in 0.00 ms.
Unloading 3068 Unused Serialized files (Serialized files now loaded: 0)
Unloading 23 unused Assets / (46.5 KB). Loaded Objects now: 3530.
Memory consumption went from 123.3 MB to 123.2 MB.
Total: 4.472500 ms (FindLiveObjects: 0.473000 ms CreateObjectMapping: 0.259100 ms MarkObjects: 3.618600 ms  DeleteObjects: 0.119600 ms)

AssetImportParameters requested are different than current active one (requested -> active):
  custom:video-decoder-ogg-theora: a1e56fd34408186e4bbccfd4996cb3dc -> 
  custom:container-muxer-webm: aa71ff27fc2769a1b78a27578f13a17b -> 
  custom:container-demuxer-webm: 4f35f7cbe854078d1ac9338744f61a02 -> 
  custom:video-encoder-webm-vp8: eb34c28f22e8b96e1ab97ce403110664 -> 
  custom:CustomObjectIndexerAttribute: bc11b3a6c3213fcdd17b65e7da85e133 -> 
  custom:audio-encoder-webm-vorbis: bf7c407c2cedff20999df2af8eb42d56 -> 
  custom:framework-win-MediaFoundation: 216162199b28c13a410421893ffa2e32 -> 
  custom:SearchIndexIgnoredProperties: e643bd26f0fe6173181afceb89e7c659 -> 
  custom:container-demuxer-ogg: 62fdf1f143b41e24485cea50d1cbac27 -> 
  custom:video-decoder-webm-vp8: 9c59270c3fd7afecdb556c50c9e8de78 -> 
  custom:audio-decoder-ogg-vorbis: bf7c407c2cedff20999df2af8eb42d56 -> 
========================================================================
Received Import Request.
  Time since last request: 84579.530956 seconds.
  path: Assets/Interior_1/Prefabs/lounge_chair_002.prefab
  artifactKey: Guid(5806a5ed071b29b478f5a253edda3901) Importer(815301076,1909f56bfc062723c751e8b465ee728b)
Number of updated assets reloaded before import = 0
Start importing Assets/Interior_1/Prefabs/lounge_chair_002.prefab using Guid(5806a5ed071b29b478f5a253edda3901) Importer(815301076,1909f56bfc062723c751e8b465ee728b)  -> (artifact id: '07eaadfb4deae270b3e6ec247e2d81c1') in 0.249791 seconds 
Number of asset objects unloaded after import = 16
========================================================================
Received Import Request.
  Time since last request: 2.568714 seconds.
  path: Assets/Interior_1/Prefabs/lounge_chair_013.prefab
  artifactKey: Guid(a99f1f632f5c3a64a85cf6c124dd5a73) Importer(815301076,1909f56bfc062723c751e8b465ee728b)
Number of updated assets reloaded before import = 0
Start importing Assets/Interior_1/Prefabs/lounge_chair_013.prefab using Guid(a99f1f632f5c3a64a85cf6c124dd5a73) Importer(815301076,1909f56bfc062723c751e8b465ee728b)  -> (artifact id: '475d114f62b3cf87482abecb6eb45f6e') in 0.049958 seconds 
Number of asset objects unloaded after import = 16
========================================================================
Received Import Request.
  Time since last request: 0.000067 seconds.
  path: Assets/Interior_1/Prefabs/lounge_chair_018.prefab
  artifactKey: Guid(fff3b37254b582e478df16d9cafbe721) Importer(815301076,1909f56bfc062723c751e8b465ee728b)
Number of updated assets reloaded before import = 0
Start importing Assets/Interior_1/Prefabs/lounge_chair_018.prefab using Guid(fff3b37254b582e478df16d9cafbe721) Importer(815301076,1909f56bfc062723c751e8b465ee728b)  -> (artifact id: '979eed0283c9369259f306f5da3e1caa') in 0.042032 seconds 
Number of asset objects unloaded after import = 16
========================================================================
Received Import Request.
  Time since last request: 7.394647 seconds.
  path: Assets/Interior_1/Prefabs/musical_instrument_005.prefab
  artifactKey: Guid(fb59632499fa5f64cb810070b732f2ee) Importer(815301076,1909f56bfc062723c751e8b465ee728b)
Number of updated assets reloaded before import = 0
Start importing Assets/Interior_1/Prefabs/musical_instrument_005.prefab using Guid(fb59632499fa5f64cb810070b732f2ee) Importer(815301076,1909f56bfc062723c751e8b465ee728b)  -> (artifact id: '7dd02ae5a8a751b9397f418db3026411') in 0.042928 seconds 
Number of asset objects unloaded after import = 16
========================================================================
Received Import Request.
  Time since last request: 0.000045 seconds.
  path: Assets/Interior_1/Prefabs/musical_instrument_010.prefab
  artifactKey: Guid(d1d7266ee8a67d645a9796673013e76e) Importer(815301076,1909f56bfc062723c751e8b465ee728b)
Number of updated assets reloaded before import = 0
Start importing Assets/Interior_1/Prefabs/musical_instrument_010.prefab using Guid(d1d7266ee8a67d645a9796673013e76e) Importer(815301076,1909f56bfc062723c751e8b465ee728b)  -> (artifact id: '2a03b86cf49d4d942dfa9a072cff9a8b') in 0.045631 seconds 
Number of asset objects unloaded after import = 16
========================================================================
Received Import Request.
  Time since last request: 0.517401 seconds.
  path: Assets/Interior_1/Prefabs/musical_instrument_014.prefab
  artifactKey: Guid(1027cb9f192eadc4b9897739722d6825) Importer(815301076,1909f56bfc062723c751e8b465ee728b)
Number of updated assets reloaded before import = 0
Start importing Assets/Interior_1/Prefabs/musical_instrument_014.prefab using Guid(1027cb9f192eadc4b9897739722d6825) Importer(815301076,1909f56bfc062723c751e8b465ee728b)  -> (artifact id: 'fa8a75971b170ae8162e1fee2e441b8e') in 0.044760 seconds 
Number of asset objects unloaded after import = 16
========================================================================
Received Import Request.
  Time since last request: 0.000082 seconds.
  path: Assets/Interior_1/Prefabs/musical_instrument_017.prefab
  artifactKey: Guid(e7e116b4517b66c48b4e2c97386e3357) Importer(815301076,1909f56bfc062723c751e8b465ee728b)
Number of updated assets reloaded before import = 0
Start importing Assets/Interior_1/Prefabs/musical_instrument_017.prefab using Guid(e7e116b4517b66c48b4e2c97386e3357) Importer(815301076,1909f56bfc062723c751e8b465ee728b)  -> (artifact id: '9d96cac2e3c6c4cc69c35e8d51fa51d1') in 0.063060 seconds 
Number of asset objects unloaded after import = 16
========================================================================
Received Import Request.
  Time since last request: 0.000046 seconds.
  path: Assets/Interior_1/Prefabs/musical_instrument_018.prefab
  artifactKey: Guid(44ebd45703e921b42a3694c77e07b94c) Importer(815301076,1909f56bfc062723c751e8b465ee728b)
Number of updated assets reloaded before import = 0
Start importing Assets/Interior_1/Prefabs/musical_instrument_018.prefab using Guid(44ebd45703e921b42a3694c77e07b94c) Importer(815301076,1909f56bfc062723c751e8b465ee728b)  -> (artifact id: '9436a9a093fd7c7e11ac20c9e7410625') in 0.032225 seconds 
Number of asset objects unloaded after import = 16
========================================================================
Received Import Request.
  Time since last request: 0.370703 seconds.
  path: Assets/Interior_1/Prefabs/office_chair_006.prefab
  artifactKey: Guid(430148c1523dee544ae61e0e4d9e4bd0) Importer(815301076,1909f56bfc062723c751e8b465ee728b)
Number of updated assets reloaded before import = 0
Start importing Assets/Interior_1/Prefabs/office_chair_006.prefab using Guid(430148c1523dee544ae61e0e4d9e4bd0) Importer(815301076,1909f56bfc062723c751e8b465ee728b)  -> (artifact id: 'c978e629267613a8078d5b15dcc19035') in 0.042567 seconds 
Number of asset objects unloaded after import = 16
========================================================================
Received Import Request.
  Time since last request: 0.000096 seconds.
  path: Assets/Interior_1/Prefabs/office_chair_007.prefab
  artifactKey: Guid(c0ef4c0e100cb6b42930cd17fd565261) Importer(815301076,1909f56bfc062723c751e8b465ee728b)
Number of updated assets reloaded before import = 0
Start importing Assets/Interior_1/Prefabs/office_chair_007.prefab using Guid(c0ef4c0e100cb6b42930cd17fd565261) Importer(815301076,1909f56bfc062723c751e8b465ee728b)  -> (artifact id: 'dbbf2400bb8e09b83a2c1f37079aa14b') in 0.041211 seconds 
Number of asset objects unloaded after import = 16
========================================================================
Received Import Request.
  Time since last request: 0.000108 seconds.
  path: Assets/Interior_1/Prefabs/office_chair_010.prefab
  artifactKey: Guid(af5c69d70633a1a438dd1140c84211d8) Importer(815301076,1909f56bfc062723c751e8b465ee728b)
Number of updated assets reloaded before import = 0
Start importing Assets/Interior_1/Prefabs/office_chair_010.prefab using Guid(af5c69d70633a1a438dd1140c84211d8) Importer(815301076,1909f56bfc062723c751e8b465ee728b)  -> (artifact id: '6425380cd86c24668ddaa196956ca7ef') in 0.040660 seconds 
Number of asset objects unloaded after import = 16
========================================================================
Received Import Request.
  Time since last request: 0.859251 seconds.
  path: Assets/Interior_1/Prefabs/office_chair_017.prefab
  artifactKey: Guid(7b5e43d821f84364e9bab437b06eee22) Importer(815301076,1909f56bfc062723c751e8b465ee728b)
Number of updated assets reloaded before import = 0
Start importing Assets/Interior_1/Prefabs/office_chair_017.prefab using Guid(7b5e43d821f84364e9bab437b06eee22) Importer(815301076,1909f56bfc062723c751e8b465ee728b)  -> (artifact id: 'f0b34148a281f479f297aba29f7e38f8') in 0.043760 seconds 
Number of asset objects unloaded after import = 16
========================================================================
Received Import Request.
  Time since last request: 0.000098 seconds.
  path: Assets/Interior_1/Prefabs/office_chair_020.prefab
  artifactKey: Guid(a16f9f7faf59e0b4cbac603779525182) Importer(815301076,1909f56bfc062723c751e8b465ee728b)
Number of updated assets reloaded before import = 0
Start importing Assets/Interior_1/Prefabs/office_chair_020.prefab using Guid(a16f9f7faf59e0b4cbac603779525182) Importer(815301076,1909f56bfc062723c751e8b465ee728b)  -> (artifact id: '128b6f88d0336d941f9f6e4e107ebc5f') in 0.041697 seconds 
Number of asset objects unloaded after import = 16
========================================================================
Received Import Request.
  Time since last request: 0.000092 seconds.
  path: Assets/Interior_1/Prefabs/office_chair_019.prefab
  artifactKey: Guid(ccdd8a2459714ad4da6cc4e9b4b9c7f7) Importer(815301076,1909f56bfc062723c751e8b465ee728b)
Number of updated assets reloaded before import = 0
Start importing Assets/Interior_1/Prefabs/office_chair_019.prefab using Guid(ccdd8a2459714ad4da6cc4e9b4b9c7f7) Importer(815301076,1909f56bfc062723c751e8b465ee728b)  -> (artifact id: '0a0bb521c1b70d07e3d0715b26ab92f8') in 0.036341 seconds 
Number of asset objects unloaded after import = 16
========================================================================
Received Import Request.
  Time since last request: 0.677920 seconds.
  path: Assets/Interior_1/Prefabs/office_table_006.prefab
  artifactKey: Guid(b10a14da23ec95848a05c4a6b440b714) Importer(815301076,1909f56bfc062723c751e8b465ee728b)
Number of updated assets reloaded before import = 0
Start importing Assets/Interior_1/Prefabs/office_table_006.prefab using Guid(b10a14da23ec95848a05c4a6b440b714) Importer(815301076,1909f56bfc062723c751e8b465ee728b)  -> (artifact id: 'a1b1d558bf5625158e1d100eff7711e7') in 0.042694 seconds 
Number of asset objects unloaded after import = 16
========================================================================
Received Import Request.
  Time since last request: 0.000048 seconds.
  path: Assets/Interior_1/Prefabs/office_table_009.prefab
  artifactKey: Guid(89f7131cfb239834e9086e85087aacf2) Importer(815301076,1909f56bfc062723c751e8b465ee728b)
Number of updated assets reloaded before import = 0
Start importing Assets/Interior_1/Prefabs/office_table_009.prefab using Guid(89f7131cfb239834e9086e85087aacf2) Importer(815301076,1909f56bfc062723c751e8b465ee728b)  -> (artifact id: '93b95d5934a621a34f21d9f8077144b2') in 0.048668 seconds 
Number of asset objects unloaded after import = 16
========================================================================
Received Import Request.
  Time since last request: 0.471865 seconds.
  path: Assets/Interior_1/Prefabs/office_table_017.prefab
  artifactKey: Guid(58342a694165f104dba324ea9c8c10df) Importer(815301076,1909f56bfc062723c751e8b465ee728b)
Number of updated assets reloaded before import = 0
Start importing Assets/Interior_1/Prefabs/office_table_017.prefab using Guid(58342a694165f104dba324ea9c8c10df) Importer(815301076,1909f56bfc062723c751e8b465ee728b)  -> (artifact id: 'c06122c8ac5aee425f139b605aaace3d') in 0.044858 seconds 
Number of asset objects unloaded after import = 16
========================================================================
Received Import Request.
  Time since last request: 0.000052 seconds.
  path: Assets/Interior_1/Prefabs/office_table_023.prefab
  artifactKey: Guid(0c3b6513fa9e97a40acb97bf83c51e84) Importer(815301076,1909f56bfc062723c751e8b465ee728b)
Number of updated assets reloaded before import = 0
Start importing Assets/Interior_1/Prefabs/office_table_023.prefab using Guid(0c3b6513fa9e97a40acb97bf83c51e84) Importer(815301076,1909f56bfc062723c751e8b465ee728b)  -> (artifact id: '563f6ca1f418177bfa5d9bac089df17f') in 0.040726 seconds 
Number of asset objects unloaded after import = 16
========================================================================
Received Import Request.
  Time since last request: 0.000049 seconds.
  path: Assets/Interior_1/Prefabs/office_table_022.prefab
  artifactKey: Guid(d9e083d4ee8cdc340bbfb7e64f3a2825) Importer(815301076,1909f56bfc062723c751e8b465ee728b)
Number of updated assets reloaded before import = 0
Start importing Assets/Interior_1/Prefabs/office_table_022.prefab using Guid(d9e083d4ee8cdc340bbfb7e64f3a2825) Importer(815301076,1909f56bfc062723c751e8b465ee728b)  -> (artifact id: '782960e0034f509a30adca348cf94496') in 0.036653 seconds 
Number of asset objects unloaded after import = 16
========================================================================
Received Import Request.
  Time since last request: 1.072147 seconds.
  path: Assets/Interior_1/Prefabs/office_table_028.prefab
  artifactKey: Guid(3c51d354a02fc5c419636e1ac0185381) Importer(815301076,1909f56bfc062723c751e8b465ee728b)
Number of updated assets reloaded before import = 0
Start importing Assets/Interior_1/Prefabs/office_table_028.prefab using Guid(3c51d354a02fc5c419636e1ac0185381) Importer(815301076,1909f56bfc062723c751e8b465ee728b)  -> (artifact id: 'e1fd2cbade8e7eb3dbb3e2e9ad46ac8f') in 0.039850 seconds 
Number of asset objects unloaded after import = 16
========================================================================
Received Import Request.
  Time since last request: 0.000053 seconds.
  path: Assets/Interior_1/Prefabs/office_table_034.prefab
  artifactKey: Guid(9e2777a115333f14c8e8e5b8ecb953d9) Importer(815301076,1909f56bfc062723c751e8b465ee728b)
Number of updated assets reloaded before import = 0
Start importing Assets/Interior_1/Prefabs/office_table_034.prefab using Guid(9e2777a115333f14c8e8e5b8ecb953d9) Importer(815301076,1909f56bfc062723c751e8b465ee728b)  -> (artifact id: '685ad50c0bd890b0826a45fa384a169c') in 0.047369 seconds 
Number of asset objects unloaded after import = 16
========================================================================
Received Import Request.
  Time since last request: 0.413445 seconds.
  path: Assets/Interior_1/Prefabs/office_table_039.prefab
  artifactKey: Guid(10518f9bbcfd61844b9f3a85b7f16872) Importer(815301076,1909f56bfc062723c751e8b465ee728b)
Number of updated assets reloaded before import = 0
Start importing Assets/Interior_1/Prefabs/office_table_039.prefab using Guid(10518f9bbcfd61844b9f3a85b7f16872) Importer(815301076,1909f56bfc062723c751e8b465ee728b)  -> (artifact id: '163e38d16b567b6ef779b0b1cee6a8a2') in 0.040475 seconds 
Number of asset objects unloaded after import = 16
========================================================================
Received Import Request.
  Time since last request: 0.000050 seconds.
  path: Assets/Interior_1/Prefabs/ottoman_002.prefab
  artifactKey: Guid(2e143ad7a1a579040a43edc8b34cea59) Importer(815301076,1909f56bfc062723c751e8b465ee728b)
Number of updated assets reloaded before import = 0
Start importing Assets/Interior_1/Prefabs/ottoman_002.prefab using Guid(2e143ad7a1a579040a43edc8b34cea59) Importer(815301076,1909f56bfc062723c751e8b465ee728b)  -> (artifact id: 'be8c0d4eba286c24643399aa8a62c3e0') in 0.045827 seconds 
Number of asset objects unloaded after import = 16
========================================================================
Received Import Request.
  Time since last request: 0.404263 seconds.
  path: Assets/Interior_1/Prefabs/ottoman_010.prefab
  artifactKey: Guid(9a852071c91f1c14d8e4a958e0dbe344) Importer(815301076,1909f56bfc062723c751e8b465ee728b)
Number of updated assets reloaded before import = 0
Start importing Assets/Interior_1/Prefabs/ottoman_010.prefab using Guid(9a852071c91f1c14d8e4a958e0dbe344) Importer(815301076,1909f56bfc062723c751e8b465ee728b)  -> (artifact id: '710b10d86a85718bf61519402e9ca872') in 0.042236 seconds 
Number of asset objects unloaded after import = 16
========================================================================
Received Import Request.
  Time since last request: 0.000056 seconds.
  path: Assets/Interior_1/Prefabs/ottoman_015.prefab
  artifactKey: Guid(b5b9889932d3e214d99fcc5cea6ac681) Importer(815301076,1909f56bfc062723c751e8b465ee728b)
Number of updated assets reloaded before import = 0
Start importing Assets/Interior_1/Prefabs/ottoman_015.prefab using Guid(b5b9889932d3e214d99fcc5cea6ac681) Importer(815301076,1909f56bfc062723c751e8b465ee728b)  -> (artifact id: '759af9f1f96abaa2e7c0bb754c1c28f4') in 0.046085 seconds 
Number of asset objects unloaded after import = 16
========================================================================
Received Import Request.
  Time since last request: 0.381832 seconds.
  path: Assets/Interior_1/Prefabs/Partitions_005.prefab
  artifactKey: Guid(c5cfff88124eb0145969ebd37d566034) Importer(815301076,1909f56bfc062723c751e8b465ee728b)
Number of updated assets reloaded before import = 0
Start importing Assets/Interior_1/Prefabs/Partitions_005.prefab using Guid(c5cfff88124eb0145969ebd37d566034) Importer(815301076,1909f56bfc062723c751e8b465ee728b)  -> (artifact id: '8718c707c81fadd39d3d0481ec1d89f8') in 0.040336 seconds 
Number of asset objects unloaded after import = 16
========================================================================
Received Import Request.
  Time since last request: 0.000069 seconds.
  path: Assets/Interior_1/Prefabs/Partitions_011.prefab
  artifactKey: Guid(ca122e10db3e34c459533ffb54f63d66) Importer(815301076,1909f56bfc062723c751e8b465ee728b)
Number of updated assets reloaded before import = 0
Start importing Assets/Interior_1/Prefabs/Partitions_011.prefab using Guid(ca122e10db3e34c459533ffb54f63d66) Importer(815301076,1909f56bfc062723c751e8b465ee728b)  -> (artifact id: '89b03603b52784074a989c7c16682f92') in 0.042118 seconds 
Number of asset objects unloaded after import = 16
========================================================================
Received Import Request.
  Time since last request: 0.446843 seconds.
  path: Assets/Interior_1/Prefabs/Partitions_016.prefab
  artifactKey: Guid(d00a414c426d8da46ba8feb3c5c19291) Importer(815301076,1909f56bfc062723c751e8b465ee728b)
Number of updated assets reloaded before import = 0
Start importing Assets/Interior_1/Prefabs/Partitions_016.prefab using Guid(d00a414c426d8da46ba8feb3c5c19291) Importer(815301076,1909f56bfc062723c751e8b465ee728b)  -> (artifact id: 'f48f1fc4262a7530c68501b10818dfbe') in 0.041866 seconds 
Number of asset objects unloaded after import = 16
========================================================================
Received Import Request.
  Time since last request: 0.000046 seconds.
  path: Assets/Interior_1/Prefabs/Partitions_020.prefab
  artifactKey: Guid(f67c8d9c981fbf54bbe297dd5bdd75d3) Importer(815301076,1909f56bfc062723c751e8b465ee728b)
Number of updated assets reloaded before import = 0
Start importing Assets/Interior_1/Prefabs/Partitions_020.prefab using Guid(f67c8d9c981fbf54bbe297dd5bdd75d3) Importer(815301076,1909f56bfc062723c751e8b465ee728b)  -> (artifact id: '0801fc900b840dda1686a8831ac6ed72') in 0.042049 seconds 
Number of asset objects unloaded after import = 16
========================================================================
Received Import Request.
  Time since last request: 0.000057 seconds.
  path: Assets/Interior_1/Prefabs/Partitions_021.prefab
  artifactKey: Guid(565b33fdd94fbc84db9f27790b5ac714) Importer(815301076,1909f56bfc062723c751e8b465ee728b)
Number of updated assets reloaded before import = 0
Start importing Assets/Interior_1/Prefabs/Partitions_021.prefab using Guid(565b33fdd94fbc84db9f27790b5ac714) Importer(815301076,1909f56bfc062723c751e8b465ee728b)  -> (artifact id: '66e5e094ce7d9da290888944db9dbb1c') in 0.036220 seconds 
Number of asset objects unloaded after import = 16
========================================================================
Received Import Request.
  Time since last request: 5.301696 seconds.
  path: Assets/Interior_1/Prefabs/Partitions_027.prefab
  artifactKey: Guid(2e5ba7c145437cc40b59a83ec5cfe182) Importer(815301076,1909f56bfc062723c751e8b465ee728b)
Number of updated assets reloaded before import = 0
Start importing Assets/Interior_1/Prefabs/Partitions_027.prefab using Guid(2e5ba7c145437cc40b59a83ec5cfe182) Importer(815301076,1909f56bfc062723c751e8b465ee728b)  -> (artifact id: '4d86e8b8cd36ac98e6badc142c94ab37') in 0.037033 seconds 
Number of asset objects unloaded after import = 16
========================================================================
Received Import Request.
  Time since last request: 0.000077 seconds.
  path: Assets/Interior_1/Prefabs/Partitions_029.prefab
  artifactKey: Guid(75b8fc6680a44684ca0922c797c8c5c8) Importer(815301076,1909f56bfc062723c751e8b465ee728b)
Number of updated assets reloaded before import = 0
Start importing Assets/Interior_1/Prefabs/Partitions_029.prefab using Guid(75b8fc6680a44684ca0922c797c8c5c8) Importer(815301076,1909f56bfc062723c751e8b465ee728b)  -> (artifact id: '38aa59b108b001865c2036e82b0117e8') in 0.039515 seconds 
Number of asset objects unloaded after import = 16
========================================================================
Received Import Request.
  Time since last request: 0.000080 seconds.
  path: Assets/Interior_1/Prefabs/Partitions_031.prefab
  artifactKey: Guid(7e28a2b95b66e0c408a7cc00da7bb73e) Importer(815301076,1909f56bfc062723c751e8b465ee728b)
Number of updated assets reloaded before import = 0
Start importing Assets/Interior_1/Prefabs/Partitions_031.prefab using Guid(7e28a2b95b66e0c408a7cc00da7bb73e) Importer(815301076,1909f56bfc062723c751e8b465ee728b)  -> (artifact id: '96e73e80bc05270a8a0459bbf710e7af') in 0.036274 seconds 
Number of asset objects unloaded after import = 16
========================================================================
Received Import Request.
  Time since last request: 4.981485 seconds.
  path: Assets/Interior_1/Prefabs/Partitions_038.prefab
  artifactKey: Guid(34bfe320875ef014a95281207537def7) Importer(815301076,1909f56bfc062723c751e8b465ee728b)
Number of updated assets reloaded before import = 0
Start importing Assets/Interior_1/Prefabs/Partitions_038.prefab using Guid(34bfe320875ef014a95281207537def7) Importer(815301076,1909f56bfc062723c751e8b465ee728b)  -> (artifact id: '76762d8d3d737de4b4ca2bcaa4fa9757') in 0.041518 seconds 
Number of asset objects unloaded after import = 16
========================================================================
Received Import Request.
  Time since last request: 0.000054 seconds.
  path: Assets/Interior_1/Prefabs/Partitions_042.prefab
  artifactKey: Guid(01722c3aa57550f46989eabd4ae8eedc) Importer(815301076,1909f56bfc062723c751e8b465ee728b)
Number of updated assets reloaded before import = 0
Start importing Assets/Interior_1/Prefabs/Partitions_042.prefab using Guid(01722c3aa57550f46989eabd4ae8eedc) Importer(815301076,1909f56bfc062723c751e8b465ee728b)  -> (artifact id: '6aa21f05f28d21e6ca7e922f24167103') in 0.042809 seconds 
Number of asset objects unloaded after import = 16
Editor requested this worker to shutdown with reason: Scaling down because of idle timeout
AssetImportWorker is now disconnected from the server
Process exiting
Exiting without the bug reporter. Application will terminate with return code 0