Using pre-set license
Built from '2021.3/staging' branch; Version is '2021.3.35f1 (157b46ce122a) revision 1407814'; Using compiler version '192829333'; Build Type 'Release'
OS: 'Windows 11  (10.0.22631) 64bit CoreSingleLanguage' Language: 'en' Physical Memory: 7597 MB
BatchMode: 1, IsHumanControllingUs: 0, StartBugReporterOnCrash: 0, Is64bit: 1, IsPro: 1

COMMAND LINE ARGUMENTS:
C:\Program Files\Unity\Hub\Editor\2021.3.35f1\Editor\Unity.exe
-adb2
-batchMode
-noUpm
-name
AssetImportWorker2
-projectPath
C:/New folder/Teddies-Environment
-logFile
Logs/AssetImportWorker2.log
-srvPort
56242
Successfully changed project path to: C:/New folder/Teddies-Environment
C:/New folder/Teddies-Environment
[UnityMemory] Configuration Parameters - Can be set up in boot.config
    "memorysetup-bucket-allocator-granularity=16"
    "memorysetup-bucket-allocator-bucket-count=8"
    "memorysetup-bucket-allocator-block-size=33554432"
    "memorysetup-bucket-allocator-block-count=8"
    "memorysetup-main-allocator-block-size=16777216"
    "memorysetup-thread-allocator-block-size=16777216"
    "memorysetup-gfx-main-allocator-block-size=16777216"
    "memorysetup-gfx-thread-allocator-block-size=16777216"
    "memorysetup-cache-allocator-block-size=4194304"
    "memorysetup-typetree-allocator-block-size=2097152"
    "memorysetup-profiler-bucket-allocator-granularity=16"
    "memorysetup-profiler-bucket-allocator-bucket-count=8"
    "memorysetup-profiler-bucket-allocator-block-size=33554432"
    "memorysetup-profiler-bucket-allocator-block-count=8"
    "memorysetup-profiler-allocator-block-size=16777216"
    "memorysetup-profiler-editor-allocator-block-size=1048576"
    "memorysetup-temp-allocator-size-main=16777216"
    "memorysetup-job-temp-allocator-block-size=2097152"
    "memorysetup-job-temp-allocator-block-size-background=1048576"
    "memorysetup-job-temp-allocator-reduction-small-platforms=262144"
    "memorysetup-temp-allocator-size-background-worker=32768"
    "memorysetup-temp-allocator-size-job-worker=262144"
    "memorysetup-temp-allocator-size-preload-manager=33554432"
    "memorysetup-temp-allocator-size-nav-mesh-worker=65536"
    "memorysetup-temp-allocator-size-audio-worker=65536"
    "memorysetup-temp-allocator-size-cloud-worker=32768"
    "memorysetup-temp-allocator-size-gi-baking-worker=262144"
    "memorysetup-temp-allocator-size-gfx=262144"
Player connection [6052] Host "[IP] 192.168.1.6 [Port] 0 [Flags] 2 [Guid] 78721484 [EditorId] 78721484 [Version] 1048832 [Id] WindowsEditor(7,JESS-DESKTOP) [Debug] 1 [PackageName] WindowsEditor [ProjectName] Editor" joined multi-casting on [225.0.0.222:54997]...

Player connection [6052] Host "[IP] 192.168.1.6 [Port] 0 [Flags] 2 [Guid] 78721484 [EditorId] 78721484 [Version] 1048832 [Id] WindowsEditor(7,JESS-DESKTOP) [Debug] 1 [PackageName] WindowsEditor [ProjectName] Editor" joined alternative multi-casting on [225.0.0.222:34997]...

[Physics::Module] Initialized MultithreadedJobDispatcher with {0} workers.
Refreshing native plugins compatible for Editor in 85.02 ms, found 3 plugins.
Preloading 0 native plugins for Editor in 0.00 ms.
Initialize engine version: 2021.3.35f1 (157b46ce122a)
[Subsystems] Discovering subsystems at path C:/Program Files/Unity/Hub/Editor/2021.3.35f1/Editor/Data/Resources/UnitySubsystems
[Subsystems] Discovering subsystems at path C:/New folder/Teddies-Environment/Assets
GfxDevice: creating device client; threaded=0; jobified=0
Direct3D:
    Version:  Direct3D 11.0 [level 11.1]
    Renderer: AMD Radeon(TM) Graphics (ID=0x1636)
    Vendor:   ATI
    VRAM:     3798 MB
    Driver:   31.0.12014.6
Initialize mono
Mono path[0] = 'C:/Program Files/Unity/Hub/Editor/2021.3.35f1/Editor/Data/Managed'
Mono path[1] = 'C:/Program Files/Unity/Hub/Editor/2021.3.35f1/Editor/Data/MonoBleedingEdge/lib/mono/unityjit-win32'
Mono config path = 'C:/Program Files/Unity/Hub/Editor/2021.3.35f1/Editor/Data/MonoBleedingEdge/etc'
Using monoOptions --debugger-agent=transport=dt_socket,embedding=1,server=y,suspend=n,address=127.0.0.1:56196
Begin MonoManager ReloadAssembly
Registering precompiled unity dll's ...
Register platform support module: C:/Program Files/Unity/Hub/Editor/2021.3.35f1/Editor/Data/PlaybackEngines/WindowsStandaloneSupport/UnityEditor.WindowsStandalone.Extensions.dll
Registered in 0.003672 seconds.
Native extension for WindowsStandalone target not found
Refreshing native plugins compatible for Editor in 237.73 ms, found 3 plugins.
Preloading 0 native plugins for Editor in 0.00 ms.
Mono: successfully reloaded assembly
- Completed reload, in  1.008 seconds
Domain Reload Profiling:
	ReloadAssembly (1008ms)
		BeginReloadAssembly (137ms)
			ExecutionOrderSort (0ms)
			DisableScriptedObjects (0ms)
			BackupInstance (0ms)
			ReleaseScriptingObjects (0ms)
			CreateAndSetChildDomain (1ms)
		EndReloadAssembly (757ms)
			LoadAssemblies (136ms)
			RebuildTransferFunctionScriptingTraits (0ms)
			SetupTypeCache (142ms)
			ReleaseScriptCaches (0ms)
			RebuildScriptCaches (65ms)
			SetupLoadedEditorAssemblies (469ms)
				LogAssemblyErrors (0ms)
				InitializePlatformSupportModulesInManaged (16ms)
				SetLoadedEditorAssemblies (0ms)
				RefreshPlugins (238ms)
				BeforeProcessingInitializeOnLoad (3ms)
				ProcessInitializeOnLoadAttributes (163ms)
				ProcessInitializeOnLoadMethodAttributes (48ms)
				AfterProcessingInitializeOnLoad (0ms)
				EditorAssembliesLoaded (0ms)
			ExecutionOrderSort2 (0ms)
			AwakeInstancesAfterBackupRestoration (0ms)
Platform modules already initialized, skipping
Registering precompiled user dll's ...
Registered in 0.004930 seconds.
Begin MonoManager ReloadAssembly
Native extension for WindowsStandalone target not found
Refreshing native plugins compatible for Editor in 0.84 ms, found 3 plugins.
Preloading 0 native plugins for Editor in 0.00 ms.
Package Manager log level set to [2]
[Package Manager] Server::EnsureServerProcessIsRunning -- launch failed, reason: Unity was launched with the -noUpm command-line argument
[Package Manager] Cannot connect to Unity Package Manager local server
Mono: successfully reloaded assembly
- Completed reload, in  1.397 seconds
Domain Reload Profiling:
	ReloadAssembly (1398ms)
		BeginReloadAssembly (154ms)
			ExecutionOrderSort (0ms)
			DisableScriptedObjects (8ms)
			BackupInstance (0ms)
			ReleaseScriptingObjects (0ms)
			CreateAndSetChildDomain (20ms)
		EndReloadAssembly (1127ms)
			LoadAssemblies (124ms)
			RebuildTransferFunctionScriptingTraits (0ms)
			SetupTypeCache (265ms)
			ReleaseScriptCaches (1ms)
			RebuildScriptCaches (49ms)
			SetupLoadedEditorAssemblies (692ms)
				LogAssemblyErrors (0ms)
				InitializePlatformSupportModulesInManaged (5ms)
				SetLoadedEditorAssemblies (0ms)
				RefreshPlugins (1ms)
				BeforeProcessingInitializeOnLoad (71ms)
				ProcessInitializeOnLoadAttributes (586ms)
				ProcessInitializeOnLoadMethodAttributes (24ms)
				AfterProcessingInitializeOnLoad (5ms)
				EditorAssembliesLoaded (0ms)
			ExecutionOrderSort2 (0ms)
			AwakeInstancesAfterBackupRestoration (6ms)
Platform modules already initialized, skipping
========================================================================
Worker process is ready to serve import requests
Launched and connected shader compiler UnityShaderCompiler.exe after 0.05 seconds
Refreshing native plugins compatible for Editor in 0.92 ms, found 3 plugins.
Preloading 0 native plugins for Editor in 0.00 ms.
Unloading 3068 Unused Serialized files (Serialized files now loaded: 0)
Unloading 23 unused Assets / (46.4 KB). Loaded Objects now: 3530.
Memory consumption went from 123.2 MB to 123.2 MB.
Total: 3.515100 ms (FindLiveObjects: 0.373400 ms CreateObjectMapping: 0.132500 ms MarkObjects: 2.899200 ms  DeleteObjects: 0.108000 ms)

AssetImportParameters requested are different than current active one (requested -> active):
  custom:video-decoder-ogg-theora: a1e56fd34408186e4bbccfd4996cb3dc -> 
  custom:container-muxer-webm: aa71ff27fc2769a1b78a27578f13a17b -> 
  custom:container-demuxer-webm: 4f35f7cbe854078d1ac9338744f61a02 -> 
  custom:video-encoder-webm-vp8: eb34c28f22e8b96e1ab97ce403110664 -> 
  custom:CustomObjectIndexerAttribute: bc11b3a6c3213fcdd17b65e7da85e133 -> 
  custom:audio-encoder-webm-vorbis: bf7c407c2cedff20999df2af8eb42d56 -> 
  custom:framework-win-MediaFoundation: 216162199b28c13a410421893ffa2e32 -> 
  custom:SearchIndexIgnoredProperties: e643bd26f0fe6173181afceb89e7c659 -> 
  custom:container-demuxer-ogg: 62fdf1f143b41e24485cea50d1cbac27 -> 
  custom:video-decoder-webm-vp8: 9c59270c3fd7afecdb556c50c9e8de78 -> 
  custom:audio-decoder-ogg-vorbis: bf7c407c2cedff20999df2af8eb42d56 -> 
========================================================================
Received Import Request.
  Time since last request: 107437.666926 seconds.
  path: Assets/Scenes/Level 1 (Inside Room).unity
  artifactKey: Guid(9fc0d4010bbf28b4594072e72b8655ab) Importer(815301076,1909f56bfc062723c751e8b465ee728b)
Number of updated assets reloaded before import = 0
Start importing Assets/Scenes/Level 1 (Inside Room).unity using Guid(9fc0d4010bbf28b4594072e72b8655ab) Importer(815301076,1909f56bfc062723c751e8b465ee728b)  -> (artifact id: 'b5533560f3adbaf0968ede5a314839ad') in 0.016474 seconds 
Number of asset objects unloaded after import = 0
========================================================================
Received Import Request.
  Time since last request: 332.016044 seconds.
  path: Assets/Scenes/Main Camera.prefab
  artifactKey: Guid(7ffbb7adff451824681feed0778bade6) Importer(815301076,1909f56bfc062723c751e8b465ee728b)
Number of updated assets reloaded before import = 0
Start importing Assets/Scenes/Main Camera.prefab using Guid(7ffbb7adff451824681feed0778bade6) Importer(815301076,1909f56bfc062723c751e8b465ee728b)  -> (artifact id: 'b8f41012f1f15f377a8c62fb913d7e69') in 0.047610 seconds 
Number of asset objects unloaded after import = 6
========================================================================
Received Import Request.
  Time since last request: 16.816235 seconds.
  path: Assets/Scenes/Level 4 (Kitchen)
  artifactKey: Guid(2849b87236e504848a0d235ffb5bdce6) Importer(815301076,1909f56bfc062723c751e8b465ee728b)
Number of updated assets reloaded before import = 0
Start importing Assets/Scenes/Level 4 (Kitchen) using Guid(2849b87236e504848a0d235ffb5bdce6) Importer(815301076,1909f56bfc062723c751e8b465ee728b)  -> (artifact id: '5daad1ad0f536989ad490e574b82fea9') in 0.007917 seconds 
Number of asset objects unloaded after import = 0
========================================================================
Received Import Request.
  Time since last request: 1.082117 seconds.
  path: Assets/Scenes/Level 4 (Kitchen)/Materials
  artifactKey: Guid(6a28f174dc6a03d4182ed29649e50a54) Importer(815301076,1909f56bfc062723c751e8b465ee728b)
Number of updated assets reloaded before import = 0
Start importing Assets/Scenes/Level 4 (Kitchen)/Materials using Guid(6a28f174dc6a03d4182ed29649e50a54) Importer(815301076,1909f56bfc062723c751e8b465ee728b)  -> (artifact id: '3a689c9444c7aeb1d3043307f2f5a8a8') in 0.002473 seconds 
Number of asset objects unloaded after import = 0
========================================================================
Received Import Request.
  Time since last request: 25.812579 seconds.
  path: Assets/Furniture_FREE/Prefabs/camera_001.prefab
  artifactKey: Guid(74ecb4ff10fc70546aa59fc2118a8502) Importer(815301076,1909f56bfc062723c751e8b465ee728b)
Number of updated assets reloaded before import = 0
Start importing Assets/Furniture_FREE/Prefabs/camera_001.prefab using Guid(74ecb4ff10fc70546aa59fc2118a8502) Importer(815301076,1909f56bfc062723c751e8b465ee728b)  -> (artifact id: 'c220a3381315ffac0c504fdf15b72213') in 0.197603 seconds 
Number of asset objects unloaded after import = 16
========================================================================
Received Import Request.
  Time since last request: 0.000102 seconds.
  path: Assets/Interior_1/Meshes/carpet_015.fbx
  artifactKey: Guid(674a4bf21ae3ab2458a4e6000231e1b4) Importer(815301076,1909f56bfc062723c751e8b465ee728b)
Number of updated assets reloaded before import = 0
Start importing Assets/Interior_1/Meshes/carpet_015.fbx using Guid(674a4bf21ae3ab2458a4e6000231e1b4) Importer(815301076,1909f56bfc062723c751e8b465ee728b)  -> (artifact id: 'ae97d67abbee52c75e2ab4c4a4395df6') in 0.146829 seconds 
Number of asset objects unloaded after import = 7
========================================================================
Received Import Request.
  Time since last request: 0.000069 seconds.
  path: Assets/Interior_1/Meshes/carpet_012.fbx
  artifactKey: Guid(b681759dafa87cc4eae5b56e292eebf0) Importer(815301076,1909f56bfc062723c751e8b465ee728b)
Number of updated assets reloaded before import = 0
Start importing Assets/Interior_1/Meshes/carpet_012.fbx using Guid(b681759dafa87cc4eae5b56e292eebf0) Importer(815301076,1909f56bfc062723c751e8b465ee728b)  -> (artifact id: '634f43650b34c42295e82bc867c47554') in 0.060894 seconds 
Number of asset objects unloaded after import = 7
========================================================================
Received Import Request.
  Time since last request: 0.000076 seconds.
  path: Assets/Interior_1/Meshes/carpet_006.fbx
  artifactKey: Guid(4498ec07e1bb52545a06f872b59064de) Importer(815301076,1909f56bfc062723c751e8b465ee728b)
Number of updated assets reloaded before import = 0
Start importing Assets/Interior_1/Meshes/carpet_006.fbx using Guid(4498ec07e1bb52545a06f872b59064de) Importer(815301076,1909f56bfc062723c751e8b465ee728b)  -> (artifact id: '4ca27bb5359523d03fba84142b61a8be') in 0.040609 seconds 
Number of asset objects unloaded after import = 7
========================================================================
Received Import Request.
  Time since last request: 0.000034 seconds.
  path: Assets/Interior_1/Prefabs/carpet_004.prefab
  artifactKey: Guid(52a62585156174c4b899194bb80e5ca4) Importer(815301076,1909f56bfc062723c751e8b465ee728b)
Number of updated assets reloaded before import = 0
Start importing Assets/Interior_1/Prefabs/carpet_004.prefab using Guid(52a62585156174c4b899194bb80e5ca4) Importer(815301076,1909f56bfc062723c751e8b465ee728b)  -> (artifact id: '0a95a594b7109a54962b4bf3af9ab8da') in 0.038733 seconds 
Number of asset objects unloaded after import = 16
========================================================================
Received Import Request.
  Time since last request: 0.000055 seconds.
  path: Assets/Interior_1/Prefabs/carpet_003.prefab
  artifactKey: Guid(26864ecd579e59b49a4f8dd63461ed3a) Importer(815301076,1909f56bfc062723c751e8b465ee728b)
Number of updated assets reloaded before import = 0
Start importing Assets/Interior_1/Prefabs/carpet_003.prefab using Guid(26864ecd579e59b49a4f8dd63461ed3a) Importer(815301076,1909f56bfc062723c751e8b465ee728b)  -> (artifact id: '663dbfd1806fee80b2b7fa2e3f3889b5') in 0.039624 seconds 
Number of asset objects unloaded after import = 16
========================================================================
Received Import Request.
  Time since last request: 0.000049 seconds.
  path: Assets/Interior_1/Prefabs/carpet_021.prefab
  artifactKey: Guid(5dc2c578e265a1e4d9d376769d99f46b) Importer(815301076,1909f56bfc062723c751e8b465ee728b)
Number of updated assets reloaded before import = 0
Start importing Assets/Interior_1/Prefabs/carpet_021.prefab using Guid(5dc2c578e265a1e4d9d376769d99f46b) Importer(815301076,1909f56bfc062723c751e8b465ee728b)  -> (artifact id: '1749ef4e95088d844f098a556bc69c85') in 0.032254 seconds 
Number of asset objects unloaded after import = 16
========================================================================
Received Import Request.
  Time since last request: 0.000042 seconds.
  path: Assets/Interior_1/Meshes/carpet_009.fbx
  artifactKey: Guid(89d7b50fd618c614eb73bbce3d1c8894) Importer(815301076,1909f56bfc062723c751e8b465ee728b)
Number of updated assets reloaded before import = 0
Start importing Assets/Interior_1/Meshes/carpet_009.fbx using Guid(89d7b50fd618c614eb73bbce3d1c8894) Importer(815301076,1909f56bfc062723c751e8b465ee728b)  -> (artifact id: '3e986c885129a93bc44488473f4dd93a') in 0.042835 seconds 
Number of asset objects unloaded after import = 7
========================================================================
Received Import Request.
  Time since last request: 0.000057 seconds.
  path: Assets/Interior_1/Prefabs/musical_instrument_001.prefab
  artifactKey: Guid(7a70f07e286c8874f8b21f0a2b4b1e62) Importer(815301076,1909f56bfc062723c751e8b465ee728b)
Number of updated assets reloaded before import = 0
Start importing Assets/Interior_1/Prefabs/musical_instrument_001.prefab using Guid(7a70f07e286c8874f8b21f0a2b4b1e62) Importer(815301076,1909f56bfc062723c751e8b465ee728b)  -> (artifact id: '9085f6e166e8d2a368e4c75e4aff524c') in 0.034168 seconds 
Number of asset objects unloaded after import = 16
========================================================================
Received Import Request.
  Time since last request: 0.000038 seconds.
  path: Assets/Interior_1/Prefabs/carpet_013.prefab
  artifactKey: Guid(fc196eb85101ca344bf1d0408feaecb6) Importer(815301076,1909f56bfc062723c751e8b465ee728b)
Number of updated assets reloaded before import = 0
Start importing Assets/Interior_1/Prefabs/carpet_013.prefab using Guid(fc196eb85101ca344bf1d0408feaecb6) Importer(815301076,1909f56bfc062723c751e8b465ee728b)  -> (artifact id: '217f5ded29d36c96b028f84567142065') in 0.036961 seconds 
Number of asset objects unloaded after import = 16
========================================================================
Received Import Request.
  Time since last request: 0.000041 seconds.
  path: Assets/Interior_1/Meshes/carpet_008.fbx
  artifactKey: Guid(aa58cb9a708da3949878547fc2038fcf) Importer(815301076,1909f56bfc062723c751e8b465ee728b)
Number of updated assets reloaded before import = 0
Start importing Assets/Interior_1/Meshes/carpet_008.fbx using Guid(aa58cb9a708da3949878547fc2038fcf) Importer(815301076,1909f56bfc062723c751e8b465ee728b)  -> (artifact id: '8b707ce77ef319b9a6e0e80a7184dc45') in 0.047308 seconds 
Number of asset objects unloaded after import = 7
========================================================================
Received Import Request.
  Time since last request: 0.000035 seconds.
  path: Assets/Interior_1/Prefabs/carpet_005.prefab
  artifactKey: Guid(664f1082f5345674b8a01a2261c280a0) Importer(815301076,1909f56bfc062723c751e8b465ee728b)
Number of updated assets reloaded before import = 0
Start importing Assets/Interior_1/Prefabs/carpet_005.prefab using Guid(664f1082f5345674b8a01a2261c280a0) Importer(815301076,1909f56bfc062723c751e8b465ee728b)  -> (artifact id: '656eaf2d720a34b2b6223674d676304d') in 0.051243 seconds 
Number of asset objects unloaded after import = 16
========================================================================
Received Import Request.
  Time since last request: 0.000041 seconds.
  path: Assets/Interior_1/Prefabs/carpet_007.prefab
  artifactKey: Guid(92955db2d223ed540ab6db7f037ae979) Importer(815301076,1909f56bfc062723c751e8b465ee728b)
Number of updated assets reloaded before import = 0
Start importing Assets/Interior_1/Prefabs/carpet_007.prefab using Guid(92955db2d223ed540ab6db7f037ae979) Importer(815301076,1909f56bfc062723c751e8b465ee728b)  -> (artifact id: '4b5595937e64e1945c8cc7f1b6b27fda') in 0.033680 seconds 
Number of asset objects unloaded after import = 16
========================================================================
Received Import Request.
  Time since last request: 0.000068 seconds.
  path: Assets/Interior_1/Meshes/musical_instrument_001.fbx
  artifactKey: Guid(c8d8224c1b2a6f94cbfc4da4d63bc286) Importer(815301076,1909f56bfc062723c751e8b465ee728b)
Number of updated assets reloaded before import = 0
Start importing Assets/Interior_1/Meshes/musical_instrument_001.fbx using Guid(c8d8224c1b2a6f94cbfc4da4d63bc286) Importer(815301076,1909f56bfc062723c751e8b465ee728b)  -> (artifact id: '4aacb30dc244dbe2a4269e29f0117160') in 0.048777 seconds 
Number of asset objects unloaded after import = 7
========================================================================
Received Import Request.
  Time since last request: 0.000092 seconds.
  path: Assets/Interior_1/Prefabs/carpet_011.prefab
  artifactKey: Guid(25e3f6659d28fda4bb3cd90ecedc0d93) Importer(815301076,1909f56bfc062723c751e8b465ee728b)
Number of updated assets reloaded before import = 0
Start importing Assets/Interior_1/Prefabs/carpet_011.prefab using Guid(25e3f6659d28fda4bb3cd90ecedc0d93) Importer(815301076,1909f56bfc062723c751e8b465ee728b)  -> (artifact id: 'c9634346fed5f9899c3e18bb29250e48') in 0.049457 seconds 
Number of asset objects unloaded after import = 16
========================================================================
Received Import Request.
  Time since last request: 0.000063 seconds.
  path: Assets/Interior_1/Meshes/carpet_005.fbx
  artifactKey: Guid(724e3fb8f63b6014d943b53b60ff1643) Importer(815301076,1909f56bfc062723c751e8b465ee728b)
Number of updated assets reloaded before import = 0
Start importing Assets/Interior_1/Meshes/carpet_005.fbx using Guid(724e3fb8f63b6014d943b53b60ff1643) Importer(815301076,1909f56bfc062723c751e8b465ee728b)  -> (artifact id: '007ed389327328a6d1664f782906c72b') in 0.046226 seconds 
Number of asset objects unloaded after import = 7
========================================================================
Received Import Request.
  Time since last request: 0.000049 seconds.
  path: Assets/Interior_1/Meshes/carpet_016.fbx
  artifactKey: Guid(4a7f085c53bdb9748902fafa10053de4) Importer(815301076,1909f56bfc062723c751e8b465ee728b)
Number of updated assets reloaded before import = 0
Start importing Assets/Interior_1/Meshes/carpet_016.fbx using Guid(4a7f085c53bdb9748902fafa10053de4) Importer(815301076,1909f56bfc062723c751e8b465ee728b)  -> (artifact id: '3dc839a593867d74ed3a258ce616f608') in 0.057646 seconds 
Number of asset objects unloaded after import = 7
========================================================================
Received Import Request.
  Time since last request: 0.000051 seconds.
  path: Assets/Interior_1/Meshes/carpet_013.fbx
  artifactKey: Guid(ab064f6d07cf2574c94bbba5bb30b2d8) Importer(815301076,1909f56bfc062723c751e8b465ee728b)
Number of updated assets reloaded before import = 0
Start importing Assets/Interior_1/Meshes/carpet_013.fbx using Guid(ab064f6d07cf2574c94bbba5bb30b2d8) Importer(815301076,1909f56bfc062723c751e8b465ee728b)  -> (artifact id: 'ded74bd49396d2a1a8c2b2cc97db67b6') in 0.052402 seconds 
Number of asset objects unloaded after import = 7
========================================================================
Received Import Request.
  Time since last request: 0.000062 seconds.
  path: Assets/Interior_1/Meshes/carpet_003.fbx
  artifactKey: Guid(7252befab67faf542b9e2f82a40abd7f) Importer(815301076,1909f56bfc062723c751e8b465ee728b)
Number of updated assets reloaded before import = 0
Start importing Assets/Interior_1/Meshes/carpet_003.fbx using Guid(7252befab67faf542b9e2f82a40abd7f) Importer(815301076,1909f56bfc062723c751e8b465ee728b)  -> (artifact id: '6ffe680f96506abc413b4ea05e00c89e') in 0.045720 seconds 
Number of asset objects unloaded after import = 7
========================================================================
Received Import Request.
  Time since last request: 0.000075 seconds.
  path: Assets/Interior_1/Meshes/carpet_014.fbx
  artifactKey: Guid(0ea9232177af2814b9a1fe68a8cd845d) Importer(815301076,1909f56bfc062723c751e8b465ee728b)
Number of updated assets reloaded before import = 0
Start importing Assets/Interior_1/Meshes/carpet_014.fbx using Guid(0ea9232177af2814b9a1fe68a8cd845d) Importer(815301076,1909f56bfc062723c751e8b465ee728b)  -> (artifact id: 'cf3a27fc480048a03e6b764d40264fef') in 0.052491 seconds 
Number of asset objects unloaded after import = 7
========================================================================
Received Import Request.
  Time since last request: 0.000053 seconds.
  path: Assets/Interior_1/Prefabs/carpet_010.prefab
  artifactKey: Guid(617524083d2cca743a5565bdd4c3bbeb) Importer(815301076,1909f56bfc062723c751e8b465ee728b)
Number of updated assets reloaded before import = 0
Start importing Assets/Interior_1/Prefabs/carpet_010.prefab using Guid(617524083d2cca743a5565bdd4c3bbeb) Importer(815301076,1909f56bfc062723c751e8b465ee728b)  -> (artifact id: '007f2a69da298ec25bb491d1a619f119') in 0.039666 seconds 
Number of asset objects unloaded after import = 16
========================================================================
Received Import Request.
  Time since last request: 0.000052 seconds.
  path: Assets/Furniture_FREE/Prefabs/musical_instrument_001.prefab
  artifactKey: Guid(ff8bf27806498b14db60a3c20a21eec2) Importer(815301076,1909f56bfc062723c751e8b465ee728b)
Number of updated assets reloaded before import = 0
Start importing Assets/Furniture_FREE/Prefabs/musical_instrument_001.prefab using Guid(ff8bf27806498b14db60a3c20a21eec2) Importer(815301076,1909f56bfc062723c751e8b465ee728b)  -> (artifact id: '1aa9f0dcdf393ebe8dec22d6b8e644c3') in 0.047772 seconds 
Number of asset objects unloaded after import = 16
Editor requested this worker to shutdown with reason: Scaling down because of idle timeout
AssetImportWorker is now disconnected from the server
Process exiting
Exiting without the bug reporter. Application will terminate with return code 0