Using pre-set license
Built from '2021.3/staging' branch; Version is '2021.3.35f1 (157b46ce122a) revision 1407814'; Using compiler version '192829333'; Build Type 'Release'
OS: 'Windows 11  (10.0.22631) 64bit CoreSingleLanguage' Language: 'en' Physical Memory: 7597 MB
BatchMode: 1, IsHumanControllingUs: 0, StartBugReporterOnCrash: 0, Is64bit: 1, IsPro: 1

COMMAND LINE ARGUMENTS:
C:\Program Files\Unity\Hub\Editor\2021.3.35f1\Editor\Unity.exe
-adb2
-batchMode
-noUpm
-name
AssetImportWorker11
-projectPath
C:/New folder/Teddies-Environment
-logFile
Logs/AssetImportWorker11.log
-srvPort
57210
Successfully changed project path to: C:/New folder/Teddies-Environment
C:/New folder/Teddies-Environment
[UnityMemory] Configuration Parameters - Can be set up in boot.config
    "memorysetup-bucket-allocator-granularity=16"
    "memorysetup-bucket-allocator-bucket-count=8"
    "memorysetup-bucket-allocator-block-size=33554432"
    "memorysetup-bucket-allocator-block-count=8"
    "memorysetup-main-allocator-block-size=16777216"
    "memorysetup-thread-allocator-block-size=16777216"
    "memorysetup-gfx-main-allocator-block-size=16777216"
    "memorysetup-gfx-thread-allocator-block-size=16777216"
    "memorysetup-cache-allocator-block-size=4194304"
    "memorysetup-typetree-allocator-block-size=2097152"
    "memorysetup-profiler-bucket-allocator-granularity=16"
    "memorysetup-profiler-bucket-allocator-bucket-count=8"
    "memorysetup-profiler-bucket-allocator-block-size=33554432"
    "memorysetup-profiler-bucket-allocator-block-count=8"
    "memorysetup-profiler-allocator-block-size=16777216"
    "memorysetup-profiler-editor-allocator-block-size=1048576"
    "memorysetup-temp-allocator-size-main=16777216"
    "memorysetup-job-temp-allocator-block-size=2097152"
    "memorysetup-job-temp-allocator-block-size-background=1048576"
    "memorysetup-job-temp-allocator-reduction-small-platforms=262144"
    "memorysetup-temp-allocator-size-background-worker=32768"
    "memorysetup-temp-allocator-size-job-worker=262144"
    "memorysetup-temp-allocator-size-preload-manager=33554432"
    "memorysetup-temp-allocator-size-nav-mesh-worker=65536"
    "memorysetup-temp-allocator-size-audio-worker=65536"
    "memorysetup-temp-allocator-size-cloud-worker=32768"
    "memorysetup-temp-allocator-size-gi-baking-worker=262144"
    "memorysetup-temp-allocator-size-gfx=262144"
Player connection [3816] Host "[IP] 192.168.1.6 [Port] 0 [Flags] 2 [Guid] 812923625 [EditorId] 812923625 [Version] 1048832 [Id] WindowsEditor(7,JESS-DESKTOP) [Debug] 1 [PackageName] WindowsEditor [ProjectName] Editor" joined multi-casting on [225.0.0.222:54997]...

Player connection [3816] Host "[IP] 192.168.1.6 [Port] 0 [Flags] 2 [Guid] 812923625 [EditorId] 812923625 [Version] 1048832 [Id] WindowsEditor(7,JESS-DESKTOP) [Debug] 1 [PackageName] WindowsEditor [ProjectName] Editor" joined alternative multi-casting on [225.0.0.222:34997]...

[Physics::Module] Initialized MultithreadedJobDispatcher with {0} workers.
Refreshing native plugins compatible for Editor in 115.82 ms, found 3 plugins.
Preloading 0 native plugins for Editor in 0.00 ms.
Initialize engine version: 2021.3.35f1 (157b46ce122a)
[Subsystems] Discovering subsystems at path C:/Program Files/Unity/Hub/Editor/2021.3.35f1/Editor/Data/Resources/UnitySubsystems
[Subsystems] Discovering subsystems at path C:/New folder/Teddies-Environment/Assets
GfxDevice: creating device client; threaded=0; jobified=0
Direct3D:
    Version:  Direct3D 11.0 [level 11.1]
    Renderer: NVIDIA GeForce RTX 3050 Laptop GPU (ID=0x25a2)
    Vendor:   NVIDIA
    VRAM:     3964 MB
    Driver:   31.0.15.5186
Initialize mono
Mono path[0] = 'C:/Program Files/Unity/Hub/Editor/2021.3.35f1/Editor/Data/Managed'
Mono path[1] = 'C:/Program Files/Unity/Hub/Editor/2021.3.35f1/Editor/Data/MonoBleedingEdge/lib/mono/unityjit-win32'
Mono config path = 'C:/Program Files/Unity/Hub/Editor/2021.3.35f1/Editor/Data/MonoBleedingEdge/etc'
Using monoOptions --debugger-agent=transport=dt_socket,embedding=1,server=y,suspend=n,address=127.0.0.1:56020
Begin MonoManager ReloadAssembly
Registering precompiled unity dll's ...
Register platform support module: C:/Program Files/Unity/Hub/Editor/2021.3.35f1/Editor/Data/PlaybackEngines/WindowsStandaloneSupport/UnityEditor.WindowsStandalone.Extensions.dll
Registered in 0.007517 seconds.
Native extension for WindowsStandalone target not found
Refreshing native plugins compatible for Editor in 120.10 ms, found 3 plugins.
Preloading 0 native plugins for Editor in 0.00 ms.
Mono: successfully reloaded assembly
- Completed reload, in  0.992 seconds
Domain Reload Profiling:
	ReloadAssembly (993ms)
		BeginReloadAssembly (140ms)
			ExecutionOrderSort (0ms)
			DisableScriptedObjects (0ms)
			BackupInstance (0ms)
			ReleaseScriptingObjects (0ms)
			CreateAndSetChildDomain (1ms)
		EndReloadAssembly (720ms)
			LoadAssemblies (137ms)
			RebuildTransferFunctionScriptingTraits (0ms)
			SetupTypeCache (140ms)
			ReleaseScriptCaches (0ms)
			RebuildScriptCaches (42ms)
			SetupLoadedEditorAssemblies (479ms)
				LogAssemblyErrors (0ms)
				InitializePlatformSupportModulesInManaged (12ms)
				SetLoadedEditorAssemblies (0ms)
				RefreshPlugins (120ms)
				BeforeProcessingInitializeOnLoad (2ms)
				ProcessInitializeOnLoadAttributes (229ms)
				ProcessInitializeOnLoadMethodAttributes (115ms)
				AfterProcessingInitializeOnLoad (0ms)
				EditorAssembliesLoaded (0ms)
			ExecutionOrderSort2 (0ms)
			AwakeInstancesAfterBackupRestoration (0ms)
Platform modules already initialized, skipping
Registering precompiled user dll's ...
Registered in 0.005688 seconds.
Begin MonoManager ReloadAssembly
Native extension for WindowsStandalone target not found
Refreshing native plugins compatible for Editor in 0.91 ms, found 3 plugins.
Preloading 0 native plugins for Editor in 0.00 ms.
Package Manager log level set to [2]
[Package Manager] Server::EnsureServerProcessIsRunning -- launch failed, reason: Unity was launched with the -noUpm command-line argument
[Package Manager] Cannot connect to Unity Package Manager local server
Mono: successfully reloaded assembly
- Completed reload, in  1.692 seconds
Domain Reload Profiling:
	ReloadAssembly (1694ms)
		BeginReloadAssembly (177ms)
			ExecutionOrderSort (0ms)
			DisableScriptedObjects (7ms)
			BackupInstance (0ms)
			ReleaseScriptingObjects (0ms)
			CreateAndSetChildDomain (25ms)
		EndReloadAssembly (1384ms)
			LoadAssemblies (134ms)
			RebuildTransferFunctionScriptingTraits (0ms)
			SetupTypeCache (399ms)
			ReleaseScriptCaches (1ms)
			RebuildScriptCaches (60ms)
			SetupLoadedEditorAssemblies (794ms)
				LogAssemblyErrors (0ms)
				InitializePlatformSupportModulesInManaged (6ms)
				SetLoadedEditorAssemblies (1ms)
				RefreshPlugins (1ms)
				BeforeProcessingInitializeOnLoad (95ms)
				ProcessInitializeOnLoadAttributes (653ms)
				ProcessInitializeOnLoadMethodAttributes (31ms)
				AfterProcessingInitializeOnLoad (8ms)
				EditorAssembliesLoaded (0ms)
			ExecutionOrderSort2 (0ms)
			AwakeInstancesAfterBackupRestoration (7ms)
Platform modules already initialized, skipping
========================================================================
Worker process is ready to serve import requests
Launched and connected shader compiler UnityShaderCompiler.exe after 0.08 seconds
Refreshing native plugins compatible for Editor in 1.24 ms, found 3 plugins.
Preloading 0 native plugins for Editor in 0.00 ms.
Unloading 3068 Unused Serialized files (Serialized files now loaded: 0)
Unloading 23 unused Assets / (46.4 KB). Loaded Objects now: 3530.
Memory consumption went from 123.3 MB to 123.3 MB.
Total: 3.453600 ms (FindLiveObjects: 0.309800 ms CreateObjectMapping: 0.134100 ms MarkObjects: 2.915300 ms  DeleteObjects: 0.092600 ms)

AssetImportParameters requested are different than current active one (requested -> active):
  custom:video-decoder-ogg-theora: a1e56fd34408186e4bbccfd4996cb3dc -> 
  custom:container-muxer-webm: aa71ff27fc2769a1b78a27578f13a17b -> 
  custom:container-demuxer-webm: 4f35f7cbe854078d1ac9338744f61a02 -> 
  custom:video-encoder-webm-vp8: eb34c28f22e8b96e1ab97ce403110664 -> 
  custom:CustomObjectIndexerAttribute: bc11b3a6c3213fcdd17b65e7da85e133 -> 
  custom:audio-encoder-webm-vorbis: bf7c407c2cedff20999df2af8eb42d56 -> 
  custom:framework-win-MediaFoundation: 216162199b28c13a410421893ffa2e32 -> 
  custom:SearchIndexIgnoredProperties: e643bd26f0fe6173181afceb89e7c659 -> 
  custom:container-demuxer-ogg: 62fdf1f143b41e24485cea50d1cbac27 -> 
  custom:video-decoder-webm-vp8: 9c59270c3fd7afecdb556c50c9e8de78 -> 
  custom:audio-decoder-ogg-vorbis: bf7c407c2cedff20999df2af8eb42d56 -> 
========================================================================
Received Import Request.
  Time since last request: 84579.514722 seconds.
  path: Assets/Interior_1/Prefabs/lamp_032.prefab
  artifactKey: Guid(065624a05c5765f46b5a00796f8ae63c) Importer(815301076,1909f56bfc062723c751e8b465ee728b)
Number of updated assets reloaded before import = 0
Start importing Assets/Interior_1/Prefabs/lamp_032.prefab using Guid(065624a05c5765f46b5a00796f8ae63c) Importer(815301076,1909f56bfc062723c751e8b465ee728b)  -> (artifact id: '8dad548560394d8a6df58fdbf84ee36d') in 0.259809 seconds 
Number of asset objects unloaded after import = 16
========================================================================
Received Import Request.
  Time since last request: 2.557003 seconds.
  path: Assets/Interior_1/Prefabs/lounge_chair_010.prefab
  artifactKey: Guid(6365aee578f0430488a6125c4fa97215) Importer(815301076,1909f56bfc062723c751e8b465ee728b)
Number of updated assets reloaded before import = 0
Start importing Assets/Interior_1/Prefabs/lounge_chair_010.prefab using Guid(6365aee578f0430488a6125c4fa97215) Importer(815301076,1909f56bfc062723c751e8b465ee728b)  -> (artifact id: '6a4cfc3db6c618144b6e600d1e450dd7') in 0.053304 seconds 
Number of asset objects unloaded after import = 16
========================================================================
Received Import Request.
  Time since last request: 0.000066 seconds.
  path: Assets/Interior_1/Prefabs/lounge_chair_020.prefab
  artifactKey: Guid(2b530fcaaeef95844aa6b5291448fe12) Importer(815301076,1909f56bfc062723c751e8b465ee728b)
Number of updated assets reloaded before import = 0
Start importing Assets/Interior_1/Prefabs/lounge_chair_020.prefab using Guid(2b530fcaaeef95844aa6b5291448fe12) Importer(815301076,1909f56bfc062723c751e8b465ee728b)  -> (artifact id: '77299848350c0ade28dfe15296a4a795') in 0.048741 seconds 
Number of asset objects unloaded after import = 16
========================================================================
Received Import Request.
  Time since last request: 0.000079 seconds.
  path: Assets/Interior_1/Prefabs/lounge_chair_017.prefab
  artifactKey: Guid(834b5d073b98f5a47b17d445b9f39d66) Importer(815301076,1909f56bfc062723c751e8b465ee728b)
Number of updated assets reloaded before import = 0
Start importing Assets/Interior_1/Prefabs/lounge_chair_017.prefab using Guid(834b5d073b98f5a47b17d445b9f39d66) Importer(815301076,1909f56bfc062723c751e8b465ee728b)  -> (artifact id: 'c46f00e6a902339bbf57a88102a0eda8') in 0.039084 seconds 
Number of asset objects unloaded after import = 16
========================================================================
Received Import Request.
  Time since last request: 7.342232 seconds.
  path: Assets/Interior_1/Prefabs/low_poly_interior.447.prefab
  artifactKey: Guid(cc8435a4417be6b469add9681345e2ed) Importer(815301076,1909f56bfc062723c751e8b465ee728b)
Number of updated assets reloaded before import = 0
Start importing Assets/Interior_1/Prefabs/low_poly_interior.447.prefab using Guid(cc8435a4417be6b469add9681345e2ed) Importer(815301076,1909f56bfc062723c751e8b465ee728b)  -> (artifact id: 'e9d4852fa979b41a8340c166cd1d5b40') in 0.051924 seconds 
Number of asset objects unloaded after import = 16
========================================================================
Received Import Request.
  Time since last request: 0.000053 seconds.
  path: Assets/Interior_1/Prefabs/musical_instrument_006.prefab
  artifactKey: Guid(9351b50596af3d540aa62819f90b68b4) Importer(815301076,1909f56bfc062723c751e8b465ee728b)
Number of updated assets reloaded before import = 0
Start importing Assets/Interior_1/Prefabs/musical_instrument_006.prefab using Guid(9351b50596af3d540aa62819f90b68b4) Importer(815301076,1909f56bfc062723c751e8b465ee728b)  -> (artifact id: '62782bcfd28ad62f50f123ade198689d') in 0.043429 seconds 
Number of asset objects unloaded after import = 16
========================================================================
Received Import Request.
  Time since last request: 0.000056 seconds.
  path: Assets/Interior_1/Prefabs/musical_instrument_008.prefab
  artifactKey: Guid(45f245910b81f6840bffd6e45a93e005) Importer(815301076,1909f56bfc062723c751e8b465ee728b)
Number of updated assets reloaded before import = 0
Start importing Assets/Interior_1/Prefabs/musical_instrument_008.prefab using Guid(45f245910b81f6840bffd6e45a93e005) Importer(815301076,1909f56bfc062723c751e8b465ee728b)  -> (artifact id: 'a28d4bb36efe2cd45fbb24a9380325b2') in 0.028810 seconds 
Number of asset objects unloaded after import = 16
========================================================================
Received Import Request.
  Time since last request: 0.479942 seconds.
  path: Assets/Interior_1/Prefabs/musical_instrument_011.prefab
  artifactKey: Guid(28e92334afb2ef74d8f0be5c5062d77e) Importer(815301076,1909f56bfc062723c751e8b465ee728b)
Number of updated assets reloaded before import = 0
Start importing Assets/Interior_1/Prefabs/musical_instrument_011.prefab using Guid(28e92334afb2ef74d8f0be5c5062d77e) Importer(815301076,1909f56bfc062723c751e8b465ee728b)  -> (artifact id: '359daf9cf53e1b12352b25948f268983') in 0.050763 seconds 
Number of asset objects unloaded after import = 16
========================================================================
Received Import Request.
  Time since last request: 0.000072 seconds.
  path: Assets/Interior_1/Prefabs/musical_instrument_019.prefab
  artifactKey: Guid(55d0df5c3670de84cb5bdf36759f0ba1) Importer(815301076,1909f56bfc062723c751e8b465ee728b)
Number of updated assets reloaded before import = 0
Start importing Assets/Interior_1/Prefabs/musical_instrument_019.prefab using Guid(55d0df5c3670de84cb5bdf36759f0ba1) Importer(815301076,1909f56bfc062723c751e8b465ee728b)  -> (artifact id: '187467c5a849c7bdd53c4224b20e8fe1') in 0.050267 seconds 
Number of asset objects unloaded after import = 16
========================================================================
Received Import Request.
  Time since last request: 0.000036 seconds.
  path: Assets/Interior_1/Prefabs/musical_instrument_015.prefab
  artifactKey: Guid(d1e4ea4a154fcd441abe99a6789aabb6) Importer(815301076,1909f56bfc062723c751e8b465ee728b)
Number of updated assets reloaded before import = 0
Start importing Assets/Interior_1/Prefabs/musical_instrument_015.prefab using Guid(d1e4ea4a154fcd441abe99a6789aabb6) Importer(815301076,1909f56bfc062723c751e8b465ee728b)  -> (artifact id: 'f1d568d1bfce8a9f5be841a62361510a') in 0.042974 seconds 
Number of asset objects unloaded after import = 16
========================================================================
Received Import Request.
  Time since last request: 0.381974 seconds.
  path: Assets/Interior_1/Prefabs/office_chair_003.prefab
  artifactKey: Guid(ca7df4d27d1b61b459faf7ad3a043a05) Importer(815301076,1909f56bfc062723c751e8b465ee728b)
Number of updated assets reloaded before import = 0
Start importing Assets/Interior_1/Prefabs/office_chair_003.prefab using Guid(ca7df4d27d1b61b459faf7ad3a043a05) Importer(815301076,1909f56bfc062723c751e8b465ee728b)  -> (artifact id: '0c17ee7029c15647b6e47fc9fd805b3c') in 0.039027 seconds 
Number of asset objects unloaded after import = 16
========================================================================
Received Import Request.
  Time since last request: 0.000055 seconds.
  path: Assets/Interior_1/Prefabs/office_chair_009.prefab
  artifactKey: Guid(b8d14846e2696a94f860b4d75a48bbe6) Importer(815301076,1909f56bfc062723c751e8b465ee728b)
Number of updated assets reloaded before import = 0
Start importing Assets/Interior_1/Prefabs/office_chair_009.prefab using Guid(b8d14846e2696a94f860b4d75a48bbe6) Importer(815301076,1909f56bfc062723c751e8b465ee728b)  -> (artifact id: '71b5f73c882c27b1842adac132ce75ae') in 0.047448 seconds 
Number of asset objects unloaded after import = 16
========================================================================
Received Import Request.
  Time since last request: 0.000062 seconds.
  path: Assets/Interior_1/Prefabs/office_chair_013.prefab
  artifactKey: Guid(4d25da03a9532204dad3667b0fa5a06d) Importer(815301076,1909f56bfc062723c751e8b465ee728b)
Number of updated assets reloaded before import = 0
Start importing Assets/Interior_1/Prefabs/office_chair_013.prefab using Guid(4d25da03a9532204dad3667b0fa5a06d) Importer(815301076,1909f56bfc062723c751e8b465ee728b)  -> (artifact id: '8457c0c81652f9050a8a7b9ba547f8a3') in 0.040243 seconds 
Number of asset objects unloaded after import = 16
========================================================================
Received Import Request.
  Time since last request: 0.847582 seconds.
  path: Assets/Interior_1/Prefabs/office_chair_014.prefab
  artifactKey: Guid(a31c72a49dd3f7a4ea16228c916caa4a) Importer(815301076,1909f56bfc062723c751e8b465ee728b)
Number of updated assets reloaded before import = 0
Start importing Assets/Interior_1/Prefabs/office_chair_014.prefab using Guid(a31c72a49dd3f7a4ea16228c916caa4a) Importer(815301076,1909f56bfc062723c751e8b465ee728b)  -> (artifact id: 'f4d8ff2d528da155a924e7ab7cc0af1c') in 0.051818 seconds 
Number of asset objects unloaded after import = 16
========================================================================
Received Import Request.
  Time since last request: 0.000053 seconds.
  path: Assets/Interior_1/Prefabs/office_chair_021.prefab
  artifactKey: Guid(4692d199ff0cb5341a51c194e5048895) Importer(815301076,1909f56bfc062723c751e8b465ee728b)
Number of updated assets reloaded before import = 0
Start importing Assets/Interior_1/Prefabs/office_chair_021.prefab using Guid(4692d199ff0cb5341a51c194e5048895) Importer(815301076,1909f56bfc062723c751e8b465ee728b)  -> (artifact id: '816da2ba61c97cf8f893a075865cbce0') in 0.045851 seconds 
Number of asset objects unloaded after import = 16
========================================================================
Received Import Request.
  Time since last request: 0.000055 seconds.
  path: Assets/Interior_1/Prefabs/office_chair_022.prefab
  artifactKey: Guid(d59f874f49b418247b6639a7ef0056a3) Importer(815301076,1909f56bfc062723c751e8b465ee728b)
Number of updated assets reloaded before import = 0
Start importing Assets/Interior_1/Prefabs/office_chair_022.prefab using Guid(d59f874f49b418247b6639a7ef0056a3) Importer(815301076,1909f56bfc062723c751e8b465ee728b)  -> (artifact id: 'a1f799aa43bd803c13580660b3b9e024') in 0.035790 seconds 
Number of asset objects unloaded after import = 16
========================================================================
Received Import Request.
  Time since last request: 0.680383 seconds.
  path: Assets/Interior_1/Prefabs/office_table_003.prefab
  artifactKey: Guid(a32059ef080e967489b68e81874c92ea) Importer(815301076,1909f56bfc062723c751e8b465ee728b)
Number of updated assets reloaded before import = 0
Start importing Assets/Interior_1/Prefabs/office_table_003.prefab using Guid(a32059ef080e967489b68e81874c92ea) Importer(815301076,1909f56bfc062723c751e8b465ee728b)  -> (artifact id: '3311d2b35efd154c6562b02ea4ca4dac') in 0.040894 seconds 
Number of asset objects unloaded after import = 16
========================================================================
Received Import Request.
  Time since last request: 0.000086 seconds.
  path: Assets/Interior_1/Prefabs/office_table_013.prefab
  artifactKey: Guid(50e111b142b159240aa82fb9b6eb8a56) Importer(815301076,1909f56bfc062723c751e8b465ee728b)
Number of updated assets reloaded before import = 0
Start importing Assets/Interior_1/Prefabs/office_table_013.prefab using Guid(50e111b142b159240aa82fb9b6eb8a56) Importer(815301076,1909f56bfc062723c751e8b465ee728b)  -> (artifact id: 'a62d99083dda77f3c75ed08ae9121c7e') in 0.040454 seconds 
Number of asset objects unloaded after import = 16
========================================================================
Received Import Request.
  Time since last request: 0.000053 seconds.
  path: Assets/Interior_1/Prefabs/office_table_008.prefab
  artifactKey: Guid(b913326fc916fe84b936f99a44374958) Importer(815301076,1909f56bfc062723c751e8b465ee728b)
Number of updated assets reloaded before import = 0
Start importing Assets/Interior_1/Prefabs/office_table_008.prefab using Guid(b913326fc916fe84b936f99a44374958) Importer(815301076,1909f56bfc062723c751e8b465ee728b)  -> (artifact id: 'db86387939436bc2f3876a144c6b42d4') in 0.048060 seconds 
Number of asset objects unloaded after import = 16
========================================================================
Received Import Request.
  Time since last request: 0.421056 seconds.
  path: Assets/Interior_1/Prefabs/office_table_014.prefab
  artifactKey: Guid(c67abd37d63b86140bedc73247483e4b) Importer(815301076,1909f56bfc062723c751e8b465ee728b)
Number of updated assets reloaded before import = 0
Start importing Assets/Interior_1/Prefabs/office_table_014.prefab using Guid(c67abd37d63b86140bedc73247483e4b) Importer(815301076,1909f56bfc062723c751e8b465ee728b)  -> (artifact id: '2263984eee2b893946e72434ab32166b') in 0.055197 seconds 
Number of asset objects unloaded after import = 16
========================================================================
Received Import Request.
  Time since last request: 0.000058 seconds.
  path: Assets/Interior_1/Prefabs/office_table_018.prefab
  artifactKey: Guid(0789027ddc3ac2d43918a103871953f5) Importer(815301076,1909f56bfc062723c751e8b465ee728b)
Number of updated assets reloaded before import = 0
Start importing Assets/Interior_1/Prefabs/office_table_018.prefab using Guid(0789027ddc3ac2d43918a103871953f5) Importer(815301076,1909f56bfc062723c751e8b465ee728b)  -> (artifact id: '3c0009168db5af2e263d461e7dd62b26') in 0.039464 seconds 
Number of asset objects unloaded after import = 16
========================================================================
Received Import Request.
  Time since last request: 0.000160 seconds.
  path: Assets/Interior_1/Prefabs/office_table_024.prefab
  artifactKey: Guid(b3d3accdddff21140a495913007f1d16) Importer(815301076,1909f56bfc062723c751e8b465ee728b)
Number of updated assets reloaded before import = 0
Start importing Assets/Interior_1/Prefabs/office_table_024.prefab using Guid(b3d3accdddff21140a495913007f1d16) Importer(815301076,1909f56bfc062723c751e8b465ee728b)  -> (artifact id: '06cc83c5aac9f4434bc300d0e65b1a4c') in 0.036494 seconds 
Number of asset objects unloaded after import = 16
========================================================================
Received Import Request.
  Time since last request: 1.073435 seconds.
  path: Assets/Interior_1/Prefabs/office_table_025.prefab
  artifactKey: Guid(ddf6a7c5033e5944ba7866f14e2f9ef8) Importer(815301076,1909f56bfc062723c751e8b465ee728b)
Number of updated assets reloaded before import = 0
Start importing Assets/Interior_1/Prefabs/office_table_025.prefab using Guid(ddf6a7c5033e5944ba7866f14e2f9ef8) Importer(815301076,1909f56bfc062723c751e8b465ee728b)  -> (artifact id: 'ca93ce8ea4c6e97cb572dd53212aaeb7') in 0.044198 seconds 
Number of asset objects unloaded after import = 16
========================================================================
Received Import Request.
  Time since last request: 0.000050 seconds.
  path: Assets/Interior_1/Prefabs/office_table_030.prefab
  artifactKey: Guid(43139e0b77ccaa84dbde30d64c9dd10f) Importer(815301076,1909f56bfc062723c751e8b465ee728b)
Number of updated assets reloaded before import = 0
Start importing Assets/Interior_1/Prefabs/office_table_030.prefab using Guid(43139e0b77ccaa84dbde30d64c9dd10f) Importer(815301076,1909f56bfc062723c751e8b465ee728b)  -> (artifact id: '6a31495a69beeaa7b79031ac7b882803') in 0.048085 seconds 
Number of asset objects unloaded after import = 16
========================================================================
Received Import Request.
  Time since last request: 0.000081 seconds.
  path: Assets/Interior_1/Prefabs/office_table_035.prefab
  artifactKey: Guid(37301183c4295a74d9fb7bf5e8486607) Importer(815301076,1909f56bfc062723c751e8b465ee728b)
Number of updated assets reloaded before import = 0
Start importing Assets/Interior_1/Prefabs/office_table_035.prefab using Guid(37301183c4295a74d9fb7bf5e8486607) Importer(815301076,1909f56bfc062723c751e8b465ee728b)  -> (artifact id: 'fca9146bb7807ff59627b3e4de932f23') in 0.032065 seconds 
Number of asset objects unloaded after import = 16
========================================================================
Received Import Request.
  Time since last request: 0.373893 seconds.
  path: Assets/Interior_1/Prefabs/office_table_036.prefab
  artifactKey: Guid(f1c55eddb9dac6d4d989a9791ed215b5) Importer(815301076,1909f56bfc062723c751e8b465ee728b)
Number of updated assets reloaded before import = 0
Start importing Assets/Interior_1/Prefabs/office_table_036.prefab using Guid(f1c55eddb9dac6d4d989a9791ed215b5) Importer(815301076,1909f56bfc062723c751e8b465ee728b)  -> (artifact id: 'cf366d29ce592aa8b3e61709feb32832') in 0.038159 seconds 
Number of asset objects unloaded after import = 16
========================================================================
Received Import Request.
  Time since last request: 0.000060 seconds.
  path: Assets/Interior_1/Prefabs/ottoman_004.prefab
  artifactKey: Guid(da7a2569a4a7f744ab5d03185ef5014d) Importer(815301076,1909f56bfc062723c751e8b465ee728b)
Number of updated assets reloaded before import = 0
Start importing Assets/Interior_1/Prefabs/ottoman_004.prefab using Guid(da7a2569a4a7f744ab5d03185ef5014d) Importer(815301076,1909f56bfc062723c751e8b465ee728b)  -> (artifact id: '69f767038d10985f765545eec67271a3') in 0.040648 seconds 
Number of asset objects unloaded after import = 16
========================================================================
Received Import Request.
  Time since last request: 0.000123 seconds.
  path: Assets/Interior_1/Prefabs/ottoman_005.prefab
  artifactKey: Guid(79a408b183e7af1429a575231fdd9d28) Importer(815301076,1909f56bfc062723c751e8b465ee728b)
Number of updated assets reloaded before import = 0
Start importing Assets/Interior_1/Prefabs/ottoman_005.prefab using Guid(79a408b183e7af1429a575231fdd9d28) Importer(815301076,1909f56bfc062723c751e8b465ee728b)  -> (artifact id: '4ab1c0e51b2b8f9c090ea665d11dc419') in 0.037850 seconds 
Number of asset objects unloaded after import = 16
========================================================================
Received Import Request.
  Time since last request: 0.360271 seconds.
  path: Assets/Interior_1/Prefabs/ottoman_007.prefab
  artifactKey: Guid(b48c133c6d799b649b34918b876c2b5f) Importer(815301076,1909f56bfc062723c751e8b465ee728b)
Number of updated assets reloaded before import = 0
Start importing Assets/Interior_1/Prefabs/ottoman_007.prefab using Guid(b48c133c6d799b649b34918b876c2b5f) Importer(815301076,1909f56bfc062723c751e8b465ee728b)  -> (artifact id: '614333918c5ca66ae495be180710aa47') in 0.045627 seconds 
Number of asset objects unloaded after import = 16
========================================================================
Received Import Request.
  Time since last request: 0.000062 seconds.
  path: Assets/Interior_1/Prefabs/ottoman_014.prefab
  artifactKey: Guid(24aebde350d3256408f5c9f2531ddc06) Importer(815301076,1909f56bfc062723c751e8b465ee728b)
Number of updated assets reloaded before import = 0
Start importing Assets/Interior_1/Prefabs/ottoman_014.prefab using Guid(24aebde350d3256408f5c9f2531ddc06) Importer(815301076,1909f56bfc062723c751e8b465ee728b)  -> (artifact id: 'debac7d3855cd70f05e2bc9abcf7759f') in 0.039899 seconds 
Number of asset objects unloaded after import = 16
========================================================================
Received Import Request.
  Time since last request: 0.000136 seconds.
  path: Assets/Interior_1/Prefabs/ottoman_012.prefab
  artifactKey: Guid(1545fb87ea598b8468c686e835f49d22) Importer(815301076,1909f56bfc062723c751e8b465ee728b)
Number of updated assets reloaded before import = 0
Start importing Assets/Interior_1/Prefabs/ottoman_012.prefab using Guid(1545fb87ea598b8468c686e835f49d22) Importer(815301076,1909f56bfc062723c751e8b465ee728b)  -> (artifact id: '059cda52ae8d317a38e3d72f4fd30d27') in 0.038859 seconds 
Number of asset objects unloaded after import = 16
========================================================================
Received Import Request.
  Time since last request: 0.342936 seconds.
  path: Assets/Interior_1/Prefabs/Partitions_002.prefab
  artifactKey: Guid(749ccac7ec9b77245b359c12fddaeb60) Importer(815301076,1909f56bfc062723c751e8b465ee728b)
Number of updated assets reloaded before import = 0
Start importing Assets/Interior_1/Prefabs/Partitions_002.prefab using Guid(749ccac7ec9b77245b359c12fddaeb60) Importer(815301076,1909f56bfc062723c751e8b465ee728b)  -> (artifact id: 'ba4a35a36536acc8369be66c11e5a745') in 0.047595 seconds 
Number of asset objects unloaded after import = 16
========================================================================
Received Import Request.
  Time since last request: 0.000062 seconds.
  path: Assets/Interior_1/Prefabs/Partitions_006.prefab
  artifactKey: Guid(f3aef05c6a93ce945ba86c109281fd78) Importer(815301076,1909f56bfc062723c751e8b465ee728b)
Number of updated assets reloaded before import = 0
Start importing Assets/Interior_1/Prefabs/Partitions_006.prefab using Guid(f3aef05c6a93ce945ba86c109281fd78) Importer(815301076,1909f56bfc062723c751e8b465ee728b)  -> (artifact id: 'f70478eed3abb49f543c980eeee18add') in 0.041364 seconds 
Number of asset objects unloaded after import = 16
========================================================================
Received Import Request.
  Time since last request: 0.000078 seconds.
  path: Assets/Interior_1/Prefabs/Partitions_007.prefab
  artifactKey: Guid(6f9393a5d9fdbd243ad191b19d499544) Importer(815301076,1909f56bfc062723c751e8b465ee728b)
Number of updated assets reloaded before import = 0
Start importing Assets/Interior_1/Prefabs/Partitions_007.prefab using Guid(6f9393a5d9fdbd243ad191b19d499544) Importer(815301076,1909f56bfc062723c751e8b465ee728b)  -> (artifact id: '53201c65e93e475f729c5a8cfdcb3773') in 0.037915 seconds 
Number of asset objects unloaded after import = 16
========================================================================
Received Import Request.
  Time since last request: 0.397767 seconds.
  path: Assets/Interior_1/Prefabs/Partitions_013.prefab
  artifactKey: Guid(75ff5e65626797646ad3fd358ec0ebc2) Importer(815301076,1909f56bfc062723c751e8b465ee728b)
Number of updated assets reloaded before import = 0
Start importing Assets/Interior_1/Prefabs/Partitions_013.prefab using Guid(75ff5e65626797646ad3fd358ec0ebc2) Importer(815301076,1909f56bfc062723c751e8b465ee728b)  -> (artifact id: '1aff51cd7aa754d81948fcc1a05a50b4') in 0.051388 seconds 
Number of asset objects unloaded after import = 16
========================================================================
Received Import Request.
  Time since last request: 0.000055 seconds.
  path: Assets/Interior_1/Prefabs/Partitions_017.prefab
  artifactKey: Guid(63b50e1152fc2ed48bc5c344a0555b15) Importer(815301076,1909f56bfc062723c751e8b465ee728b)
Number of updated assets reloaded before import = 0
Start importing Assets/Interior_1/Prefabs/Partitions_017.prefab using Guid(63b50e1152fc2ed48bc5c344a0555b15) Importer(815301076,1909f56bfc062723c751e8b465ee728b)  -> (artifact id: '6490943bc2700f39e8cf589be3664ef3') in 0.042117 seconds 
Number of asset objects unloaded after import = 16
========================================================================
Received Import Request.
  Time since last request: 0.000044 seconds.
  path: Assets/Interior_1/Prefabs/Partitions_022.prefab
  artifactKey: Guid(744495b4d7187c24386bd7861b25c932) Importer(815301076,1909f56bfc062723c751e8b465ee728b)
Number of updated assets reloaded before import = 0
Start importing Assets/Interior_1/Prefabs/Partitions_022.prefab using Guid(744495b4d7187c24386bd7861b25c932) Importer(815301076,1909f56bfc062723c751e8b465ee728b)  -> (artifact id: '717eede6d5512f6f1874ee1deac43152') in 0.032872 seconds 
Number of asset objects unloaded after import = 16
========================================================================
Received Import Request.
  Time since last request: 5.291712 seconds.
  path: Assets/Interior_1/Prefabs/Partitions_024.prefab
  artifactKey: Guid(f95b53d314f635a4d9cb1eddf026ad6e) Importer(815301076,1909f56bfc062723c751e8b465ee728b)
Number of updated assets reloaded before import = 0
Start importing Assets/Interior_1/Prefabs/Partitions_024.prefab using Guid(f95b53d314f635a4d9cb1eddf026ad6e) Importer(815301076,1909f56bfc062723c751e8b465ee728b)  -> (artifact id: 'ef46fe9c0171cfdc589aff037379a7b6') in 0.047915 seconds 
Number of asset objects unloaded after import = 16
========================================================================
Received Import Request.
  Time since last request: 0.000054 seconds.
  path: Assets/Interior_1/Prefabs/Partitions_028.prefab
  artifactKey: Guid(f550927055363c949a4d3b25cf662c21) Importer(815301076,1909f56bfc062723c751e8b465ee728b)
Number of updated assets reloaded before import = 0
Start importing Assets/Interior_1/Prefabs/Partitions_028.prefab using Guid(f550927055363c949a4d3b25cf662c21) Importer(815301076,1909f56bfc062723c751e8b465ee728b)  -> (artifact id: 'd5b71768a3ce5cfcfd472c9a56c7c7ca') in 0.038878 seconds 
Number of asset objects unloaded after import = 16
========================================================================
Received Import Request.
  Time since last request: 0.000089 seconds.
  path: Assets/Interior_1/Prefabs/Partitions_030.prefab
  artifactKey: Guid(529961090976c6e498c881254cba2e97) Importer(815301076,1909f56bfc062723c751e8b465ee728b)
Number of updated assets reloaded before import = 0
Start importing Assets/Interior_1/Prefabs/Partitions_030.prefab using Guid(529961090976c6e498c881254cba2e97) Importer(815301076,1909f56bfc062723c751e8b465ee728b)  -> (artifact id: 'cbc7e0dad008c1248daf76f25ff93a13') in 0.038942 seconds 
Number of asset objects unloaded after import = 16
========================================================================
Received Import Request.
  Time since last request: 4.967032 seconds.
  path: Assets/Interior_1/Prefabs/Partitions_035.prefab
  artifactKey: Guid(d470f8fa89221ae469d2f7300f7e2a0d) Importer(815301076,1909f56bfc062723c751e8b465ee728b)
Number of updated assets reloaded before import = 0
Start importing Assets/Interior_1/Prefabs/Partitions_035.prefab using Guid(d470f8fa89221ae469d2f7300f7e2a0d) Importer(815301076,1909f56bfc062723c751e8b465ee728b)  -> (artifact id: '3abbe08ff891cc08519f4c50c4c775f5') in 0.049832 seconds 
Number of asset objects unloaded after import = 16
========================================================================
Received Import Request.
  Time since last request: 0.000048 seconds.
  path: Assets/Interior_1/Prefabs/Partitions_040.prefab
  artifactKey: Guid(12c861f432f4f4a4ab2506499ec6c71b) Importer(815301076,1909f56bfc062723c751e8b465ee728b)
Number of updated assets reloaded before import = 0
Start importing Assets/Interior_1/Prefabs/Partitions_040.prefab using Guid(12c861f432f4f4a4ab2506499ec6c71b) Importer(815301076,1909f56bfc062723c751e8b465ee728b)  -> (artifact id: 'b7edf7152018a8bef1c9dec53bedddb4') in 0.039180 seconds 
Number of asset objects unloaded after import = 16
========================================================================
Received Import Request.
  Time since last request: 0.000103 seconds.
  path: Assets/Interior_1/Prefabs/Partitions_045.prefab
  artifactKey: Guid(38a2ff87c2e4a0146851a6869449acbb) Importer(815301076,1909f56bfc062723c751e8b465ee728b)
Number of updated assets reloaded before import = 0
Start importing Assets/Interior_1/Prefabs/Partitions_045.prefab using Guid(38a2ff87c2e4a0146851a6869449acbb) Importer(815301076,1909f56bfc062723c751e8b465ee728b)  -> (artifact id: 'a045ee03654aa0fb0b681a37ecea4802') in 0.045059 seconds 
Number of asset objects unloaded after import = 16
Editor requested this worker to shutdown with reason: Scaling down because of idle timeout
AssetImportWorker is now disconnected from the server
Process exiting
Exiting without the bug reporter. Application will terminate with return code 0