Using pre-set license
Built from '2021.3/staging' branch; Version is '2021.3.35f1 (157b46ce122a) revision 1407814'; Using compiler version '192829333'; Build Type 'Release'
OS: 'Windows 11  (10.0.22631) 64bit CoreSingleLanguage' Language: 'en' Physical Memory: 7597 MB
BatchMode: 1, IsHumanControllingUs: 0, StartBugReporterOnCrash: 0, Is64bit: 1, IsPro: 1

COMMAND LINE ARGUMENTS:
C:\Program Files\Unity\Hub\Editor\2021.3.35f1\Editor\Unity.exe
-adb2
-batchMode
-noUpm
-name
AssetImportWorker17
-projectPath
C:/New folder/Teddies-Environment
-logFile
Logs/AssetImportWorker17.log
-srvPort
57210
Successfully changed project path to: C:/New folder/Teddies-Environment
C:/New folder/Teddies-Environment
[UnityMemory] Configuration Parameters - Can be set up in boot.config
    "memorysetup-bucket-allocator-granularity=16"
    "memorysetup-bucket-allocator-bucket-count=8"
    "memorysetup-bucket-allocator-block-size=33554432"
    "memorysetup-bucket-allocator-block-count=8"
    "memorysetup-main-allocator-block-size=16777216"
    "memorysetup-thread-allocator-block-size=16777216"
    "memorysetup-gfx-main-allocator-block-size=16777216"
    "memorysetup-gfx-thread-allocator-block-size=16777216"
    "memorysetup-cache-allocator-block-size=4194304"
    "memorysetup-typetree-allocator-block-size=2097152"
    "memorysetup-profiler-bucket-allocator-granularity=16"
    "memorysetup-profiler-bucket-allocator-bucket-count=8"
    "memorysetup-profiler-bucket-allocator-block-size=33554432"
    "memorysetup-profiler-bucket-allocator-block-count=8"
    "memorysetup-profiler-allocator-block-size=16777216"
    "memorysetup-profiler-editor-allocator-block-size=1048576"
    "memorysetup-temp-allocator-size-main=16777216"
    "memorysetup-job-temp-allocator-block-size=2097152"
    "memorysetup-job-temp-allocator-block-size-background=1048576"
    "memorysetup-job-temp-allocator-reduction-small-platforms=262144"
    "memorysetup-temp-allocator-size-background-worker=32768"
    "memorysetup-temp-allocator-size-job-worker=262144"
    "memorysetup-temp-allocator-size-preload-manager=33554432"
    "memorysetup-temp-allocator-size-nav-mesh-worker=65536"
    "memorysetup-temp-allocator-size-audio-worker=65536"
    "memorysetup-temp-allocator-size-cloud-worker=32768"
    "memorysetup-temp-allocator-size-gi-baking-worker=262144"
    "memorysetup-temp-allocator-size-gfx=262144"
Player connection [15016] Host "[IP] 192.168.1.6 [Port] 0 [Flags] 2 [Guid] 2514658546 [EditorId] 2514658546 [Version] 1048832 [Id] WindowsEditor(7,JESS-DESKTOP) [Debug] 1 [PackageName] WindowsEditor [ProjectName] Editor" joined multi-casting on [225.0.0.222:54997]...

Player connection [15016] Host "[IP] 192.168.1.6 [Port] 0 [Flags] 2 [Guid] 2514658546 [EditorId] 2514658546 [Version] 1048832 [Id] WindowsEditor(7,JESS-DESKTOP) [Debug] 1 [PackageName] WindowsEditor [ProjectName] Editor" joined alternative multi-casting on [225.0.0.222:34997]...

[Physics::Module] Initialized MultithreadedJobDispatcher with {0} workers.
Refreshing native plugins compatible for Editor in 133.94 ms, found 3 plugins.
Preloading 0 native plugins for Editor in 0.00 ms.
Initialize engine version: 2021.3.35f1 (157b46ce122a)
[Subsystems] Discovering subsystems at path C:/Program Files/Unity/Hub/Editor/2021.3.35f1/Editor/Data/Resources/UnitySubsystems
[Subsystems] Discovering subsystems at path C:/New folder/Teddies-Environment/Assets
GfxDevice: creating device client; threaded=0; jobified=0
Direct3D:
    Version:  Direct3D 11.0 [level 11.1]
    Renderer: NVIDIA GeForce RTX 3050 Laptop GPU (ID=0x25a2)
    Vendor:   NVIDIA
    VRAM:     3964 MB
    Driver:   31.0.15.5186
Initialize mono
Mono path[0] = 'C:/Program Files/Unity/Hub/Editor/2021.3.35f1/Editor/Data/Managed'
Mono path[1] = 'C:/Program Files/Unity/Hub/Editor/2021.3.35f1/Editor/Data/MonoBleedingEdge/lib/mono/unityjit-win32'
Mono config path = 'C:/Program Files/Unity/Hub/Editor/2021.3.35f1/Editor/Data/MonoBleedingEdge/etc'
Using monoOptions --debugger-agent=transport=dt_socket,embedding=1,server=y,suspend=n,address=127.0.0.1:56380
Begin MonoManager ReloadAssembly
Registering precompiled unity dll's ...
Register platform support module: C:/Program Files/Unity/Hub/Editor/2021.3.35f1/Editor/Data/PlaybackEngines/WindowsStandaloneSupport/UnityEditor.WindowsStandalone.Extensions.dll
Registered in 0.004142 seconds.
Native extension for WindowsStandalone target not found
Refreshing native plugins compatible for Editor in 124.17 ms, found 3 plugins.
Preloading 0 native plugins for Editor in 0.00 ms.
Mono: successfully reloaded assembly
- Completed reload, in  0.887 seconds
Domain Reload Profiling:
	ReloadAssembly (888ms)
		BeginReloadAssembly (144ms)
			ExecutionOrderSort (0ms)
			DisableScriptedObjects (0ms)
			BackupInstance (0ms)
			ReleaseScriptingObjects (0ms)
			CreateAndSetChildDomain (1ms)
		EndReloadAssembly (618ms)
			LoadAssemblies (140ms)
			RebuildTransferFunctionScriptingTraits (0ms)
			SetupTypeCache (156ms)
			ReleaseScriptCaches (0ms)
			RebuildScriptCaches (38ms)
			SetupLoadedEditorAssemblies (369ms)
				LogAssemblyErrors (0ms)
				InitializePlatformSupportModulesInManaged (10ms)
				SetLoadedEditorAssemblies (0ms)
				RefreshPlugins (124ms)
				BeforeProcessingInitializeOnLoad (1ms)
				ProcessInitializeOnLoadAttributes (170ms)
				ProcessInitializeOnLoadMethodAttributes (63ms)
				AfterProcessingInitializeOnLoad (0ms)
				EditorAssembliesLoaded (0ms)
			ExecutionOrderSort2 (0ms)
			AwakeInstancesAfterBackupRestoration (0ms)
Platform modules already initialized, skipping
Registering precompiled user dll's ...
Registered in 0.005177 seconds.
Begin MonoManager ReloadAssembly
Native extension for WindowsStandalone target not found
Refreshing native plugins compatible for Editor in 0.99 ms, found 3 plugins.
Preloading 0 native plugins for Editor in 0.00 ms.
Package Manager log level set to [2]
[Package Manager] Server::EnsureServerProcessIsRunning -- launch failed, reason: Unity was launched with the -noUpm command-line argument
[Package Manager] Cannot connect to Unity Package Manager local server
Mono: successfully reloaded assembly
- Completed reload, in  1.609 seconds
Domain Reload Profiling:
	ReloadAssembly (1611ms)
		BeginReloadAssembly (161ms)
			ExecutionOrderSort (0ms)
			DisableScriptedObjects (7ms)
			BackupInstance (0ms)
			ReleaseScriptingObjects (0ms)
			CreateAndSetChildDomain (25ms)
		EndReloadAssembly (1311ms)
			LoadAssemblies (113ms)
			RebuildTransferFunctionScriptingTraits (0ms)
			SetupTypeCache (352ms)
			ReleaseScriptCaches (1ms)
			RebuildScriptCaches (63ms)
			SetupLoadedEditorAssemblies (767ms)
				LogAssemblyErrors (0ms)
				InitializePlatformSupportModulesInManaged (6ms)
				SetLoadedEditorAssemblies (1ms)
				RefreshPlugins (1ms)
				BeforeProcessingInitializeOnLoad (91ms)
				ProcessInitializeOnLoadAttributes (638ms)
				ProcessInitializeOnLoadMethodAttributes (25ms)
				AfterProcessingInitializeOnLoad (5ms)
				EditorAssembliesLoaded (0ms)
			ExecutionOrderSort2 (0ms)
			AwakeInstancesAfterBackupRestoration (7ms)
Platform modules already initialized, skipping
========================================================================
Worker process is ready to serve import requests
Launched and connected shader compiler UnityShaderCompiler.exe after 0.05 seconds
Refreshing native plugins compatible for Editor in 1.04 ms, found 3 plugins.
Preloading 0 native plugins for Editor in 0.00 ms.
Unloading 3068 Unused Serialized files (Serialized files now loaded: 0)
Unloading 23 unused Assets / (46.5 KB). Loaded Objects now: 3530.
Memory consumption went from 123.3 MB to 123.3 MB.
Total: 4.508600 ms (FindLiveObjects: 0.477500 ms CreateObjectMapping: 0.259100 ms MarkObjects: 3.659700 ms  DeleteObjects: 0.109100 ms)

AssetImportParameters requested are different than current active one (requested -> active):
  custom:video-decoder-ogg-theora: a1e56fd34408186e4bbccfd4996cb3dc -> 
  custom:container-muxer-webm: aa71ff27fc2769a1b78a27578f13a17b -> 
  custom:container-demuxer-webm: 4f35f7cbe854078d1ac9338744f61a02 -> 
  custom:video-encoder-webm-vp8: eb34c28f22e8b96e1ab97ce403110664 -> 
  custom:CustomObjectIndexerAttribute: bc11b3a6c3213fcdd17b65e7da85e133 -> 
  custom:audio-encoder-webm-vorbis: bf7c407c2cedff20999df2af8eb42d56 -> 
  custom:framework-win-MediaFoundation: 216162199b28c13a410421893ffa2e32 -> 
  custom:SearchIndexIgnoredProperties: e643bd26f0fe6173181afceb89e7c659 -> 
  custom:container-demuxer-ogg: 62fdf1f143b41e24485cea50d1cbac27 -> 
  custom:video-decoder-webm-vp8: 9c59270c3fd7afecdb556c50c9e8de78 -> 
  custom:audio-decoder-ogg-vorbis: bf7c407c2cedff20999df2af8eb42d56 -> 
========================================================================
Received Import Request.
  Time since last request: 85175.281770 seconds.
  path: Assets/Interior_1/Prefabs/prop_083.prefab
  artifactKey: Guid(6ab7a56f62c0e8046b69901a2929a4ad) Importer(815301076,1909f56bfc062723c751e8b465ee728b)
Number of updated assets reloaded before import = 0
Start importing Assets/Interior_1/Prefabs/prop_083.prefab using Guid(6ab7a56f62c0e8046b69901a2929a4ad) Importer(815301076,1909f56bfc062723c751e8b465ee728b)  -> (artifact id: '3e91a0643a787abb2e6a530b5cf5d29a') in 0.266080 seconds 
Number of asset objects unloaded after import = 16
========================================================================
Received Import Request.
  Time since last request: 0.000134 seconds.
  path: Assets/Interior_1/Prefabs/prop_087.prefab
  artifactKey: Guid(eea9cd4113129cf4792c273fc1fc958e) Importer(815301076,1909f56bfc062723c751e8b465ee728b)
Number of updated assets reloaded before import = 0
Start importing Assets/Interior_1/Prefabs/prop_087.prefab using Guid(eea9cd4113129cf4792c273fc1fc958e) Importer(815301076,1909f56bfc062723c751e8b465ee728b)  -> (artifact id: '91f3b1fbcc88d6917d54176670c82e05') in 0.038922 seconds 
Number of asset objects unloaded after import = 16
========================================================================
Received Import Request.
  Time since last request: 0.000077 seconds.
  path: Assets/Interior_1/Prefabs/prop_090.prefab
  artifactKey: Guid(3bb332762f34bbd47afe1ca9caff333e) Importer(815301076,1909f56bfc062723c751e8b465ee728b)
Number of updated assets reloaded before import = 0
Start importing Assets/Interior_1/Prefabs/prop_090.prefab using Guid(3bb332762f34bbd47afe1ca9caff333e) Importer(815301076,1909f56bfc062723c751e8b465ee728b)  -> (artifact id: '47baa32758c48a645606ff99ac3d88bf') in 0.032939 seconds 
Number of asset objects unloaded after import = 16
========================================================================
Received Import Request.
  Time since last request: 0.000064 seconds.
  path: Assets/Interior_1/Prefabs/prop_091.prefab
  artifactKey: Guid(babe8127bff5dab4b84d93c84efbc4d1) Importer(815301076,1909f56bfc062723c751e8b465ee728b)
Number of updated assets reloaded before import = 0
Start importing Assets/Interior_1/Prefabs/prop_091.prefab using Guid(babe8127bff5dab4b84d93c84efbc4d1) Importer(815301076,1909f56bfc062723c751e8b465ee728b)  -> (artifact id: '07a28a5b098bebe16fa0d993e69f67b2') in 0.036701 seconds 
Number of asset objects unloaded after import = 16
========================================================================
Received Import Request.
  Time since last request: 0.000036 seconds.
  path: Assets/Interior_1/Prefabs/prop_092.prefab
  artifactKey: Guid(b2f28a217e7cadc4da28fdf967d14b9d) Importer(815301076,1909f56bfc062723c751e8b465ee728b)
Number of updated assets reloaded before import = 0
Start importing Assets/Interior_1/Prefabs/prop_092.prefab using Guid(b2f28a217e7cadc4da28fdf967d14b9d) Importer(815301076,1909f56bfc062723c751e8b465ee728b)  -> (artifact id: 'bf5313597dccedc76e121844a9ea682c') in 0.042616 seconds 
Number of asset objects unloaded after import = 16
========================================================================
Received Import Request.
  Time since last request: 0.183657 seconds.
  path: Assets/Interior_1/Prefabs/prop_094.prefab
  artifactKey: Guid(2c0b3ec6eb3a07c4db2739bf87d488d4) Importer(815301076,1909f56bfc062723c751e8b465ee728b)
Number of updated assets reloaded before import = 0
Start importing Assets/Interior_1/Prefabs/prop_094.prefab using Guid(2c0b3ec6eb3a07c4db2739bf87d488d4) Importer(815301076,1909f56bfc062723c751e8b465ee728b)  -> (artifact id: '782ce4600e5242c925b28a93759612b0') in 0.043577 seconds 
Number of asset objects unloaded after import = 16
========================================================================
Received Import Request.
  Time since last request: 0.000063 seconds.
  path: Assets/Interior_1/Prefabs/prop_098.prefab
  artifactKey: Guid(2e8b941f6d5810649b22e78d071a9b60) Importer(815301076,1909f56bfc062723c751e8b465ee728b)
Number of updated assets reloaded before import = 0
Start importing Assets/Interior_1/Prefabs/prop_098.prefab using Guid(2e8b941f6d5810649b22e78d071a9b60) Importer(815301076,1909f56bfc062723c751e8b465ee728b)  -> (artifact id: '15b559f956dc255515a5c13c2451aebc') in 0.038765 seconds 
Number of asset objects unloaded after import = 16
========================================================================
Received Import Request.
  Time since last request: 0.000089 seconds.
  path: Assets/Interior_1/Prefabs/prop_099.prefab
  artifactKey: Guid(1f5af84c752067f40b07a271bd22f728) Importer(815301076,1909f56bfc062723c751e8b465ee728b)
Number of updated assets reloaded before import = 0
Start importing Assets/Interior_1/Prefabs/prop_099.prefab using Guid(1f5af84c752067f40b07a271bd22f728) Importer(815301076,1909f56bfc062723c751e8b465ee728b)  -> (artifact id: '44b3d8717d33dc5d9548b7dabedd3946') in 0.044773 seconds 
Number of asset objects unloaded after import = 16
========================================================================
Received Import Request.
  Time since last request: 0.000060 seconds.
  path: Assets/Interior_1/Prefabs/prop_097.prefab
  artifactKey: Guid(959e4e0ed7d02a74ea71ad4f04f16356) Importer(815301076,1909f56bfc062723c751e8b465ee728b)
Number of updated assets reloaded before import = 0
Start importing Assets/Interior_1/Prefabs/prop_097.prefab using Guid(959e4e0ed7d02a74ea71ad4f04f16356) Importer(815301076,1909f56bfc062723c751e8b465ee728b)  -> (artifact id: '901188dcd970768e9072bf4523cf2c4e') in 0.035134 seconds 
Number of asset objects unloaded after import = 16
========================================================================
Received Import Request.
  Time since last request: 0.000075 seconds.
  path: Assets/Interior_1/Prefabs/prop_103.prefab
  artifactKey: Guid(0764d93f5b0243941a5cb83cb9a95905) Importer(815301076,1909f56bfc062723c751e8b465ee728b)
Number of updated assets reloaded before import = 0
Start importing Assets/Interior_1/Prefabs/prop_103.prefab using Guid(0764d93f5b0243941a5cb83cb9a95905) Importer(815301076,1909f56bfc062723c751e8b465ee728b)  -> (artifact id: '724d0d21ea380e4d613d1f00319d4c13') in 0.038430 seconds 
Number of asset objects unloaded after import = 16
========================================================================
Received Import Request.
  Time since last request: 0.000046 seconds.
  path: Assets/Interior_1/Prefabs/prop_100.prefab
  artifactKey: Guid(f4cea2cfc423fb347bfe92aa277c0b21) Importer(815301076,1909f56bfc062723c751e8b465ee728b)
Number of updated assets reloaded before import = 0
Start importing Assets/Interior_1/Prefabs/prop_100.prefab using Guid(f4cea2cfc423fb347bfe92aa277c0b21) Importer(815301076,1909f56bfc062723c751e8b465ee728b)  -> (artifact id: '2e935a53b3a97a7c1850fa0ac641a56a') in 0.034824 seconds 
Number of asset objects unloaded after import = 16
Editor requested this worker to shutdown with reason: Scaling down because of idle timeout
AssetImportWorker is now disconnected from the server
Process exiting
Exiting without the bug reporter. Application will terminate with return code 0