Using pre-set license
Built from '2021.3/staging' branch; Version is '2021.3.35f1 (157b46ce122a) revision 1407814'; Using compiler version '192829333'; Build Type 'Release'
OS: 'Windows 11  (10.0.22631) 64bit CoreSingleLanguage' Language: 'en' Physical Memory: 7597 MB
BatchMode: 1, IsHumanControllingUs: 0, StartBugReporterOnCrash: 0, Is64bit: 1, IsPro: 1

COMMAND LINE ARGUMENTS:
C:\Program Files\Unity\Hub\Editor\2021.3.35f1\Editor\Unity.exe
-adb2
-batchMode
-noUpm
-name
AssetImportWorker22
-projectPath
C:/New folder/Teddies-Environment
-logFile
Logs/AssetImportWorker22.log
-srvPort
57210
Successfully changed project path to: C:/New folder/Teddies-Environment
C:/New folder/Teddies-Environment
[UnityMemory] Configuration Parameters - Can be set up in boot.config
    "memorysetup-bucket-allocator-granularity=16"
    "memorysetup-bucket-allocator-bucket-count=8"
    "memorysetup-bucket-allocator-block-size=33554432"
    "memorysetup-bucket-allocator-block-count=8"
    "memorysetup-main-allocator-block-size=16777216"
    "memorysetup-thread-allocator-block-size=16777216"
    "memorysetup-gfx-main-allocator-block-size=16777216"
    "memorysetup-gfx-thread-allocator-block-size=16777216"
    "memorysetup-cache-allocator-block-size=4194304"
    "memorysetup-typetree-allocator-block-size=2097152"
    "memorysetup-profiler-bucket-allocator-granularity=16"
    "memorysetup-profiler-bucket-allocator-bucket-count=8"
    "memorysetup-profiler-bucket-allocator-block-size=33554432"
    "memorysetup-profiler-bucket-allocator-block-count=8"
    "memorysetup-profiler-allocator-block-size=16777216"
    "memorysetup-profiler-editor-allocator-block-size=1048576"
    "memorysetup-temp-allocator-size-main=16777216"
    "memorysetup-job-temp-allocator-block-size=2097152"
    "memorysetup-job-temp-allocator-block-size-background=1048576"
    "memorysetup-job-temp-allocator-reduction-small-platforms=262144"
    "memorysetup-temp-allocator-size-background-worker=32768"
    "memorysetup-temp-allocator-size-job-worker=262144"
    "memorysetup-temp-allocator-size-preload-manager=33554432"
    "memorysetup-temp-allocator-size-nav-mesh-worker=65536"
    "memorysetup-temp-allocator-size-audio-worker=65536"
    "memorysetup-temp-allocator-size-cloud-worker=32768"
    "memorysetup-temp-allocator-size-gi-baking-worker=262144"
    "memorysetup-temp-allocator-size-gfx=262144"
Player connection [4984] Host "[IP] 192.168.1.6 [Port] 0 [Flags] 2 [Guid] 2041527127 [EditorId] 2041527127 [Version] 1048832 [Id] WindowsEditor(7,JESS-DESKTOP) [Debug] 1 [PackageName] WindowsEditor [ProjectName] Editor" joined multi-casting on [225.0.0.222:54997]...

Player connection [4984] Host "[IP] 192.168.1.6 [Port] 0 [Flags] 2 [Guid] 2041527127 [EditorId] 2041527127 [Version] 1048832 [Id] WindowsEditor(7,JESS-DESKTOP) [Debug] 1 [PackageName] WindowsEditor [ProjectName] Editor" joined alternative multi-casting on [225.0.0.222:34997]...

[Physics::Module] Initialized MultithreadedJobDispatcher with {0} workers.
Refreshing native plugins compatible for Editor in 160.40 ms, found 3 plugins.
Preloading 0 native plugins for Editor in 0.00 ms.
Initialize engine version: 2021.3.35f1 (157b46ce122a)
[Subsystems] Discovering subsystems at path C:/Program Files/Unity/Hub/Editor/2021.3.35f1/Editor/Data/Resources/UnitySubsystems
[Subsystems] Discovering subsystems at path C:/New folder/Teddies-Environment/Assets
GfxDevice: creating device client; threaded=0; jobified=0
Direct3D:
    Version:  Direct3D 11.0 [level 11.1]
    Renderer: NVIDIA GeForce RTX 3050 Laptop GPU (ID=0x25a2)
    Vendor:   NVIDIA
    VRAM:     3964 MB
    Driver:   31.0.15.5186
Initialize mono
Mono path[0] = 'C:/Program Files/Unity/Hub/Editor/2021.3.35f1/Editor/Data/Managed'
Mono path[1] = 'C:/Program Files/Unity/Hub/Editor/2021.3.35f1/Editor/Data/MonoBleedingEdge/lib/mono/unityjit-win32'
Mono config path = 'C:/Program Files/Unity/Hub/Editor/2021.3.35f1/Editor/Data/MonoBleedingEdge/etc'
Using monoOptions --debugger-agent=transport=dt_socket,embedding=1,server=y,suspend=n,address=127.0.0.1:56640
Begin MonoManager ReloadAssembly
Registering precompiled unity dll's ...
Register platform support module: C:/Program Files/Unity/Hub/Editor/2021.3.35f1/Editor/Data/PlaybackEngines/WindowsStandaloneSupport/UnityEditor.WindowsStandalone.Extensions.dll
Registered in 0.004542 seconds.
Native extension for WindowsStandalone target not found
Refreshing native plugins compatible for Editor in 118.87 ms, found 3 plugins.
Preloading 0 native plugins for Editor in 0.00 ms.
Mono: successfully reloaded assembly
- Completed reload, in  0.841 seconds
Domain Reload Profiling:
	ReloadAssembly (841ms)
		BeginReloadAssembly (119ms)
			ExecutionOrderSort (0ms)
			DisableScriptedObjects (0ms)
			BackupInstance (0ms)
			ReleaseScriptingObjects (0ms)
			CreateAndSetChildDomain (1ms)
		EndReloadAssembly (606ms)
			LoadAssemblies (117ms)
			RebuildTransferFunctionScriptingTraits (0ms)
			SetupTypeCache (134ms)
			ReleaseScriptCaches (0ms)
			RebuildScriptCaches (47ms)
			SetupLoadedEditorAssemblies (372ms)
				LogAssemblyErrors (0ms)
				InitializePlatformSupportModulesInManaged (17ms)
				SetLoadedEditorAssemblies (0ms)
				RefreshPlugins (119ms)
				BeforeProcessingInitializeOnLoad (1ms)
				ProcessInitializeOnLoadAttributes (176ms)
				ProcessInitializeOnLoadMethodAttributes (58ms)
				AfterProcessingInitializeOnLoad (0ms)
				EditorAssembliesLoaded (0ms)
			ExecutionOrderSort2 (0ms)
			AwakeInstancesAfterBackupRestoration (0ms)
Platform modules already initialized, skipping
Registering precompiled user dll's ...
Registered in 0.005594 seconds.
Begin MonoManager ReloadAssembly
Native extension for WindowsStandalone target not found
Refreshing native plugins compatible for Editor in 0.87 ms, found 3 plugins.
Preloading 0 native plugins for Editor in 0.00 ms.
Package Manager log level set to [2]
[Package Manager] Server::EnsureServerProcessIsRunning -- launch failed, reason: Unity was launched with the -noUpm command-line argument
[Package Manager] Cannot connect to Unity Package Manager local server
Mono: successfully reloaded assembly
- Completed reload, in  1.709 seconds
Domain Reload Profiling:
	ReloadAssembly (1710ms)
		BeginReloadAssembly (173ms)
			ExecutionOrderSort (0ms)
			DisableScriptedObjects (7ms)
			BackupInstance (0ms)
			ReleaseScriptingObjects (0ms)
			CreateAndSetChildDomain (29ms)
		EndReloadAssembly (1402ms)
			LoadAssemblies (120ms)
			RebuildTransferFunctionScriptingTraits (0ms)
			SetupTypeCache (335ms)
			ReleaseScriptCaches (1ms)
			RebuildScriptCaches (60ms)
			SetupLoadedEditorAssemblies (871ms)
				LogAssemblyErrors (0ms)
				InitializePlatformSupportModulesInManaged (6ms)
				SetLoadedEditorAssemblies (1ms)
				RefreshPlugins (1ms)
				BeforeProcessingInitializeOnLoad (87ms)
				ProcessInitializeOnLoadAttributes (715ms)
				ProcessInitializeOnLoadMethodAttributes (54ms)
				AfterProcessingInitializeOnLoad (8ms)
				EditorAssembliesLoaded (0ms)
			ExecutionOrderSort2 (0ms)
			AwakeInstancesAfterBackupRestoration (9ms)
Platform modules already initialized, skipping
========================================================================
Worker process is ready to serve import requests
Launched and connected shader compiler UnityShaderCompiler.exe after 0.07 seconds
Refreshing native plugins compatible for Editor in 1.60 ms, found 3 plugins.
Preloading 0 native plugins for Editor in 0.00 ms.
Unloading 3068 Unused Serialized files (Serialized files now loaded: 0)
Unloading 23 unused Assets / (46.5 KB). Loaded Objects now: 3530.
Memory consumption went from 123.3 MB to 123.3 MB.
Total: 6.027800 ms (FindLiveObjects: 0.419100 ms CreateObjectMapping: 0.162500 ms MarkObjects: 5.312900 ms  DeleteObjects: 0.130400 ms)

AssetImportParameters requested are different than current active one (requested -> active):
  custom:video-decoder-ogg-theora: a1e56fd34408186e4bbccfd4996cb3dc -> 
  custom:container-muxer-webm: aa71ff27fc2769a1b78a27578f13a17b -> 
  custom:container-demuxer-webm: 4f35f7cbe854078d1ac9338744f61a02 -> 
  custom:video-encoder-webm-vp8: eb34c28f22e8b96e1ab97ce403110664 -> 
  custom:CustomObjectIndexerAttribute: bc11b3a6c3213fcdd17b65e7da85e133 -> 
  custom:audio-encoder-webm-vorbis: bf7c407c2cedff20999df2af8eb42d56 -> 
  custom:framework-win-MediaFoundation: 216162199b28c13a410421893ffa2e32 -> 
  custom:SearchIndexIgnoredProperties: e643bd26f0fe6173181afceb89e7c659 -> 
  custom:container-demuxer-ogg: 62fdf1f143b41e24485cea50d1cbac27 -> 
  custom:video-decoder-webm-vp8: 9c59270c3fd7afecdb556c50c9e8de78 -> 
  custom:audio-decoder-ogg-vorbis: bf7c407c2cedff20999df2af8eb42d56 -> 
========================================================================
Received Import Request.
  Time since last request: 85298.868448 seconds.
  path: Assets/Interior_1/Prefabs/shelf_027.prefab
  artifactKey: Guid(43942cf108d46de4f80fe59da774a866) Importer(815301076,1909f56bfc062723c751e8b465ee728b)
Number of updated assets reloaded before import = 0
Start importing Assets/Interior_1/Prefabs/shelf_027.prefab using Guid(43942cf108d46de4f80fe59da774a866) Importer(815301076,1909f56bfc062723c751e8b465ee728b)  -> (artifact id: '1d68093e9356203bc5b7ab28c9c4834c') in 0.238124 seconds 
Number of asset objects unloaded after import = 16
========================================================================
Received Import Request.
  Time since last request: 91.856749 seconds.
  path: Assets/Interior_1/Prefabs/shelf_035.prefab
  artifactKey: Guid(2b91a737e2351b44e931d7f90e28fb6d) Importer(815301076,1909f56bfc062723c751e8b465ee728b)
Number of updated assets reloaded before import = 0
Start importing Assets/Interior_1/Prefabs/shelf_035.prefab using Guid(2b91a737e2351b44e931d7f90e28fb6d) Importer(815301076,1909f56bfc062723c751e8b465ee728b)  -> (artifact id: 'fa95a92ae0d1a1c040ef90335354dec9') in 0.047225 seconds 
Number of asset objects unloaded after import = 16
========================================================================
Received Import Request.
  Time since last request: 0.004038 seconds.
  path: Assets/Interior_1/Prefabs/shelf_039.prefab
  artifactKey: Guid(30c79f8584085734984d7003a048726e) Importer(815301076,1909f56bfc062723c751e8b465ee728b)
Number of updated assets reloaded before import = 0
Start importing Assets/Interior_1/Prefabs/shelf_039.prefab using Guid(30c79f8584085734984d7003a048726e) Importer(815301076,1909f56bfc062723c751e8b465ee728b)  -> (artifact id: '7d8d2481ceb311365aa889a5af37a2c1') in 0.040141 seconds 
Number of asset objects unloaded after import = 16
========================================================================
Received Import Request.
  Time since last request: 0.000030 seconds.
  path: Assets/Interior_1/Prefabs/shelf_044.prefab
  artifactKey: Guid(c23793f992b88c14da4345320341794a) Importer(815301076,1909f56bfc062723c751e8b465ee728b)
Number of updated assets reloaded before import = 0
Start importing Assets/Interior_1/Prefabs/shelf_044.prefab using Guid(c23793f992b88c14da4345320341794a) Importer(815301076,1909f56bfc062723c751e8b465ee728b)  -> (artifact id: 'ca4d5ebcc9310a2b044732ccaf57d5ac') in 0.036438 seconds 
Number of asset objects unloaded after import = 16
========================================================================
Received Import Request.
  Time since last request: 0.000031 seconds.
  path: Assets/Interior_1/Prefabs/shelf_041.prefab
  artifactKey: Guid(c4617c35caa170049ae5bcfe790b093f) Importer(815301076,1909f56bfc062723c751e8b465ee728b)
Number of updated assets reloaded before import = 0
Start importing Assets/Interior_1/Prefabs/shelf_041.prefab using Guid(c4617c35caa170049ae5bcfe790b093f) Importer(815301076,1909f56bfc062723c751e8b465ee728b)  -> (artifact id: 'baff8e09601acec6df30f6ac8eba47cb') in 0.045640 seconds 
Number of asset objects unloaded after import = 16
========================================================================
Received Import Request.
  Time since last request: 0.000095 seconds.
  path: Assets/Interior_1/Prefabs/shelf_043.prefab
  artifactKey: Guid(2e2bfbc391b3af5469e1c74d2d99c361) Importer(815301076,1909f56bfc062723c751e8b465ee728b)
Number of updated assets reloaded before import = 0
Start importing Assets/Interior_1/Prefabs/shelf_043.prefab using Guid(2e2bfbc391b3af5469e1c74d2d99c361) Importer(815301076,1909f56bfc062723c751e8b465ee728b)  -> (artifact id: '5648354a96aacd1ee140218cfbed9ed3') in 0.032213 seconds 
Number of asset objects unloaded after import = 16
========================================================================
Received Import Request.
  Time since last request: 1.146846 seconds.
  path: Assets/Interior_1/Prefabs/shelf_046.prefab
  artifactKey: Guid(b8081201ea322c04ca2df348f746765b) Importer(815301076,1909f56bfc062723c751e8b465ee728b)
Number of updated assets reloaded before import = 0
Start importing Assets/Interior_1/Prefabs/shelf_046.prefab using Guid(b8081201ea322c04ca2df348f746765b) Importer(815301076,1909f56bfc062723c751e8b465ee728b)  -> (artifact id: 'edb1e78994e3ad7fd80e76b5d6d05677') in 0.036706 seconds 
Number of asset objects unloaded after import = 16
========================================================================
Received Import Request.
  Time since last request: 0.000030 seconds.
  path: Assets/Interior_1/Prefabs/shelf_052.prefab
  artifactKey: Guid(04382fe21b4152744b3dc361270f381d) Importer(815301076,1909f56bfc062723c751e8b465ee728b)
Number of updated assets reloaded before import = 0
Start importing Assets/Interior_1/Prefabs/shelf_052.prefab using Guid(04382fe21b4152744b3dc361270f381d) Importer(815301076,1909f56bfc062723c751e8b465ee728b)  -> (artifact id: '46dfd550c80d4bb875096e754ea8eec7') in 0.024619 seconds 
Number of asset objects unloaded after import = 16
========================================================================
Received Import Request.
  Time since last request: 0.000032 seconds.
  path: Assets/Interior_1/Prefabs/shelf_056.prefab
  artifactKey: Guid(f9d7372a72d0730489922af92f8c908e) Importer(815301076,1909f56bfc062723c751e8b465ee728b)
Number of updated assets reloaded before import = 0
Start importing Assets/Interior_1/Prefabs/shelf_056.prefab using Guid(f9d7372a72d0730489922af92f8c908e) Importer(815301076,1909f56bfc062723c751e8b465ee728b)  -> (artifact id: '9259132f173628d693c4fb00f9316777') in 0.029349 seconds 
Number of asset objects unloaded after import = 16
========================================================================
Received Import Request.
  Time since last request: 0.000037 seconds.
  path: Assets/Interior_1/Prefabs/shelf_055.prefab
  artifactKey: Guid(078aecce4214a824e8986af810e1368e) Importer(815301076,1909f56bfc062723c751e8b465ee728b)
Number of updated assets reloaded before import = 0
Start importing Assets/Interior_1/Prefabs/shelf_055.prefab using Guid(078aecce4214a824e8986af810e1368e) Importer(815301076,1909f56bfc062723c751e8b465ee728b)  -> (artifact id: 'c6d3bfcc6d22679f09914684ed80515a') in 0.031949 seconds 
Number of asset objects unloaded after import = 16
========================================================================
Received Import Request.
  Time since last request: 0.000061 seconds.
  path: Assets/Interior_1/Prefabs/shelf_051.prefab
  artifactKey: Guid(0cfba18ba1b02754d8bae8d5968d0f5d) Importer(815301076,1909f56bfc062723c751e8b465ee728b)
Number of updated assets reloaded before import = 0
Start importing Assets/Interior_1/Prefabs/shelf_051.prefab using Guid(0cfba18ba1b02754d8bae8d5968d0f5d) Importer(815301076,1909f56bfc062723c751e8b465ee728b)  -> (artifact id: '71c74d5e9ebfcd22e70e8edae789e655') in 0.031214 seconds 
Number of asset objects unloaded after import = 16
========================================================================
Received Import Request.
  Time since last request: 0.000058 seconds.
  path: Assets/Interior_1/Prefabs/shelf_054.prefab
  artifactKey: Guid(7d960ce529b3e9740a9aedb13983f5ee) Importer(815301076,1909f56bfc062723c751e8b465ee728b)
Number of updated assets reloaded before import = 0
Start importing Assets/Interior_1/Prefabs/shelf_054.prefab using Guid(7d960ce529b3e9740a9aedb13983f5ee) Importer(815301076,1909f56bfc062723c751e8b465ee728b)  -> (artifact id: 'fbb0f029a592f4e0ed87b0e63e176063') in 0.031016 seconds 
Number of asset objects unloaded after import = 16
========================================================================
Received Import Request.
  Time since last request: 0.965991 seconds.
  path: Assets/Interior_1/Prefabs/shelf_057.prefab
  artifactKey: Guid(5768e9baabf7f514694ef0d266778e0b) Importer(815301076,1909f56bfc062723c751e8b465ee728b)
Number of updated assets reloaded before import = 0
Start importing Assets/Interior_1/Prefabs/shelf_057.prefab using Guid(5768e9baabf7f514694ef0d266778e0b) Importer(815301076,1909f56bfc062723c751e8b465ee728b)  -> (artifact id: '7c26a74b502443a44cdc34ef22e83e0d') in 0.038895 seconds 
Number of asset objects unloaded after import = 16
========================================================================
Received Import Request.
  Time since last request: 0.000028 seconds.
  path: Assets/Interior_1/Prefabs/shelf_060.prefab
  artifactKey: Guid(ab2851f375355264bbe8aeb2f8c385c5) Importer(815301076,1909f56bfc062723c751e8b465ee728b)
Number of updated assets reloaded before import = 0
Start importing Assets/Interior_1/Prefabs/shelf_060.prefab using Guid(ab2851f375355264bbe8aeb2f8c385c5) Importer(815301076,1909f56bfc062723c751e8b465ee728b)  -> (artifact id: '5a034f5f4af413223cd5189ba74cbfc5') in 0.031570 seconds 
Number of asset objects unloaded after import = 16
========================================================================
Received Import Request.
  Time since last request: 0.000036 seconds.
  path: Assets/Interior_1/Prefabs/shelf_063.prefab
  artifactKey: Guid(ae8423f1e7746864895de3cbc8cf13cc) Importer(815301076,1909f56bfc062723c751e8b465ee728b)
Number of updated assets reloaded before import = 0
Start importing Assets/Interior_1/Prefabs/shelf_063.prefab using Guid(ae8423f1e7746864895de3cbc8cf13cc) Importer(815301076,1909f56bfc062723c751e8b465ee728b)  -> (artifact id: 'fae0c6c04f2798b8cc3395c98dcac845') in 0.036370 seconds 
Number of asset objects unloaded after import = 16
========================================================================
Received Import Request.
  Time since last request: 0.000045 seconds.
  path: Assets/Interior_1/Prefabs/shelf_067.prefab
  artifactKey: Guid(319d739595675e24888e0a2a961d9f79) Importer(815301076,1909f56bfc062723c751e8b465ee728b)
Number of updated assets reloaded before import = 0
Start importing Assets/Interior_1/Prefabs/shelf_067.prefab using Guid(319d739595675e24888e0a2a961d9f79) Importer(815301076,1909f56bfc062723c751e8b465ee728b)  -> (artifact id: '42e1fb78b42f9ff81d3b664bf3d7d4f5') in 0.036389 seconds 
Number of asset objects unloaded after import = 16
========================================================================
Received Import Request.
  Time since last request: 0.000046 seconds.
  path: Assets/Interior_1/Prefabs/shelf_064.prefab
  artifactKey: Guid(d1341c543e140f04bb344a1e662d12d1) Importer(815301076,1909f56bfc062723c751e8b465ee728b)
Number of updated assets reloaded before import = 0
Start importing Assets/Interior_1/Prefabs/shelf_064.prefab using Guid(d1341c543e140f04bb344a1e662d12d1) Importer(815301076,1909f56bfc062723c751e8b465ee728b)  -> (artifact id: '3168ad8f07cfed0bfb524feee93f02ac') in 0.042453 seconds 
Number of asset objects unloaded after import = 16
========================================================================
Received Import Request.
  Time since last request: 0.000043 seconds.
  path: Assets/Interior_1/Prefabs/shelf_065.prefab
  artifactKey: Guid(3d6cdb10cc9b1414a9e8af0ddb1cad4f) Importer(815301076,1909f56bfc062723c751e8b465ee728b)
Number of updated assets reloaded before import = 0
Start importing Assets/Interior_1/Prefabs/shelf_065.prefab using Guid(3d6cdb10cc9b1414a9e8af0ddb1cad4f) Importer(815301076,1909f56bfc062723c751e8b465ee728b)  -> (artifact id: '2d44cea132a39f1d5b909d4bcd30ba51') in 0.041321 seconds 
Number of asset objects unloaded after import = 16
========================================================================
Received Import Request.
  Time since last request: 1.195386 seconds.
  path: Assets/Interior_1/Prefabs/shelf_068.prefab
  artifactKey: Guid(c3f6fa4b03f77eb459c6a957b5770978) Importer(815301076,1909f56bfc062723c751e8b465ee728b)
Number of updated assets reloaded before import = 0
Start importing Assets/Interior_1/Prefabs/shelf_068.prefab using Guid(c3f6fa4b03f77eb459c6a957b5770978) Importer(815301076,1909f56bfc062723c751e8b465ee728b)  -> (artifact id: '9e7fde8c2fdd38d2253761924b5c4cdc') in 0.035732 seconds 
Number of asset objects unloaded after import = 16
========================================================================
Received Import Request.
  Time since last request: 0.000025 seconds.
  path: Assets/Interior_1/Prefabs/shop_003.prefab
  artifactKey: Guid(47d44bf0722b4684f94b1896c0e27b3b) Importer(815301076,1909f56bfc062723c751e8b465ee728b)
Number of updated assets reloaded before import = 0
Start importing Assets/Interior_1/Prefabs/shop_003.prefab using Guid(47d44bf0722b4684f94b1896c0e27b3b) Importer(815301076,1909f56bfc062723c751e8b465ee728b)  -> (artifact id: '95c1d2e30d94458333098b3c246f2a42') in 0.026517 seconds 
Number of asset objects unloaded after import = 16
========================================================================
Received Import Request.
  Time since last request: 0.000054 seconds.
  path: Assets/Interior_1/Prefabs/shop_004.prefab
  artifactKey: Guid(783a529e008269947936004e4ec4e8f4) Importer(815301076,1909f56bfc062723c751e8b465ee728b)
Number of updated assets reloaded before import = 0
Start importing Assets/Interior_1/Prefabs/shop_004.prefab using Guid(783a529e008269947936004e4ec4e8f4) Importer(815301076,1909f56bfc062723c751e8b465ee728b)  -> (artifact id: '96744d7c3f365457554e58905d14d11c') in 0.026011 seconds 
Number of asset objects unloaded after import = 16
========================================================================
Received Import Request.
  Time since last request: 0.000026 seconds.
  path: Assets/Interior_1/Prefabs/shelf_072.prefab
  artifactKey: Guid(63345b44ec5b0204aaa44e97ab05e7ac) Importer(815301076,1909f56bfc062723c751e8b465ee728b)
Number of updated assets reloaded before import = 0
Start importing Assets/Interior_1/Prefabs/shelf_072.prefab using Guid(63345b44ec5b0204aaa44e97ab05e7ac) Importer(815301076,1909f56bfc062723c751e8b465ee728b)  -> (artifact id: '5d3cbb96ebc5808c31c890a652382131') in 0.025446 seconds 
Number of asset objects unloaded after import = 16
========================================================================
Received Import Request.
  Time since last request: 0.000028 seconds.
  path: Assets/Interior_1/Prefabs/shelf_070.prefab
  artifactKey: Guid(466db5d159c64ff4ba147a87873cdab0) Importer(815301076,1909f56bfc062723c751e8b465ee728b)
Number of updated assets reloaded before import = 0
Start importing Assets/Interior_1/Prefabs/shelf_070.prefab using Guid(466db5d159c64ff4ba147a87873cdab0) Importer(815301076,1909f56bfc062723c751e8b465ee728b)  -> (artifact id: '9236915dd738315552b5c2cf76fef552') in 0.026683 seconds 
Number of asset objects unloaded after import = 16
========================================================================
Received Import Request.
  Time since last request: 0.000034 seconds.
  path: Assets/Interior_1/Prefabs/shelf_074.prefab
  artifactKey: Guid(9fb27672bd9f1fe4a80d2963c7423e25) Importer(815301076,1909f56bfc062723c751e8b465ee728b)
Number of updated assets reloaded before import = 0
Start importing Assets/Interior_1/Prefabs/shelf_074.prefab using Guid(9fb27672bd9f1fe4a80d2963c7423e25) Importer(815301076,1909f56bfc062723c751e8b465ee728b)  -> (artifact id: '5b756da1963936ce210676ddb5a6559f') in 0.027573 seconds 
Number of asset objects unloaded after import = 16
========================================================================
Received Import Request.
  Time since last request: 0.392591 seconds.
  path: Assets/Interior_1/Prefabs/shop_005.prefab
  artifactKey: Guid(b5c991960eb5ec549a989f36600848c8) Importer(815301076,1909f56bfc062723c751e8b465ee728b)
Number of updated assets reloaded before import = 0
Start importing Assets/Interior_1/Prefabs/shop_005.prefab using Guid(b5c991960eb5ec549a989f36600848c8) Importer(815301076,1909f56bfc062723c751e8b465ee728b)  -> (artifact id: 'ca28b6177aa34ff1b81328fa70b85650') in 0.038074 seconds 
Number of asset objects unloaded after import = 16
========================================================================
Received Import Request.
  Time since last request: 0.000027 seconds.
  path: Assets/Interior_1/Prefabs/shop_012.prefab
  artifactKey: Guid(0e3aba8d92f4ce5489f0040abab02ad5) Importer(815301076,1909f56bfc062723c751e8b465ee728b)
Number of updated assets reloaded before import = 0
Start importing Assets/Interior_1/Prefabs/shop_012.prefab using Guid(0e3aba8d92f4ce5489f0040abab02ad5) Importer(815301076,1909f56bfc062723c751e8b465ee728b)  -> (artifact id: '88c4afbe467e10571ac873ac51b8a840') in 0.028771 seconds 
Number of asset objects unloaded after import = 16
========================================================================
Received Import Request.
  Time since last request: 0.000042 seconds.
  path: Assets/Interior_1/Prefabs/shop_013.prefab
  artifactKey: Guid(73a0968452c8e3943a6adb75e681bc5e) Importer(815301076,1909f56bfc062723c751e8b465ee728b)
Number of updated assets reloaded before import = 0
Start importing Assets/Interior_1/Prefabs/shop_013.prefab using Guid(73a0968452c8e3943a6adb75e681bc5e) Importer(815301076,1909f56bfc062723c751e8b465ee728b)  -> (artifact id: 'a7475fc3493d79ea8a80982e37732063') in 0.029167 seconds 
Number of asset objects unloaded after import = 16
========================================================================
Received Import Request.
  Time since last request: 0.000063 seconds.
  path: Assets/Interior_1/Prefabs/shop_014.prefab
  artifactKey: Guid(8a6755a1472e24f48a7066bd9d3aa73c) Importer(815301076,1909f56bfc062723c751e8b465ee728b)
Number of updated assets reloaded before import = 0
Start importing Assets/Interior_1/Prefabs/shop_014.prefab using Guid(8a6755a1472e24f48a7066bd9d3aa73c) Importer(815301076,1909f56bfc062723c751e8b465ee728b)  -> (artifact id: '395832b97231d28a79e3f6cd7dd15fbf') in 0.036167 seconds 
Number of asset objects unloaded after import = 16
========================================================================
Received Import Request.
  Time since last request: 0.000057 seconds.
  path: Assets/Interior_1/Prefabs/shop_009.prefab
  artifactKey: Guid(f391e18519033ca4f8fe2ba970e44612) Importer(815301076,1909f56bfc062723c751e8b465ee728b)
Number of updated assets reloaded before import = 0
Start importing Assets/Interior_1/Prefabs/shop_009.prefab using Guid(f391e18519033ca4f8fe2ba970e44612) Importer(815301076,1909f56bfc062723c751e8b465ee728b)  -> (artifact id: '0f48d7df23a5550a6e7b3624b04e2195') in 0.034307 seconds 
Number of asset objects unloaded after import = 16
========================================================================
Received Import Request.
  Time since last request: 0.000074 seconds.
  path: Assets/Interior_1/Prefabs/shop_015.prefab
  artifactKey: Guid(06cc945f0f0682c4b8fdea20fc21e712) Importer(815301076,1909f56bfc062723c751e8b465ee728b)
Number of updated assets reloaded before import = 0
Start importing Assets/Interior_1/Prefabs/shop_015.prefab using Guid(06cc945f0f0682c4b8fdea20fc21e712) Importer(815301076,1909f56bfc062723c751e8b465ee728b)  -> (artifact id: '87da11b09b5618b1f616940635bbc467') in 0.034118 seconds 
Number of asset objects unloaded after import = 16
========================================================================
Received Import Request.
  Time since last request: 0.215778 seconds.
  path: Assets/Interior_1/Prefabs/shop_016.prefab
  artifactKey: Guid(e4624aa68660da246ba13d36fc9760bc) Importer(815301076,1909f56bfc062723c751e8b465ee728b)
Number of updated assets reloaded before import = 0
Start importing Assets/Interior_1/Prefabs/shop_016.prefab using Guid(e4624aa68660da246ba13d36fc9760bc) Importer(815301076,1909f56bfc062723c751e8b465ee728b)  -> (artifact id: '16ba01b2f4b7c324e817ca4cba1977c3') in 0.027366 seconds 
Number of asset objects unloaded after import = 16
========================================================================
Received Import Request.
  Time since last request: 0.000031 seconds.
  path: Assets/Interior_1/Prefabs/shop_020.prefab
  artifactKey: Guid(3529b4c5b4effc244a18a343c9a5216d) Importer(815301076,1909f56bfc062723c751e8b465ee728b)
Number of updated assets reloaded before import = 0
Start importing Assets/Interior_1/Prefabs/shop_020.prefab using Guid(3529b4c5b4effc244a18a343c9a5216d) Importer(815301076,1909f56bfc062723c751e8b465ee728b)  -> (artifact id: '4d84e65fe8029709ea5e2cbb2351bf04') in 0.029845 seconds 
Number of asset objects unloaded after import = 16
========================================================================
Received Import Request.
  Time since last request: 0.000037 seconds.
  path: Assets/Interior_1/Prefabs/shop_025.prefab
  artifactKey: Guid(0f5262891aed5b644b949a82836c0394) Importer(815301076,1909f56bfc062723c751e8b465ee728b)
Number of updated assets reloaded before import = 0
Start importing Assets/Interior_1/Prefabs/shop_025.prefab using Guid(0f5262891aed5b644b949a82836c0394) Importer(815301076,1909f56bfc062723c751e8b465ee728b)  -> (artifact id: 'e02558790ebba4133e6edb55e07a9326') in 0.028713 seconds 
Number of asset objects unloaded after import = 16
========================================================================
Received Import Request.
  Time since last request: 0.000043 seconds.
  path: Assets/Interior_1/Prefabs/shop_023.prefab
  artifactKey: Guid(837d6887d5b34a045a0a17b6dfd5e2ec) Importer(815301076,1909f56bfc062723c751e8b465ee728b)
Number of updated assets reloaded before import = 0
Start importing Assets/Interior_1/Prefabs/shop_023.prefab using Guid(837d6887d5b34a045a0a17b6dfd5e2ec) Importer(815301076,1909f56bfc062723c751e8b465ee728b)  -> (artifact id: 'cd6d05ee6e159ff15e0e2346df9e8afd') in 0.029308 seconds 
Number of asset objects unloaded after import = 16
========================================================================
Received Import Request.
  Time since last request: 0.000040 seconds.
  path: Assets/Interior_1/Prefabs/shop_022.prefab
  artifactKey: Guid(dd05d4af7c3b47345ad3062fb5ea8f85) Importer(815301076,1909f56bfc062723c751e8b465ee728b)
Number of updated assets reloaded before import = 0
Start importing Assets/Interior_1/Prefabs/shop_022.prefab using Guid(dd05d4af7c3b47345ad3062fb5ea8f85) Importer(815301076,1909f56bfc062723c751e8b465ee728b)  -> (artifact id: '6a54f8ef258642f83c0b087ee6e43066') in 0.035241 seconds 
Number of asset objects unloaded after import = 16
========================================================================
Received Import Request.
  Time since last request: 0.683398 seconds.
  path: Assets/Interior_1/Prefabs/shop_027.prefab
  artifactKey: Guid(f9a0d4036b293594aadc405af9ed2832) Importer(815301076,1909f56bfc062723c751e8b465ee728b)
Number of updated assets reloaded before import = 0
Start importing Assets/Interior_1/Prefabs/shop_027.prefab using Guid(f9a0d4036b293594aadc405af9ed2832) Importer(815301076,1909f56bfc062723c751e8b465ee728b)  -> (artifact id: '0dcd3f8832cca9a604ef116cbcbeecca') in 0.047871 seconds 
Number of asset objects unloaded after import = 16
========================================================================
Received Import Request.
  Time since last request: 0.000063 seconds.
  path: Assets/Interior_1/Prefabs/shop_032.prefab
  artifactKey: Guid(36afbfce72f0bc44f9481b876a2d3694) Importer(815301076,1909f56bfc062723c751e8b465ee728b)
Number of updated assets reloaded before import = 0
Start importing Assets/Interior_1/Prefabs/shop_032.prefab using Guid(36afbfce72f0bc44f9481b876a2d3694) Importer(815301076,1909f56bfc062723c751e8b465ee728b)  -> (artifact id: 'a1f50f3e4be57b62e0868977c1daa4a1') in 0.049488 seconds 
Number of asset objects unloaded after import = 16
========================================================================
Received Import Request.
  Time since last request: 0.000068 seconds.
  path: Assets/Interior_1/Prefabs/shop_035.prefab
  artifactKey: Guid(ab59721032b8d164883311fb882194cb) Importer(815301076,1909f56bfc062723c751e8b465ee728b)
Number of updated assets reloaded before import = 0
Start importing Assets/Interior_1/Prefabs/shop_035.prefab using Guid(ab59721032b8d164883311fb882194cb) Importer(815301076,1909f56bfc062723c751e8b465ee728b)  -> (artifact id: 'bfdb0b958e182703d1dad864ff7a8a11') in 0.038985 seconds 
Number of asset objects unloaded after import = 16
========================================================================
Received Import Request.
  Time since last request: 34.082976 seconds.
  path: Assets/Interior_1/Prefabs/shop_038.prefab
  artifactKey: Guid(25be7860d29406346a93ea9eed0b78b9) Importer(815301076,1909f56bfc062723c751e8b465ee728b)
Number of updated assets reloaded before import = 0
Start importing Assets/Interior_1/Prefabs/shop_038.prefab using Guid(25be7860d29406346a93ea9eed0b78b9) Importer(815301076,1909f56bfc062723c751e8b465ee728b)  -> (artifact id: 'dbee9ab89636428ad657eb808e785982') in 0.039989 seconds 
Number of asset objects unloaded after import = 16
========================================================================
Received Import Request.
  Time since last request: 0.000051 seconds.
  path: Assets/Interior_1/Prefabs/shop_044.prefab
  artifactKey: Guid(ac048748f9d3f2845889ae4c6b7244dd) Importer(815301076,1909f56bfc062723c751e8b465ee728b)
Number of updated assets reloaded before import = 0
Start importing Assets/Interior_1/Prefabs/shop_044.prefab using Guid(ac048748f9d3f2845889ae4c6b7244dd) Importer(815301076,1909f56bfc062723c751e8b465ee728b)  -> (artifact id: '7cffe48e8c4e94fc86f1f98bd4ffce0c') in 0.044305 seconds 
Number of asset objects unloaded after import = 16
========================================================================
Received Import Request.
  Time since last request: 0.000049 seconds.
  path: Assets/Interior_1/Prefabs/shop_048.prefab
  artifactKey: Guid(1adf5726863f81946969619cac39a6fa) Importer(815301076,1909f56bfc062723c751e8b465ee728b)
Number of updated assets reloaded before import = 0
Start importing Assets/Interior_1/Prefabs/shop_048.prefab using Guid(1adf5726863f81946969619cac39a6fa) Importer(815301076,1909f56bfc062723c751e8b465ee728b)  -> (artifact id: '89fd9ceac2c677a1c540410686104f19') in 0.041008 seconds 
Number of asset objects unloaded after import = 16
========================================================================
Received Import Request.
  Time since last request: 0.885330 seconds.
  path: Assets/Interior_1/Prefabs/shop_049.prefab
  artifactKey: Guid(125c8f95ac616f44090c0c566356e7a8) Importer(815301076,1909f56bfc062723c751e8b465ee728b)
Number of updated assets reloaded before import = 0
Start importing Assets/Interior_1/Prefabs/shop_049.prefab using Guid(125c8f95ac616f44090c0c566356e7a8) Importer(815301076,1909f56bfc062723c751e8b465ee728b)  -> (artifact id: '5feb5802494d1ccca0c32af2a9ce3737') in 0.068383 seconds 
Number of asset objects unloaded after import = 16
========================================================================
Received Import Request.
  Time since last request: 0.000072 seconds.
  path: Assets/Interior_1/Prefabs/shop_053.prefab
  artifactKey: Guid(a23562d87ae82ab49ac51d17c1d1067a) Importer(815301076,1909f56bfc062723c751e8b465ee728b)
Number of updated assets reloaded before import = 0
Start importing Assets/Interior_1/Prefabs/shop_053.prefab using Guid(a23562d87ae82ab49ac51d17c1d1067a) Importer(815301076,1909f56bfc062723c751e8b465ee728b)  -> (artifact id: 'd16d1196b1cce49b94e51f26ff49adbf') in 0.044832 seconds 
Number of asset objects unloaded after import = 16
========================================================================
Received Import Request.
  Time since last request: 0.000043 seconds.
  path: Assets/Interior_1/Prefabs/shop_058.prefab
  artifactKey: Guid(a012f5dec10450c4f808106ef533c15e) Importer(815301076,1909f56bfc062723c751e8b465ee728b)
Number of updated assets reloaded before import = 0
Start importing Assets/Interior_1/Prefabs/shop_058.prefab using Guid(a012f5dec10450c4f808106ef533c15e) Importer(815301076,1909f56bfc062723c751e8b465ee728b)  -> (artifact id: 'bd8634ac317e19ddc3fcd2d97b7ee51c') in 0.037778 seconds 
Number of asset objects unloaded after import = 16
========================================================================
Received Import Request.
  Time since last request: 0.603772 seconds.
  path: Assets/Interior_1/Prefabs/shop_060.prefab
  artifactKey: Guid(e854107dcc24729428cbb3553c5f0bde) Importer(815301076,1909f56bfc062723c751e8b465ee728b)
Number of updated assets reloaded before import = 0
Start importing Assets/Interior_1/Prefabs/shop_060.prefab using Guid(e854107dcc24729428cbb3553c5f0bde) Importer(815301076,1909f56bfc062723c751e8b465ee728b)  -> (artifact id: '616f855783663220543ed0cb30bdebfe') in 0.046394 seconds 
Number of asset objects unloaded after import = 16
========================================================================
Received Import Request.
  Time since last request: 0.000087 seconds.
  path: Assets/Interior_1/Prefabs/shop_067.prefab
  artifactKey: Guid(65ef9fb247f64494abf0781009869687) Importer(815301076,1909f56bfc062723c751e8b465ee728b)
Number of updated assets reloaded before import = 0
Start importing Assets/Interior_1/Prefabs/shop_067.prefab using Guid(65ef9fb247f64494abf0781009869687) Importer(815301076,1909f56bfc062723c751e8b465ee728b)  -> (artifact id: '8ca086db796f420347f53510bf84af85') in 0.043452 seconds 
Number of asset objects unloaded after import = 16
========================================================================
Received Import Request.
  Time since last request: 0.000101 seconds.
  path: Assets/Interior_1/Prefabs/shop_064.prefab
  artifactKey: Guid(54fa0b96b4c9fcb4eb26f6ccb11ab3d5) Importer(815301076,1909f56bfc062723c751e8b465ee728b)
Number of updated assets reloaded before import = 0
Start importing Assets/Interior_1/Prefabs/shop_064.prefab using Guid(54fa0b96b4c9fcb4eb26f6ccb11ab3d5) Importer(815301076,1909f56bfc062723c751e8b465ee728b)  -> (artifact id: 'b0f5f9bd27c4c27c7e87f78ee35a2710') in 0.035465 seconds 
Number of asset objects unloaded after import = 16
========================================================================
Received Import Request.
  Time since last request: 0.639244 seconds.
  path: Assets/Interior_1/Prefabs/shop_071.prefab
  artifactKey: Guid(1510e0421d4ebf34894cfc6e63c7a72c) Importer(815301076,1909f56bfc062723c751e8b465ee728b)
Number of updated assets reloaded before import = 0
Start importing Assets/Interior_1/Prefabs/shop_071.prefab using Guid(1510e0421d4ebf34894cfc6e63c7a72c) Importer(815301076,1909f56bfc062723c751e8b465ee728b)  -> (artifact id: 'fe909a8624b81bb7056ce2c6d0685e4d') in 0.053815 seconds 
Number of asset objects unloaded after import = 16
========================================================================
Received Import Request.
  Time since last request: 0.000056 seconds.
  path: Assets/Interior_1/Prefabs/shop_081.prefab
  artifactKey: Guid(350390ccda762a24087ba7b3fd31a0e9) Importer(815301076,1909f56bfc062723c751e8b465ee728b)
Number of updated assets reloaded before import = 0
Start importing Assets/Interior_1/Prefabs/shop_081.prefab using Guid(350390ccda762a24087ba7b3fd31a0e9) Importer(815301076,1909f56bfc062723c751e8b465ee728b)  -> (artifact id: 'c528f23773e445cc20ad20d199736215') in 0.047340 seconds 
Number of asset objects unloaded after import = 16
========================================================================
Received Import Request.
  Time since last request: 0.000056 seconds.
  path: Assets/Interior_1/Prefabs/shop_076.prefab
  artifactKey: Guid(5063ea110b0584f4993ece06f60453b9) Importer(815301076,1909f56bfc062723c751e8b465ee728b)
Number of updated assets reloaded before import = 0
Start importing Assets/Interior_1/Prefabs/shop_076.prefab using Guid(5063ea110b0584f4993ece06f60453b9) Importer(815301076,1909f56bfc062723c751e8b465ee728b)  -> (artifact id: '5e476cc4d28d1a1d9eacac1899fe2f5b') in 0.039159 seconds 
Number of asset objects unloaded after import = 16
========================================================================
Received Import Request.
  Time since last request: 1.345810 seconds.
  path: Assets/Interior_1/Prefabs/shop_082.prefab
  artifactKey: Guid(d92edab13df81be4cb8be1452654ace0) Importer(815301076,1909f56bfc062723c751e8b465ee728b)
Number of updated assets reloaded before import = 0
Start importing Assets/Interior_1/Prefabs/shop_082.prefab using Guid(d92edab13df81be4cb8be1452654ace0) Importer(815301076,1909f56bfc062723c751e8b465ee728b)  -> (artifact id: 'f2f4a59a5d48916ced27828822b084ac') in 0.057244 seconds 
Number of asset objects unloaded after import = 16
========================================================================
Received Import Request.
  Time since last request: 0.000089 seconds.
  path: Assets/Interior_1/Prefabs/shop_089.prefab
  artifactKey: Guid(455ab0fe036381c43a869b51f096e562) Importer(815301076,1909f56bfc062723c751e8b465ee728b)
Number of updated assets reloaded before import = 0
Start importing Assets/Interior_1/Prefabs/shop_089.prefab using Guid(455ab0fe036381c43a869b51f096e562) Importer(815301076,1909f56bfc062723c751e8b465ee728b)  -> (artifact id: '311383644c5aa6dce680ab5b237472be') in 0.045737 seconds 
Number of asset objects unloaded after import = 16
========================================================================
Received Import Request.
  Time since last request: 0.000152 seconds.
  path: Assets/Interior_1/Prefabs/shop_094.prefab
  artifactKey: Guid(a1404e09c0f545945a23c198e7e48fb5) Importer(815301076,1909f56bfc062723c751e8b465ee728b)
Number of updated assets reloaded before import = 0
Start importing Assets/Interior_1/Prefabs/shop_094.prefab using Guid(a1404e09c0f545945a23c198e7e48fb5) Importer(815301076,1909f56bfc062723c751e8b465ee728b)  -> (artifact id: '56da293518ba315aa89ff2efcf9b6279') in 0.045719 seconds 
Number of asset objects unloaded after import = 16
========================================================================
Received Import Request.
  Time since last request: 0.000133 seconds.
  path: Assets/Interior_1/Prefabs/shop_096.prefab
  artifactKey: Guid(181f64b187163ee4dbb4c63ada9621d0) Importer(815301076,1909f56bfc062723c751e8b465ee728b)
Number of updated assets reloaded before import = 0
Start importing Assets/Interior_1/Prefabs/shop_096.prefab using Guid(181f64b187163ee4dbb4c63ada9621d0) Importer(815301076,1909f56bfc062723c751e8b465ee728b)  -> (artifact id: '1d572112c1cda7d18fed927176c233bf') in 0.049436 seconds 
Number of asset objects unloaded after import = 16
========================================================================
Received Import Request.
  Time since last request: 0.000092 seconds.
  path: Assets/Interior_1/Prefabs/shop_092.prefab
  artifactKey: Guid(21c3a555fa8b0724faab41f8a28c3715) Importer(815301076,1909f56bfc062723c751e8b465ee728b)
Number of updated assets reloaded before import = 0
Start importing Assets/Interior_1/Prefabs/shop_092.prefab using Guid(21c3a555fa8b0724faab41f8a28c3715) Importer(815301076,1909f56bfc062723c751e8b465ee728b)  -> (artifact id: 'c92143797760d7ef809b2970af87f5bb') in 0.043630 seconds 
Number of asset objects unloaded after import = 16
========================================================================
Received Import Request.
  Time since last request: 0.000082 seconds.
  path: Assets/Interior_1/Prefabs/shop_098.prefab
  artifactKey: Guid(f75f02e274e3ad14dbaf179b2579e78a) Importer(815301076,1909f56bfc062723c751e8b465ee728b)
Number of updated assets reloaded before import = 0
Start importing Assets/Interior_1/Prefabs/shop_098.prefab using Guid(f75f02e274e3ad14dbaf179b2579e78a) Importer(815301076,1909f56bfc062723c751e8b465ee728b)  -> (artifact id: '683b158d5df9515d46b4b2b8c5abf707') in 0.032592 seconds 
Number of asset objects unloaded after import = 16
========================================================================
Received Import Request.
  Time since last request: 180.833766 seconds.
  path: Assets/Interior_1/Prefabs/sofa_005.prefab
  artifactKey: Guid(46f0b46ed20d5354a8ad45817d28fc32) Importer(815301076,1909f56bfc062723c751e8b465ee728b)
Number of updated assets reloaded before import = 0
Start importing Assets/Interior_1/Prefabs/sofa_005.prefab using Guid(46f0b46ed20d5354a8ad45817d28fc32) Importer(815301076,1909f56bfc062723c751e8b465ee728b)  -> (artifact id: '63b98da0c1b9d24b9907f58b41e7f36c') in 0.044581 seconds 
Number of asset objects unloaded after import = 16
========================================================================
Received Import Request.
  Time since last request: 0.000056 seconds.
  path: Assets/Interior_1/Prefabs/sofa_007.prefab
  artifactKey: Guid(bb07cbd8b4d4a3548ac9957192040a54) Importer(815301076,1909f56bfc062723c751e8b465ee728b)
Number of updated assets reloaded before import = 0
Start importing Assets/Interior_1/Prefabs/sofa_007.prefab using Guid(bb07cbd8b4d4a3548ac9957192040a54) Importer(815301076,1909f56bfc062723c751e8b465ee728b)  -> (artifact id: '3a06844b811dca488b8d6dadcbbf5913') in 0.043913 seconds 
Number of asset objects unloaded after import = 16
========================================================================
Received Import Request.
  Time since last request: 0.000436 seconds.
  path: Assets/Interior_1/Prefabs/sofa_014.prefab
  artifactKey: Guid(62d7d8b5668c361428243f48575f2d90) Importer(815301076,1909f56bfc062723c751e8b465ee728b)
Number of updated assets reloaded before import = 0
Start importing Assets/Interior_1/Prefabs/sofa_014.prefab using Guid(62d7d8b5668c361428243f48575f2d90) Importer(815301076,1909f56bfc062723c751e8b465ee728b)  -> (artifact id: '28868c29d7d95ee6a05050c5d696cfec') in 0.041084 seconds 
Number of asset objects unloaded after import = 16
========================================================================
Received Import Request.
  Time since last request: 0.000051 seconds.
  path: Assets/Interior_1/Prefabs/sofa_008.prefab
  artifactKey: Guid(0602225cbe0ea274baea0eeab79ad835) Importer(815301076,1909f56bfc062723c751e8b465ee728b)
Number of updated assets reloaded before import = 0
Start importing Assets/Interior_1/Prefabs/sofa_008.prefab using Guid(0602225cbe0ea274baea0eeab79ad835) Importer(815301076,1909f56bfc062723c751e8b465ee728b)  -> (artifact id: 'ec822bae4a4b3fb03630c0981b93b565') in 0.027405 seconds 
Number of asset objects unloaded after import = 16
========================================================================
Received Import Request.
  Time since last request: 0.000039 seconds.
  path: Assets/Interior_1/Prefabs/sofa_015.prefab
  artifactKey: Guid(a5646a17e13918c4b86770f48ca142f6) Importer(815301076,1909f56bfc062723c751e8b465ee728b)
Number of updated assets reloaded before import = 0
Start importing Assets/Interior_1/Prefabs/sofa_015.prefab using Guid(a5646a17e13918c4b86770f48ca142f6) Importer(815301076,1909f56bfc062723c751e8b465ee728b)  -> (artifact id: '398a0750fc03e624b1e22de5900eb3af') in 0.027895 seconds 
Number of asset objects unloaded after import = 16
========================================================================
Received Import Request.
  Time since last request: 0.000056 seconds.
  path: Assets/Interior_1/Prefabs/sofa_011.prefab
  artifactKey: Guid(4b7650c3d9f9d4f4ca4129aebb8f6127) Importer(815301076,1909f56bfc062723c751e8b465ee728b)
Number of updated assets reloaded before import = 0
Start importing Assets/Interior_1/Prefabs/sofa_011.prefab using Guid(4b7650c3d9f9d4f4ca4129aebb8f6127) Importer(815301076,1909f56bfc062723c751e8b465ee728b)  -> (artifact id: 'fa4305bdee5025988020891fc27c3ab5') in 0.024193 seconds 
Number of asset objects unloaded after import = 16
Editor requested this worker to shutdown with reason: Scaling down because of idle timeout
AssetImportWorker is now disconnected from the server
Process exiting
Exiting without the bug reporter. Application will terminate with return code 0